   1               		.file	"timer.c"
   2               	__SP_H__ = 0x3e
   3               	__SP_L__ = 0x3d
   4               	__SREG__ = 0x3f
   5               	__tmp_reg__ = 0
   6               	__zero_reg__ = 1
   7               		.file 1 "c:\\program files\\qmk_msys\\mingw64\\avr\\include\\stdint.h"
   8               		.file 2 "tmk_core/common/avr/timer.c"
   9               		.file 3 "tmk_core/common/timer.h"
  10               		.file 4 "c:\\program files\\qmk_msys\\mingw64\\avr\\include\\util\\atomic.h"
  11               		.section	.gnu.debuglto_.debug_info,"",@progbits
  12               	.Ldebug_info0:
  13               		.hidden	timer.c.d84c4219
  14               		.weak	timer.c.d84c4219
  15               	timer.c.d84c4219:
  16 0000 0502 0000 		.long	0x205
  17 0004 0200      		.word	0x2
  18 0006 0000 0000 		.long	.Ldebug_abbrev0
  19 000a 04        		.byte	0x4
  20 000b 01        		.uleb128 0x1
  21 000c 0000 0000 		.long	.LASF20
  22 0010 0C        		.byte	0xc
  23 0011 0000 0000 		.long	.LASF21
  24 0015 0000 0000 		.long	.LASF22
  25 0019 0000 0000 		.long	.Ldebug_line0
  26 001d 02        		.uleb128 0x2
  27 001e 01        		.byte	0x1
  28 001f 06        		.byte	0x6
  29 0020 0000 0000 		.long	.LASF0
  30 0024 03        		.uleb128 0x3
  31 0025 0000 0000 		.long	.LASF2
  32 0029 01        		.byte	0x1
  33 002a 7E        		.byte	0x7e
  34 002b 16        		.byte	0x16
  35 002c 3500 0000 		.long	0x35
  36 0030 04        		.uleb128 0x4
  37 0031 2400 0000 		.long	0x24
  38 0035 02        		.uleb128 0x2
  39 0036 01        		.byte	0x1
  40 0037 08        		.byte	0x8
  41 0038 0000 0000 		.long	.LASF1
  42 003c 05        		.uleb128 0x5
  43 003d 02        		.byte	0x2
  44 003e 05        		.byte	0x5
  45 003f 696E 7400 		.string	"int"
  46 0043 03        		.uleb128 0x3
  47 0044 0000 0000 		.long	.LASF3
  48 0048 01        		.byte	0x1
  49 0049 80        		.byte	0x80
  50 004a 16        		.byte	0x16
  51 004b 4F00 0000 		.long	0x4f
  52 004f 02        		.uleb128 0x2
  53 0050 02        		.byte	0x2
  54 0051 07        		.byte	0x7
  55 0052 0000 0000 		.long	.LASF4
  56 0056 02        		.uleb128 0x2
  57 0057 04        		.byte	0x4
  58 0058 05        		.byte	0x5
  59 0059 0000 0000 		.long	.LASF5
  60 005d 03        		.uleb128 0x3
  61 005e 0000 0000 		.long	.LASF6
  62 0062 01        		.byte	0x1
  63 0063 82        		.byte	0x82
  64 0064 16        		.byte	0x16
  65 0065 6E00 0000 		.long	0x6e
  66 0069 06        		.uleb128 0x6
  67 006a 5D00 0000 		.long	0x5d
  68 006e 02        		.uleb128 0x2
  69 006f 04        		.byte	0x4
  70 0070 07        		.byte	0x7
  71 0071 0000 0000 		.long	.LASF7
  72 0075 02        		.uleb128 0x2
  73 0076 08        		.byte	0x8
  74 0077 05        		.byte	0x5
  75 0078 0000 0000 		.long	.LASF8
  76 007c 02        		.uleb128 0x2
  77 007d 08        		.byte	0x8
  78 007e 07        		.byte	0x7
  79 007f 0000 0000 		.long	.LASF9
  80 0083 07        		.uleb128 0x7
  81 0084 0000 0000 		.long	.LASF23
  82 0088 03        		.byte	0x3
  83 0089 25        		.byte	0x25
  84 008a 1A        		.byte	0x1a
  85 008b 6900 0000 		.long	0x69
  86 008f 01        		.byte	0x1
  87 0090 01        		.byte	0x1
  88 0091 08        		.uleb128 0x8
  89 0092 8300 0000 		.long	0x83
  90 0096 02        		.byte	0x2
  91 0097 1B        		.byte	0x1b
  92 0098 13        		.byte	0x13
  93 0099 09        		.uleb128 0x9
  94 009a 01        		.byte	0x1
  95 009b 0000 0000 		.long	.LASF24
  96 009f 02        		.byte	0x2
  97 00a0 85        		.byte	0x85
  98 00a1 01        		.byte	0x1
  99 00a2 01        		.byte	0x1
 100 00a3 0A        		.uleb128 0xa
 101 00a4 01        		.byte	0x1
 102 00a5 0000 0000 		.long	.LASF12
 103 00a9 02        		.byte	0x2
 104 00aa 77        		.byte	0x77
 105 00ab 11        		.byte	0x11
 106 00ac 01        		.byte	0x1
 107 00ad 5D00 0000 		.long	0x5d
 108 00b1 E600 0000 		.long	0xe6
 109 00b5 0B        		.uleb128 0xb
 110 00b6 0000 0000 		.long	.LASF14
 111 00ba 02        		.byte	0x2
 112 00bb 77        		.byte	0x77
 113 00bc 2A        		.byte	0x2a
 114 00bd 5D00 0000 		.long	0x5d
 115 00c1 0C        		.uleb128 0xc
 116 00c2 7400      		.string	"t"
 117 00c4 02        		.byte	0x2
 118 00c5 78        		.byte	0x78
 119 00c6 0E        		.byte	0xe
 120 00c7 5D00 0000 		.long	0x5d
 121 00cb 0D        		.uleb128 0xd
 122 00cc 0E        		.uleb128 0xe
 123 00cd 0000 0000 		.long	.LASF10
 124 00d1 02        		.byte	0x2
 125 00d2 7A        		.byte	0x7a
 126 00d3 05        		.byte	0x5
 127 00d4 2400 0000 		.long	0x24
 128 00d8 0E        		.uleb128 0xe
 129 00d9 0000 0000 		.long	.LASF11
 130 00dd 02        		.byte	0x2
 131 00de 7A        		.byte	0x7a
 132 00df 05        		.byte	0x5
 133 00e0 2400 0000 		.long	0x24
 134 00e4 00        		.byte	0
 135 00e5 00        		.byte	0
 136 00e6 0A        		.uleb128 0xa
 137 00e7 01        		.byte	0x1
 138 00e8 0000 0000 		.long	.LASF13
 139 00ec 02        		.byte	0x2
 140 00ed 6B        		.byte	0x6b
 141 00ee 11        		.byte	0x11
 142 00ef 01        		.byte	0x1
 143 00f0 4300 0000 		.long	0x43
 144 00f4 2901 0000 		.long	0x129
 145 00f8 0B        		.uleb128 0xb
 146 00f9 0000 0000 		.long	.LASF14
 147 00fd 02        		.byte	0x2
 148 00fe 6B        		.byte	0x6b
 149 00ff 28        		.byte	0x28
 150 0100 4300 0000 		.long	0x43
 151 0104 0C        		.uleb128 0xc
 152 0105 7400      		.string	"t"
 153 0107 02        		.byte	0x2
 154 0108 6C        		.byte	0x6c
 155 0109 0E        		.byte	0xe
 156 010a 5D00 0000 		.long	0x5d
 157 010e 0D        		.uleb128 0xd
 158 010f 0E        		.uleb128 0xe
 159 0110 0000 0000 		.long	.LASF10
 160 0114 02        		.byte	0x2
 161 0115 6E        		.byte	0x6e
 162 0116 05        		.byte	0x5
 163 0117 2400 0000 		.long	0x24
 164 011b 0E        		.uleb128 0xe
 165 011c 0000 0000 		.long	.LASF11
 166 0120 02        		.byte	0x2
 167 0121 6E        		.byte	0x6e
 168 0122 05        		.byte	0x5
 169 0123 2400 0000 		.long	0x24
 170 0127 00        		.byte	0
 171 0128 00        		.byte	0
 172 0129 0A        		.uleb128 0xa
 173 012a 01        		.byte	0x1
 174 012b 0000 0000 		.long	.LASF15
 175 012f 02        		.byte	0x2
 176 0130 5F        		.byte	0x5f
 177 0131 11        		.byte	0x11
 178 0132 01        		.byte	0x1
 179 0133 5D00 0000 		.long	0x5d
 180 0137 6001 0000 		.long	0x160
 181 013b 0C        		.uleb128 0xc
 182 013c 7400      		.string	"t"
 183 013e 02        		.byte	0x2
 184 013f 60        		.byte	0x60
 185 0140 0E        		.byte	0xe
 186 0141 5D00 0000 		.long	0x5d
 187 0145 0D        		.uleb128 0xd
 188 0146 0E        		.uleb128 0xe
 189 0147 0000 0000 		.long	.LASF10
 190 014b 02        		.byte	0x2
 191 014c 62        		.byte	0x62
 192 014d 05        		.byte	0x5
 193 014e 2400 0000 		.long	0x24
 194 0152 0E        		.uleb128 0xe
 195 0153 0000 0000 		.long	.LASF11
 196 0157 02        		.byte	0x2
 197 0158 62        		.byte	0x62
 198 0159 05        		.byte	0x5
 199 015a 2400 0000 		.long	0x24
 200 015e 00        		.byte	0
 201 015f 00        		.byte	0
 202 0160 0A        		.uleb128 0xa
 203 0161 01        		.byte	0x1
 204 0162 0000 0000 		.long	.LASF16
 205 0166 02        		.byte	0x2
 206 0167 53        		.byte	0x53
 207 0168 11        		.byte	0x11
 208 0169 01        		.byte	0x1
 209 016a 4300 0000 		.long	0x43
 210 016e 9701 0000 		.long	0x197
 211 0172 0C        		.uleb128 0xc
 212 0173 7400      		.string	"t"
 213 0175 02        		.byte	0x2
 214 0176 54        		.byte	0x54
 215 0177 0E        		.byte	0xe
 216 0178 5D00 0000 		.long	0x5d
 217 017c 0D        		.uleb128 0xd
 218 017d 0E        		.uleb128 0xe
 219 017e 0000 0000 		.long	.LASF10
 220 0182 02        		.byte	0x2
 221 0183 56        		.byte	0x56
 222 0184 05        		.byte	0x5
 223 0185 2400 0000 		.long	0x24
 224 0189 0E        		.uleb128 0xe
 225 018a 0000 0000 		.long	.LASF11
 226 018e 02        		.byte	0x2
 227 018f 56        		.byte	0x56
 228 0190 05        		.byte	0x5
 229 0191 2400 0000 		.long	0x24
 230 0195 00        		.byte	0
 231 0196 00        		.byte	0
 232 0197 0F        		.uleb128 0xf
 233 0198 01        		.byte	0x1
 234 0199 0000 0000 		.long	.LASF17
 235 019d 02        		.byte	0x2
 236 019e 4B        		.byte	0x4b
 237 019f 0D        		.byte	0xd
 238 01a0 01        		.byte	0x1
 239 01a1 C001 0000 		.long	0x1c0
 240 01a5 0D        		.uleb128 0xd
 241 01a6 0E        		.uleb128 0xe
 242 01a7 0000 0000 		.long	.LASF10
 243 01ab 02        		.byte	0x2
 244 01ac 4C        		.byte	0x4c
 245 01ad 05        		.byte	0x5
 246 01ae 2400 0000 		.long	0x24
 247 01b2 0E        		.uleb128 0xe
 248 01b3 0000 0000 		.long	.LASF11
 249 01b7 02        		.byte	0x2
 250 01b8 4C        		.byte	0x4c
 251 01b9 05        		.byte	0x5
 252 01ba 2400 0000 		.long	0x24
 253 01be 00        		.byte	0
 254 01bf 00        		.byte	0
 255 01c0 0F        		.uleb128 0xf
 256 01c1 01        		.byte	0x1
 257 01c2 0000 0000 		.long	.LASF18
 258 01c6 02        		.byte	0x2
 259 01c7 21        		.byte	0x21
 260 01c8 06        		.byte	0x6
 261 01c9 01        		.byte	0x1
 262 01ca DB01 0000 		.long	0x1db
 263 01ce 0E        		.uleb128 0xe
 264 01cf 0000 0000 		.long	.LASF19
 265 01d3 02        		.byte	0x2
 266 01d4 27        		.byte	0x27
 267 01d5 0D        		.byte	0xd
 268 01d6 2400 0000 		.long	0x24
 269 01da 00        		.byte	0
 270 01db 10        		.uleb128 0x10
 271 01dc 0000 0000 		.long	.LASF25
 272 01e0 04        		.byte	0x4
 273 01e1 44        		.byte	0x44
 274 01e2 18        		.byte	0x18
 275 01e3 01        		.byte	0x1
 276 01e4 F501 0000 		.long	0x1f5
 277 01e8 11        		.uleb128 0x11
 278 01e9 5F5F 7300 		.string	"__s"
 279 01ed 04        		.byte	0x4
 280 01ee 44        		.byte	0x44
 281 01ef 33        		.byte	0x33
 282 01f0 F501 0000 		.long	0x1f5
 283 01f4 00        		.byte	0
 284 01f5 12        		.uleb128 0x12
 285 01f6 02        		.byte	0x2
 286 01f7 3000 0000 		.long	0x30
 287 01fb 13        		.uleb128 0x13
 288 01fc 0000 0000 		.long	.LASF26
 289 0200 04        		.byte	0x4
 290 0201 30        		.byte	0x30
 291 0202 1B        		.byte	0x1b
 292 0203 01        		.byte	0x1
 293 0204 2400 0000 		.long	0x24
 294 0208 00        		.byte	0
 295               		.section	.gnu.debuglto_.debug_abbrev,"",@progbits
 296               	.Ldebug_abbrev0:
 297 0000 01        		.uleb128 0x1
 298 0001 11        		.uleb128 0x11
 299 0002 01        		.byte	0x1
 300 0003 25        		.uleb128 0x25
 301 0004 0E        		.uleb128 0xe
 302 0005 13        		.uleb128 0x13
 303 0006 0B        		.uleb128 0xb
 304 0007 03        		.uleb128 0x3
 305 0008 0E        		.uleb128 0xe
 306 0009 1B        		.uleb128 0x1b
 307 000a 0E        		.uleb128 0xe
 308 000b 10        		.uleb128 0x10
 309 000c 06        		.uleb128 0x6
 310 000d 00        		.byte	0
 311 000e 00        		.byte	0
 312 000f 02        		.uleb128 0x2
 313 0010 24        		.uleb128 0x24
 314 0011 00        		.byte	0
 315 0012 0B        		.uleb128 0xb
 316 0013 0B        		.uleb128 0xb
 317 0014 3E        		.uleb128 0x3e
 318 0015 0B        		.uleb128 0xb
 319 0016 03        		.uleb128 0x3
 320 0017 0E        		.uleb128 0xe
 321 0018 00        		.byte	0
 322 0019 00        		.byte	0
 323 001a 03        		.uleb128 0x3
 324 001b 16        		.uleb128 0x16
 325 001c 00        		.byte	0
 326 001d 03        		.uleb128 0x3
 327 001e 0E        		.uleb128 0xe
 328 001f 3A        		.uleb128 0x3a
 329 0020 0B        		.uleb128 0xb
 330 0021 3B        		.uleb128 0x3b
 331 0022 0B        		.uleb128 0xb
 332 0023 39        		.uleb128 0x39
 333 0024 0B        		.uleb128 0xb
 334 0025 49        		.uleb128 0x49
 335 0026 13        		.uleb128 0x13
 336 0027 00        		.byte	0
 337 0028 00        		.byte	0
 338 0029 04        		.uleb128 0x4
 339 002a 26        		.uleb128 0x26
 340 002b 00        		.byte	0
 341 002c 49        		.uleb128 0x49
 342 002d 13        		.uleb128 0x13
 343 002e 00        		.byte	0
 344 002f 00        		.byte	0
 345 0030 05        		.uleb128 0x5
 346 0031 24        		.uleb128 0x24
 347 0032 00        		.byte	0
 348 0033 0B        		.uleb128 0xb
 349 0034 0B        		.uleb128 0xb
 350 0035 3E        		.uleb128 0x3e
 351 0036 0B        		.uleb128 0xb
 352 0037 03        		.uleb128 0x3
 353 0038 08        		.uleb128 0x8
 354 0039 00        		.byte	0
 355 003a 00        		.byte	0
 356 003b 06        		.uleb128 0x6
 357 003c 35        		.uleb128 0x35
 358 003d 00        		.byte	0
 359 003e 49        		.uleb128 0x49
 360 003f 13        		.uleb128 0x13
 361 0040 00        		.byte	0
 362 0041 00        		.byte	0
 363 0042 07        		.uleb128 0x7
 364 0043 34        		.uleb128 0x34
 365 0044 00        		.byte	0
 366 0045 03        		.uleb128 0x3
 367 0046 0E        		.uleb128 0xe
 368 0047 3A        		.uleb128 0x3a
 369 0048 0B        		.uleb128 0xb
 370 0049 3B        		.uleb128 0x3b
 371 004a 0B        		.uleb128 0xb
 372 004b 39        		.uleb128 0x39
 373 004c 0B        		.uleb128 0xb
 374 004d 49        		.uleb128 0x49
 375 004e 13        		.uleb128 0x13
 376 004f 3F        		.uleb128 0x3f
 377 0050 0C        		.uleb128 0xc
 378 0051 3C        		.uleb128 0x3c
 379 0052 0C        		.uleb128 0xc
 380 0053 00        		.byte	0
 381 0054 00        		.byte	0
 382 0055 08        		.uleb128 0x8
 383 0056 34        		.uleb128 0x34
 384 0057 00        		.byte	0
 385 0058 47        		.uleb128 0x47
 386 0059 13        		.uleb128 0x13
 387 005a 3A        		.uleb128 0x3a
 388 005b 0B        		.uleb128 0xb
 389 005c 3B        		.uleb128 0x3b
 390 005d 0B        		.uleb128 0xb
 391 005e 39        		.uleb128 0x39
 392 005f 0B        		.uleb128 0xb
 393 0060 00        		.byte	0
 394 0061 00        		.byte	0
 395 0062 09        		.uleb128 0x9
 396 0063 2E        		.uleb128 0x2e
 397 0064 00        		.byte	0
 398 0065 3F        		.uleb128 0x3f
 399 0066 0C        		.uleb128 0xc
 400 0067 03        		.uleb128 0x3
 401 0068 0E        		.uleb128 0xe
 402 0069 3A        		.uleb128 0x3a
 403 006a 0B        		.uleb128 0xb
 404 006b 3B        		.uleb128 0x3b
 405 006c 0B        		.uleb128 0xb
 406 006d 39        		.uleb128 0x39
 407 006e 0B        		.uleb128 0xb
 408 006f 27        		.uleb128 0x27
 409 0070 0C        		.uleb128 0xc
 410 0071 00        		.byte	0
 411 0072 00        		.byte	0
 412 0073 0A        		.uleb128 0xa
 413 0074 2E        		.uleb128 0x2e
 414 0075 01        		.byte	0x1
 415 0076 3F        		.uleb128 0x3f
 416 0077 0C        		.uleb128 0xc
 417 0078 03        		.uleb128 0x3
 418 0079 0E        		.uleb128 0xe
 419 007a 3A        		.uleb128 0x3a
 420 007b 0B        		.uleb128 0xb
 421 007c 3B        		.uleb128 0x3b
 422 007d 0B        		.uleb128 0xb
 423 007e 39        		.uleb128 0x39
 424 007f 0B        		.uleb128 0xb
 425 0080 27        		.uleb128 0x27
 426 0081 0C        		.uleb128 0xc
 427 0082 49        		.uleb128 0x49
 428 0083 13        		.uleb128 0x13
 429 0084 01        		.uleb128 0x1
 430 0085 13        		.uleb128 0x13
 431 0086 00        		.byte	0
 432 0087 00        		.byte	0
 433 0088 0B        		.uleb128 0xb
 434 0089 05        		.uleb128 0x5
 435 008a 00        		.byte	0
 436 008b 03        		.uleb128 0x3
 437 008c 0E        		.uleb128 0xe
 438 008d 3A        		.uleb128 0x3a
 439 008e 0B        		.uleb128 0xb
 440 008f 3B        		.uleb128 0x3b
 441 0090 0B        		.uleb128 0xb
 442 0091 39        		.uleb128 0x39
 443 0092 0B        		.uleb128 0xb
 444 0093 49        		.uleb128 0x49
 445 0094 13        		.uleb128 0x13
 446 0095 00        		.byte	0
 447 0096 00        		.byte	0
 448 0097 0C        		.uleb128 0xc
 449 0098 34        		.uleb128 0x34
 450 0099 00        		.byte	0
 451 009a 03        		.uleb128 0x3
 452 009b 08        		.uleb128 0x8
 453 009c 3A        		.uleb128 0x3a
 454 009d 0B        		.uleb128 0xb
 455 009e 3B        		.uleb128 0x3b
 456 009f 0B        		.uleb128 0xb
 457 00a0 39        		.uleb128 0x39
 458 00a1 0B        		.uleb128 0xb
 459 00a2 49        		.uleb128 0x49
 460 00a3 13        		.uleb128 0x13
 461 00a4 00        		.byte	0
 462 00a5 00        		.byte	0
 463 00a6 0D        		.uleb128 0xd
 464 00a7 0B        		.uleb128 0xb
 465 00a8 01        		.byte	0x1
 466 00a9 00        		.byte	0
 467 00aa 00        		.byte	0
 468 00ab 0E        		.uleb128 0xe
 469 00ac 34        		.uleb128 0x34
 470 00ad 00        		.byte	0
 471 00ae 03        		.uleb128 0x3
 472 00af 0E        		.uleb128 0xe
 473 00b0 3A        		.uleb128 0x3a
 474 00b1 0B        		.uleb128 0xb
 475 00b2 3B        		.uleb128 0x3b
 476 00b3 0B        		.uleb128 0xb
 477 00b4 39        		.uleb128 0x39
 478 00b5 0B        		.uleb128 0xb
 479 00b6 49        		.uleb128 0x49
 480 00b7 13        		.uleb128 0x13
 481 00b8 00        		.byte	0
 482 00b9 00        		.byte	0
 483 00ba 0F        		.uleb128 0xf
 484 00bb 2E        		.uleb128 0x2e
 485 00bc 01        		.byte	0x1
 486 00bd 3F        		.uleb128 0x3f
 487 00be 0C        		.uleb128 0xc
 488 00bf 03        		.uleb128 0x3
 489 00c0 0E        		.uleb128 0xe
 490 00c1 3A        		.uleb128 0x3a
 491 00c2 0B        		.uleb128 0xb
 492 00c3 3B        		.uleb128 0x3b
 493 00c4 0B        		.uleb128 0xb
 494 00c5 39        		.uleb128 0x39
 495 00c6 0B        		.uleb128 0xb
 496 00c7 27        		.uleb128 0x27
 497 00c8 0C        		.uleb128 0xc
 498 00c9 01        		.uleb128 0x1
 499 00ca 13        		.uleb128 0x13
 500 00cb 00        		.byte	0
 501 00cc 00        		.byte	0
 502 00cd 10        		.uleb128 0x10
 503 00ce 2E        		.uleb128 0x2e
 504 00cf 01        		.byte	0x1
 505 00d0 03        		.uleb128 0x3
 506 00d1 0E        		.uleb128 0xe
 507 00d2 3A        		.uleb128 0x3a
 508 00d3 0B        		.uleb128 0xb
 509 00d4 3B        		.uleb128 0x3b
 510 00d5 0B        		.uleb128 0xb
 511 00d6 39        		.uleb128 0x39
 512 00d7 0B        		.uleb128 0xb
 513 00d8 27        		.uleb128 0x27
 514 00d9 0C        		.uleb128 0xc
 515 00da 01        		.uleb128 0x1
 516 00db 13        		.uleb128 0x13
 517 00dc 00        		.byte	0
 518 00dd 00        		.byte	0
 519 00de 11        		.uleb128 0x11
 520 00df 05        		.uleb128 0x5
 521 00e0 00        		.byte	0
 522 00e1 03        		.uleb128 0x3
 523 00e2 08        		.uleb128 0x8
 524 00e3 3A        		.uleb128 0x3a
 525 00e4 0B        		.uleb128 0xb
 526 00e5 3B        		.uleb128 0x3b
 527 00e6 0B        		.uleb128 0xb
 528 00e7 39        		.uleb128 0x39
 529 00e8 0B        		.uleb128 0xb
 530 00e9 49        		.uleb128 0x49
 531 00ea 13        		.uleb128 0x13
 532 00eb 00        		.byte	0
 533 00ec 00        		.byte	0
 534 00ed 12        		.uleb128 0x12
 535 00ee 0F        		.uleb128 0xf
 536 00ef 00        		.byte	0
 537 00f0 0B        		.uleb128 0xb
 538 00f1 0B        		.uleb128 0xb
 539 00f2 49        		.uleb128 0x49
 540 00f3 13        		.uleb128 0x13
 541 00f4 00        		.byte	0
 542 00f5 00        		.byte	0
 543 00f6 13        		.uleb128 0x13
 544 00f7 2E        		.uleb128 0x2e
 545 00f8 00        		.byte	0
 546 00f9 03        		.uleb128 0x3
 547 00fa 0E        		.uleb128 0xe
 548 00fb 3A        		.uleb128 0x3a
 549 00fc 0B        		.uleb128 0xb
 550 00fd 3B        		.uleb128 0x3b
 551 00fe 0B        		.uleb128 0xb
 552 00ff 39        		.uleb128 0x39
 553 0100 0B        		.uleb128 0xb
 554 0101 27        		.uleb128 0x27
 555 0102 0C        		.uleb128 0xc
 556 0103 49        		.uleb128 0x49
 557 0104 13        		.uleb128 0x13
 558 0105 00        		.byte	0
 559 0106 00        		.byte	0
 560 0107 00        		.byte	0
 561               		.section	.gnu.debuglto_.debug_line,"",@progbits
 562               	.Ldebug_line0:
 563 0000 D500 0000 		.long	.LELT0-.LSLT0
 564               	.LSLT0:
 565 0004 0200      		.word	0x2
 566 0006 CF00 0000 		.long	.LELTP0-.LASLTP0
 567               	.LASLTP0:
 568 000a 01        		.byte	0x1
 569 000b 01        		.byte	0x1
 570 000c F6        		.byte	0xf6
 571 000d F2        		.byte	0xf2
 572 000e 0D        		.byte	0xd
 573 000f 00        		.byte	0
 574 0010 01        		.byte	0x1
 575 0011 01        		.byte	0x1
 576 0012 01        		.byte	0x1
 577 0013 01        		.byte	0x1
 578 0014 00        		.byte	0
 579 0015 00        		.byte	0
 580 0016 00        		.byte	0
 581 0017 01        		.byte	0x1
 582 0018 00        		.byte	0
 583 0019 00        		.byte	0
 584 001a 01        		.byte	0x1
 585 001b 633A 5C70 		.ascii	"c:\\program files\\qmk_msys\\mingw64\\avr\\include"
 585      726F 6772 
 585      616D 2066 
 585      696C 6573 
 585      5C71 6D6B 
 586 0048 00        		.byte	0
 587 0049 633A 5C70 		.ascii	"c:\\program files\\qmk_msys\\mingw64\\avr\\include\\util"
 587      726F 6772 
 587      616D 2066 
 587      696C 6573 
 587      5C71 6D6B 
 588 007b 00        		.byte	0
 589 007c 746D 6B5F 		.ascii	"tmk_core/common"
 589      636F 7265 
 589      2F63 6F6D 
 589      6D6F 6E
 590 008b 00        		.byte	0
 591 008c 746D 6B5F 		.ascii	"tmk_core/common/avr"
 591      636F 7265 
 591      2F63 6F6D 
 591      6D6F 6E2F 
 591      6176 72
 592 009f 00        		.byte	0
 593 00a0 00        		.byte	0
 594 00a1 7374 6469 		.string	"stdint.h"
 594      6E74 2E68 
 594      00
 595 00aa 01        		.uleb128 0x1
 596 00ab 00        		.uleb128 0
 597 00ac 00        		.uleb128 0
 598 00ad 6176 722F 		.string	"avr/timer.c"
 598      7469 6D65 
 598      722E 6300 
 599 00b9 03        		.uleb128 0x3
 600 00ba 00        		.uleb128 0
 601 00bb 00        		.uleb128 0
 602 00bc 7469 6D65 		.string	"timer.h"
 602      722E 6800 
 603 00c4 03        		.uleb128 0x3
 604 00c5 00        		.uleb128 0
 605 00c6 00        		.uleb128 0
 606 00c7 7574 696C 		.string	"util\\atomic.h"
 606      5C61 746F 
 606      6D69 632E 
 606      6800 
 607 00d5 01        		.uleb128 0x1
 608 00d6 00        		.uleb128 0
 609 00d7 00        		.uleb128 0
 610 00d8 00        		.byte	0
 611               	.LELTP0:
 612               	.LELT0:
 613               		.section	.gnu.debuglto_.debug_str,"MS",@progbits,1
 614               	.LASF21:
 615 0000 746D 6B5F 		.string	"tmk_core/common/avr/timer.c"
 615      636F 7265 
 615      2F63 6F6D 
 615      6D6F 6E2F 
 615      6176 722F 
 616               	.LASF19:
 617 001c 7072 6573 		.string	"prescaler"
 617      6361 6C65 
 617      7200 
 618               	.LASF18:
 619 0026 7469 6D65 		.string	"timer_init"
 619      725F 696E 
 619      6974 00
 620               	.LASF1:
 621 0031 756E 7369 		.string	"unsigned char"
 621      676E 6564 
 621      2063 6861 
 621      7200 
 622               	.LASF17:
 623 003f 7469 6D65 		.string	"timer_clear"
 623      725F 636C 
 623      6561 7200 
 624               	.LASF7:
 625 004b 6C6F 6E67 		.string	"long unsigned int"
 625      2075 6E73 
 625      6967 6E65 
 625      6420 696E 
 625      7400 
 626               	.LASF11:
 627 005d 5F5F 546F 		.string	"__ToDo"
 627      446F 00
 628               	.LASF23:
 629 0064 7469 6D65 		.string	"timer_count"
 629      725F 636F 
 629      756E 7400 
 630               	.LASF26:
 631 0070 5F5F 6943 		.string	"__iCliRetVal"
 631      6C69 5265 
 631      7456 616C 
 631      00
 632               	.LASF20:
 633 007d 474E 5520 		.string	"GNU C99 8.4.0 -mn-flash=1 -mno-skip-bug -mmcu=avr5 -gdwarf-2 -Os -std=gnu99 -funsigned-ch
 633      4339 3920 
 633      382E 342E 
 633      3020 2D6D 
 633      6E2D 666C 
 634               	.LASF10:
 635 0165 7372 6567 		.string	"sreg_save"
 635      5F73 6176 
 635      6500 
 636               	.LASF22:
 637 016f 433A 5C55 		.string	"C:\\Users\\gazed\\qmk_firmware"
 637      7365 7273 
 637      5C67 617A 
 637      6564 5C71 
 637      6D6B 5F66 
 638               	.LASF4:
 639 018b 756E 7369 		.string	"unsigned int"
 639      676E 6564 
 639      2069 6E74 
 639      00
 640               	.LASF25:
 641 0198 5F5F 6952 		.string	"__iRestore"
 641      6573 746F 
 641      7265 00
 642               	.LASF9:
 643 01a3 6C6F 6E67 		.string	"long long unsigned int"
 643      206C 6F6E 
 643      6720 756E 
 643      7369 676E 
 643      6564 2069 
 644               	.LASF2:
 645 01ba 7569 6E74 		.string	"uint8_t"
 645      385F 7400 
 646               	.LASF8:
 647 01c2 6C6F 6E67 		.string	"long long int"
 647      206C 6F6E 
 647      6720 696E 
 647      7400 
 648               	.LASF16:
 649 01d0 7469 6D65 		.string	"timer_read"
 649      725F 7265 
 649      6164 00
 650               	.LASF24:
 651 01db 5F5F 7665 		.string	"__vector_21"
 651      6374 6F72 
 651      5F32 3100 
 652               	.LASF12:
 653 01e7 7469 6D65 		.string	"timer_elapsed32"
 653      725F 656C 
 653      6170 7365 
 653      6433 3200 
 654               	.LASF13:
 655 01f7 7469 6D65 		.string	"timer_elapsed"
 655      725F 656C 
 655      6170 7365 
 655      6400 
 656               	.LASF3:
 657 0205 7569 6E74 		.string	"uint16_t"
 657      3136 5F74 
 657      00
 658               	.LASF6:
 659 020e 7569 6E74 		.string	"uint32_t"
 659      3332 5F74 
 659      00
 660               	.LASF5:
 661 0217 6C6F 6E67 		.string	"long int"
 661      2069 6E74 
 661      00
 662               	.LASF0:
 663 0220 7369 676E 		.string	"signed char"
 663      6564 2063 
 663      6861 7200 
 664               	.LASF15:
 665 022c 7469 6D65 		.string	"timer_read32"
 665      725F 7265 
 665      6164 3332 
 665      00
 666               	.LASF14:
 667 0239 6C61 7374 		.string	"last"
 667      00
 668               		.text
 669               		.section	.gnu.lto_.profile.98cab64a,"",@progbits
 670 0000 789C 6367 		.string	"x\234cg`f`d"
 670      6066 6064 
 670      00
 671 0009 0200      		.string	"\002"
 672 000b 00        		.string	""
 673 000c 6200      		.string	"b"
 674 000e 0C        		.ascii	"\f"
 675               		.text
 676               		.section	.gnu.lto_.icf.98cab64a,"",@progbits
 677 0000 789C 6367 		.string	"x\234cg`f\320f@"
 677      6066 D066 
 677      4000 
 678 000a 7686 D68D 		.string	"v\206\326\215{\25631\276^\260M\204y\337\344Y;xX\026-<\364\214\215\365dC_\003;\333\356Ko\2
 678      7BAE 3331 
 678      BE5E B04D 
 678      8479 DFE4 
 678      593B 7858 
 679 0039 B08C 13AD 		.ascii	"\260\214\023\255"
 680               		.text
 681               		.section	.gnu.lto_.jmpfuncs.98cab64a,"",@progbits
 682 0000 789C 6367 		.string	"x\234cg`fPd@"
 682      6066 5064 
 682      4000 
 683 000a 7620 6664 		.string	"v fd"
 683      00
 684 000f 0A32 B030 		.string	"\n2\26000\260222\326\317df`cd\002\321\214 I"
 684      30B0 3232 
 684      32D6 CF64 
 684      6660 6364 
 684      02D1 8C20 
 685 0025 2405 028B 		.ascii	"$\005\002\213"
 686               		.text
 687               		.section	.gnu.lto_.inline.98cab64a,"",@progbits
 688 0000 789C 85CA 		.ascii	"x\234\205\312A\016\200 \f\004\300\245@\213\306\370I\341\037<"
 688      410E 8020 
 688      0C04 C0A5 
 688      408B C6F8 
 688      49E1 1F3C 
 689 0014 CD5F 79B5 		.ascii	"\315_y\265\305\030\0239t\323C7;\202\210\013_D\257k\270\006P\261"
 689      C518 1339 
 689      74D3 4337 
 689      3B82 880B 
 689      5F44 AF6B 
 690 002c 2F55 80C7 		.ascii	"/U\200\307s\020\310L\3002zS\262=\370O\242O\222O2V\255\347 \273"
 690      7310 C84C 
 690      C032 7A53 
 690      B23D F84F 
 690      A24F 924F 
 691 0046 2D32 11F6 		.ascii	"-2\021\366\211\240\274\003\031\356y\"\270\001\246C5%"
 691      89A0 BC03 
 691      19EE 7922 
 691      B801 A643 
 691      3525 
 692               		.text
 693               		.section	.gnu.lto_.pureconst.98cab64a,"",@progbits
 694 0000 789C 05C1 		.string	"x\234\005\301\201\021"
 694      8111 00
 695 0007 200C 0231 		.ascii	" \f\0021\274\362\262\201\303w\024\2463\211FOR\264>e\212\013\345"
 695      BCF2 B281 
 695      C377 14A6 
 695      3389 464F 
 695      52B4 3E65 
 696 001e 96AC 3F3B 		.ascii	"\226\254?;k\0059"
 696      6B05 39
 697               		.text
 698               		.section	.gnu.lto_timer_init.98cab64a,"",@progbits
 699 0000 789C 6D92 		.ascii	"x\234m\222\335KTA\030\306\337gf[W\330-\272\t\202\023v%\264\201"
 699      DD4B 5441 
 699      18C6 DF67 
 699      665B 57D8 
 699      2DBA 0982 
 700 0019 DB87 17D5 		.ascii	"\333\207\027\325U\177G7!\247\275\210\3326N\342\255s67S$\327\244"
 700      557F 4737 
 700      21A7 BD88 
 700      DA36 4EE2 
 700      AD73 3637 
 701 0031 DCC5 2E4C 		.ascii	"\334\305.L\023-\020\351\246\240L'\333M\355\302 \372 \2720D#!"
 701      132D 10E9 
 701      A6A0 4C27 
 701      DB4D EDC2 
 701      20FA 20BA 
 702 0049 42B6 2D41 		.ascii	"B\266-Ap\267y\317Y\027\226\032\030xf\316\363\376\336gfN\003I"
 702      70B7 79CF 
 702      5917 961A 
 702      1878 66CE 
 702      F3FE DE67 
 703 0061 3A27 88CE 		.ascii	":'\210\316\020\321!3!\tB)u\266\301\r\t\200U@\205@\235\002\235"
 703      10D1 2133 
 703      2109 4229 
 703      75B6 C10D 
 703      0980 5540 
 704 007a E891 0312 		.ascii	"\350\221\003\022\245\255\341\365Ht\322|Qz\350\366A5\251\221\223"
 704      A5AD E1F5 
 704      4874 D27C 
 704      517A E8F6 
 704      4135 A991 
 705 008f 4483 66FA 		.ascii	"D\203f\372\003\317\021%2\316\217\371\261GB6\201\365\223\215\336"
 705      03CF 1125 
 705      32CE 8FF9 
 705      B147 4236 
 705      81F5 938D 
 706 00a4 0C9A 1F28 		.ascii	"\f\232\037(\225R\272\374^v)\355\036\316I`\006\322T\342\244\205"
 706      9552 BAFC 
 706      5E76 29ED 
 706      1ECE 4960 
 706      06D2 54E2 
 707 00ba 6316 171F 		.ascii	"c\026\027\037Y\226l_}\\\276\023\t\006\360\002\315U2f\021$\030"
 707      5996 6C5F 
 707      7D5C BE13 
 707      0906 F002 
 707      CD55 3266 
 708 00d1 31FD 6E8F 		.ascii	"1\375n\217V\345J\267\322\313%\214>\3553\333\224\226\2242y\002"
 708      56E5 4AB7 
 708      D2CB 258C 
 708      3EED 33DB 
 708      9496 9432 
 709 00e7 509A 6E48 		.ascii	"P\232nH\341z\372\272\2465\250\321\271\250W\272\206\324H\007+"
 709      E17A FABA 
 709      A635 A8D1 
 709      B9A8 57BA 
 709      86D4 4807 
 710 00fc 669A 0EE9 		.ascii	"f\232\016\351\342\347\211\2757%g\220\230\203\345y+G=\357w\314"
 710      E2E7 89BD 
 710      3725 6790 
 710      9883 E579 
 710      2B47 3DEF 
 711 0112 9716 2D96 		.ascii	"\227\026-\226\306\350\366g\246\366\261Qx\007\351\253\254|\205"
 711      C6E8 F667 
 711      A6F6 B151 
 711      7807 E9AB 
 711      AC7C 85
 712 0125 BFCC F3FA 		.ascii	"\277\314\363\372\326\304\320\335\3108\306\334.W\215\034\310I"
 712      D6C4 D0DD 
 712      C838 C6DC 
 712      2E57 8D1C 
 712      C849 
 713 0137 8997 B0A0 		.ascii	"\211\227\260\240\r\2200\217q\030\313\207\315Bw\230K$\004^U[\335"
 713      0D90 308F 
 713      7118 CB87 
 713      CD42 7798 
 713      4B24 045E 
 714 014e 0FEF B6CA 		.ascii	"\017\357\266\312.\355\266Z\337\356\037\024>\273\300\354\337\003"
 714      2EED B65A 
 714      DFEE 1F14 
 714      3EBB C0EC 
 714      DF03 
 715 0160 D37F 4275 		.ascii	"\323\177Bu\354|\215]0\354Z\356\207\341\177s\337\373\262\262\032"
 715      EC7C 8D5D 
 715      30EC 5AEE 
 715      87E1 7F73 
 715      DFFB B2B2 
 716 0175 F461 0B0C 		.ascii	"\364a\013\f\233}\273\363\254>\350\353\032l\301\017\372k\330-"
 716      9B7D BBF3 
 716      AC3E E8EB 
 716      1A6C C10F 
 716      FA6B D82D 
 717 0189 06FC A03B 		.ascii	"\006\374\240;\204\305*|\352?\360l\246\230m\364\341?\031\236\376"
 717      84C5 2A7C 
 717      EA3F F06C 
 717      A698 6DF4 
 717      E13F 199E 
 718 019e 34F3 2D5C 		.ascii	"4\363-\\\007_\252\301\337pR>\366\017\363\004\346\275<\032\217"
 718      075F AAC1 
 718      DF70 523E 
 718      F60F F304 
 718      E6BD 3C1A 
 719 01b3 B4B9 5CEF 		.ascii	"\264\271\\\357\245\314\377g\265'.\235\267\223N<f'\023\211\344"
 719      A5CC FF67 
 719      B527 2E9D 
 719      B793 4E3C 
 719      6627 1389 
 720 01c8 9558 5B87 		.ascii	"\225X[\207\023k\277\230\210;-65^u\342\327\354\266\313qg\177u"
 720      136B BF98 
 720      883B 2D36 
 720      355E 75E2 
 720      D7EC B6CB 
 721 01e0 ABE5 C2A9 		.ascii	"\253\345\302\251V\273\365\304\361\323\364\027>\333\333\023"
 721      56BB F5C4 
 721      F1D3 F417 
 721      3EDB DB13 
 722               		.text
 723               		.section	.gnu.lto_timer_clear.98cab64a,"",@progbits
 724 0000 789C 8553 		.string	"x\234\205Sml\223U\024\276\317{\337~\254cS\376\230\2304\272\314\244!\220l\202\213\301\305\
 724      6D6C 9355 
 724      14BE CF7B 
 724      DF7E AC63 
 724      53FE 9898 
 725 0053 4240 4866 		.ascii	"B@Hf\247&&\235\347\336\367\335\322\376\362&\357\233{\356=\347"
 725      A726 269D 
 725      E7DE F7DD 
 725      D2FE F226 
 725      EF9B 7BEE 
 726 0069 3CE7 39E7 		.ascii	"<\3479\347\271\016\306\331k6\306\206\030c\317\320\007\316\240"
 726      B90E C6D9 
 726      6B36 C686 
 726      1863 CFD0 
 726      07CE A0
 727 007c 0921 B639 		.ascii	"\t!\2669\022N\r\220;]8\301:5tj\235i\276\237\243\364w\377\235"
 727      124E 0D90 
 727      3B5D 38C1 
 727      3A35 746A 
 727      9D69 BE9F 
 728 0095 BA8D 2374 		.ascii	"\272\215#t%\n\231\023\366\0011#x\2263\3669}\346\302)ld\214\\"
 728      250A 9913 
 728      F601 3123 
 728      7896 33F6 
 728      397D E6C2 
 729 00ae 6F7D 5D3E 		.ascii	"o}]>Xg\327\255+|\007;\350\264<\233\336[\307\237\205\364X\372"
 729      5867 D7AD 
 729      2B7C 073B 
 729      E8B4 3C9B 
 729      DE5B C79F 
 730 00c6 6AE6 243C 		.ascii	"j\346$<CB$E\341n\326\225\022\205DC\226\003\247\301)\b/\270\361"
 730      4342 2445 
 730      E16E D695 
 730      1285 4443 
 730      9603 A7C1 
 731 00df BC5B C67A 		.ascii	"\274[\306z\276\341\322\375\213\314\243\222\316\267\252\320\013"
 731      BEE1 D2FD 
 731      8BCC A392 
 731      CEB7 AAD0 
 731      0B
 732 00f0 4BDD 2BF5 		.ascii	"K\335+\365\272Fy\307\250jy\3225Y\034\257\345\257\250\333\003"
 732      BA46 79C7 
 732      A86A 79D2 
 732      3559 1CAF 
 732      E5AF A8DB 
 733 0105 2B4B FFD8 		.ascii	"+K\377\330\350\026\343\340(@W\016\023\231\334E\007\177]9\374"
 733      E816 E3E0 
 733      2840 570E 
 733      1399 DC45 
 733      077F 5D39 
 734 011a F6F8 DAC9 		.ascii	"\366\370\332\311z\013\271\241W\350\022\365\373\nTL\310 \346\031"
 734      7A0B B9A1 
 734      57E8 12F5 
 734      FB0A 544C 
 734      C820 E619 
 735 012e E615 4C30 		.ascii	"\346\025L0\t\017\316\300\243\2700O^\335M\315\367\017?\321M=\320"
 735      090F CEC0 
 735      A3B8 304F 
 735      5EDD 4DCD 
 735      F70F 3FD1 
 736 0145 A091 393B 		.ascii	"\240\2219;\377\373_Nir<I\346\203\263\377\366h\374m\205Y\032\275"
 736      FFFB 5F4E 
 736      6972 3C49 
 736      E683 B3FF 
 736      F668 FC6D 
 737 015d 32E5 D830 		.ascii	"2\345\3300\2540/\367o\351\235;(\204=\313u\234\227\300\300\017"
 737      AC30 2FF7 
 737      6FE9 9D3B 
 737      2884 3DCB 
 737      759C 97C0 
 738 0173 70E3 1CDC 		.ascii	"p\343\034\334\fS\330@\307\236{*\177\352\333\003'\270U\351\344"
 738      0C53 D840 
 738      C79E 7B2A 
 738      7FEA DB03 
 738      27B8 55E9 
 739 0188 9B62 9FD0 		.ascii	"\233b\237\320\326BXU\210l\324Z\255)s@\243v\033~\224\005\237\205"
 739      D642 5855 
 739      886C D45A 
 739      AD29 7340 
 739      A376 1B7E 
 740 01a0 9D20 AAC6 		.ascii	"\235 \252\306\202\0134\220i\"\302\344\237\356\330\361Y[A\224"
 740      820B 3490 
 740      6922 C2E4 
 740      9FEE D8F1 
 740      595B 4194 
 741 01b4 573E 1485 		.ascii	"W>\024\205\205\247\307J\227\326;\300\262\234\344\321\305Y\222"
 741      85A7 C74A 
 741      97D6 3BC0 
 741      B29C E4D1 
 741      C559 92
 742 01c7 D2E9 1005 		.ascii	"\322\351\020\005\266\227k\t\265\337S`\267!\006\377\334gS\335"
 742      B697 6B09 
 742      B5DF 5360 
 742      B721 06FF 
 742      DC67 53DD 
 743 01db A07D A344 		.ascii	"\240}\243Da\3670q\250\007r\233\341r\336\211O?;\246\372cWM\310"
 743      61F7 3071 
 743      A807 729B 
 743      E172 DE89 
 743      4F3F 3BA6 
 744 01f4 1797 F7D4 		.ascii	"\027\227\367\324\232\346Mi\337?U\036\252\313\343H\"\225\0204"
 744      9AE6 4D69 
 744      DF3F 551E 
 744      AACB E348 
 744      2295 1034 
 745 0208 7B07 2E11 		.ascii	"{\007.\021\245\213D\211\3412\362\240\274\311\006\231L\366\236"
 745      A58B 4489 
 745      E132 F2A0 
 745      BCC9 0699 
 745      4CF6 9E
 746 021b 124A 9CE7 		.ascii	"\022J\234\347\252Yn\263\330I-\314\230\225\334\272\363\361UTR"
 746      AA59 6EB3 
 746      D849 2DCC 
 746      9895 DCBA 
 746      F3F1 5554 
 747 0230 A573 FCA4 		.ascii	"\245s\374\244\250\312\377}$\032-\223\035\222~\213\307g\212\265"
 747      A8CA FF7D 
 747      241A 2D93 
 747      1D92 7E8B 
 747      C767 8AB5 
 748 0244 8DFD C889 		.ascii	"\215\375\310\211^\252\301)\353\032zp&oS\372\232E#\375\257\220"
 748      5EAA C129 
 748      EB1A 7A70 
 748      266F 53FA 
 748      9A45 23FD 
 749 025a 1E24 DF63 		.ascii	"\036$\337c\\ERY\213\351\303\\UF\212\240\200?\316-\277#y\201\326"
 749      5C45 5259 
 749      8BE9 C35C 
 749      5546 8AA0 
 749      803F CE2D 
 750 0273 CF54 FF6D 		.ascii	"\317T\377m\220\374\350\3122\254"
 750      90FC E8CA 
 750      32AC 
 751 027d EEC8 1477 		.string	"\356\310\024w\265\325F\225\316\033r[\331\245\032\325\245\201\221\351\225\232\024\222\t'\2
 751      B5D5 4695 
 751      CE1B 725B 
 751      D9A5 1AD5 
 751      A581 91E9 
 752 037e B3FB 7C6F 		.ascii	"\263\373|oE^\215\254\267\354\246\355[[\002-[6\277\304\\>_\350"
 752      455E 8DAC 
 752      B7EC A6ED 
 752      5B5B 022D 
 752      5B36 BFC4 
 753 0396 8D60 2C4E 		.ascii	"\215`,Nq\216@8\350o\357\330Q\023\213\006\333|1\377\256 \367\371"
 753      718E 4038 
 753      E86F EFD8 
 753      5113 8B06 
 753      DB7C 31FF 
 754 03ae 622F 075A 		.ascii	"b/\007Z\275;\242\221\266\250\337hx7\024\016\306\274;\t\307\210"
 754      BD3B A291 
 754      B6A8 DF68 
 754      7837 140E 
 754      C6BC 3B09 
 755 03c4 ED8E 798D 		.ascii	"\355\216y\215P{\333\007/\266x\t\310\033j\017\204;\266\007\275"
 755      507B DB07 
 755      2FB6 7809 
 755      C81B 6A0F 
 755      843B B607 
 756 03d9 1DF1 50D8 		.ascii	"\035\361P\330\353\217G\214P\240\351=\246\007\302!\3460\202F$"
 756      EB8F 478C 
 756      50A0 E93D 
 756      A607 C221 
 756      E630 8246 
 757 03ee BA9B BAF7 		.ascii	"\272\233\272\367\037\301\207\330\336"
 757      1FC1 87D8 
 757      DE
 758               		.text
 759               		.section	.gnu.lto_timer_read.98cab64a,"",@progbits
 760 0000 789C 8553 		.string	"x\234\205S_L\233U\024\277\347\273\337\327\177\254\350^|0D\001\023\262l\t\350F\214\022\037
 760      5F4C 9B55 
 760      14BF E7BB 
 760      DFD7 7FAC 
 760      E85E 7C30 
 761 0082 7452 8505 		.ascii	"tR\205\005X\223\002MJS\202\037\3400:u\270\347\211f\236\242H4"
 761      5893 024D 
 761      4A53 821F 
 761      E030 3A75 
 761      B8E7 8966 
 762 009a C7A7 FEBE 		.ascii	"\307\247\376\276o!\023\340I4G\276^<b\333\330+DTd\222\223\246"
 762      6F21 13E0 
 762      4934 47BE 
 762      5E3C 62DB 
 762      D82B 4454 
 763 00b2 BEBD 6302 		.ascii	"\276\275c\002}\n\373\024\303\177\2042\030\2002F?8\005\033\031"
 763      7D0A FB14 
 763      C37F 8432 
 763      1880 3246 
 763      3F38 051B 
 764 00c7 C384 BB47 		.ascii	"\303\204\273G\343\017\270\016\247\2429}$?a\327\341\312\321|\330"
 764      E30F B80E 
 764      A7A2 397D 
 764      243F 61D7 
 764      E1CA D17C 
 765 00dc 3F22 2CFC 		.ascii	"?\",\374Y\240\310S\231\376\375\326\252n\t\275\330^vW\2106\241"
 765      59A0 C853 
 765      99FE FDD6 
 765      AA6E 09BD 
 765      D85E 7657 
 766 00f3 A638 870C 		.ascii	"\2468\207\fp\202?\203\360\247u\370\212e\2052\026\276\315\035"
 766      7082 3F83 
 766      F0A7 75F8 
 766      8A65 8532 
 766      16BE CD1D 
 767 0107 B29B 5418 		.ascii	"\262\233T\030\204*\"@e\207\300\004\350\311\215'v\333\371\026"
 767      842A 2240 
 767      6587 C004 
 767      E8C9 8D27 
 767      76DB F916 
 768 011b 89BB FCD5 		.ascii	"\211\273\374\325\330I0p\357\267\333b\"\023)Oq\025"
 768      D849 3070 
 768      EFB7 DB62 
 768      2213 294F 
 768      7115 
 769 012d 7ED2 61B7 		.string	"~\322a\267\224\301\363:h\202S\370\321\344\355\025\225\327\311\324\363\313\315\371RUA\334\
 769      94C1 F33A 
 769      6882 53F8 
 769      D1E4 ED15 
 769      95D7 C9D4 
 770 022e 1D93 9C26 		.string	"\035\223\234&\036\371d\3771\271\266f)R:{oW\211n\316\221}} \327mO\303\027\221XD\340\364-0\
 770      1EF9 64FF 
 770      31B9 B666 
 770      2952 3A7B 
 770      6F57 896E 
 771 02bb 3085 FCAF 		.string	"0\205\374\257\001. \272\036\033\203\324\001\177\254\024\301-*\253\242\265\215\276\243\213
 771      012E 20BA 
 771      1E1B 83D4 
 771      017F AC14 
 771      C12D 2AAB 
 772 02ed 2927 20C5 		.string	")' \305K`\032b"
 772      4B60 1A62 
 772      00
 773 02f6 7F4A E1B2 		.string	"\177J\341\262E\302\311\262:\371\247\214\272\206G'\276VK\005\0063\205\314g\212\230\253\205
 773      45C2 C9B2 
 773      3AF9 A78C 
 773      BA86 4727 
 773      BE56 4B05 
 774 0338 8675 0EB4 		.ascii	"\206u\016\264j)\276N>'\002\203Yd.\347J\033\253\027\304\235\246"
 774      6A29 BE4E 
 774      3E27 0283 
 774      5964 2EE7 
 774      4A1B AB17 
 775 034f 4C63 961D 		.ascii	"Lc\226\035\372\036\243H\263{\3738\235\213\026\007\212\327f\016"
 775      FA1E A348 
 775      B37B FB38 
 775      9D8B 1607 
 775      8AD7 660E 
 776 0363 BB37 36A5 		.ascii	"\27376\245\353\314>M\246\312\211\353o\201\245\377w\342\363r\342"
 776      EBCC 3E4D 
 776      A6CA 89EB 
 776      6F81 A5FF 
 776      77E2 F372 
 777 0378 57E4 C415 		.ascii	"W\344\304\025\243\317\217\323\3557\271\321g\262\3356(\250\254"
 777      A3CF 8FD3 
 777      ED37 B9D1 
 777      67B2 DD36 
 777      28A8 AC
 778 038b 5AD0 E882 		.ascii	"Z\320\350\202l\264\345@nZ\253;!\232\245\027\256B\335*\206\354"
 778      6CB4 E540 
 778      6E5A AB3B 
 778      219A A517 
 778      AE42 DD2A 
 779 03a1 7741 EFA9 		.ascii	"wA\357\251\353\252\361\200\226 \372h\317\003N\347$\327H\343\233"
 779      EBAA F180 
 779      9620 FA68 
 779      CF03 4EE7 
 779      24D7 48E3 
 780 03b6 24AD 6E12 		.ascii	"$\255n\022l\034\347#_\036\362*\013\373?p\272\003AO\215;\340\367"
 780      6C1C E723 
 780      5F1E F22A 
 780      0BFB 3F70 
 780      BA03 414F 
 781 03ce 071A 6A5C 		.ascii	"\007\032j\\;\2025a\257\337\023\254v3\b\2577\216\325\333^\252"
 781      3B82 3561 
 781      AFDF 13AC 
 781      7633 08AF 
 781      378E D5DB 
 782 03e4 75D7 6E7E 		.ascii	"u\327n~\341efr:\337\n\274\032\2609\235\3367<\2410f\232\335>\217"
 782      E165 6672 
 782      3ADF 0ABC 
 782      1AB0 399D 
 782      DE37 3CA1 
 783 03fe ABA1 71BB 		.ascii	"\253\241q\2735\024\364\324;C\256\035\036\356t\206^q\3279\266"
 783      3514 F4D4 
 783      3B43 AE1D 
 783      1EEE 7486 
 783      5E71 D739 
 784 0413 0703 F541 		.ascii	"\007\003\365A\227\277\374=\257\317\023r|\210\225\374\241\235"
 784      97BF FC3D 
 784      AFCF 1372 
 784      7C88 95FC 
 784      A19D 
 785 0425 2187 DFDB 		.ascii	"!\207\337\333P\377\321\213\265\016,\345\3606\270}\215\333<\216"
 785      50FF D18B 
 785      B50E 2CE5 
 785      F036 B87D 
 785      8DDB 3C8E 
 786 0439 C6B0 D7E7 		.ascii	"\306\260\327\347p\205\003~\257\273\372}\246\272}^f\366{\374\201"
 786      7085 037E 
 786      AFBB FA7D 
 786      A6BA 7D5E 
 786      66F6 7BFC 
 787 044e E04E 54F7 		.ascii	"\340NT\367?\035\352\017\313"
 787      3F1D EA0F 
 787      CB
 788               		.text
 789               		.section	.gnu.lto_timer_read32.98cab64a,"",@progbits
 790 0000 789C 8554 		.string	"x\234\205T_L\233U\024\277\347\273\337\327? \350^|\221h\301\204,[\002\272\021\243\304\207=
 790      5F4C 9B55 
 790      14BF E7BB 
 790      DFD7 3F20 
 790      E85E 7C91 
 791 0082 C852 8505 		.string	"\310R\205\005X\253\002\255Jk\214\037\342p\357h\333\003\336\316\223xSEw\341\363\302l\005\2
 791      58AB 02AD 
 791      4A6B 8C1F 
 791      E270 EF68 
 791      DB03 DECE 
 792 00a2 3674 D7E6 		.string	"6t\327\346\037D\255[\006\205\210\210L<o\032\352\234\021\030S\330\247x\375{\250\202a\250b\
 792      1F44 AD5B 
 792      0685 8888 
 792      4C3C 6F1A 
 792      EA9C 1118 
 793 0147 8771 50E5 		.string	"\207qP\345\205\261x\352\202\231\277&/\\]\271t\272\322\350l\223`8\374X\324\025&)\211UO\226
 793      85B1 78EA 
 793      8299 BF26 
 793      2F5C 5DB9 
 793      74BA D2E8 
 794 0224 EC06 8C7D 		.ascii	"\354\006\214}\326\001d\3069I!\374\311\301\343"
 794      D601 64C6 
 794      3949 21FC 
 794      C9C1 E3
 795 0233 923A 93E4 		.string	"\222:\223\344'\235\273\277\257\\w\027\311\2779\234\357\257H\303\261p4,P\026f\310\"\332_If
 795      279D BBBF 
 795      AF5C 7717 
 795      C9BF 399C 
 795      EFAF 48C3 
 796 0334 5E4B 7DD5 		.ascii	"^K}\325\251%y\271|gT\f\256\340\344r\257$V\275!\312\2312\215]"
 796      A925 79B9 
 796      7C67 540C 
 796      AEE0 E472 
 796      AF24 56BD 
 797 034e F6EA 1246 		.ascii	"\366\352\022F\222\256|4\304\311.\021\016\224\312f\021\321\033"
 797      92AE 7C34 
 797      C4C9 2E11 
 797      0E94 CA66 
 797      11D1 1B
 798 0361 4AE9 1B39 		.ascii	"J\351\0339\240\311T\271q\375\031\260\364\377n|In\374\252\334"
 798      A0C9 54B9 
 798      71FD 19B0 
 798      F4FF 6E7C 
 798      496E FCAA 
 799 0376 B862 E0EC 		.ascii	"\270b\340\354Lw\337\346\006\316xw\331\250\240\266\274\b\350\262"
 799      4C77 DFE6 
 799      06CE 7877 
 799      D9A8 A0B6 
 799      BC08 E8B2 
 800 038a 04DA 7128 		.ascii	"\004\332q(\277\2405\236\024\3552\n\177B\343z\r\211wY\307\324"
 800      BFA0 359E 
 800      14ED 320A 
 800      7F42 E37A 
 800      0D89 7759 
 801 03a0 F78D F180 		.ascii	"\367\215\361\200nC$\025 \213\350e\364\350@\177h8FU\310\267\313"
 801      6E43 2415 
 801      208B E865 
 801      F4E8 407F 
 801      6838 4655 
 802 03b7 E1F2 07DC 		.ascii	"\341\362\007\334\365.\277\317\347o\256w\356\t\324\207<>w\240"
 802      F52E BFCF 
 802      E76F AE77 
 802      EE09 D487 
 802      3C3E 77A0 
 803 03cb CEC5 20B4 		.ascii	"\316\305 \264\3110\353v\276\330\340j\330\366\374K\314\344p\274"
 803      C930 EB76 
 803      BED8 E06A 
 803      D8F6 FC4B 
 803      CCE4 70BC 
 804 03df E97F C55F 		.ascii	"\351\177\305_\346px^w\007C\230ivy\335\316\346\226\335\326`\300"
 804      E670 785E 
 804      7707 4398 
 804      6976 79DD 
 804      CEE6 96DD 
 805 03f6 DDE4 083A 		.ascii	"\335\344\b:\367\270\271\303\021|\331\325h\337\035\3607\005\234"
 805      F7B8 B9C3 
 805      117C D9D5 
 805      68DF 1DF0 
 805      3705 9C
 806 0409 3EDB BB1E 		.ascii	">\333\273\036\257;h\177\037;\371\202{\203v\237\247\271\351\203"
 806      AF3B 687F 
 806      1F3B F982 
 806      7B83 769F 
 806      A7B9 E983 
 807 041d 171A ECD8 		.ascii	"\027\032\354\330\312\356ivy[v\272\355-!\217\327\356\f\371}\036"
 807      CAEE 6976 
 807      795B 76BA 
 807      ED2D 218F 
 807      D7EE 0CF9 
 808 0433 57DD 7B4C 		.ascii	"W\335{Luy=\314\354s\373\374\201\275H\346\277G%\na"
 808      7579 3DCC 
 808      EC73 FBFC 
 808      81BD 48E6 
 808      BF47 250A 
 809               		.text
 810               		.section	.gnu.lto_timer_elapsed.98cab64a,"",@progbits
 811 0000 789C 8554 		.string	"x\234\205T_L\223W\024\277\347\273\337\327\226\277\233/{b\033a\204\020M`s\3048\262d>\354i\
 811      5F4C 9357 
 811      14BF E7BB 
 811      DFD7 96BF 
 811      9B2F 7B62 
 812 007f D04E 1516 		.string	"\320N\025\026`\265\n\324*\265\315|\037\207\344\370\301\243/5\361(y\24292\376\367S\013\231
 812      60B5 0AD4 
 812      2AB5 CD7C 
 812      1F87 E4F8 
 812      C1A3 2F35 
 813 009f 2FA3 3974 		.string	"/\2439t|\366P\366\372^!\352D\"r\312\334\267gX\340\235\302\276B\367\363P"
 813      7CF6 50F6 
 813      FA5E 21EA 
 813      4422 72CA 
 813      DCB7 6758 
 814 00bc E7A0 80D1 		.ascii	"\347\240\200\321\017.\300zt\017v\216\336U\370\353\300p\3778\331"
 814      0F2E C07A 
 814      740F 768E 
 814      DE55 F8EB 
 814      C070 FF38 
 815 00d1 3AAF 961E 		.ascii	":\257\226\036\225\241\203\037\213\\\f\203\213\3003\"\361\254"
 815      95A1 831F 
 815      8B5C 0C83 
 815      8BC0 3322 
 815      F1AC 
 816 00e3 F819 30B8 		.ascii	"\370\0310\270\004\245\214b\036\035nx\316u0*\232\023\207VF\363"
 816      04A5 8C62 
 816      1E1D 6E78 
 816      CE75 302A 
 816      9A13 8756 
 817 00f9 7430 8568 		.ascii	"t0\205h.\235\031\022\026\276If\277\2208\2637\253\244Gf\237\215"
 817      2E9D 1912 
 817      16BE 4966 
 817      BF90 38B3 
 817      37AB A447 
 818 0110 153C 12A2 		.ascii	"\025<\022\242]\250Q\316a@/\321\217"
 818      5DA8 51CE 
 818      6140 2FD1 
 818      8F
 819 011d 2512 3AB8 		.string	"%\022:\270\342\220B\021\323\337/\037\3103\251p\031J\b>\201\036\004\023\340\315\362Hsc\036
 819      E290 4211 
 819      D3DF 2F1F 
 819      C833 A970 
 819      194A 083E 
 820 021e 2AC3 A4E0 		.string	"*\303\244\340bV\245\203\306h5\001\t\305L\252a\254\201\263:,\247\202H\260F\256\004\345\276
 820      6256 A583 
 820      C668 3501 
 820      09C5 4CAA 
 820      61AC 81B3 
 821 0255 6D23 9C86 		.ascii	"m#\234\206\037l\333{B\352\337\"\371\212O>\251\317\321\315\333"
 821      1F6C DB7B 
 821      42EA DF22 
 821      F98A 4F3E 
 821      A9CF D1CD 
 822 026a 64DF 3BB7 		.ascii	"d\337;\267\334\223\027\207#\301PP\240\020\262\3407\354~\224\204"
 822      DC93 1787 
 822      23C1 5050 
 822      A010 B2E0 
 822      37EC 7E94 
 823 027f 0537 210E 		.ascii	"\0057!\016\230\267\256\220\222\321 0!\325y#\223\220-\006\021"
 823      98B7 AE90 
 823      92D1 2030 
 823      21D5 7923 
 823      9390 2D06 
 824 0294 248C 311D 		.ascii	"$\2141\035\311\3647\341\233\220\316\n\236\303-\311\n\255\367"
 824      C9F4 37E1 
 824      9B90 CE0A 
 824      9EC3 2DC9 
 824      0AAD F7
 825 02a7 2058 6498 		.ascii	" Xd\230,F~S'\207's\212\272\241K\264#\206l\302\325s\377b\\\223"
 825      2C46 7E53 
 825      2787 2773 
 825      8ABA A14B 
 825      B423 866C 
 826 02c2 621B 8722 		.ascii	"b\033\207\"\\\177GqP\273'\270\214DXS\315).\221\241<0\340\237"
 826      5C7F 4771 
 826      50BB 27B8 
 826      8C44 5853 
 826      CD29 2E91 
 827 02db 2B4F B651 		.ascii	"+O\266Q_H(L \376\031@-\342\325\013\3432u\240\276`\212\322\315"
 827      5F48 284C 
 827      20FE 1940 
 827      2DE2 D50B 
 827      E332 75A0 
 828 02f4 2AAB A4B5 		.ascii	"*\253\244\265'?\321I\323\322I\313\221\244\305z\257\257d\205\240"
 828      273F D149 
 828      D3D2 49CB 
 828      91A4 C57A 
 828      AFAF 6485 
 829 0309 2E68 C193 		.ascii	".h\301\223\0307416\331\f\304\234\200(\317\205? \0040)\211\373"
 829      1837 3431 
 829      36D9 0CC4 
 829      9C80 28CF 
 829      853F 2004 
 830 0321 3383 3859 		.ascii	"3\2038YV\223\325^1\352\0327:\360\265Z*~(R\351\310S\031\310\265"
 830      5693 D55E 
 830      31EA 1A37 
 830      3AF0 B55A 
 830      2A7E 2852 
 831 033b 74E4 7A06 		.ascii	"t\344z\006z\333\035\361D\356\206>\251\314\007\275JC\027B\324"
 831      7ADB 1DF1 
 831      44EE 863E 
 831      A9CC 07BD 
 831      4A43 1742 
 832 0350 5827 C952 		.ascii	"X'\311R~\002n\303\006\362z\370ms>5\200n]Ka-\312\363\344\313\242"
 832      7E02 6EC3 
 832      06F2 7AF8 
 832      6D73 3E35 
 832      806E 5D4B 
 833 036b 6430 85C8 		.ascii	"d0\205\310\345\\I\274zA\2247E\032\263\214\351\222F\222R{\372"
 833      E55C 49BC 
 833      7A41 9437 
 833      451A B38C 
 833      E992 4692 
 834 0382 38ED 3384 		.ascii	"8\3553\204\003\231\262\271\203\335\033J\351\276\324\252\311P"
 834      0399 B2B9 
 834      83DD 1B4A 
 834      E9BE D4AA 
 834      C950 
 835 0394 3971 FD59 		.ascii	"9q\375Y\260c\377;\361i9\361\273r\342\212\321g8\3361\317\215>"
 835      B063 FF3B 
 835      F169 39F1 
 835      BB72 E28A 
 835      D167 38DE 
 836 03ac 231D D9FD 		.ascii	"#\035\331\375\202\312\252i\215\316\310F[\366-Oh\225\247E\223"
 836      82CA AA69 
 836      8DCE C846 
 836      5BF6 2D4F 
 836      6895 A745 
 837 03c1 BC85 BFA0 		.ascii	"\274\205\277\240r5\207\354wF\357\251\373H\233\376\200\346\240"
 837      7235 87EC 
 837      7746 EFA9 
 837      FB48 9BFE 
 837      80E6 A0
 838 03d4 EEDF DD49 		.ascii	"\356\337\335IN\373\bW\210\3439\250\377\256\021\364\003\263<3"
 838      4EFB 0857 
 838      88E3 39A8 
 838      FFAE 11F4 
 838      03B3 3C33 
 839 03e8 B179 A25B 		.ascii	"\261y\242[?\241R\r83\371\032\021kA\300\363\271\315\341\3659\313"
 839      3FA1 520D 
 839      3833 F91A 
 839      116B 41C0 
 839      F3B9 CDE1 
 840 03ff 1D5E 8FC7 		.ascii	"\035^\217\307[]n\337\351+\017\270<N_\231\203\251n\273?\260\316"
 840      5B5D 6EDF 
 840      E92B 0FB8 
 840      3C4E 5F99 
 840      83A9 6EBB 
 841 0416 B0CA B66F 		.ascii	"\260\312\266o\256pTl|\353\035\006\001\223\315\366\221\367}o\266"
 841      AE70 546C 
 841      7CEB 1D06 
 841      0193 CDF6 
 841      91F7 7D6F 
 842 042b CDE6 DAEA 		.ascii	"\315\346\332\352\364\0070\334\354p;\355\3255;\262\374>g\225\315"
 842      F407 30DC 
 842      EC70 3BED 
 842      D535 3BB2 
 842      FC3E 6795 
 843 0440 6FDF E9E4 		.ascii	"o\337\351\3446\233\377]G\245u\207\317[\345\263{\n?u\271\235~"
 843      369B FF5D 
 843      47A5 7587 
 843      CF5B E5B3 
 843      7B0A 3F75 
 844 0457 EB17 58CE 		.ascii	"\353\027X\316\343\337\345\267z\\\325U_n\252\260b=\253\253\332"
 844      E3DF E5B7 
 844      7A5C D555 
 844      5F6E AAB0 
 844      623D ABAB 
 845 046c E1AE D9EE 		.ascii	"\341\256\331\356\264\326\004\\n\253=\340\365\270\034e\2371\325"
 845      B4D6 045C 
 845      6EAB 3DE0 
 845      F5B8 1C65 
 845      9F31 D5
 846 047f E176 31B3 		.ascii	"\341v1\263\307\351\361\372v!\355\377\0010\311+X"
 846      C7E9 F1FA 
 846      7621 EDFF 
 846      0130 C92B 
 846      58
 847               		.text
 848               		.section	.gnu.lto_timer_elapsed32.98cab64a,"",@progbits
 849 0000 789C 8554 		.string	"x\234\205T]L\233U\030>\357w\276\257-\345g\333\215Wd\022$\204l\t\350$\313$&\356\302+\343\3
 849      5D4C 9B55 
 849      183E EF77 
 849      BEAF 2DE5 
 849      67DB 8D57 
 850 007f 3AA9 C202 		.string	":\251\302\002\254J\201*\245\252\201\037\347p\277\263\366!\257\347\255\030\251\2429\373\32
 850      AC4A 812A 
 850      A5AA 811F 
 850      E770 BFB3 
 850      F621 AFE7 
 851 009f 7968 2666 		.ascii	"yh&f\036\2063v\365\tQ-b\221ys\177\323\204@\237\302\336\307\360"
 851      1E86 3376 
 851      F509 512D 
 851      6291 7973 
 851      7FD3 8440 
 852 00b8 0B90 0BE7 		.ascii	"\013\220\013\347!\227\321\037\\\204]\030\036j\237ZR\370\223\300"
 852      2197 D11F 
 852      5C84 5D18 
 852      1E6A 9F5A 
 852      52F8 93C0 
 853 00cc F0DC 1BF9 		.ascii	"\360\334\033\371r \253\250W\246^\257\024Y\230\006\227\200\247"
 853      7220 ABA8 
 853      57A6 5EAF 
 853      1459 9806 
 853      9780 A7
 854 00df 65E2 5DC1 		.ascii	"e\342]\301\327\300\3402\0241\312ytvDX\370^\231\1771v\366XFa\217"
 854      D7C0 E032 
 854      1431 CA79 
 854      7476 4458 
 854      F85E 997F 
 855 00fa CC1F EDCC 		.ascii	"\314\037\355\314\275/D\213P\251H\354?E\030+\030\224\031\213_"
 855      BD2F 448B 
 855      50A9 48EC 
 855      3F45 182B 
 855      1894 198B 
 856 010f 244F 669B 		.ascii	"$Of\233T\030\204B\002H\260\206\300\004\350IN6\324e\363}2j}`\342"
 856      5418 8442 
 856      0248 B086 
 856      C004 E849 
 856      4E36 D465 
 857 012a 1C18 75A7 		.ascii	"\034\030u\247;\255a\021\013\345\265r\016\337\352e\237\315\205"
 857      3BAD 6111 
 857      0BE5 B572 
 857      0EDF EA65 
 857      9FCD 85
 858 013d A7F5 A233 		.ascii	"\247\365\24232\2743r7\241\362\027\344yl\275~#GU\260\356\b2K7"
 858      32BC 3372 
 858      37A1 F217 
 858      E479 6CBD 
 858      7E23 4755 
 859 0157 B5C3 7383 		.ascii	"\265\303s\203\231\374%\351=\261\261\376\267\206^\270\002\034"
 859      99FC 25E9 
 859      3DB1 B1FE 
 859      B786 5EB8 
 859      021C 
 860 0169 4641 9501 		.ascii	"FA\225\001C\221\256kf~@\006\334\276w\363\\\216\3219O\016\303"
 860      4391 AE6B 
 860      667E 4006 
 860      DCBE 77F3 
 860      5C8E D139 
 861 0180 219E D215 		.ascii	"!\236\322\025\256R\022+\030O\233\346;(\204a\234\210fa\005c\322"
 861      AE52 122B 
 861      184F 9BE6 
 861      3B28 8461 
 861      9C88 6661 
 862 0197 179F F9B0 		.ascii	"\027\237\371\260w\233\2764\005\315\311\231\337\377\262\350K\333"
 862      779B BE34 
 862      05CD C999 
 862      DFFF B2E8 
 862      4BDB 
 863 01a9 8EE6 DAC8 		.ascii	"\216\346\332\310\243F\205\333dd\342\314T\334ll\341J\373\236\226"
 863      A346 85DB 
 863      6464 E2CC 
 863      54DC 6C6C 
 863      E14A FB9E 
 864 01be E993 4298 		.ascii	"\351\223B\230Z\271\n\337Sc\200k\310\3428\262\b?@\021^\027\254"
 864      5AB9 0ADF 
 864      5363 806B 
 864      C8E2 38B2 
 864      083F 4011 
 865 01d5 70CA 0A7F 		.ascii	"p\312\n\177u\342\033n \035~E\034\025\312V\nKK!\242\266\260\206"
 865      75E2 1B6E 
 865      201D 7E45 
 865      1C15 CA56 
 865      0A4B 4B21 
 866 01ed 515F 2893 		.ascii	"Q_(\223\204Y\203\t\002<\006&l\221\022\2402\370\021\0272\211\203"
 866      8459 8309 
 866      023C 0626 
 866      6C91 12A0 
 866      32F8 1117 
 867 0204 30FA A20F 		.ascii	"0\372\242\017h[\247'\265\230Hn\274+b\311\235+\211\344\016+\240"
 867      685B A727 
 867      B598 486E 
 867      BC2B 62C9 
 867      9D2B 89E4 
 868 021b 3234 2E7D 		.ascii	"24.}\230\203_\rH#&\022\fc\265\234Uc'\025D\214\325q%$\31751\266"
 868      9883 5F0D 
 868      4823 2612 
 868      0C63 B59C 
 868      5563 2715 
 869 0239 0CA2 7BA9 		.ascii	"\f\242{\251Y\223D\321yu\333\3461\237\260\260\025\030\372\240"
 869      5993 44D1 
 869      7975 DBE6 
 869      319F B0B0 
 869      1518 FAA0 
 870 024d 11E8 18E1 		.ascii	"\021\350\030\341\244\212P\363\261S\222"
 870      A48A 50F3 
 870      B153 92
 871 0258 4593 A42A 		.string	"E\223\244*:\367\240&S7o\221\275z>\331\223\035\205OB\341\220@\205\230\341:\016>E\212\203\0
 871      3AF7 A026 
 871      5337 6F91 
 871      BD7A 3ED9 
 871      931D 854F 
 872 0359 C3BA D69A 		.ascii	"\303\272\326\232\265V\236)\237\034\025\203\005D.\367J\272\325"
 872      B556 9E29 
 872      9F1C 1583 
 872      0544 2EF7 
 872      4ABA D5
 873 036c 1BA2 B229 		.ascii	"\033\242\262)\323\330e\207\256f$i\376\275"
 873      D3D8 6587 
 873      AE66 2469 
 873      FEBD 
 874 037a 7E4E E734 		.string	"~N\3474\341@\272ln\343\364\206R\272/\037\325d\252\334\270\376\"\330\300\377n|Qn|In\\1\346
 874      E140 BA6C 
 874      6EE3 F486 
 874      52BA 2F1F 
 874      D564 AADC 
 875 047b 1A26 94   		.ascii	"\032&\224"
 876               		.text
 877               		.section	.gnu.lto___vector_21.98cab64a,"",@progbits
 878 0000 789C 8D8F 		.string	"x\234\215\217=K\003A\020\206\347\335I.\247\020l-\242\235M\n\363\027\374\025\266\242!\205\
 878      3D4B 0341 
 878      1086 E7DD 
 878      492E A710 
 878      6C2D A29D 
 879 0060 93A5 B40D 		.string	"\223\245\264\r\252(T\320\3445\306\347\367\366K6\337\221\216\216Z[\203\276\016\206C&Z\227H
 879      AA28 54D0 
 879      E435 C6E7 
 879      F7F6 4B36 
 879      DF91 8E8E 
 880 00dd FBBE 46C8 		.ascii	"\373\276F\310\214s\324\2013\344d\245\013)\013\262\266\323@\202"
 880      8C73 D481 
 880      33E4 64A5 
 880      0B29 0BB2 
 880      B6D3 4082 
 881 00f1 5409 F5FD 		.ascii	"T\t\365\375\352k\306@\031@$\223b}\\\216G\376\351\270\374st\245"
 881      EA6B C640 
 881      1940 2493 
 881      627D 5C8E 
 881      47FE E9B8 
 882 0109 2C60 7A43 		.ascii	",`zCu\327\212o0/\220\325\343\363\024Q\256\354\314M\025]\257T"
 882      75D7 8A6F 
 882      302F 90D5 
 882      E3F3 1451 
 882      AEEC CC4D 
 883 0121 28BA 8EE3 		.ascii	"(\272\216\343\316\027\246\027\274By\326)y\343E\372\001g<u\210"
 883      CE17 A617 
 883      BC42 79D6 
 883      2979 E345 
 883      FA01 673C 
 884               		.text
 885               		.section	.gnu.lto_.symbol_nodes.98cab64a,"",@progbits
 886 0000 789C 6367 		.string	"x\234cg`f\330\311"
 886      6066 D8C9 
 886      00
 887 0009 044C 6CF5 		.string	"\004Ll\365\fM\r\r\r,\214\023\31610\32430\354jpd`\004I\260\3273b\225`eehU\002)\340\250g\30
 887      0C4D 0D0D 
 887      0D2C 8C13 
 887      CE31 30D4 
 887      3330 EC6A 
 888 004d FF53 2AF1 		.ascii	"\377S*\361"
 889               		.text
 890               		.section	.gnu.lto_.refs.98cab64a,"",@progbits
 891 0000 789C 15C4 		.string	"x\234\025\304\301\021"
 891      C111 00
 892 0007 2008 03C1 		.string	" \b\003\301K@y1\366`\377E*\373\330\"\270\200$\267\002\037\345\264\246\375sa\313\311\003\0
 892      4B40 7931 
 892      F660 FF45 
 892      2AFB D822 
 892      B880 24B7 
 893 0029 AD        		.ascii	"\255"
 894               		.text
 895               		.section	.gnu.lto_.decls.98cab64a,"",@progbits
 896 0000 789C A556 		.ascii	"x\234\245VkL\024W\024\2363\263\354\262"
 896      6B4C 1457 
 896      149E 33B3 
 896      ECB2 
 897 000e 0B48 BB31 		.string	"\013H\2731\215\251\333\206D#\377D\301\030i\232\376\250?\372\243I\1774i\215\t\311f\273le\3
 897      8DA9 DB86 
 897      4423 FF44 
 897      C118 699A 
 897      FEA8 3FFA 
 898 010f 3D87 4ECC 		.string	"=\207N\314(2\005\330\252\001\217G\300\211\354d\327\255`6A\326\313{\333\216)\004\236\2767^
 898      2832 05D8 
 898      AA01 8F47 
 898      C089 EC64 
 898      D7AD 6036 
 899 0153 4F68 FA27 		.string	"Oh\372'\236\006\342p\271\006\336\302\341Dz\332h\200&S\024S\304+\242\250Y\301A#\350\300\t:
 899      9E06 E270 
 899      B906 DEC2 
 899      E144 7ADA 
 899      6880 2653 
 900 01c4 8A47 15B4 		.string	"\212G\025\264\340d3\231l\245\n*\313+\013\024.\030\006,\b\255(),H\017\240\306\306@\207\370
 900      E064 3399 
 900      6CA5 0A2A 
 900      CB2B 0B14 
 900      2E18 062C 
 901 02b3 2F69 81B6 		.string	"/i\201\266\307K\212^\320%#\355\222\221\216\362\034tS\322\254}\277\357\345\205,`\033\265\3
 901      C74B 8A5E 
 901      D025 23ED 
 901      9291 8EF2 
 901      1C74 53D2 
 902 02e1 8975 7665 		.ascii	"\211uve\232\350L\026\305\"\2368A\217\214\264GFZ\206\244}\224"
 902      9AE8 4C16 
 902      C522 9E38 
 902      418F 8CB4 
 902      4746 5A86 
 903 02f8 F44C C679 		.ascii	"\364L\306y\267R8\310H;_<y\300+p\243\320\034\021\037\347\212j"
 903      B752 38C8 
 903      483B 5F3C 
 903      79C0 2B70 
 903      A3D0 1C11 
 904 0310 0A87 948B 		.ascii	"\n\207\224\213\245\177\215\n\371\013$%%-]#\274\244\344\372{>"
 904      A57F 8D0A 
 904      F90B 2425 
 904      252D 5D23 
 904      BCA4 E4FA 
 905 0326 25E8 0557 		.ascii	"%\350\005WeJ\256\312\224\214\343.\352\247Jr\357\326U\251\205"
 905      654A AECA 
 905      948C E32E 
 905      EAA7 4A72 
 905      EFD6 55A9 
 906 033b 5F98 92FE 		.ascii	"_\230\222\376\372\333%LI\253O\311\271G"
 906      FADB 254C 
 906      49AB 4FC9 
 906      B947 
 907 0349 877F 0A5A 		.string	"\207\177\nZ\254$\203T\311u\257\222\212!\347q\357\347\237}\337\247\004\275`@\246d@\246\004
 907      AC24 8354 
 907      C975 AF92 
 907      8A21 E771 
 907      EFE7 9F7D 
 908 044a 0DA0 AAEE 		.string	"\r\240\252\356#\323=\"\325M\373\355\217\236\272,\025\313\345\3651\344\003\226\317\017\252
 908      23D3 3D22 
 908      D54D FBED 
 908      8F9E BA2C 
 908      15CB E5F5 
 909 0497 ECF4 5192 		.string	"\354\364Q\222\203\243:\243\201\036x\242\024\253\225\207>\006\r\336#t\360\2101\245\237q\26
 909      83A3 3AA3 
 909      811E 78A2 
 909      14AB 9587 
 909      3E06 0DDE 
 910 04d5 C1E0 5F8A 		.string	"\301\340_\212\373\024syF\341g\320\3439\342\027\210\3506\265\223\316\026\210\201\364\211\2
 910      FB14 7379 
 910      46E1 67D0 
 910      E339 E217 
 910      88E8 36B5 
 911 0585 39B7 5BD6 		.ascii	"9\267[\326\250Rxy\357>YZ\326\256\220\270/\236V\261Fu\224'^\220"
 911      A852 7879 
 911      EF3E 595A 
 911      D6AE 90B8 
 911      2F9E 56B1 
 912 059f CCFB 8853 		.ascii	"\314\373\210S\221\030\207>\3429\201\316q+\035\326o\364\306\004"
 912      9118 873E 
 912      E239 81CE 
 912      712B 1DD6 
 912      6FF4 C604 
 913 05b3 9B29 C298 		.ascii	"\233)\302\230`\265&\304G\030\222l\021\016\263\325d[k\f\374\344"
 913      60B5 26C4 
 913      4718 926C 
 913      110E B3D5 
 913      645B 6B0C 
 914 05c9 B32F C236 		.ascii	"\263/\3026GGsoK\023kc7m0n\210\\\037\315\005&\232\343\035\353"
 914      4747 736F 
 914      4B13 6B63 
 914      376D 306E 
 914      885C 1FCD 
 915 05e3 37EA 1DF4 		.ascii	"7\352\035\364%*R\357\320P\037\2759\336\354\320\375\007&\027\304"
 915      252A 52EF 
 915      D050 1FBD 
 915      39DE ECD0 
 915      FD07 2617 
 916 05f8 FC8C 1693 		.ascii	"\374\214\026\223\301&\305\330L\206\330\340\227\257Q\221!l`\262"
 916      C126 C5D8 
 916      4C86 D8E0 
 916      97AF 5191 
 916      216C 60B2 
 917 060c 18B6 DB4D 		.ascii	"\030\266\333M\261\241~\243\250\310 \275>\311dt$\330\364\221\353"
 917      B1A1 7EA3 
 917      A8C8 20BD 
 917      3EC9 6474 
 917      24D8 F491 
 918 0621 9576 F3B6 		.ascii	"\225v\363\266x\203E\221\210+Z\323\367\016\223\rG\226\035\372"
 918      7883 4591 
 918      882B 5AD3 
 918      F70E 930D 
 918      4796 1DFA 
 919 0635 24B3 DDFC 		.ascii	"$\263\335\374\225\305\244Fq&\233-q\273\303K\233\220\030\357P"
 919      95C5 A446 
 919      7126 9B2D 
 919      71BB C34B 
 919      9B90 18EF 
 920 064a 11CD 9BF4 		.ascii	"\021\315\233\364\016\2051\0165\350\365\346\317Mv\2043}h\374 "
 920      0E85 310E 
 920      35E8 F5E6 
 920      CF4D 7684 
 920      337D 68FC 
 921 065f 66BB 2D61 		.ascii	"f\273-a\233\315`\r\373\332l1\331c\276\305D\254\366\035\366\030"
 921      9BCD 600D 
 921      FBDA 6C31 
 921      D963 BEC5 
 921      44AC F61D 
 922 0675 AB39 7EDB 		.ascii	"\2539~\333w\0337\304`&1\346x\243%1\326\024\223\3500[b\f\216\004"
 922      771B 37C4 
 922      6026 31E6 
 922      78A3 2531 
 922      D614 93E8 
 923 068f ABD9 B836 		.ascii	"\253\331\2706\216\013F\234\315\026\204r|i\260\374\003\346:{\224"
 923      8E0B 469C 
 923      CD16 8472 
 923      7C69 B0FC 
 923      03E6 3A7B 
 924               		.text
 925               		.section	.gnu.lto_.symtab.98cab64a,"",@progbits
 926 0000 7469 6D65 		.string	"timer_init"
 926      725F 696E 
 926      6974 00
 927 000b 00        		.string	""
 928 000c 00        		.string	""
 929 000d 00        		.string	""
 930 000e 00        		.string	""
 931 000f 00        		.string	""
 932 0010 00        		.string	""
 933 0011 00        		.string	""
 934 0012 00        		.string	""
 935 0013 00        		.string	""
 936 0014 00        		.string	""
 937 0015 00        		.string	""
 938 0016 CC00      		.string	"\314"
 939 0018 00        		.string	""
 940 0019 00        		.string	""
 941 001a 7469 6D65 		.string	"timer_clear"
 941      725F 636C 
 941      6561 7200 
 942 0026 00        		.string	""
 943 0027 00        		.string	""
 944 0028 00        		.string	""
 945 0029 00        		.string	""
 946 002a 00        		.string	""
 947 002b 00        		.string	""
 948 002c 00        		.string	""
 949 002d 00        		.string	""
 950 002e 00        		.string	""
 951 002f 00        		.string	""
 952 0030 00        		.string	""
 953 0031 CE00      		.string	"\316"
 954 0033 00        		.string	""
 955 0034 00        		.string	""
 956 0035 7469 6D65 		.string	"timer_count"
 956      725F 636F 
 956      756E 7400 
 957 0041 00        		.string	""
 958 0042 04        		.ascii	"\004"
 959 0043 00        		.string	""
 960 0044 0400      		.string	"\004"
 961 0046 00        		.string	""
 962 0047 00        		.string	""
 963 0048 00        		.string	""
 964 0049 00        		.string	""
 965 004a 00        		.string	""
 966 004b 00        		.string	""
 967 004c E900      		.string	"\351"
 968 004e 00        		.string	""
 969 004f 00        		.string	""
 970 0050 7469 6D65 		.string	"timer_read"
 970      725F 7265 
 970      6164 00
 971 005b 00        		.string	""
 972 005c 00        		.string	""
 973 005d 00        		.string	""
 974 005e 00        		.string	""
 975 005f 00        		.string	""
 976 0060 00        		.string	""
 977 0061 00        		.string	""
 978 0062 00        		.string	""
 979 0063 00        		.string	""
 980 0064 00        		.string	""
 981 0065 00        		.string	""
 982 0066 D100      		.string	"\321"
 983 0068 00        		.string	""
 984 0069 00        		.string	""
 985 006a 7469 6D65 		.string	"timer_read32"
 985      725F 7265 
 985      6164 3332 
 985      00
 986 0077 00        		.string	""
 987 0078 00        		.string	""
 988 0079 00        		.string	""
 989 007a 00        		.string	""
 990 007b 00        		.string	""
 991 007c 00        		.string	""
 992 007d 00        		.string	""
 993 007e 00        		.string	""
 994 007f 00        		.string	""
 995 0080 00        		.string	""
 996 0081 00        		.string	""
 997 0082 D400      		.string	"\324"
 998 0084 00        		.string	""
 999 0085 00        		.string	""
 1000 0086 7469 6D65 		.string	"timer_elapsed"
 1000      725F 656C 
 1000      6170 7365 
 1000      6400 
 1001 0094 00        		.string	""
 1002 0095 00        		.string	""
 1003 0096 00        		.string	""
 1004 0097 00        		.string	""
 1005 0098 00        		.string	""
 1006 0099 00        		.string	""
 1007 009a 00        		.string	""
 1008 009b 00        		.string	""
 1009 009c 00        		.string	""
 1010 009d 00        		.string	""
 1011 009e 00        		.string	""
 1012 009f D800      		.string	"\330"
 1013 00a1 00        		.string	""
 1014 00a2 00        		.string	""
 1015 00a3 7469 6D65 		.string	"timer_elapsed32"
 1015      725F 656C 
 1015      6170 7365 
 1015      6433 3200 
 1016 00b3 00        		.string	""
 1017 00b4 00        		.string	""
 1018 00b5 00        		.string	""
 1019 00b6 00        		.string	""
 1020 00b7 00        		.string	""
 1021 00b8 00        		.string	""
 1022 00b9 00        		.string	""
 1023 00ba 00        		.string	""
 1024 00bb 00        		.string	""
 1025 00bc 00        		.string	""
 1026 00bd 00        		.string	""
 1027 00be DC00      		.string	"\334"
 1028 00c0 00        		.string	""
 1029 00c1 00        		.string	""
 1030 00c2 5F5F 7665 		.string	"__vector_21"
 1030      6374 6F72 
 1030      5F32 3100 
 1031 00ce 00        		.string	""
 1032 00cf 00        		.string	""
 1033 00d0 00        		.string	""
 1034 00d1 00        		.string	""
 1035 00d2 00        		.string	""
 1036 00d3 00        		.string	""
 1037 00d4 00        		.string	""
 1038 00d5 00        		.string	""
 1039 00d6 00        		.string	""
 1040 00d7 00        		.string	""
 1041 00d8 00        		.string	""
 1042 00d9 E600      		.string	"\346"
 1043 00db 00        		.string	""
 1044 00dc 00        		.string	""
 1045               		.text
 1046               		.section	.gnu.lto_.opts,"",@progbits
 1047 0000 272D 666E 		.string	"'-fno-openmp' '-fno-openacc' '-fno-pie' '-mn-flash=1' '-mno-skip-bug' '-mmcu=avr5' '-Os' 
 1047      6F2D 6F70 
 1047      656E 6D70 
 1047      2720 272D 
 1047      666E 6F2D 
 1048               		.text
 1049               		.comm	__gnu_lto_v1,1,1
 1050               		.comm	__gnu_lto_slim,1,1
 1051               		.ident	"GCC: (GNU) 8.4.0"
DEFINED SYMBOLS
                            *ABS*:0000000000000000 timer.c
C:\Users\gazed\AppData\Local\Temp\cc5zkabR.s:2      *ABS*:000000000000003e __SP_H__
C:\Users\gazed\AppData\Local\Temp\cc5zkabR.s:3      *ABS*:000000000000003d __SP_L__
C:\Users\gazed\AppData\Local\Temp\cc5zkabR.s:4      *ABS*:000000000000003f __SREG__
C:\Users\gazed\AppData\Local\Temp\cc5zkabR.s:5      *ABS*:0000000000000000 __tmp_reg__
C:\Users\gazed\AppData\Local\Temp\cc5zkabR.s:6      *ABS*:0000000000000001 __zero_reg__
C:\Users\gazed\AppData\Local\Temp\cc5zkabR.s:15     .gnu.debuglto_.debug_info:0000000000000000 timer.c.d84c4219
                            *COM*:0000000000000001 __gnu_lto_v1
                            *COM*:0000000000000001 __gnu_lto_slim

NO UNDEFINED SYMBOLS
