   1               		.file	"keycode_config.c"
   2               	__SP_H__ = 0x3e
   3               	__SP_L__ = 0x3d
   4               	__SREG__ = 0x3f
   5               	__tmp_reg__ = 0
   6               	__zero_reg__ = 1
   7               		.file 1 "c:\\program files\\qmk_msys\\mingw64\\avr\\include\\stdint.h"
   8               		.file 2 "tmk_core/common/keycode.h"
   9               		.file 3 "tmk_core/common/action_code.h"
  10               		.file 4 "quantum/keycode_config.h"
  11               		.file 5 "quantum/keycode_config.c"
  12               		.section	.gnu.debuglto_.debug_info,"",@progbits
  13               	.Ldebug_info0:
  14               		.hidden	keycode_config.c.9fbb5b42
  15               		.weak	keycode_config.c.9fbb5b42
  16               	keycode_config.c.9fbb5b42:
  17 0000 0206 0000 		.long	0x602
  18 0004 0200      		.word	0x2
  19 0006 0000 0000 		.long	.Ldebug_abbrev0
  20 000a 04        		.byte	0x4
  21 000b 01        		.uleb128 0x1
  22 000c 0000 0000 		.long	.LASF205
  23 0010 0C        		.byte	0xc
  24 0011 0000 0000 		.long	.LASF206
  25 0015 0000 0000 		.long	.LASF207
  26 0019 0000 0000 		.long	.Ldebug_line0
  27 001d 02        		.uleb128 0x2
  28 001e 01        		.byte	0x1
  29 001f 06        		.byte	0x6
  30 0020 0000 0000 		.long	.LASF0
  31 0024 03        		.uleb128 0x3
  32 0025 0000 0000 		.long	.LASF2
  33 0029 01        		.byte	0x1
  34 002a 7E        		.byte	0x7e
  35 002b 16        		.byte	0x16
  36 002c 3000 0000 		.long	0x30
  37 0030 02        		.uleb128 0x2
  38 0031 01        		.byte	0x1
  39 0032 08        		.byte	0x8
  40 0033 0000 0000 		.long	.LASF1
  41 0037 04        		.uleb128 0x4
  42 0038 02        		.byte	0x2
  43 0039 05        		.byte	0x5
  44 003a 696E 7400 		.string	"int"
  45 003e 03        		.uleb128 0x3
  46 003f 0000 0000 		.long	.LASF3
  47 0043 01        		.byte	0x1
  48 0044 80        		.byte	0x80
  49 0045 16        		.byte	0x16
  50 0046 4A00 0000 		.long	0x4a
  51 004a 02        		.uleb128 0x2
  52 004b 02        		.byte	0x2
  53 004c 07        		.byte	0x7
  54 004d 0000 0000 		.long	.LASF4
  55 0051 02        		.uleb128 0x2
  56 0052 04        		.byte	0x4
  57 0053 05        		.byte	0x5
  58 0054 0000 0000 		.long	.LASF5
  59 0058 02        		.uleb128 0x2
  60 0059 04        		.byte	0x4
  61 005a 07        		.byte	0x7
  62 005b 0000 0000 		.long	.LASF6
  63 005f 02        		.uleb128 0x2
  64 0060 08        		.byte	0x8
  65 0061 05        		.byte	0x5
  66 0062 0000 0000 		.long	.LASF7
  67 0066 02        		.uleb128 0x2
  68 0067 08        		.byte	0x8
  69 0068 07        		.byte	0x7
  70 0069 0000 0000 		.long	.LASF8
  71 006d 05        		.uleb128 0x5
  72 006e 0000 0000 		.long	.LASF182
  73 0072 07        		.byte	0x7
  74 0073 01        		.byte	0x1
  75 0074 3000 0000 		.long	0x30
  76 0078 02        		.byte	0x2
  77 0079 D9        		.byte	0xd9
  78 007a 06        		.byte	0x6
  79 007b 8E04 0000 		.long	0x48e
  80 007f 06        		.uleb128 0x6
  81 0080 0000 0000 		.long	.LASF9
  82 0084 00        		.byte	0
  83 0085 06        		.uleb128 0x6
  84 0086 0000 0000 		.long	.LASF10
  85 008a 01        		.byte	0x1
  86 008b 06        		.uleb128 0x6
  87 008c 0000 0000 		.long	.LASF11
  88 0090 02        		.byte	0x2
  89 0091 06        		.uleb128 0x6
  90 0092 0000 0000 		.long	.LASF12
  91 0096 03        		.byte	0x3
  92 0097 06        		.uleb128 0x6
  93 0098 0000 0000 		.long	.LASF13
  94 009c 04        		.byte	0x4
  95 009d 06        		.uleb128 0x6
  96 009e 0000 0000 		.long	.LASF14
  97 00a2 05        		.byte	0x5
  98 00a3 06        		.uleb128 0x6
  99 00a4 0000 0000 		.long	.LASF15
 100 00a8 06        		.byte	0x6
 101 00a9 06        		.uleb128 0x6
 102 00aa 0000 0000 		.long	.LASF16
 103 00ae 07        		.byte	0x7
 104 00af 06        		.uleb128 0x6
 105 00b0 0000 0000 		.long	.LASF17
 106 00b4 08        		.byte	0x8
 107 00b5 06        		.uleb128 0x6
 108 00b6 0000 0000 		.long	.LASF18
 109 00ba 09        		.byte	0x9
 110 00bb 06        		.uleb128 0x6
 111 00bc 0000 0000 		.long	.LASF19
 112 00c0 0A        		.byte	0xa
 113 00c1 06        		.uleb128 0x6
 114 00c2 0000 0000 		.long	.LASF20
 115 00c6 0B        		.byte	0xb
 116 00c7 06        		.uleb128 0x6
 117 00c8 0000 0000 		.long	.LASF21
 118 00cc 0C        		.byte	0xc
 119 00cd 06        		.uleb128 0x6
 120 00ce 0000 0000 		.long	.LASF22
 121 00d2 0D        		.byte	0xd
 122 00d3 06        		.uleb128 0x6
 123 00d4 0000 0000 		.long	.LASF23
 124 00d8 0E        		.byte	0xe
 125 00d9 06        		.uleb128 0x6
 126 00da 0000 0000 		.long	.LASF24
 127 00de 0F        		.byte	0xf
 128 00df 06        		.uleb128 0x6
 129 00e0 0000 0000 		.long	.LASF25
 130 00e4 10        		.byte	0x10
 131 00e5 06        		.uleb128 0x6
 132 00e6 0000 0000 		.long	.LASF26
 133 00ea 11        		.byte	0x11
 134 00eb 06        		.uleb128 0x6
 135 00ec 0000 0000 		.long	.LASF27
 136 00f0 12        		.byte	0x12
 137 00f1 06        		.uleb128 0x6
 138 00f2 0000 0000 		.long	.LASF28
 139 00f6 13        		.byte	0x13
 140 00f7 06        		.uleb128 0x6
 141 00f8 0000 0000 		.long	.LASF29
 142 00fc 14        		.byte	0x14
 143 00fd 06        		.uleb128 0x6
 144 00fe 0000 0000 		.long	.LASF30
 145 0102 15        		.byte	0x15
 146 0103 06        		.uleb128 0x6
 147 0104 0000 0000 		.long	.LASF31
 148 0108 16        		.byte	0x16
 149 0109 06        		.uleb128 0x6
 150 010a 0000 0000 		.long	.LASF32
 151 010e 17        		.byte	0x17
 152 010f 06        		.uleb128 0x6
 153 0110 0000 0000 		.long	.LASF33
 154 0114 18        		.byte	0x18
 155 0115 06        		.uleb128 0x6
 156 0116 0000 0000 		.long	.LASF34
 157 011a 19        		.byte	0x19
 158 011b 06        		.uleb128 0x6
 159 011c 0000 0000 		.long	.LASF35
 160 0120 1A        		.byte	0x1a
 161 0121 06        		.uleb128 0x6
 162 0122 0000 0000 		.long	.LASF36
 163 0126 1B        		.byte	0x1b
 164 0127 06        		.uleb128 0x6
 165 0128 0000 0000 		.long	.LASF37
 166 012c 1C        		.byte	0x1c
 167 012d 06        		.uleb128 0x6
 168 012e 0000 0000 		.long	.LASF38
 169 0132 1D        		.byte	0x1d
 170 0133 06        		.uleb128 0x6
 171 0134 0000 0000 		.long	.LASF39
 172 0138 1E        		.byte	0x1e
 173 0139 06        		.uleb128 0x6
 174 013a 0000 0000 		.long	.LASF40
 175 013e 1F        		.byte	0x1f
 176 013f 06        		.uleb128 0x6
 177 0140 0000 0000 		.long	.LASF41
 178 0144 20        		.byte	0x20
 179 0145 06        		.uleb128 0x6
 180 0146 0000 0000 		.long	.LASF42
 181 014a 21        		.byte	0x21
 182 014b 06        		.uleb128 0x6
 183 014c 0000 0000 		.long	.LASF43
 184 0150 22        		.byte	0x22
 185 0151 06        		.uleb128 0x6
 186 0152 0000 0000 		.long	.LASF44
 187 0156 23        		.byte	0x23
 188 0157 06        		.uleb128 0x6
 189 0158 0000 0000 		.long	.LASF45
 190 015c 24        		.byte	0x24
 191 015d 06        		.uleb128 0x6
 192 015e 0000 0000 		.long	.LASF46
 193 0162 25        		.byte	0x25
 194 0163 06        		.uleb128 0x6
 195 0164 0000 0000 		.long	.LASF47
 196 0168 26        		.byte	0x26
 197 0169 06        		.uleb128 0x6
 198 016a 0000 0000 		.long	.LASF48
 199 016e 27        		.byte	0x27
 200 016f 06        		.uleb128 0x6
 201 0170 0000 0000 		.long	.LASF49
 202 0174 28        		.byte	0x28
 203 0175 06        		.uleb128 0x6
 204 0176 0000 0000 		.long	.LASF50
 205 017a 29        		.byte	0x29
 206 017b 06        		.uleb128 0x6
 207 017c 0000 0000 		.long	.LASF51
 208 0180 2A        		.byte	0x2a
 209 0181 06        		.uleb128 0x6
 210 0182 0000 0000 		.long	.LASF52
 211 0186 2B        		.byte	0x2b
 212 0187 06        		.uleb128 0x6
 213 0188 0000 0000 		.long	.LASF53
 214 018c 2C        		.byte	0x2c
 215 018d 06        		.uleb128 0x6
 216 018e 0000 0000 		.long	.LASF54
 217 0192 2D        		.byte	0x2d
 218 0193 06        		.uleb128 0x6
 219 0194 0000 0000 		.long	.LASF55
 220 0198 2E        		.byte	0x2e
 221 0199 06        		.uleb128 0x6
 222 019a 0000 0000 		.long	.LASF56
 223 019e 2F        		.byte	0x2f
 224 019f 06        		.uleb128 0x6
 225 01a0 0000 0000 		.long	.LASF57
 226 01a4 30        		.byte	0x30
 227 01a5 06        		.uleb128 0x6
 228 01a6 0000 0000 		.long	.LASF58
 229 01aa 31        		.byte	0x31
 230 01ab 06        		.uleb128 0x6
 231 01ac 0000 0000 		.long	.LASF59
 232 01b0 32        		.byte	0x32
 233 01b1 06        		.uleb128 0x6
 234 01b2 0000 0000 		.long	.LASF60
 235 01b6 33        		.byte	0x33
 236 01b7 06        		.uleb128 0x6
 237 01b8 0000 0000 		.long	.LASF61
 238 01bc 34        		.byte	0x34
 239 01bd 06        		.uleb128 0x6
 240 01be 0000 0000 		.long	.LASF62
 241 01c2 35        		.byte	0x35
 242 01c3 06        		.uleb128 0x6
 243 01c4 0000 0000 		.long	.LASF63
 244 01c8 36        		.byte	0x36
 245 01c9 06        		.uleb128 0x6
 246 01ca 0000 0000 		.long	.LASF64
 247 01ce 37        		.byte	0x37
 248 01cf 06        		.uleb128 0x6
 249 01d0 0000 0000 		.long	.LASF65
 250 01d4 38        		.byte	0x38
 251 01d5 06        		.uleb128 0x6
 252 01d6 0000 0000 		.long	.LASF66
 253 01da 39        		.byte	0x39
 254 01db 06        		.uleb128 0x6
 255 01dc 0000 0000 		.long	.LASF67
 256 01e0 3A        		.byte	0x3a
 257 01e1 06        		.uleb128 0x6
 258 01e2 0000 0000 		.long	.LASF68
 259 01e6 3B        		.byte	0x3b
 260 01e7 06        		.uleb128 0x6
 261 01e8 0000 0000 		.long	.LASF69
 262 01ec 3C        		.byte	0x3c
 263 01ed 06        		.uleb128 0x6
 264 01ee 0000 0000 		.long	.LASF70
 265 01f2 3D        		.byte	0x3d
 266 01f3 06        		.uleb128 0x6
 267 01f4 0000 0000 		.long	.LASF71
 268 01f8 3E        		.byte	0x3e
 269 01f9 06        		.uleb128 0x6
 270 01fa 0000 0000 		.long	.LASF72
 271 01fe 3F        		.byte	0x3f
 272 01ff 06        		.uleb128 0x6
 273 0200 0000 0000 		.long	.LASF73
 274 0204 40        		.byte	0x40
 275 0205 06        		.uleb128 0x6
 276 0206 0000 0000 		.long	.LASF74
 277 020a 41        		.byte	0x41
 278 020b 06        		.uleb128 0x6
 279 020c 0000 0000 		.long	.LASF75
 280 0210 42        		.byte	0x42
 281 0211 06        		.uleb128 0x6
 282 0212 0000 0000 		.long	.LASF76
 283 0216 43        		.byte	0x43
 284 0217 06        		.uleb128 0x6
 285 0218 0000 0000 		.long	.LASF77
 286 021c 44        		.byte	0x44
 287 021d 06        		.uleb128 0x6
 288 021e 0000 0000 		.long	.LASF78
 289 0222 45        		.byte	0x45
 290 0223 06        		.uleb128 0x6
 291 0224 0000 0000 		.long	.LASF79
 292 0228 46        		.byte	0x46
 293 0229 06        		.uleb128 0x6
 294 022a 0000 0000 		.long	.LASF80
 295 022e 47        		.byte	0x47
 296 022f 06        		.uleb128 0x6
 297 0230 0000 0000 		.long	.LASF81
 298 0234 48        		.byte	0x48
 299 0235 06        		.uleb128 0x6
 300 0236 0000 0000 		.long	.LASF82
 301 023a 49        		.byte	0x49
 302 023b 06        		.uleb128 0x6
 303 023c 0000 0000 		.long	.LASF83
 304 0240 4A        		.byte	0x4a
 305 0241 06        		.uleb128 0x6
 306 0242 0000 0000 		.long	.LASF84
 307 0246 4B        		.byte	0x4b
 308 0247 06        		.uleb128 0x6
 309 0248 0000 0000 		.long	.LASF85
 310 024c 4C        		.byte	0x4c
 311 024d 06        		.uleb128 0x6
 312 024e 0000 0000 		.long	.LASF86
 313 0252 4D        		.byte	0x4d
 314 0253 06        		.uleb128 0x6
 315 0254 0000 0000 		.long	.LASF87
 316 0258 4E        		.byte	0x4e
 317 0259 06        		.uleb128 0x6
 318 025a 0000 0000 		.long	.LASF88
 319 025e 4F        		.byte	0x4f
 320 025f 06        		.uleb128 0x6
 321 0260 0000 0000 		.long	.LASF89
 322 0264 50        		.byte	0x50
 323 0265 06        		.uleb128 0x6
 324 0266 0000 0000 		.long	.LASF90
 325 026a 51        		.byte	0x51
 326 026b 06        		.uleb128 0x6
 327 026c 0000 0000 		.long	.LASF91
 328 0270 52        		.byte	0x52
 329 0271 06        		.uleb128 0x6
 330 0272 0000 0000 		.long	.LASF92
 331 0276 53        		.byte	0x53
 332 0277 06        		.uleb128 0x6
 333 0278 0000 0000 		.long	.LASF93
 334 027c 54        		.byte	0x54
 335 027d 06        		.uleb128 0x6
 336 027e 0000 0000 		.long	.LASF94
 337 0282 55        		.byte	0x55
 338 0283 06        		.uleb128 0x6
 339 0284 0000 0000 		.long	.LASF95
 340 0288 56        		.byte	0x56
 341 0289 06        		.uleb128 0x6
 342 028a 0000 0000 		.long	.LASF96
 343 028e 57        		.byte	0x57
 344 028f 06        		.uleb128 0x6
 345 0290 0000 0000 		.long	.LASF97
 346 0294 58        		.byte	0x58
 347 0295 06        		.uleb128 0x6
 348 0296 0000 0000 		.long	.LASF98
 349 029a 59        		.byte	0x59
 350 029b 06        		.uleb128 0x6
 351 029c 0000 0000 		.long	.LASF99
 352 02a0 5A        		.byte	0x5a
 353 02a1 06        		.uleb128 0x6
 354 02a2 0000 0000 		.long	.LASF100
 355 02a6 5B        		.byte	0x5b
 356 02a7 06        		.uleb128 0x6
 357 02a8 0000 0000 		.long	.LASF101
 358 02ac 5C        		.byte	0x5c
 359 02ad 06        		.uleb128 0x6
 360 02ae 0000 0000 		.long	.LASF102
 361 02b2 5D        		.byte	0x5d
 362 02b3 06        		.uleb128 0x6
 363 02b4 0000 0000 		.long	.LASF103
 364 02b8 5E        		.byte	0x5e
 365 02b9 06        		.uleb128 0x6
 366 02ba 0000 0000 		.long	.LASF104
 367 02be 5F        		.byte	0x5f
 368 02bf 06        		.uleb128 0x6
 369 02c0 0000 0000 		.long	.LASF105
 370 02c4 60        		.byte	0x60
 371 02c5 06        		.uleb128 0x6
 372 02c6 0000 0000 		.long	.LASF106
 373 02ca 61        		.byte	0x61
 374 02cb 06        		.uleb128 0x6
 375 02cc 0000 0000 		.long	.LASF107
 376 02d0 62        		.byte	0x62
 377 02d1 06        		.uleb128 0x6
 378 02d2 0000 0000 		.long	.LASF108
 379 02d6 63        		.byte	0x63
 380 02d7 06        		.uleb128 0x6
 381 02d8 0000 0000 		.long	.LASF109
 382 02dc 64        		.byte	0x64
 383 02dd 06        		.uleb128 0x6
 384 02de 0000 0000 		.long	.LASF110
 385 02e2 65        		.byte	0x65
 386 02e3 06        		.uleb128 0x6
 387 02e4 0000 0000 		.long	.LASF111
 388 02e8 66        		.byte	0x66
 389 02e9 06        		.uleb128 0x6
 390 02ea 0000 0000 		.long	.LASF112
 391 02ee 67        		.byte	0x67
 392 02ef 06        		.uleb128 0x6
 393 02f0 0000 0000 		.long	.LASF113
 394 02f4 68        		.byte	0x68
 395 02f5 06        		.uleb128 0x6
 396 02f6 0000 0000 		.long	.LASF114
 397 02fa 69        		.byte	0x69
 398 02fb 06        		.uleb128 0x6
 399 02fc 0000 0000 		.long	.LASF115
 400 0300 6A        		.byte	0x6a
 401 0301 06        		.uleb128 0x6
 402 0302 0000 0000 		.long	.LASF116
 403 0306 6B        		.byte	0x6b
 404 0307 06        		.uleb128 0x6
 405 0308 0000 0000 		.long	.LASF117
 406 030c 6C        		.byte	0x6c
 407 030d 06        		.uleb128 0x6
 408 030e 0000 0000 		.long	.LASF118
 409 0312 6D        		.byte	0x6d
 410 0313 06        		.uleb128 0x6
 411 0314 0000 0000 		.long	.LASF119
 412 0318 6E        		.byte	0x6e
 413 0319 06        		.uleb128 0x6
 414 031a 0000 0000 		.long	.LASF120
 415 031e 6F        		.byte	0x6f
 416 031f 06        		.uleb128 0x6
 417 0320 0000 0000 		.long	.LASF121
 418 0324 70        		.byte	0x70
 419 0325 06        		.uleb128 0x6
 420 0326 0000 0000 		.long	.LASF122
 421 032a 71        		.byte	0x71
 422 032b 06        		.uleb128 0x6
 423 032c 0000 0000 		.long	.LASF123
 424 0330 72        		.byte	0x72
 425 0331 06        		.uleb128 0x6
 426 0332 0000 0000 		.long	.LASF124
 427 0336 73        		.byte	0x73
 428 0337 06        		.uleb128 0x6
 429 0338 0000 0000 		.long	.LASF125
 430 033c 74        		.byte	0x74
 431 033d 06        		.uleb128 0x6
 432 033e 0000 0000 		.long	.LASF126
 433 0342 75        		.byte	0x75
 434 0343 06        		.uleb128 0x6
 435 0344 0000 0000 		.long	.LASF127
 436 0348 76        		.byte	0x76
 437 0349 06        		.uleb128 0x6
 438 034a 0000 0000 		.long	.LASF128
 439 034e 77        		.byte	0x77
 440 034f 06        		.uleb128 0x6
 441 0350 0000 0000 		.long	.LASF129
 442 0354 78        		.byte	0x78
 443 0355 06        		.uleb128 0x6
 444 0356 0000 0000 		.long	.LASF130
 445 035a 79        		.byte	0x79
 446 035b 06        		.uleb128 0x6
 447 035c 0000 0000 		.long	.LASF131
 448 0360 7A        		.byte	0x7a
 449 0361 06        		.uleb128 0x6
 450 0362 0000 0000 		.long	.LASF132
 451 0366 7B        		.byte	0x7b
 452 0367 06        		.uleb128 0x6
 453 0368 0000 0000 		.long	.LASF133
 454 036c 7C        		.byte	0x7c
 455 036d 06        		.uleb128 0x6
 456 036e 0000 0000 		.long	.LASF134
 457 0372 7D        		.byte	0x7d
 458 0373 06        		.uleb128 0x6
 459 0374 0000 0000 		.long	.LASF135
 460 0378 7E        		.byte	0x7e
 461 0379 06        		.uleb128 0x6
 462 037a 0000 0000 		.long	.LASF136
 463 037e 7F        		.byte	0x7f
 464 037f 06        		.uleb128 0x6
 465 0380 0000 0000 		.long	.LASF137
 466 0384 80        		.byte	0x80
 467 0385 06        		.uleb128 0x6
 468 0386 0000 0000 		.long	.LASF138
 469 038a 81        		.byte	0x81
 470 038b 06        		.uleb128 0x6
 471 038c 0000 0000 		.long	.LASF139
 472 0390 82        		.byte	0x82
 473 0391 06        		.uleb128 0x6
 474 0392 0000 0000 		.long	.LASF140
 475 0396 83        		.byte	0x83
 476 0397 06        		.uleb128 0x6
 477 0398 0000 0000 		.long	.LASF141
 478 039c 84        		.byte	0x84
 479 039d 06        		.uleb128 0x6
 480 039e 0000 0000 		.long	.LASF142
 481 03a2 85        		.byte	0x85
 482 03a3 06        		.uleb128 0x6
 483 03a4 0000 0000 		.long	.LASF143
 484 03a8 86        		.byte	0x86
 485 03a9 06        		.uleb128 0x6
 486 03aa 0000 0000 		.long	.LASF144
 487 03ae 87        		.byte	0x87
 488 03af 06        		.uleb128 0x6
 489 03b0 0000 0000 		.long	.LASF145
 490 03b4 88        		.byte	0x88
 491 03b5 06        		.uleb128 0x6
 492 03b6 0000 0000 		.long	.LASF146
 493 03ba 89        		.byte	0x89
 494 03bb 06        		.uleb128 0x6
 495 03bc 0000 0000 		.long	.LASF147
 496 03c0 8A        		.byte	0x8a
 497 03c1 06        		.uleb128 0x6
 498 03c2 0000 0000 		.long	.LASF148
 499 03c6 8B        		.byte	0x8b
 500 03c7 06        		.uleb128 0x6
 501 03c8 0000 0000 		.long	.LASF149
 502 03cc 8C        		.byte	0x8c
 503 03cd 06        		.uleb128 0x6
 504 03ce 0000 0000 		.long	.LASF150
 505 03d2 8D        		.byte	0x8d
 506 03d3 06        		.uleb128 0x6
 507 03d4 0000 0000 		.long	.LASF151
 508 03d8 8E        		.byte	0x8e
 509 03d9 06        		.uleb128 0x6
 510 03da 0000 0000 		.long	.LASF152
 511 03de 8F        		.byte	0x8f
 512 03df 06        		.uleb128 0x6
 513 03e0 0000 0000 		.long	.LASF153
 514 03e4 90        		.byte	0x90
 515 03e5 06        		.uleb128 0x6
 516 03e6 0000 0000 		.long	.LASF154
 517 03ea 91        		.byte	0x91
 518 03eb 06        		.uleb128 0x6
 519 03ec 0000 0000 		.long	.LASF155
 520 03f0 92        		.byte	0x92
 521 03f1 06        		.uleb128 0x6
 522 03f2 0000 0000 		.long	.LASF156
 523 03f6 93        		.byte	0x93
 524 03f7 06        		.uleb128 0x6
 525 03f8 0000 0000 		.long	.LASF157
 526 03fc 94        		.byte	0x94
 527 03fd 06        		.uleb128 0x6
 528 03fe 0000 0000 		.long	.LASF158
 529 0402 95        		.byte	0x95
 530 0403 06        		.uleb128 0x6
 531 0404 0000 0000 		.long	.LASF159
 532 0408 96        		.byte	0x96
 533 0409 06        		.uleb128 0x6
 534 040a 0000 0000 		.long	.LASF160
 535 040e 97        		.byte	0x97
 536 040f 06        		.uleb128 0x6
 537 0410 0000 0000 		.long	.LASF161
 538 0414 98        		.byte	0x98
 539 0415 06        		.uleb128 0x6
 540 0416 0000 0000 		.long	.LASF162
 541 041a 99        		.byte	0x99
 542 041b 06        		.uleb128 0x6
 543 041c 0000 0000 		.long	.LASF163
 544 0420 9A        		.byte	0x9a
 545 0421 06        		.uleb128 0x6
 546 0422 0000 0000 		.long	.LASF164
 547 0426 9B        		.byte	0x9b
 548 0427 06        		.uleb128 0x6
 549 0428 0000 0000 		.long	.LASF165
 550 042c 9C        		.byte	0x9c
 551 042d 06        		.uleb128 0x6
 552 042e 0000 0000 		.long	.LASF166
 553 0432 9D        		.byte	0x9d
 554 0433 06        		.uleb128 0x6
 555 0434 0000 0000 		.long	.LASF167
 556 0438 9E        		.byte	0x9e
 557 0439 06        		.uleb128 0x6
 558 043a 0000 0000 		.long	.LASF168
 559 043e 9F        		.byte	0x9f
 560 043f 06        		.uleb128 0x6
 561 0440 0000 0000 		.long	.LASF169
 562 0444 A0        		.byte	0xa0
 563 0445 06        		.uleb128 0x6
 564 0446 0000 0000 		.long	.LASF170
 565 044a A1        		.byte	0xa1
 566 044b 06        		.uleb128 0x6
 567 044c 0000 0000 		.long	.LASF171
 568 0450 A2        		.byte	0xa2
 569 0451 06        		.uleb128 0x6
 570 0452 0000 0000 		.long	.LASF172
 571 0456 A3        		.byte	0xa3
 572 0457 06        		.uleb128 0x6
 573 0458 0000 0000 		.long	.LASF173
 574 045c A4        		.byte	0xa4
 575 045d 06        		.uleb128 0x6
 576 045e 0000 0000 		.long	.LASF174
 577 0462 E0        		.byte	0xe0
 578 0463 06        		.uleb128 0x6
 579 0464 0000 0000 		.long	.LASF175
 580 0468 E1        		.byte	0xe1
 581 0469 06        		.uleb128 0x6
 582 046a 0000 0000 		.long	.LASF176
 583 046e E2        		.byte	0xe2
 584 046f 06        		.uleb128 0x6
 585 0470 0000 0000 		.long	.LASF177
 586 0474 E3        		.byte	0xe3
 587 0475 06        		.uleb128 0x6
 588 0476 0000 0000 		.long	.LASF178
 589 047a E4        		.byte	0xe4
 590 047b 06        		.uleb128 0x6
 591 047c 0000 0000 		.long	.LASF179
 592 0480 E5        		.byte	0xe5
 593 0481 06        		.uleb128 0x6
 594 0482 0000 0000 		.long	.LASF180
 595 0486 E6        		.byte	0xe6
 596 0487 06        		.uleb128 0x6
 597 0488 0000 0000 		.long	.LASF181
 598 048c E7        		.byte	0xe7
 599 048d 00        		.byte	0
 600 048e 05        		.uleb128 0x5
 601 048f 0000 0000 		.long	.LASF183
 602 0493 07        		.byte	0x7
 603 0494 01        		.byte	0x1
 604 0495 3000 0000 		.long	0x30
 605 0499 03        		.byte	0x3
 606 049a C1        		.byte	0xc1
 607 049b 06        		.byte	0x6
 608 049c D104 0000 		.long	0x4d1
 609 04a0 06        		.uleb128 0x6
 610 04a1 0000 0000 		.long	.LASF184
 611 04a5 01        		.byte	0x1
 612 04a6 06        		.uleb128 0x6
 613 04a7 0000 0000 		.long	.LASF185
 614 04ab 02        		.byte	0x2
 615 04ac 06        		.uleb128 0x6
 616 04ad 0000 0000 		.long	.LASF186
 617 04b1 04        		.byte	0x4
 618 04b2 06        		.uleb128 0x6
 619 04b3 0000 0000 		.long	.LASF187
 620 04b7 08        		.byte	0x8
 621 04b8 06        		.uleb128 0x6
 622 04b9 0000 0000 		.long	.LASF188
 623 04bd 11        		.byte	0x11
 624 04be 06        		.uleb128 0x6
 625 04bf 0000 0000 		.long	.LASF189
 626 04c3 12        		.byte	0x12
 627 04c4 06        		.uleb128 0x6
 628 04c5 0000 0000 		.long	.LASF190
 629 04c9 14        		.byte	0x14
 630 04ca 06        		.uleb128 0x6
 631 04cb 0000 0000 		.long	.LASF191
 632 04cf 18        		.byte	0x18
 633 04d0 00        		.byte	0
 634 04d1 07        		.uleb128 0x7
 635 04d2 02        		.byte	0x2
 636 04d3 04        		.byte	0x4
 637 04d4 1D        		.byte	0x1d
 638 04d5 05        		.byte	0x5
 639 04d6 8F05 0000 		.long	0x58f
 640 04da 08        		.uleb128 0x8
 641 04db 0000 0000 		.long	.LASF192
 642 04df 04        		.byte	0x4
 643 04e0 1E        		.byte	0x1e
 644 04e1 0E        		.byte	0xe
 645 04e2 8F05 0000 		.long	0x58f
 646 04e6 01        		.byte	0x1
 647 04e7 01        		.byte	0x1
 648 04e8 07        		.byte	0x7
 649 04e9 02        		.byte	0x2
 650 04ea 23        		.byte	0x23
 651 04eb 00        		.uleb128 0
 652 04ec 08        		.uleb128 0x8
 653 04ed 0000 0000 		.long	.LASF193
 654 04f1 04        		.byte	0x4
 655 04f2 1F        		.byte	0x1f
 656 04f3 0E        		.byte	0xe
 657 04f4 8F05 0000 		.long	0x58f
 658 04f8 01        		.byte	0x1
 659 04f9 01        		.byte	0x1
 660 04fa 06        		.byte	0x6
 661 04fb 02        		.byte	0x2
 662 04fc 23        		.byte	0x23
 663 04fd 00        		.uleb128 0
 664 04fe 08        		.uleb128 0x8
 665 04ff 0000 0000 		.long	.LASF194
 666 0503 04        		.byte	0x4
 667 0504 20        		.byte	0x20
 668 0505 0E        		.byte	0xe
 669 0506 8F05 0000 		.long	0x58f
 670 050a 01        		.byte	0x1
 671 050b 01        		.byte	0x1
 672 050c 05        		.byte	0x5
 673 050d 02        		.byte	0x2
 674 050e 23        		.byte	0x23
 675 050f 00        		.uleb128 0
 676 0510 08        		.uleb128 0x8
 677 0511 0000 0000 		.long	.LASF195
 678 0515 04        		.byte	0x4
 679 0516 21        		.byte	0x21
 680 0517 0E        		.byte	0xe
 681 0518 8F05 0000 		.long	0x58f
 682 051c 01        		.byte	0x1
 683 051d 01        		.byte	0x1
 684 051e 04        		.byte	0x4
 685 051f 02        		.byte	0x2
 686 0520 23        		.byte	0x23
 687 0521 00        		.uleb128 0
 688 0522 08        		.uleb128 0x8
 689 0523 0000 0000 		.long	.LASF196
 690 0527 04        		.byte	0x4
 691 0528 22        		.byte	0x22
 692 0529 0E        		.byte	0xe
 693 052a 8F05 0000 		.long	0x58f
 694 052e 01        		.byte	0x1
 695 052f 01        		.byte	0x1
 696 0530 03        		.byte	0x3
 697 0531 02        		.byte	0x2
 698 0532 23        		.byte	0x23
 699 0533 00        		.uleb128 0
 700 0534 08        		.uleb128 0x8
 701 0535 0000 0000 		.long	.LASF197
 702 0539 04        		.byte	0x4
 703 053a 23        		.byte	0x23
 704 053b 0E        		.byte	0xe
 705 053c 8F05 0000 		.long	0x58f
 706 0540 01        		.byte	0x1
 707 0541 01        		.byte	0x1
 708 0542 02        		.byte	0x2
 709 0543 02        		.byte	0x2
 710 0544 23        		.byte	0x23
 711 0545 00        		.uleb128 0
 712 0546 08        		.uleb128 0x8
 713 0547 0000 0000 		.long	.LASF198
 714 054b 04        		.byte	0x4
 715 054c 24        		.byte	0x24
 716 054d 0E        		.byte	0xe
 717 054e 8F05 0000 		.long	0x58f
 718 0552 01        		.byte	0x1
 719 0553 01        		.byte	0x1
 720 0554 01        		.byte	0x1
 721 0555 02        		.byte	0x2
 722 0556 23        		.byte	0x23
 723 0557 00        		.uleb128 0
 724 0558 08        		.uleb128 0x8
 725 0559 0000 0000 		.long	.LASF199
 726 055d 04        		.byte	0x4
 727 055e 25        		.byte	0x25
 728 055f 0E        		.byte	0xe
 729 0560 8F05 0000 		.long	0x58f
 730 0564 01        		.byte	0x1
 731 0565 01        		.byte	0x1
 732 0566 00        		.byte	0
 733 0567 02        		.byte	0x2
 734 0568 23        		.byte	0x23
 735 0569 00        		.uleb128 0
 736 056a 08        		.uleb128 0x8
 737 056b 0000 0000 		.long	.LASF200
 738 056f 04        		.byte	0x4
 739 0570 26        		.byte	0x26
 740 0571 0E        		.byte	0xe
 741 0572 8F05 0000 		.long	0x58f
 742 0576 01        		.byte	0x1
 743 0577 01        		.byte	0x1
 744 0578 07        		.byte	0x7
 745 0579 02        		.byte	0x2
 746 057a 23        		.byte	0x23
 747 057b 01        		.uleb128 0x1
 748 057c 08        		.uleb128 0x8
 749 057d 0000 0000 		.long	.LASF201
 750 0581 04        		.byte	0x4
 751 0582 27        		.byte	0x27
 752 0583 0E        		.byte	0xe
 753 0584 8F05 0000 		.long	0x58f
 754 0588 01        		.byte	0x1
 755 0589 01        		.byte	0x1
 756 058a 06        		.byte	0x6
 757 058b 02        		.byte	0x2
 758 058c 23        		.byte	0x23
 759 058d 01        		.uleb128 0x1
 760 058e 00        		.byte	0
 761 058f 02        		.uleb128 0x2
 762 0590 01        		.byte	0x1
 763 0591 02        		.byte	0x2
 764 0592 0000 0000 		.long	.LASF202
 765 0596 09        		.uleb128 0x9
 766 0597 02        		.byte	0x2
 767 0598 04        		.byte	0x4
 768 0599 1B        		.byte	0x1b
 769 059a 09        		.byte	0x9
 770 059b B105 0000 		.long	0x5b1
 771 059f 0A        		.uleb128 0xa
 772 05a0 7261 7700 		.string	"raw"
 773 05a4 04        		.byte	0x4
 774 05a5 1C        		.byte	0x1c
 775 05a6 0E        		.byte	0xe
 776 05a7 3E00 0000 		.long	0x3e
 777 05ab 0B        		.uleb128 0xb
 778 05ac D104 0000 		.long	0x4d1
 779 05b0 00        		.byte	0
 780 05b1 03        		.uleb128 0x3
 781 05b2 0000 0000 		.long	.LASF203
 782 05b6 04        		.byte	0x4
 783 05b7 29        		.byte	0x29
 784 05b8 03        		.byte	0x3
 785 05b9 9605 0000 		.long	0x596
 786 05bd 0C        		.uleb128 0xc
 787 05be 0000 0000 		.long	.LASF208
 788 05c2 04        		.byte	0x4
 789 05c3 2B        		.byte	0x2b
 790 05c4 18        		.byte	0x18
 791 05c5 B105 0000 		.long	0x5b1
 792 05c9 01        		.byte	0x1
 793 05ca 01        		.byte	0x1
 794 05cb 0D        		.uleb128 0xd
 795 05cc 01        		.byte	0x1
 796 05cd 0000 0000 		.long	.LASF209
 797 05d1 05        		.byte	0x5
 798 05d2 7A        		.byte	0x7a
 799 05d3 09        		.byte	0x9
 800 05d4 01        		.byte	0x1
 801 05d5 2400 0000 		.long	0x24
 802 05d9 EA05 0000 		.long	0x5ea
 803 05dd 0E        		.uleb128 0xe
 804 05de 6D6F 6400 		.string	"mod"
 805 05e2 05        		.byte	0x5
 806 05e3 7A        		.byte	0x7a
 807 05e4 1C        		.byte	0x1c
 808 05e5 2400 0000 		.long	0x24
 809 05e9 00        		.byte	0
 810 05ea 0F        		.uleb128 0xf
 811 05eb 01        		.byte	0x1
 812 05ec 0000 0000 		.long	.LASF210
 813 05f0 05        		.byte	0x5
 814 05f1 1A        		.byte	0x1a
 815 05f2 0A        		.byte	0xa
 816 05f3 01        		.byte	0x1
 817 05f4 3E00 0000 		.long	0x3e
 818 05f8 10        		.uleb128 0x10
 819 05f9 0000 0000 		.long	.LASF204
 820 05fd 05        		.byte	0x5
 821 05fe 1A        		.byte	0x1a
 822 05ff 22        		.byte	0x22
 823 0600 3E00 0000 		.long	0x3e
 824 0604 00        		.byte	0
 825 0605 00        		.byte	0
 826               		.section	.gnu.debuglto_.debug_abbrev,"",@progbits
 827               	.Ldebug_abbrev0:
 828 0000 01        		.uleb128 0x1
 829 0001 11        		.uleb128 0x11
 830 0002 01        		.byte	0x1
 831 0003 25        		.uleb128 0x25
 832 0004 0E        		.uleb128 0xe
 833 0005 13        		.uleb128 0x13
 834 0006 0B        		.uleb128 0xb
 835 0007 03        		.uleb128 0x3
 836 0008 0E        		.uleb128 0xe
 837 0009 1B        		.uleb128 0x1b
 838 000a 0E        		.uleb128 0xe
 839 000b 10        		.uleb128 0x10
 840 000c 06        		.uleb128 0x6
 841 000d 00        		.byte	0
 842 000e 00        		.byte	0
 843 000f 02        		.uleb128 0x2
 844 0010 24        		.uleb128 0x24
 845 0011 00        		.byte	0
 846 0012 0B        		.uleb128 0xb
 847 0013 0B        		.uleb128 0xb
 848 0014 3E        		.uleb128 0x3e
 849 0015 0B        		.uleb128 0xb
 850 0016 03        		.uleb128 0x3
 851 0017 0E        		.uleb128 0xe
 852 0018 00        		.byte	0
 853 0019 00        		.byte	0
 854 001a 03        		.uleb128 0x3
 855 001b 16        		.uleb128 0x16
 856 001c 00        		.byte	0
 857 001d 03        		.uleb128 0x3
 858 001e 0E        		.uleb128 0xe
 859 001f 3A        		.uleb128 0x3a
 860 0020 0B        		.uleb128 0xb
 861 0021 3B        		.uleb128 0x3b
 862 0022 0B        		.uleb128 0xb
 863 0023 39        		.uleb128 0x39
 864 0024 0B        		.uleb128 0xb
 865 0025 49        		.uleb128 0x49
 866 0026 13        		.uleb128 0x13
 867 0027 00        		.byte	0
 868 0028 00        		.byte	0
 869 0029 04        		.uleb128 0x4
 870 002a 24        		.uleb128 0x24
 871 002b 00        		.byte	0
 872 002c 0B        		.uleb128 0xb
 873 002d 0B        		.uleb128 0xb
 874 002e 3E        		.uleb128 0x3e
 875 002f 0B        		.uleb128 0xb
 876 0030 03        		.uleb128 0x3
 877 0031 08        		.uleb128 0x8
 878 0032 00        		.byte	0
 879 0033 00        		.byte	0
 880 0034 05        		.uleb128 0x5
 881 0035 04        		.uleb128 0x4
 882 0036 01        		.byte	0x1
 883 0037 03        		.uleb128 0x3
 884 0038 0E        		.uleb128 0xe
 885 0039 3E        		.uleb128 0x3e
 886 003a 0B        		.uleb128 0xb
 887 003b 0B        		.uleb128 0xb
 888 003c 0B        		.uleb128 0xb
 889 003d 49        		.uleb128 0x49
 890 003e 13        		.uleb128 0x13
 891 003f 3A        		.uleb128 0x3a
 892 0040 0B        		.uleb128 0xb
 893 0041 3B        		.uleb128 0x3b
 894 0042 0B        		.uleb128 0xb
 895 0043 39        		.uleb128 0x39
 896 0044 0B        		.uleb128 0xb
 897 0045 01        		.uleb128 0x1
 898 0046 13        		.uleb128 0x13
 899 0047 00        		.byte	0
 900 0048 00        		.byte	0
 901 0049 06        		.uleb128 0x6
 902 004a 28        		.uleb128 0x28
 903 004b 00        		.byte	0
 904 004c 03        		.uleb128 0x3
 905 004d 0E        		.uleb128 0xe
 906 004e 1C        		.uleb128 0x1c
 907 004f 0B        		.uleb128 0xb
 908 0050 00        		.byte	0
 909 0051 00        		.byte	0
 910 0052 07        		.uleb128 0x7
 911 0053 13        		.uleb128 0x13
 912 0054 01        		.byte	0x1
 913 0055 0B        		.uleb128 0xb
 914 0056 0B        		.uleb128 0xb
 915 0057 3A        		.uleb128 0x3a
 916 0058 0B        		.uleb128 0xb
 917 0059 3B        		.uleb128 0x3b
 918 005a 0B        		.uleb128 0xb
 919 005b 39        		.uleb128 0x39
 920 005c 0B        		.uleb128 0xb
 921 005d 01        		.uleb128 0x1
 922 005e 13        		.uleb128 0x13
 923 005f 00        		.byte	0
 924 0060 00        		.byte	0
 925 0061 08        		.uleb128 0x8
 926 0062 0D        		.uleb128 0xd
 927 0063 00        		.byte	0
 928 0064 03        		.uleb128 0x3
 929 0065 0E        		.uleb128 0xe
 930 0066 3A        		.uleb128 0x3a
 931 0067 0B        		.uleb128 0xb
 932 0068 3B        		.uleb128 0x3b
 933 0069 0B        		.uleb128 0xb
 934 006a 39        		.uleb128 0x39
 935 006b 0B        		.uleb128 0xb
 936 006c 49        		.uleb128 0x49
 937 006d 13        		.uleb128 0x13
 938 006e 0B        		.uleb128 0xb
 939 006f 0B        		.uleb128 0xb
 940 0070 0D        		.uleb128 0xd
 941 0071 0B        		.uleb128 0xb
 942 0072 0C        		.uleb128 0xc
 943 0073 0B        		.uleb128 0xb
 944 0074 38        		.uleb128 0x38
 945 0075 0A        		.uleb128 0xa
 946 0076 00        		.byte	0
 947 0077 00        		.byte	0
 948 0078 09        		.uleb128 0x9
 949 0079 17        		.uleb128 0x17
 950 007a 01        		.byte	0x1
 951 007b 0B        		.uleb128 0xb
 952 007c 0B        		.uleb128 0xb
 953 007d 3A        		.uleb128 0x3a
 954 007e 0B        		.uleb128 0xb
 955 007f 3B        		.uleb128 0x3b
 956 0080 0B        		.uleb128 0xb
 957 0081 39        		.uleb128 0x39
 958 0082 0B        		.uleb128 0xb
 959 0083 01        		.uleb128 0x1
 960 0084 13        		.uleb128 0x13
 961 0085 00        		.byte	0
 962 0086 00        		.byte	0
 963 0087 0A        		.uleb128 0xa
 964 0088 0D        		.uleb128 0xd
 965 0089 00        		.byte	0
 966 008a 03        		.uleb128 0x3
 967 008b 08        		.uleb128 0x8
 968 008c 3A        		.uleb128 0x3a
 969 008d 0B        		.uleb128 0xb
 970 008e 3B        		.uleb128 0x3b
 971 008f 0B        		.uleb128 0xb
 972 0090 39        		.uleb128 0x39
 973 0091 0B        		.uleb128 0xb
 974 0092 49        		.uleb128 0x49
 975 0093 13        		.uleb128 0x13
 976 0094 00        		.byte	0
 977 0095 00        		.byte	0
 978 0096 0B        		.uleb128 0xb
 979 0097 0D        		.uleb128 0xd
 980 0098 00        		.byte	0
 981 0099 49        		.uleb128 0x49
 982 009a 13        		.uleb128 0x13
 983 009b 00        		.byte	0
 984 009c 00        		.byte	0
 985 009d 0C        		.uleb128 0xc
 986 009e 34        		.uleb128 0x34
 987 009f 00        		.byte	0
 988 00a0 03        		.uleb128 0x3
 989 00a1 0E        		.uleb128 0xe
 990 00a2 3A        		.uleb128 0x3a
 991 00a3 0B        		.uleb128 0xb
 992 00a4 3B        		.uleb128 0x3b
 993 00a5 0B        		.uleb128 0xb
 994 00a6 39        		.uleb128 0x39
 995 00a7 0B        		.uleb128 0xb
 996 00a8 49        		.uleb128 0x49
 997 00a9 13        		.uleb128 0x13
 998 00aa 3F        		.uleb128 0x3f
 999 00ab 0C        		.uleb128 0xc
 1000 00ac 3C        		.uleb128 0x3c
 1001 00ad 0C        		.uleb128 0xc
 1002 00ae 00        		.byte	0
 1003 00af 00        		.byte	0
 1004 00b0 0D        		.uleb128 0xd
 1005 00b1 2E        		.uleb128 0x2e
 1006 00b2 01        		.byte	0x1
 1007 00b3 3F        		.uleb128 0x3f
 1008 00b4 0C        		.uleb128 0xc
 1009 00b5 03        		.uleb128 0x3
 1010 00b6 0E        		.uleb128 0xe
 1011 00b7 3A        		.uleb128 0x3a
 1012 00b8 0B        		.uleb128 0xb
 1013 00b9 3B        		.uleb128 0x3b
 1014 00ba 0B        		.uleb128 0xb
 1015 00bb 39        		.uleb128 0x39
 1016 00bc 0B        		.uleb128 0xb
 1017 00bd 27        		.uleb128 0x27
 1018 00be 0C        		.uleb128 0xc
 1019 00bf 49        		.uleb128 0x49
 1020 00c0 13        		.uleb128 0x13
 1021 00c1 01        		.uleb128 0x1
 1022 00c2 13        		.uleb128 0x13
 1023 00c3 00        		.byte	0
 1024 00c4 00        		.byte	0
 1025 00c5 0E        		.uleb128 0xe
 1026 00c6 05        		.uleb128 0x5
 1027 00c7 00        		.byte	0
 1028 00c8 03        		.uleb128 0x3
 1029 00c9 08        		.uleb128 0x8
 1030 00ca 3A        		.uleb128 0x3a
 1031 00cb 0B        		.uleb128 0xb
 1032 00cc 3B        		.uleb128 0x3b
 1033 00cd 0B        		.uleb128 0xb
 1034 00ce 39        		.uleb128 0x39
 1035 00cf 0B        		.uleb128 0xb
 1036 00d0 49        		.uleb128 0x49
 1037 00d1 13        		.uleb128 0x13
 1038 00d2 00        		.byte	0
 1039 00d3 00        		.byte	0
 1040 00d4 0F        		.uleb128 0xf
 1041 00d5 2E        		.uleb128 0x2e
 1042 00d6 01        		.byte	0x1
 1043 00d7 3F        		.uleb128 0x3f
 1044 00d8 0C        		.uleb128 0xc
 1045 00d9 03        		.uleb128 0x3
 1046 00da 0E        		.uleb128 0xe
 1047 00db 3A        		.uleb128 0x3a
 1048 00dc 0B        		.uleb128 0xb
 1049 00dd 3B        		.uleb128 0x3b
 1050 00de 0B        		.uleb128 0xb
 1051 00df 39        		.uleb128 0x39
 1052 00e0 0B        		.uleb128 0xb
 1053 00e1 27        		.uleb128 0x27
 1054 00e2 0C        		.uleb128 0xc
 1055 00e3 49        		.uleb128 0x49
 1056 00e4 13        		.uleb128 0x13
 1057 00e5 00        		.byte	0
 1058 00e6 00        		.byte	0
 1059 00e7 10        		.uleb128 0x10
 1060 00e8 05        		.uleb128 0x5
 1061 00e9 00        		.byte	0
 1062 00ea 03        		.uleb128 0x3
 1063 00eb 0E        		.uleb128 0xe
 1064 00ec 3A        		.uleb128 0x3a
 1065 00ed 0B        		.uleb128 0xb
 1066 00ee 3B        		.uleb128 0x3b
 1067 00ef 0B        		.uleb128 0xb
 1068 00f0 39        		.uleb128 0x39
 1069 00f1 0B        		.uleb128 0xb
 1070 00f2 49        		.uleb128 0x49
 1071 00f3 13        		.uleb128 0x13
 1072 00f4 00        		.byte	0
 1073 00f5 00        		.byte	0
 1074 00f6 00        		.byte	0
 1075               		.section	.gnu.debuglto_.debug_line,"",@progbits
 1076               	.Ldebug_line0:
 1077 0000 B100 0000 		.long	.LELT0-.LSLT0
 1078               	.LSLT0:
 1079 0004 0200      		.word	0x2
 1080 0006 AB00 0000 		.long	.LELTP0-.LASLTP0
 1081               	.LASLTP0:
 1082 000a 01        		.byte	0x1
 1083 000b 01        		.byte	0x1
 1084 000c F6        		.byte	0xf6
 1085 000d F2        		.byte	0xf2
 1086 000e 0D        		.byte	0xd
 1087 000f 00        		.byte	0
 1088 0010 01        		.byte	0x1
 1089 0011 01        		.byte	0x1
 1090 0012 01        		.byte	0x1
 1091 0013 01        		.byte	0x1
 1092 0014 00        		.byte	0
 1093 0015 00        		.byte	0
 1094 0016 00        		.byte	0
 1095 0017 01        		.byte	0x1
 1096 0018 00        		.byte	0
 1097 0019 00        		.byte	0
 1098 001a 01        		.byte	0x1
 1099 001b 633A 5C70 		.ascii	"c:\\program files\\qmk_msys\\mingw64\\avr\\include"
 1099      726F 6772 
 1099      616D 2066 
 1099      696C 6573 
 1099      5C71 6D6B 
 1100 0048 00        		.byte	0
 1101 0049 746D 6B5F 		.ascii	"tmk_core/common"
 1101      636F 7265 
 1101      2F63 6F6D 
 1101      6D6F 6E
 1102 0058 00        		.byte	0
 1103 0059 7175 616E 		.ascii	"quantum"
 1103      7475 6D
 1104 0060 00        		.byte	0
 1105 0061 00        		.byte	0
 1106 0062 7374 6469 		.string	"stdint.h"
 1106      6E74 2E68 
 1106      00
 1107 006b 01        		.uleb128 0x1
 1108 006c 00        		.uleb128 0
 1109 006d 00        		.uleb128 0
 1110 006e 6B65 7963 		.string	"keycode.h"
 1110      6F64 652E 
 1110      6800 
 1111 0078 02        		.uleb128 0x2
 1112 0079 00        		.uleb128 0
 1113 007a 00        		.uleb128 0
 1114 007b 6163 7469 		.string	"action_code.h"
 1114      6F6E 5F63 
 1114      6F64 652E 
 1114      6800 
 1115 0089 02        		.uleb128 0x2
 1116 008a 00        		.uleb128 0
 1117 008b 00        		.uleb128 0
 1118 008c 6B65 7963 		.string	"keycode_config.h"
 1118      6F64 655F 
 1118      636F 6E66 
 1118      6967 2E68 
 1118      00
 1119 009d 03        		.uleb128 0x3
 1120 009e 00        		.uleb128 0
 1121 009f 00        		.uleb128 0
 1122 00a0 6B65 7963 		.string	"keycode_config.c"
 1122      6F64 655F 
 1122      636F 6E66 
 1122      6967 2E63 
 1122      00
 1123 00b1 03        		.uleb128 0x3
 1124 00b2 00        		.uleb128 0
 1125 00b3 00        		.uleb128 0
 1126 00b4 00        		.byte	0
 1127               	.LELTP0:
 1128               	.LELT0:
 1129               		.section	.gnu.debuglto_.debug_str,"MS",@progbits,1
 1130               	.LASF107:
 1131 0000 4B43 5F4B 		.string	"KC_KP_0"
 1131      505F 3000 
 1132               	.LASF98:
 1133 0008 4B43 5F4B 		.string	"KC_KP_1"
 1133      505F 3100 
 1134               	.LASF99:
 1135 0010 4B43 5F4B 		.string	"KC_KP_2"
 1135      505F 3200 
 1136               	.LASF100:
 1137 0018 4B43 5F4B 		.string	"KC_KP_3"
 1137      505F 3300 
 1138               	.LASF101:
 1139 0020 4B43 5F4B 		.string	"KC_KP_4"
 1139      505F 3400 
 1140               	.LASF102:
 1141 0028 4B43 5F4B 		.string	"KC_KP_5"
 1141      505F 3500 
 1142               	.LASF103:
 1143 0030 4B43 5F4B 		.string	"KC_KP_6"
 1143      505F 3600 
 1144               	.LASF104:
 1145 0038 4B43 5F4B 		.string	"KC_KP_7"
 1145      505F 3700 
 1146               	.LASF105:
 1147 0040 4B43 5F4B 		.string	"KC_KP_8"
 1147      505F 3800 
 1148               	.LASF106:
 1149 0048 4B43 5F4B 		.string	"KC_KP_9"
 1149      505F 3900 
 1150               	.LASF141:
 1151 0050 4B43 5F4C 		.string	"KC_LOCKING_SCROLL"
 1151      4F43 4B49 
 1151      4E47 5F53 
 1151      4352 4F4C 
 1151      4C00 
 1152               	.LASF143:
 1153 0062 4B43 5F4B 		.string	"KC_KP_EQUAL_AS400"
 1153      505F 4551 
 1153      5541 4C5F 
 1153      4153 3430 
 1153      3000 
 1154               	.LASF183:
 1155 0074 6D6F 6473 		.string	"mods_bit"
 1155      5F62 6974 
 1155      00
 1156               	.LASF133:
 1157 007d 4B43 5F43 		.string	"KC_COPY"
 1157      4F50 5900 
 1158               	.LASF199:
 1159 0085 6E6B 726F 		.string	"nkro"
 1159      00
 1160               	.LASF52:
 1161 008a 4B43 5F54 		.string	"KC_TAB"
 1161      4142 00
 1162               	.LASF200:
 1163 0091 7377 6170 		.string	"swap_lctl_lgui"
 1163      5F6C 6374 
 1163      6C5F 6C67 
 1163      7569 00
 1164               	.LASF90:
 1165 00a0 4B43 5F44 		.string	"KC_DOWN"
 1165      4F57 4E00 
 1166               	.LASF4:
 1167 00a8 756E 7369 		.string	"unsigned int"
 1167      676E 6564 
 1167      2069 6E74 
 1167      00
 1168               	.LASF109:
 1169 00b5 4B43 5F4E 		.string	"KC_NONUS_BSLASH"
 1169      4F4E 5553 
 1169      5F42 534C 
 1169      4153 4800 
 1170               	.LASF197:
 1171 00c5 7377 6170 		.string	"swap_grave_esc"
 1171      5F67 7261 
 1171      7665 5F65 
 1171      7363 00
 1172               	.LASF12:
 1173 00d4 4B43 5F55 		.string	"KC_UNDEFINED"
 1173      4E44 4546 
 1173      494E 4544 
 1173      00
 1174               	.LASF110:
 1175 00e1 4B43 5F41 		.string	"KC_APPLICATION"
 1175      5050 4C49 
 1175      4341 5449 
 1175      4F4E 00
 1176               	.LASF53:
 1177 00f0 4B43 5F53 		.string	"KC_SPACE"
 1177      5041 4345 
 1177      00
 1178               	.LASF172:
 1179 00f9 4B43 5F43 		.string	"KC_CRSEL"
 1179      5253 454C 
 1179      00
 1180               	.LASF164:
 1181 0102 4B43 5F43 		.string	"KC_CANCEL"
 1181      414E 4345 
 1181      4C00 
 1182               	.LASF167:
 1183 010c 4B43 5F52 		.string	"KC_RETURN"
 1183      4554 5552 
 1183      4E00 
 1184               	.LASF140:
 1185 0116 4B43 5F4C 		.string	"KC_LOCKING_NUM"
 1185      4F43 4B49 
 1185      4E47 5F4E 
 1185      554D 00
 1186               	.LASF88:
 1187 0125 4B43 5F52 		.string	"KC_RIGHT"
 1187      4947 4854 
 1187      00
 1188               	.LASF192:
 1189 012e 7377 6170 		.string	"swap_control_capslock"
 1189      5F63 6F6E 
 1189      7472 6F6C 
 1189      5F63 6170 
 1189      736C 6F63 
 1190               	.LASF206:
 1191 0144 7175 616E 		.string	"quantum/keycode_config.c"
 1191      7475 6D2F 
 1191      6B65 7963 
 1191      6F64 655F 
 1191      636F 6E66 
 1192               	.LASF208:
 1193 015d 6B65 796D 		.string	"keymap_config"
 1193      6170 5F63 
 1193      6F6E 6669 
 1193      6700 
 1194               	.LASF120:
 1195 016b 4B43 5F46 		.string	"KC_F20"
 1195      3230 00
 1196               	.LASF121:
 1197 0172 4B43 5F46 		.string	"KC_F21"
 1197      3231 00
 1198               	.LASF122:
 1199 0179 4B43 5F46 		.string	"KC_F22"
 1199      3232 00
 1200               	.LASF112:
 1201 0180 4B43 5F4B 		.string	"KC_KP_EQUAL"
 1201      505F 4551 
 1201      5541 4C00 
 1202               	.LASF129:
 1203 018c 4B43 5F53 		.string	"KC_STOP"
 1203      544F 5000 
 1204               	.LASF138:
 1205 0194 4B43 5F5F 		.string	"KC__VOLDOWN"
 1205      564F 4C44 
 1205      4F57 4E00 
 1206               	.LASF187:
 1207 01a0 4D4F 445F 		.string	"MOD_LGUI"
 1207      4C47 5549 
 1207      00
 1208               	.LASF11:
 1209 01a9 4B43 5F50 		.string	"KC_POST_FAIL"
 1209      4F53 545F 
 1209      4641 494C 
 1209      00
 1210               	.LASF127:
 1211 01b6 4B43 5F4D 		.string	"KC_MENU"
 1211      454E 5500 
 1212               	.LASF94:
 1213 01be 4B43 5F4B 		.string	"KC_KP_ASTERISK"
 1213      505F 4153 
 1213      5445 5249 
 1213      534B 00
 1214               	.LASF171:
 1215 01cd 4B43 5F43 		.string	"KC_CLEAR_AGAIN"
 1215      4C45 4152 
 1215      5F41 4741 
 1215      494E 00
 1216               	.LASF186:
 1217 01dc 4D4F 445F 		.string	"MOD_LALT"
 1217      4C41 4C54 
 1217      00
 1218               	.LASF175:
 1219 01e5 4B43 5F4C 		.string	"KC_LSHIFT"
 1219      5348 4946 
 1219      5400 
 1220               	.LASF136:
 1221 01ef 4B43 5F5F 		.string	"KC__MUTE"
 1221      4D55 5445 
 1221      00
 1222               	.LASF139:
 1223 01f8 4B43 5F4C 		.string	"KC_LOCKING_CAPS"
 1223      4F43 4B49 
 1223      4E47 5F43 
 1223      4150 5300 
 1224               	.LASF131:
 1225 0208 4B43 5F55 		.string	"KC_UNDO"
 1225      4E44 4F00 
 1226               	.LASF8:
 1227 0210 6C6F 6E67 		.string	"long long unsigned int"
 1227      206C 6F6E 
 1227      6720 756E 
 1227      7369 676E 
 1227      6564 2069 
 1228               	.LASF135:
 1229 0227 4B43 5F46 		.string	"KC_FIND"
 1229      494E 4400 
 1230               	.LASF201:
 1231 022f 7377 6170 		.string	"swap_rctl_rgui"
 1231      5F72 6374 
 1231      6C5F 7267 
 1231      7569 00
 1232               	.LASF166:
 1233 023e 4B43 5F50 		.string	"KC_PRIOR"
 1233      5249 4F52 
 1233      00
 1234               	.LASF126:
 1235 0247 4B43 5F48 		.string	"KC_HELP"
 1235      454C 5000 
 1236               	.LASF153:
 1237 024f 4B43 5F4C 		.string	"KC_LANG1"
 1237      414E 4731 
 1237      00
 1238               	.LASF154:
 1239 0258 4B43 5F4C 		.string	"KC_LANG2"
 1239      414E 4732 
 1239      00
 1240               	.LASF155:
 1241 0261 4B43 5F4C 		.string	"KC_LANG3"
 1241      414E 4733 
 1241      00
 1242               	.LASF156:
 1243 026a 4B43 5F4C 		.string	"KC_LANG4"
 1243      414E 4734 
 1243      00
 1244               	.LASF157:
 1245 0273 4B43 5F4C 		.string	"KC_LANG5"
 1245      414E 4735 
 1245      00
 1246               	.LASF158:
 1247 027c 4B43 5F4C 		.string	"KC_LANG6"
 1247      414E 4736 
 1247      00
 1248               	.LASF159:
 1249 0285 4B43 5F4C 		.string	"KC_LANG7"
 1249      414E 4737 
 1249      00
 1250               	.LASF160:
 1251 028e 4B43 5F4C 		.string	"KC_LANG8"
 1251      414E 4738 
 1251      00
 1252               	.LASF161:
 1253 0297 4B43 5F4C 		.string	"KC_LANG9"
 1253      414E 4739 
 1253      00
 1254               	.LASF10:
 1255 02a0 4B43 5F52 		.string	"KC_ROLL_OVER"
 1255      4F4C 4C5F 
 1255      4F56 4552 
 1255      00
 1256               	.LASF51:
 1257 02ad 4B43 5F42 		.string	"KC_BSPACE"
 1257      5350 4143 
 1257      4500 
 1258               	.LASF95:
 1259 02b7 4B43 5F4B 		.string	"KC_KP_MINUS"
 1259      505F 4D49 
 1259      4E55 5300 
 1260               	.LASF97:
 1261 02c3 4B43 5F4B 		.string	"KC_KP_ENTER"
 1261      505F 454E 
 1261      5445 5200 
 1262               	.LASF210:
 1263 02cf 6B65 7963 		.string	"keycode_config"
 1263      6F64 655F 
 1263      636F 6E66 
 1263      6967 00
 1264               	.LASF142:
 1265 02de 4B43 5F4B 		.string	"KC_KP_COMMA"
 1265      505F 434F 
 1265      4D4D 4100 
 1266               	.LASF144:
 1267 02ea 4B43 5F49 		.string	"KC_INT1"
 1267      4E54 3100 
 1268               	.LASF145:
 1269 02f2 4B43 5F49 		.string	"KC_INT2"
 1269      4E54 3200 
 1270               	.LASF146:
 1271 02fa 4B43 5F49 		.string	"KC_INT3"
 1271      4E54 3300 
 1272               	.LASF147:
 1273 0302 4B43 5F49 		.string	"KC_INT4"
 1273      4E54 3400 
 1274               	.LASF148:
 1275 030a 4B43 5F49 		.string	"KC_INT5"
 1275      4E54 3500 
 1276               	.LASF149:
 1277 0312 4B43 5F49 		.string	"KC_INT6"
 1277      4E54 3600 
 1278               	.LASF150:
 1279 031a 4B43 5F49 		.string	"KC_INT7"
 1279      4E54 3700 
 1280               	.LASF151:
 1281 0322 4B43 5F49 		.string	"KC_INT8"
 1281      4E54 3800 
 1282               	.LASF152:
 1283 032a 4B43 5F49 		.string	"KC_INT9"
 1283      4E54 3900 
 1284               	.LASF9:
 1285 0332 4B43 5F4E 		.string	"KC_NO"
 1285      4F00 
 1286               	.LASF61:
 1287 0338 4B43 5F51 		.string	"KC_QUOTE"
 1287      554F 5445 
 1287      00
 1288               	.LASF209:
 1289 0341 6D6F 645F 		.string	"mod_config"
 1289      636F 6E66 
 1289      6967 00
 1290               	.LASF55:
 1291 034c 4B43 5F45 		.string	"KC_EQUAL"
 1291      5155 414C 
 1291      00
 1292               	.LASF181:
 1293 0355 4B43 5F52 		.string	"KC_RGUI"
 1293      4755 4900 
 1294               	.LASF177:
 1295 035d 4B43 5F4C 		.string	"KC_LGUI"
 1295      4755 4900 
 1296               	.LASF162:
 1297 0365 4B43 5F41 		.string	"KC_ALT_ERASE"
 1297      4C54 5F45 
 1297      5241 5345 
 1297      00
 1298               	.LASF169:
 1299 0372 4B43 5F4F 		.string	"KC_OUT"
 1299      5554 00
 1300               	.LASF83:
 1301 0379 4B43 5F48 		.string	"KC_HOME"
 1301      4F4D 4500 
 1302               	.LASF176:
 1303 0381 4B43 5F4C 		.string	"KC_LALT"
 1303      414C 5400 
 1304               	.LASF125:
 1305 0389 4B43 5F45 		.string	"KC_EXECUTE"
 1305      5845 4355 
 1305      5445 00
 1306               	.LASF108:
 1307 0394 4B43 5F4B 		.string	"KC_KP_DOT"
 1307      505F 444F 
 1307      5400 
 1308               	.LASF111:
 1309 039e 4B43 5F50 		.string	"KC_POWER"
 1309      4F57 4552 
 1309      00
 1310               	.LASF76:
 1311 03a7 4B43 5F46 		.string	"KC_F10"
 1311      3130 00
 1312               	.LASF77:
 1313 03ae 4B43 5F46 		.string	"KC_F11"
 1313      3131 00
 1314               	.LASF78:
 1315 03b5 4B43 5F46 		.string	"KC_F12"
 1315      3132 00
 1316               	.LASF113:
 1317 03bc 4B43 5F46 		.string	"KC_F13"
 1317      3133 00
 1318               	.LASF114:
 1319 03c3 4B43 5F46 		.string	"KC_F14"
 1319      3134 00
 1320               	.LASF115:
 1321 03ca 4B43 5F46 		.string	"KC_F15"
 1321      3135 00
 1322               	.LASF116:
 1323 03d1 4B43 5F46 		.string	"KC_F16"
 1323      3136 00
 1324               	.LASF117:
 1325 03d8 4B43 5F46 		.string	"KC_F17"
 1325      3137 00
 1326               	.LASF118:
 1327 03df 4B43 5F46 		.string	"KC_F18"
 1327      3138 00
 1328               	.LASF119:
 1329 03e6 4B43 5F46 		.string	"KC_F19"
 1329      3139 00
 1330               	.LASF2:
 1331 03ed 7569 6E74 		.string	"uint8_t"
 1331      385F 7400 
 1332               	.LASF80:
 1333 03f5 4B43 5F53 		.string	"KC_SCROLLLOCK"
 1333      4352 4F4C 
 1333      4C4C 4F43 
 1333      4B00 
 1334               	.LASF193:
 1335 0403 6361 7073 		.string	"capslock_to_control"
 1335      6C6F 636B 
 1335      5F74 6F5F 
 1335      636F 6E74 
 1335      726F 6C00 
 1336               	.LASF81:
 1337 0417 4B43 5F50 		.string	"KC_PAUSE"
 1337      4155 5345 
 1337      00
 1338               	.LASF178:
 1339 0420 4B43 5F52 		.string	"KC_RCTRL"
 1339      4354 524C 
 1339      00
 1340               	.LASF59:
 1341 0429 4B43 5F4E 		.string	"KC_NONUS_HASH"
 1341      4F4E 5553 
 1341      5F48 4153 
 1341      4800 
 1342               	.LASF50:
 1343 0437 4B43 5F45 		.string	"KC_ESCAPE"
 1343      5343 4150 
 1343      4500 
 1344               	.LASF7:
 1345 0441 6C6F 6E67 		.string	"long long int"
 1345      206C 6F6E 
 1345      6720 696E 
 1345      7400 
 1346               	.LASF54:
 1347 044f 4B43 5F4D 		.string	"KC_MINUS"
 1347      494E 5553 
 1347      00
 1348               	.LASF92:
 1349 0458 4B43 5F4E 		.string	"KC_NUMLOCK"
 1349      554D 4C4F 
 1349      434B 00
 1350               	.LASF49:
 1351 0463 4B43 5F45 		.string	"KC_ENTER"
 1351      4E54 4552 
 1351      00
 1352               	.LASF56:
 1353 046c 4B43 5F4C 		.string	"KC_LBRACKET"
 1353      4252 4143 
 1353      4B45 5400 
 1354               	.LASF123:
 1355 0478 4B43 5F46 		.string	"KC_F23"
 1355      3233 00
 1356               	.LASF124:
 1357 047f 4B43 5F46 		.string	"KC_F24"
 1357      3234 00
 1358               	.LASF63:
 1359 0486 4B43 5F43 		.string	"KC_COMMA"
 1359      4F4D 4D41 
 1359      00
 1360               	.LASF184:
 1361 048f 4D4F 445F 		.string	"MOD_LCTL"
 1361      4C43 544C 
 1361      00
 1362               	.LASF207:
 1363 0498 433A 5C55 		.string	"C:\\Users\\gazed\\qmk_firmware"
 1363      7365 7273 
 1363      5C67 617A 
 1363      6564 5C71 
 1363      6D6B 5F66 
 1364               	.LASF174:
 1365 04b4 4B43 5F4C 		.string	"KC_LCTRL"
 1365      4354 524C 
 1365      00
 1366               	.LASF79:
 1367 04bd 4B43 5F50 		.string	"KC_PSCREEN"
 1367      5343 5245 
 1367      454E 00
 1368               	.LASF130:
 1369 04c8 4B43 5F41 		.string	"KC_AGAIN"
 1369      4741 494E 
 1369      00
 1370               	.LASF202:
 1371 04d1 5F42 6F6F 		.string	"_Bool"
 1371      6C00 
 1372               	.LASF163:
 1373 04d7 4B43 5F53 		.string	"KC_SYSREQ"
 1373      5953 5245 
 1373      5100 
 1374               	.LASF89:
 1375 04e1 4B43 5F4C 		.string	"KC_LEFT"
 1375      4546 5400 
 1376               	.LASF203:
 1377 04e9 6B65 796D 		.string	"keymap_config_t"
 1377      6170 5F63 
 1377      6F6E 6669 
 1377      675F 7400 
 1378               	.LASF188:
 1379 04f9 4D4F 445F 		.string	"MOD_RCTL"
 1379      5243 544C 
 1379      00
 1380               	.LASF3:
 1381 0502 7569 6E74 		.string	"uint16_t"
 1381      3136 5F74 
 1381      00
 1382               	.LASF189:
 1383 050b 4D4F 445F 		.string	"MOD_RSFT"
 1383      5253 4654 
 1383      00
 1384               	.LASF82:
 1385 0514 4B43 5F49 		.string	"KC_INSERT"
 1385      4E53 4552 
 1385      5400 
 1386               	.LASF170:
 1387 051e 4B43 5F4F 		.string	"KC_OPER"
 1387      5045 5200 
 1388               	.LASF132:
 1389 0526 4B43 5F43 		.string	"KC_CUT"
 1389      5554 00
 1390               	.LASF64:
 1391 052d 4B43 5F44 		.string	"KC_DOT"
 1391      4F54 00
 1392               	.LASF191:
 1393 0534 4D4F 445F 		.string	"MOD_RGUI"
 1393      5247 5549 
 1393      00
 1394               	.LASF57:
 1395 053d 4B43 5F52 		.string	"KC_RBRACKET"
 1395      4252 4143 
 1395      4B45 5400 
 1396               	.LASF93:
 1397 0549 4B43 5F4B 		.string	"KC_KP_SLASH"
 1397      505F 534C 
 1397      4153 4800 
 1398               	.LASF5:
 1399 0555 6C6F 6E67 		.string	"long int"
 1399      2069 6E74 
 1399      00
 1400               	.LASF62:
 1401 055e 4B43 5F47 		.string	"KC_GRAVE"
 1401      5241 5645 
 1401      00
 1402               	.LASF48:
 1403 0567 4B43 5F30 		.string	"KC_0"
 1403      00
 1404               	.LASF39:
 1405 056c 4B43 5F31 		.string	"KC_1"
 1405      00
 1406               	.LASF40:
 1407 0571 4B43 5F32 		.string	"KC_2"
 1407      00
 1408               	.LASF41:
 1409 0576 4B43 5F33 		.string	"KC_3"
 1409      00
 1410               	.LASF42:
 1411 057b 4B43 5F34 		.string	"KC_4"
 1411      00
 1412               	.LASF43:
 1413 0580 4B43 5F35 		.string	"KC_5"
 1413      00
 1414               	.LASF44:
 1415 0585 4B43 5F36 		.string	"KC_6"
 1415      00
 1416               	.LASF45:
 1417 058a 4B43 5F37 		.string	"KC_7"
 1417      00
 1418               	.LASF46:
 1419 058f 4B43 5F38 		.string	"KC_8"
 1419      00
 1420               	.LASF47:
 1421 0594 4B43 5F39 		.string	"KC_9"
 1421      00
 1422               	.LASF13:
 1423 0599 4B43 5F41 		.string	"KC_A"
 1423      00
 1424               	.LASF14:
 1425 059e 4B43 5F42 		.string	"KC_B"
 1425      00
 1426               	.LASF15:
 1427 05a3 4B43 5F43 		.string	"KC_C"
 1427      00
 1428               	.LASF16:
 1429 05a8 4B43 5F44 		.string	"KC_D"
 1429      00
 1430               	.LASF17:
 1431 05ad 4B43 5F45 		.string	"KC_E"
 1431      00
 1432               	.LASF18:
 1433 05b2 4B43 5F46 		.string	"KC_F"
 1433      00
 1434               	.LASF19:
 1435 05b7 4B43 5F47 		.string	"KC_G"
 1435      00
 1436               	.LASF20:
 1437 05bc 4B43 5F48 		.string	"KC_H"
 1437      00
 1438               	.LASF21:
 1439 05c1 4B43 5F49 		.string	"KC_I"
 1439      00
 1440               	.LASF22:
 1441 05c6 4B43 5F4A 		.string	"KC_J"
 1441      00
 1442               	.LASF23:
 1443 05cb 4B43 5F4B 		.string	"KC_K"
 1443      00
 1444               	.LASF24:
 1445 05d0 4B43 5F4C 		.string	"KC_L"
 1445      00
 1446               	.LASF25:
 1447 05d5 4B43 5F4D 		.string	"KC_M"
 1447      00
 1448               	.LASF26:
 1449 05da 4B43 5F4E 		.string	"KC_N"
 1449      00
 1450               	.LASF27:
 1451 05df 4B43 5F4F 		.string	"KC_O"
 1451      00
 1452               	.LASF28:
 1453 05e4 4B43 5F50 		.string	"KC_P"
 1453      00
 1454               	.LASF29:
 1455 05e9 4B43 5F51 		.string	"KC_Q"
 1455      00
 1456               	.LASF30:
 1457 05ee 4B43 5F52 		.string	"KC_R"
 1457      00
 1458               	.LASF31:
 1459 05f3 4B43 5F53 		.string	"KC_S"
 1459      00
 1460               	.LASF32:
 1461 05f8 4B43 5F54 		.string	"KC_T"
 1461      00
 1462               	.LASF33:
 1463 05fd 4B43 5F55 		.string	"KC_U"
 1463      00
 1464               	.LASF34:
 1465 0602 4B43 5F56 		.string	"KC_V"
 1465      00
 1466               	.LASF35:
 1467 0607 4B43 5F57 		.string	"KC_W"
 1467      00
 1468               	.LASF36:
 1469 060c 4B43 5F58 		.string	"KC_X"
 1469      00
 1470               	.LASF37:
 1471 0611 4B43 5F59 		.string	"KC_Y"
 1471      00
 1472               	.LASF38:
 1473 0616 4B43 5F5A 		.string	"KC_Z"
 1473      00
 1474               	.LASF134:
 1475 061b 4B43 5F50 		.string	"KC_PASTE"
 1475      4153 5445 
 1475      00
 1476               	.LASF198:
 1477 0624 7377 6170 		.string	"swap_backslash_backspace"
 1477      5F62 6163 
 1477      6B73 6C61 
 1477      7368 5F62 
 1477      6163 6B73 
 1478               	.LASF66:
 1479 063d 4B43 5F43 		.string	"KC_CAPSLOCK"
 1479      4150 534C 
 1479      4F43 4B00 
 1480               	.LASF205:
 1481 0649 474E 5520 		.string	"GNU C99 8.4.0 -mn-flash=1 -mno-skip-bug -mmcu=avr5 -gdwarf-2 -Os -std=gnu99 -funsigned-ch
 1481      4339 3920 
 1481      382E 342E 
 1481      3020 2D6D 
 1481      6E2D 666C 
 1482               	.LASF85:
 1483 0731 4B43 5F44 		.string	"KC_DELETE"
 1483      454C 4554 
 1483      4500 
 1484               	.LASF179:
 1485 073b 4B43 5F52 		.string	"KC_RSHIFT"
 1485      5348 4946 
 1485      5400 
 1486               	.LASF6:
 1487 0745 6C6F 6E67 		.string	"long unsigned int"
 1487      2075 6E73 
 1487      6967 6E65 
 1487      6420 696E 
 1487      7400 
 1488               	.LASF196:
 1489 0757 6E6F 5F67 		.string	"no_gui"
 1489      7569 00
 1490               	.LASF67:
 1491 075e 4B43 5F46 		.string	"KC_F1"
 1491      3100 
 1492               	.LASF68:
 1493 0764 4B43 5F46 		.string	"KC_F2"
 1493      3200 
 1494               	.LASF69:
 1495 076a 4B43 5F46 		.string	"KC_F3"
 1495      3300 
 1496               	.LASF70:
 1497 0770 4B43 5F46 		.string	"KC_F4"
 1497      3400 
 1498               	.LASF71:
 1499 0776 4B43 5F46 		.string	"KC_F5"
 1499      3500 
 1500               	.LASF72:
 1501 077c 4B43 5F46 		.string	"KC_F6"
 1501      3600 
 1502               	.LASF73:
 1503 0782 4B43 5F46 		.string	"KC_F7"
 1503      3700 
 1504               	.LASF74:
 1505 0788 4B43 5F46 		.string	"KC_F8"
 1505      3800 
 1506               	.LASF75:
 1507 078e 4B43 5F46 		.string	"KC_F9"
 1507      3900 
 1508               	.LASF194:
 1509 0794 7377 6170 		.string	"swap_lalt_lgui"
 1509      5F6C 616C 
 1509      745F 6C67 
 1509      7569 00
 1510               	.LASF60:
 1511 07a3 4B43 5F53 		.string	"KC_SCOLON"
 1511      434F 4C4F 
 1511      4E00 
 1512               	.LASF91:
 1513 07ad 4B43 5F55 		.string	"KC_UP"
 1513      5000 
 1514               	.LASF137:
 1515 07b3 4B43 5F5F 		.string	"KC__VOLUP"
 1515      564F 4C55 
 1515      5000 
 1516               	.LASF128:
 1517 07bd 4B43 5F53 		.string	"KC_SELECT"
 1517      454C 4543 
 1517      5400 
 1518               	.LASF168:
 1519 07c7 4B43 5F53 		.string	"KC_SEPARATOR"
 1519      4550 4152 
 1519      4154 4F52 
 1519      00
 1520               	.LASF1:
 1521 07d4 756E 7369 		.string	"unsigned char"
 1521      676E 6564 
 1521      2063 6861 
 1521      7200 
 1522               	.LASF165:
 1523 07e2 4B43 5F43 		.string	"KC_CLEAR"
 1523      4C45 4152 
 1523      00
 1524               	.LASF65:
 1525 07eb 4B43 5F53 		.string	"KC_SLASH"
 1525      4C41 5348 
 1525      00
 1526               	.LASF96:
 1527 07f4 4B43 5F4B 		.string	"KC_KP_PLUS"
 1527      505F 504C 
 1527      5553 00
 1528               	.LASF173:
 1529 07ff 4B43 5F45 		.string	"KC_EXSEL"
 1529      5853 454C 
 1529      00
 1530               	.LASF180:
 1531 0808 4B43 5F52 		.string	"KC_RALT"
 1531      414C 5400 
 1532               	.LASF182:
 1533 0810 6869 645F 		.string	"hid_keyboard_keypad_usage"
 1533      6B65 7962 
 1533      6F61 7264 
 1533      5F6B 6579 
 1533      7061 645F 
 1534               	.LASF0:
 1535 082a 7369 676E 		.string	"signed char"
 1535      6564 2063 
 1535      6861 7200 
 1536               	.LASF58:
 1537 0836 4B43 5F42 		.string	"KC_BSLASH"
 1537      534C 4153 
 1537      4800 
 1538               	.LASF84:
 1539 0840 4B43 5F50 		.string	"KC_PGUP"
 1539      4755 5000 
 1540               	.LASF204:
 1541 0848 6B65 7963 		.string	"keycode"
 1541      6F64 6500 
 1542               	.LASF86:
 1543 0850 4B43 5F45 		.string	"KC_END"
 1543      4E44 00
 1544               	.LASF87:
 1545 0857 4B43 5F50 		.string	"KC_PGDOWN"
 1545      4744 4F57 
 1545      4E00 
 1546               	.LASF185:
 1547 0861 4D4F 445F 		.string	"MOD_LSFT"
 1547      4C53 4654 
 1547      00
 1548               	.LASF190:
 1549 086a 4D4F 445F 		.string	"MOD_RALT"
 1549      5241 4C54 
 1549      00
 1550               	.LASF195:
 1551 0873 7377 6170 		.string	"swap_ralt_rgui"
 1551      5F72 616C 
 1551      745F 7267 
 1551      7569 00
 1552               		.text
 1553               		.section	.gnu.lto_.profile.59ac3357,"",@progbits
 1554 0000 789C 6367 		.string	"x\234cg`f`d"
 1554      6066 6064 
 1554      00
 1555 0009 0200      		.string	"\002"
 1556 000b 00        		.string	""
 1557 000c 6200      		.string	"b"
 1558 000e 0C        		.ascii	"\f"
 1559               		.text
 1560               		.section	.gnu.lto_.icf.59ac3357,"",@progbits
 1561 0000 789C 6367 		.string	"x\234cg`f\340c@"
 1561      6066 E063 
 1561      4000 
 1562 000a 2686 5773 		.string	"&\206Ws\227\234\342g\372sh\311^\026\006"
 1562      979C E267 
 1562      FA73 68C9 
 1562      5E16 0600 
 1563 001a 310C 0644 		.ascii	"1\f\006D"
 1564               		.text
 1565               		.section	.gnu.lto_.jmpfuncs.59ac3357,"",@progbits
 1566 0000 789C 6367 		.string	"x\234cg`f\020b@"
 1566      6066 1062 
 1566      4000 
 1567 000a 2606 4646 		.string	"&\006FF\306\372\231\314\fL\020\232\221\001"
 1567      C6FA 99CC 
 1567      0C4C 109A 
 1567      9101 00
 1568 0019 16AE 025E 		.ascii	"\026\256\002^"
 1569               		.text
 1570               		.section	.gnu.lto_.inline.59ac3357,"",@progbits
 1571 0000 789C 5591 		.ascii	"x\234U\221;K\003A\024\205\317\331Gv!\272l!V\026i\265\023\264"
 1571      3B4B 0341 
 1571      1485 CFD9 
 1571      4776 21BA 
 1571      6C21 5616 
 1572 0018 B010 FC29 		.ascii	"\260\020\374)\202Yb\347?\220Q\020S\004$6*\230B[\013\033\tb\036"
 1572      8259 62E7 
 1572      3F90 5110 
 1572      5304 2436 
 1572      2A98 425B 
 1573 0031 4613 6D44 		.ascii	"F\023mD\020\033A\024\3047\251B\032\013-\274\273\223\035q80g\276"
 1573      101B 4114 
 1573      C437 A942 
 1573      1A0B 2DBC 
 1573      BB93 1D71 
 1574 0049 B9F7 CEE5 		.ascii	"\271\367\316\345\216\007\033Y\013f\211\375\204Rj\333]\3440\302"
 1574      8E07 1B59 
 1574      0B66 89FD 
 1574      8452 6ADB 
 1574      5DE4 30C2 
 1575 005d A5B2 CD72 		.ascii	"\245\262\315r\255\267n\025\355\035\033\034g\215c\320\270\322"
 1575      ADB7 6E15 
 1575      ED1D 1B1C 
 1575      678D 63D0 
 1575      B8D2 
 1576 006f AD1C 381A 		.ascii	"\255\0348\032O\260n\360n\343\260D\215'\3310\370\350\352\241\223"
 1576      4FB0 6EF0 
 1576      6EE3 B044 
 1576      8D27 D930 
 1576      F8E8 EAA1 
 1577 0084 D178 9A4D 		.ascii	"\321x\232M\203\373\345\275\257A\221\031\236\032\274\366\323\337"
 1577      83FB E5BD 
 1577      AF41 9119 
 1577      9E1A BCF6 
 1577      D3DF 
 1578 0096 CF6A BC4A 		.ascii	"\317j\274J\266\f\257\227\276\217\007U\236\310\263\277G\037{U"
 1578      B60C AF97 
 1578      BE8F 0755 
 1578      9EC8 B3BF 
 1578      471F 7B55 
 1579 00aa 4FF3 67F2 		.ascii	"O\363g\362\334\360\366\365[3\320\374\205l\033\336\275\277\271"
 1579      DCF0 F6F5 
 1579      5B33 D0FC 
 1579      856C 1BDE 
 1579      BDBF B9
 1580 00bd 1BD2 FC95 		.ascii	"\033\322\374\225\354\030~r[-\272\232\277\223\027\2067\26767l"
 1580      EC18 7E72 
 1580      5B2D BA9A 
 1580      BF93 1786 
 1580      37B7 3637 
 1581 00d2 CD3F C8CB 		.ascii	"\315?\310\313\204\023\b\200\025\231\3252\220\221M9\013\226\314"
 1581      8413 0880 
 1581      1599 D532 
 1581      9091 4D39 
 1581      0B96 CC
 1582 00e5 6F2A B699 		.ascii	"o*\266\231\274\f\221\030\025\333r#5\007Q\020_xy\225\203(L\022"
 1582      BC0C 9118 
 1582      15DB 7223 
 1582      3507 5110 
 1582      5F78 7995 
 1583 00fd 2215 4294 		.ascii	"\"\025B\224\206\371\020\245a\016D\351\215\005\221\237\344\344"
 1583      86F9 10A5 
 1583      610E 44E9 
 1583      8D05 919F 
 1583      E4E4 
 1584 010f 5B84 6870 		.ascii	"[\204hp\310!\227\332\020aj}\370\251u\340\350\177\235\215Ky\005"
 1584      C821 97DA 
 1584      1061 6A7D 
 1584      F8A9 75E0 
 1584      E87F 9D8D 
 1585 0126 4AAA B46E 		.ascii	"J\252\264n\317'm\026\376\265>\022[7\322\031\370\005;\223\213"
 1585      CF27 6D16 
 1585      FEB5 3E12 
 1585      5B37 D219 
 1585      F805 3B93 
 1586 013b 96        		.ascii	"\226"
 1587               		.text
 1588               		.section	.gnu.lto_.pureconst.59ac3357,"",@progbits
 1589 0000 789C 6367 		.string	"x\234cg`f`g```bhaaja\001"
 1589      6066 6067 
 1589      6060 6062 
 1589      6861 616A 
 1589      6101 00
 1590 0013 04B0 0126 		.ascii	"\004\260\001&"
 1591               		.text
 1592               		.section	.gnu.lto_keycode_config.59ac3357,"",@progbits
 1593 0000 789C 8D98 		.string	"x\234\215\230\333S\024W\036\307\373w\272\347~\3436\003\f\r3\214Z+Vm\2664\233\207\274l\355
 1593      DB53 1457 
 1593      1EC7 FB77 
 1593      BAE7 7EE3 
 1593      3603 0C0D 
 1594 007d 2B04 208A 		.string	"+\004 \212\242\374\326\026\265\023w\244\347F\267ER\354\262v\rk\3272\355\032\324\256\242v\
 1594      A2FC D616 
 1594      B513 77A4 
 1594      E746 B745 
 1594      52EC B276 
 1595 015a EA9D 6207 		.string	"\352\235b\007\341s\"J\026\253\315\356p\272\334\036\257/'7/\277\300\037(,*\016\226\310\245
 1595      E173 224A 
 1595      16AB CDEE 
 1595      70BA DC1E 
 1595      AF2F 2737 
 1596 01e2 A760 B580 		.string	"\247`\265\200\232{\207\336\356\360X%\354\036;M\200U"
 1596      9A7B 87DE 
 1596      EEF0 5825 
 1596      EC1E 3B4D 
 1596      8055 00
 1597 01f5 7A73 70C8 		.string	"zsp\310\222P\336.lV\022\243]p\343w\277"
 1597      9250 DE2E 
 1597      6C56 12A3 
 1597      5D70 E377 
 1597      BF00 
 1598 0207 2AA4 83A0 		.ascii	"*\244\203\240A\304 a\260`\260b\260a\260cp`pbpapc\360`\360b\360"
 1598      41C4 2061 
 1598      B060 B062 
 1598      B061 B063 
 1598      7060 7062 
 1599 0224 61C8 C190 		.ascii	"a\310\301\220\213!\017C>\206\002\f~\f\001\f\205\030\2120\024"
 1599      8B21 0F43 
 1599      3E86 020C 
 1599      7E0C 010C 
 1599      8518 8A30 
 1600 0239 6308 6228 		.ascii	"c\bb(\301 c(\305P\206!\204!\214\241\034C\004\303\n\f+\221s\025"
 1600      C120 6328 
 1600      C550 8621 
 1600      8421 8CA1 
 1600      1C43 04C3 
 1601 0253 30CA 1A51 		.ascii	"0\312\032Q\250\244\263$\201\222\020jE\022U\357\253\022\302}P"
 1601      A8A4 B324 
 1601      8192 106A 
 1601      4512 55EF 
 1601      AB12 C27D 
 1602 0268 BE9C A950 		.ascii	"\276\234\251P\221'\241\223\326\321\273\230\270\212\232\362\270"
 1602      9127 A193 
 1602      D6D1 BB98 
 1602      B88A 9AF2 
 1602      B8
 1603 0279 3E95 70C4 		.ascii	">\225p\304`G\264ZQ\366,4\026\267S`\241\2259\364\035\304\2006"
 1603      6047 B45A 
 1603      51F6 2C34 
 1603      16B7 5360 
 1603      A195 39F4 
 1604 0291 693E FE64 		.ascii	"i>\376d3\301I#PA\213\257\243\307\252li\305^/\025\300ijw\253\210"
 1604      33C1 4923 
 1604      5041 8BAF 
 1604      A3C7 AA6C 
 1604      69C5 5E2F 
 1605 02ac 66C2 19A6 		.ascii	"f\302\031\246\351\230\352\350\221\230\006\247\356\320\203\272"
 1605      E998 EAE8 
 1605      9198 06A7 
 1605      EED0 83BA 
 1606 02bc 794F 5AF3 		.ascii	"yOZ\363H\325\234U5\0045\347\230f\327\311\203\365\3004ki\361\362"
 1606      48D5 9C55 
 1606      3504 35E7 
 1606      9866 D7C9 
 1606      83F5 C034 
 1607 02d4 E4AE 6F20 		.ascii	"\344\256o \2559\242j\316\253\032\034\034\374\207i\376}q\364\254"
 1607      AD39 A26A 
 1607      CEAB 1A1C 
 1607      1CFC 8769 
 1607      FE7D 71F4 
 1608 02e9 9569 DEA3 		.ascii	"\225i\336\243\305x\364V\275/\255\371\301\203\232~U#\241\346\002"
 1608      C578 F456 
 1608      BD2F ADF9 
 1608      C183 9A7E 
 1608      5523 A1E6 
 1609 02fe D33C 6BDE 		.ascii	"\323<k\336;\247\215\355}\344\031\254<\340Mk\236\002j\006T\215"
 1609      3BA7 8DED 
 1609      7DE4 19AC 
 1609      3CE0 4D6B 
 1609      9E02 6A06 
 1610 0314 0535 1799 		.ascii	"\0055\027\231"
 1611 0318 A6E6 F5B3 		.string	"\246\346\365\263/]LS\211\345}O\242\013\326\264\350'U4\270(\272\304D'\352\347\277\321\0067
 1611      2F5D 4C53 
 1611      89E5 7D4F 
 1611      A20B D6B4 
 1611      E827 5534 
 1612 0419 493C 2E68 		.ascii	"I<.h\346\372\221\227\322\272\177\321M\243\204\351\316\202Q\350"
 1612      E6FA 9197 
 1612      D2BA 7FD1 
 1612      4DA3 84E9 
 1612      CE82 51E8 
 1613 042d 0278 5786 		.ascii	"\002xW\206\2654\013\267a\035}ZU\333f`O#\354\201\035\337\317\327"
 1613      B534 0BB7 
 1613      611D 7D5A 
 1613      55DB 6660 
 1613      4F23 EC81 
 1614 0445 7AF0 8122 		.ascii	"z\360\201\"\210\360?\332\3178T?<s\226h\215h\213m\321;\343n\326"
 1614      88F0 3FDA 
 1614      CF38 543F 
 1614      3C73 9668 
 1614      8D68 8B6D 
 1615 045e 4280 3BDA 		.ascii	"B\200;\332\221V+J[n\357u\244\367\346\302\005U\240&,<u\317\200"
 1615      9156 2B4A 
 1615      5B6E EF75 
 1615      A4F7 E6C2 
 1615      0555 A026 
 1616 0477 866D 55DB 		.ascii	"\206mU\333\035\234\342\260+\3303\304\2548\307x\316\304BM\243"
 1616      1D9C E2B0 
 1616      2BD8 33C4 
 1616      AC38 C778 
 1616      CEC4 424D 
 1617 048c 6DED 4104 		.ascii	"m\355A\004\335\223\242i\033\334\245\250\333\325]O\323\311\376"
 1617      DD93 A269 
 1617      1BDC A5A8 
 1617      DBD5 5D4F 
 1617      D3C9 FE
 1618 049f BA6A 91F9 		.ascii	"\272j\221\371\260g?\340\300\357\301Z\335\210q\203\021\022\033"
 1618      B067 3FE0 
 1618      C0EF C15A 
 1618      DD88 7183 
 1618      1112 1B
 1619 04b2 C274 DDCD 		.ascii	"\302t\335\315\224\3040\201\256'\203\021\022Gn}s\344Py\232\374"
 1619      94C4 3081 
 1619      AE27 8311 
 1619      1247 6E7D 
 1619      73E4 5079 
 1620 04c8 F832 4496 		.ascii	"\3702D\226\254\210\036\230\023M\230\023M2\242w\221\350\241\201"
 1620      AC88 1E98 
 1620      134D 9813 
 1620      4D32 A277 
 1620      91E8 A181 
 1621 04dc 0887 9089 		.ascii	"\b\207\220\211`\345\020l\303\243#\3764\302\251\001\242!\320."
 1621      60E5 106C 
 1621      C3A3 23FE 
 1621      34C2 A901 
 1621      A221 D02E 
 1622 04f0 462C ACB5 		.ascii	"F,\254\265\215\271\242\377\303\023!\007\036\245\273\274\257u"
 1622      8DB9 A2FF 
 1622      C313 2107 
 1622      1EA5 BBBC 
 1622      AF75 
 1623 0502 69E3 BAB4 		.ascii	"i\343\272\264\327\304\007m\351.\247\007\026\327\203\203_\017"
 1623      D7C4 076D 
 1623      E92E A707 
 1623      16D7 8383 
 1623      5F0F 
 1624 0514 73E9 F560 		.ascii	"s\351\365`c\333`\031\367\354Y\2717e\356\336\264\271{\217\271"
 1624      63DB 6019 
 1624      F7EC 59B9 
 1624      3765 EEDE 
 1624      B4B9 7B8F 
 1625 0529 F5F0 83C1 		.ascii	"\365\360\203\301=\007\033\302\323\3355\257DF.\301\217F3\035\034"
 1625      3D07 1BC2 
 1625      D3DD 35AF 
 1625      4446 2EC1 
 1625      8F46 331D 
 1626 053e B933 F6ED 		.ascii	"\2713\366\355h\211\276\023\2263\323I\273\314t\317\311\365\341"
 1626      6889 BE13 
 1626      9633 D349 
 1626      BBCC 74CF 
 1626      C9F5 E1
 1627 0551 3A92 1AD1 		.ascii	":\222\032\321wS\317\305E\367\334\274{\307.j\356\331\331\332\233"
 1627      7753 CFC5 
 1627      45F7 DCBC 
 1627      7BC7 2E6A 
 1627      EED9 D9DA 
 1628 0566 CE74 CF95 		.ascii	"\316t\317\225\225{3\346\356=1w\357)\347\3363\203{n:\204L\273"
 1628      957B 33E6 
 1628      EE3D 3177 
 1628      EF29 E7DE 
 1628      3383 7B6E 
 1629 057e DC1C AA87 		.ascii	"\334\034\252\207\337>\223\313 x\262B\2305Gxn\216\360\023\267"
 1629      DF3E 93CB 
 1629      2078 B242 
 1629      9835 4778 
 1629      6E8E F013 
 1630 0593 7D5E 1810 		.ascii	"}^\030\020\274t\b\231\333\307\313!x+;\233\203i\204Y\035\201v"
 1630      BC74 0899 
 1630      DBC7 CB21 
 1630      782B 3B9B 
 1630      8369 8459 
 1631 05aa D1AE CDB8 		.ascii	"\321\256\315\270\017mxd\354\303\307\365\341k\350\033w\247\373"
 1631      0F6D 7864 
 1631      ECC3 C7F5 
 1631      E16B E81B 
 1631      77A7 FB
 1632 05bd 98E3 663C 		.ascii	"\230\343f<\207\237\361}\365\305l\306\035j\273\257\352K3\354\312"
 1632      879F F17D 
 1632      F5C5 6CC6 
 1632      1D6A BBAF 
 1632      EA4B 33EC 
 1633 05d2 C9CA AE39 		.ascii	"\311\312\2569s\273^\232\333\365\212\263+e\260+\227\rA\377\245"
 1633      73BB 5E9A 
 1633      DBF5 8AB3 
 1633      2B65 B02B 
 1633      970D 41FF 
 1634 05e7 2C02 8179 		.ascii	",\002\201y#y.G\236\313\357\227\236\372\212E\242_\262\306yY\021"
 1634      2379 2E47 
 1634      9ECB EF97 
 1634      9EFA 8A45 
 1634      A25F B2C6 
 1635 05fe BDFE 39A2 		.ascii	"\275\3769\242n\202Do~\216\350\250J\364\226[\303\013\006\242|"
 1635      6E82 446F 
 1635      7E8E E8A8 
 1635      4AF4 965B 
 1635      C30B 06A2 
 1636 0613 3A84 CCED 		.ascii	":\204\314\355\232\317!\344\361\333\365\230\206\200\211|~\362"
 1636      9ACF 21E4 
 1636      F1DB F598 
 1636      8680 897C 
 1636      7EF2 
 1637 0625 C6D3 93E7 		.ascii	"\306\323\223\347dk}\231\311+\310\nU!\246\223\027%\246\223WI\026"
 1637      646B 7D99 
 1637      C92B C80A 
 1637      5521 A693 
 1637      1725 A693 
 1638 063c 51AB C852 		.ascii	"Q\253\310RT?\033\302\236\276\2066\355\260\263C51"
 1638      543F 1BC2 
 1638      9EBE 8636 
 1638      EDB0 B343 
 1638      3531 
 1639 064e 4C9E 9F23 		.string	"L\236\237#/\340'oZ\237<\356\260\013\320.3\335\013p}\370y\367\3468\367\002K\226~\203\346\2
 1639      2FE0 276F 
 1639      5A9F 3CEE 
 1639      B00B D02E 
 1639      33DD 0B70 
 1640 074f 7123 7A39 		.ascii	"q#z9\207\036\342\321Oq\350a\036}:\215N\330\007\215e\320#Y\241"
 1640      871E E2D1 
 1640      4F71 E861 
 1640      1E7D 3A8D 
 1640      4ED8 078D 
 1641 0768 EF34 47DF 		.ascii	"\3574G\337e\216\336\301\241w\032\320W\320!d\242\256\340P\313"
 1641      658E DEC1 
 1641      A177 1AD0 
 1641      57D0 2164 
 1641      A2AE E050 
 1642 077d 79D4 590E 		.ascii	"y\324Y\0165\322\177\377\301\202\310XA\375\004\363\030\210\020"
 1642      35D2 7FFF 
 1642      C182 C858 
 1642      41FD 04F3 
 1642      1888 10
 1643 0790 1357 D2EC 		.ascii	"\023W\322\354sX\211\237\n\244T\223\034\023W\211\275\333\003\370"
 1643      7358 899F 
 1643      0AA4 5493 
 1643      1C13 5789 
 1643      BDDB 03F8 
 1644 07a4 8DC2 126F 		.ascii	"\215\302\022o\221\371w^B_0w\023\331\026o+\303\327}{\262MF\225"
 1644      91F9 775E 
 1644      425F 3077 
 1644      13D9 166F 
 1644      2BC3 D77D 
 1645 07bd 351E 0B60 		.ascii	"5\036\013`\2753\036W\353]\311\270\214\337\020\034\361\235\001"
 1645      BD33 1E57 
 1645      EB5D C9B8 
 1645      8CDF 101C 
 1645      F19D 01
 1646 07d0 BCBA 533B 		.ascii	"\274\272S;\325v\236\2012l\346\353\016a+oj\267\252\312M\335\033"
 1646      D576 9E81 
 1646      326C E6EB 
 1646      0E61 2B6F 
 1646      6AB7 AACA 
 1647 07e7 13F1 F53C 		.ascii	"\023\361\365<\257w<!\342\027\201\234\324\370\030\301TAj\202\245"
 1647      AF77 3C21 
 1647      E217 819C 
 1647      D4F8 18C1 
 1647      5441 6A82 
 1648 07fc FCBD 9334 		.ascii	"\374\275\2234E\337\373\363S\2234Eo\002\311)\326\270\260\373#"
 1648      45DF FBF3 
 1648      5393 3445 
 1648      6F02 C929 
 1648      D6B8 B0FB 
 1649 0811 6C5A BC75 		.ascii	"lZ\274u#6,J\376H\363\247A.\351\235\241\371~\220\203\251\031Z"
 1649      2336 2C4A 
 1649      FE48 F3A7 
 1649      412E E99D 
 1649      A1F9 7E90 
 1650 0829 436F 4A93 		.ascii	"CoJ\223\317h\rM\311\361YZs\026\344Pj\226\326\234\007\271\254"
 1650      CF68 0D4D 
 1650      C9F1 595A 
 1650      7316 E450 
 1650      6A96 D69C 
 1651 0840 F705 ADA1 		.ascii	"\367\005\255\2417\345\3619ZCS\341\344\334\030}\001_E\266\376"
 1651      37E5 F139 
 1651      5A43 53E1 
 1651      E4DC 187D 
 1651      015F 45B6 
 1652 0855 5DA8 A1FD 		.ascii	"]\250\241\375\250\316\021A(\376\353\246?n\374t\323\307\277\372"
 1652      A8CE 1141 
 1652      28FE EBA6 
 1652      3F6E FC74 
 1652      D3C7 BFFA 
 1653 0869 E883 CF36 		.ascii	"\350\203\3176|\362\247\017\376\260\341\223\215\037\376\345\317"
 1653      7CF2 A70F 
 1653      FEB0 E193 
 1653      8D1F FEE5 
 1653      CF
 1654 087a EF6C 106C 		.ascii	"\357l\020lZM\320\230y\347\375\017\327\257\177o\375\257\327\t"
 1654      5A4D D098 
 1654      79E7 FD0F 
 1654      D7AF 7F6F 
 1654      FDAF D709 
 1655 088e FF07 4AA5 		.ascii	"\377\007J\245-\034"
 1655      2D1C 
 1656               		.text
 1657               		.section	.gnu.lto_mod_config.59ac3357,"",@progbits
 1658 0000 789C 8D56 		.string	"x\234\215V[oTU\024\336\353\\\346\234\2319\235\373\265L\333\341\336\360\200\002\372\200O$>
 1658      5B6F 5455 
 1658      14DE EB5C 
 1658      E69C 9939 
 1658      9DFB B54C 
 1659 0026 D188 C627 		.string	"\321\210\306'NKK\253\211\f\340\264\265 R\251\224Z\003E\2151-\002\203\240P\254\202\365B\25
 1659      4E4B 4BAB 
 1659      890C E0B4 
 1659      B520 52A9 
 1659      945A 0345 
 1660 00fd 7B32 7520 		.ascii	"{2u \233%YQ]\232\356\366x\215\n\237?\020\f\205#\321X<\001\233"
 1660      9B25 5951 
 1660      5D9A EEF6 
 1660      788D 0A9F 
 1660      3F10 0C85 
 1661 0117 E115 7987 		.ascii	"\341\025y\207\fWO\377z\333\273\244\3074"
 1661      0C57 4FFF 
 1661      7ADB BBA4 
 1661      C734 
 1662 0125 1BCC 5CFB 		.string	"\033\314\\\373\035\255\243\345\274)w\310\204\274.\023X\221\202\207S\204\376\301\021X\202\
 1662      1DAD A3E5 
 1662      BC29 77C8 
 1662      84BC 2E13 
 1662      5891 8287 
 1663 0226 C721 C522 		.string	"\307!\305\"\271\231\246m\332\262>\334\310\354\034\300\260\002'`?\354d\335\307\360\350\231
 1663      B999 A66D 
 1663      DAB2 3EDC 
 1663      C8EC 1CC0 
 1663      B002 2760 
 1664 0268 0A9C C27D 		.string	"\n\234\302}\362\320x\365\344\251B\022fl\257\277\2227x\006\201\317\200\333g\253L\017\265)\
 1664      F2D0 78F5 
 1664      E4A9 4212 
 1664      666C AFBF 
 1664      9237 7806 
 1665 02cd 7C8B BB00 		.string	"|\213\273"
 1666 02d1 6790 610C 		.string	"g\220a\f\032\3224\205N\023\323\030\303\324,\303\316\"C"
 1666      1AD2 3485 
 1666      4E13 D318 
 1666      C3D4 2CC3 
 1666      CE22 4300 
 1667 02e5 A3AC 66EB 		.string	"\243\254f\353\212"
 1667      8A00 
 1668 02eb 53A0 0EDF 		.string	"S\240\016\337\274\327\003\005\0053\231ZK}s\371\346\367\357\216\276-\363\315#0X\250\357\22
 1668      BCD7 0305 
 1668      0533 995A 
 1668      4B7D 73F9 
 1668      E6F7 EF8E 
 1669 0326 676D EA82 		.string	"gm\352\202\214\341@\326\241\236\020FY\017\255+BL\200V\342O\211\360\210\316\270>\314\252%j
 1669      8CE1 40D6 
 1669      A19E 1046 
 1669      590F AD2B 
 1669      424C 8056 
 1670 0352 7740 47B9 		.string	"w@G\271\022v\"\240\214\316\234A3\371T\374\020r\365\356\003\334L\267\230\343\343\254\325\0
 1670      1276 22A0 
 1670      8CCE 9C41 
 1670      33F9 54FC 
 1670      1072 F5EE 
 1671 0435 DB60 B7E6 		.ascii	"\333`\267\346\202\222\233\311g\361\342\214\323\354\342\224\304"
 1671      8292 9BC9 
 1671      67F1 E28C 
 1671      D3EC E294 
 1671      C4
 1672 0446 7E13 C5F9 		.ascii	"~\023\305\371\331ou\230U\002\243\254$\353\212\004\333\321o1\333"
 1672      D96F 7598 
 1672      5502 A3AC 
 1672      24EB 8A04 
 1672      DBD1 6F31 
 1673 045b 8156 ABD9 		.ascii	"\201V\253\331\026\342f\330\234\017&\007w\370\270Q\202\360m\271"
 1673      16E2 66D8 
 1673      9C0F 2607 
 1673      77F8 B851 
 1673      82F0 6DB9 
 1674 046f F716 3272 		.ascii	"\367\0262r^@\240\324{\357\265:\350Or\312\233\343\273\306\304"
 1674      5E40 A0D4 
 1674      7BEF B53A 
 1674      E84F 72CA 
 1674      9BE3 BBC6 
 1675 0484 4D34 0DF0 		.ascii	"M4\r\360\235M]\2221\3649\325S\211Q\207\233\250\222\t\b:x\317"
 1675      9D4D 5D92 
 1675      31F4 39D5 
 1675      5389 5187 
 1675      9BA8 9209 
 1676 049c C34F 76AB 		.ascii	"\303Ov\253\303M$\37478\262\273\333\317\247/\301\367\345\323w"
 1676      C34D 24FC 
 1676      3738 B2BB 
 1676      DBCF A72F 
 1676      C1F7 E5D3 
 1677 04b1 CD4E DF83 		.ascii	"\315N\337\203\352\rlL\302\267\253\227N\337\355\307\017\225\201"
 1677      EA0D 6C4C 
 1677      C2B7 AB97 
 1677      4EDF EDC7 
 1677      0F95 81
 1678 04c4 EBBD 74FA 		.ascii	"\353\275t\372!\313\364\217\267Z\247\277\b\205\330\247\277\250"
 1678      21CB F48F 
 1678      B75A A7BF 
 1678      0885 D8A7 
 1678      BFA8 
 1679 04d6 E426 0A5B 		.ascii	"\344&\n[\246\237w\352\336\034Jb\277y\346\360\263\356\324\255"
 1679      A69F 77EA 
 1679      DE1C 4A62 
 1679      BF79 E6F0 
 1679      B3EE D4AD 
 1680 04ea 1446 B1C2 		.ascii	"\024F\261\302\243?6\367\270x\205A\270`#H1\001\021\213\031&\312"
 1680      A33F 36F7 
 1680      B878 8541 
 1680      B860 2348 
 1680      3101 118B 
 1681 0501 CCB0 98EE 		.ascii	"\314\260\230\356m\233\376b\306\306\013\210\226N\377\206\223\376"
 1681      6D9B FE62 
 1681      C6C6 0B88 
 1681      964E FF86 
 1681      93FE 
 1682 0513 2AE4 4035 		.ascii	"*\344@5\007\006\206\366\212\351\377\0160b\223S\305\277\367\235"
 1682      0706 86F6 
 1682      8AE9 FF0E 
 1682      3062 9353 
 1682      C5BF F79D 
 1683 0527 EAA9 C6A8 		.ascii	"\352\251\306\250\303\315S\315\004\304\034\246\357\345g\311i\372"
 1683      C3CD 53CD 
 1683      04C4 1CA6 
 1683      EFE5 67C9 
 1683      69FA 
 1684 0539 1AFF 9932 		.ascii	"\032\377\2312<2\376\227\316{\023\200\213\345\323\327f\247\357"
 1684      3C32 FE97 
 1684      CE7B 1380 
 1684      8BE5 D3D7 
 1684      66A7 EF
 1685 054c 45F5 41EC 		.ascii	"E\365A\354D*<p\210N\337\023\301\017\325\321W\373\350\364\343"
 1685      442A 3C70 
 1685      884E DF13 
 1685      C10F D5D1 
 1685      57FB E8F4 
 1686 0561 96E9 77B5 		.ascii	"\226\351w\265\361\351\243\312\316\027\0132q\257\361\277\017\277"
 1686      F1E9 A3CA 
 1686      CE17 0B32 
 1686      71AF F1BF 
 1686      0FBF 
 1687 0573 ABD5 E569 		.ascii	"\253\325\345in\032\313Gy\3640\363_\267\243P\307Oa\333\254s\232"
 1687      6E1A CB47 
 1687      79F4 30F3 
 1687      5FB7 A350 
 1687      C74F 61DB 
 1688 058a 2F0A AD35 		.ascii	"/\n\25554\325>\371\032Vw\302\241n\203\177\377\266\361\272'Q\307"
 1688      34D5 3EF9 
 1688      1A56 77C2 
 1688      A16E 837F 
 1688      FFB6 F1BA 
 1689 05a1 F39C C960 		.ascii	"\363\234\311`\265\030\310\027\303\375k\342\003\037\\\003\374"
 1689      B518 C817 
 1689      C3FD 6BE2 
 1689      031F 5C03 
 1689      FC
 1690 05b2 BD09 9C43 		.ascii	"\275\t\234C\"$\371\334\246\2476\274\260i\375C\317\326\275\274"
 1690      2224 F9DC 
 1690      A6A7 36BC 
 1690      B069 FD43 
 1690      CFD6 BDBC 
 1691 05c6 66E3 DABA 		.ascii	"f\343\332\272'\327l\334\260\356\231\247\227\256!\362\372\215"
 1691      27D7 6CDC 
 1691      B0EE 99A7 
 1691      97AE 21F2 
 1691      FA8D 
 1692 05d8 6B2B CBDF 		.ascii	"k+\313\337.]\271n\365\352GW?\262\234\374\007\321\217\353\037"
 1692      2E5D B96E 
 1692      F5EA 4757 
 1692      3FB2 9CFC 
 1692      07D1 8FEB 
 1693               		.text
 1694               		.section	.gnu.lto_.symbol_nodes.59ac3357,"",@progbits
 1695 0000 789C 6367 		.string	"x\234cg`f\260f"
 1695      6066 B066 
 1695      00
 1696 0009 0226 867A 		.string	"\002&\206z\206\246\206\206\006\026\306\t\347\030\200l\206]\r\216\f\214@\tV&\006\005\220<c
 1696      86A6 8686 
 1696      0616 C609 
 1696      E718 806C 
 1696      865D 0D8E 
 1697 002e 8C5E 0C31 		.ascii	"\214^\f1"
 1698               		.text
 1699               		.section	.gnu.lto_.refs.59ac3357,"",@progbits
 1700 0000 789C 0DC9 		.string	"x\234\r\311\241\022@@"
 1700      A112 4040 
 1700      00
 1701 0009 06E1 DD33 		.ascii	"\006\341\3353F\020\256\252\202j\206$\335\273\013\252$I\036\305"
 1701      4610 AEAA 
 1701      826A 8624 
 1701      DDBB 0BAA 
 1701      2449 1EC5 
 1702 001d 3FB3 5FDA 		.ascii	"?\263_\332\201\216\006T\260\307\021+N8\343\202+\356x\340\231"
 1702      818E 0654 
 1702      B0C7 112B 
 1702      4E38 E382 
 1702      2BEE 78E0 
 1703 0032 7DC5 1D4F 		.ascii	"}\305\035O\274\361Q\n\246\215\037\253H\006\227"
 1703      BCF1 510A 
 1703      A68D 1FAB 
 1703      4806 97
 1704               		.text
 1705               		.section	.gnu.lto_.decls.59ac3357,"",@progbits
 1706 0000 789C 7D56 		.ascii	"x\234}V]LTG\024\236sgY\226\205\005\203\264A\335&&\262\246&F\321"
 1706      5D4C 5447 
 1706      149E 7367 
 1706      5996 8505 
 1706      83B4 41DD 
 1707 001b 5653 D387 		.ascii	"VS\323\207\266\332\244}j\2324>\364\245\233eE1\254\254\205E\343"
 1707      B6DA A47D 
 1707      6A9A 343E 
 1707      F4A5 9B65 
 1707      4531 ACAC 
 1708 0032 DB45 58A0 		.ascii	"\333EX\240\326\250P\013\0060\254E\021\305Zj\322\372C\325\225"
 1708      D6A8 500B 
 1708      0630 AC45 
 1708      11C5 5A6A 
 1708      D2FA 43D5 
 1709 0047 02E2 0FC8 		.ascii	"\002\342\017\310\237\210\212\242@A\251BUD\001\201\236\231\271"
 1709      9F88 8AA2 
 1709      4041 A942 
 1709      5544 0181 
 1709      9E99 B9
 1710 005a 77F7 4277 		.ascii	"w\367Bw{\303\331{\317\234\357|\347\233\231s\347\022J(\371\306"
 1710      7BC3 D97B 
 1710      CF9C EF7C 
 1710      E79B 9973 
 1710      E712 4A28 
 1711 0070 4888 1508 		.ascii	"H\210\025\b\031!\204L\343E\361\336\202&\241\325\240\325\023q"
 1711      1921 844C 
 1711      E345 F1DE 
 1711      8226 A1D5 
 1711      A0D5 1371 
 1712 0084 31FF 1ADA 		.ascii	"1\377\032\332\r4\204\223q2\363*\304A\003\336\243\321b\224\\3"
 1712      0D34 8493 
 1712      7132 F32A 
 1712      C441 03DE 
 1712      A3D1 6294 
 1713 009a 5A12 DA04 		.ascii	"Z\022\332\004\332\030\332\200\222\373R\2713>\023\332\033\264"
 1713      DA18 DA80 
 1713      92FB 52B9 
 1713      333E 13DA 
 1713      1BB4 
 1714 00ac 49B4 29A6 		.ascii	"I\264)\246\201\210 \240Ih\024M\207\026\202\246G\013\205\377\326"
 1714      8188 20A0 
 1714      4968 144D 
 1714      8716 82A6 
 1714      470B 85FF 
 1715 00c1 2E65 7145 		.ascii	".eqE\253\371\177\352\005\323\236G\241\265\370\370\230.\227\302"
 1715      ABF9 7FEA 
 1715      05D3 9E47 
 1715      A1B5 F8F8 
 1715      982E 97C2 
 1716 00d5 D746 C035 		.ascii	"\327F\3005\300\201}\031\335\275\021b\200\305\317\f\\:\246\243"
 1716      C081 7D19 
 1716      DDBD 1162 
 1716      80C5 CF0C 
 1716      5C3A A6A3 
 1717 00e9 127F 3E5F 		.ascii	"\022\177>_v\344\242!\376\244,.\303\207\004\316\003\345Dq\341"
 1717      76E4 A221 
 1717      FEA4 2C2E 
 1717      C387 04CE 
 1717      03E5 4471 
 1718 00fe 2C7E 21EF 		.ascii	",~!\357n\277\221~\304\261W:\213\313\243\220&\332\b\022+\3239"
 1718      6EBF 917E 
 1718      C4B1 573A 
 1718      8BCB A390 
 1718      26DA 0812 
 1719 0115 306A 4037 		.ascii	"0j@7\306\bs\320\035\310v?\b1\346\312\362N\271Y\226\215\261\004"
 1719      C608 73D0 
 1719      1DC8 763F 
 1719      0831 E6CA 
 1719      F24E B959 
 1720 012d 2E81 19BC 		.ascii	".\201\031\274`&p\021x\355\013\020O\340\017\034\254f\2035`\304"
 1720      6026 7011 
 1720      78ED 0B10 
 1720      4FE0 0F1C 
 1720      AC66 8335 
 1721 0143 ACEC EA43 		.ascii	"\254\354\352C\367\230V3j\005\215T\263\220z"
 1721      F798 5633 
 1721      6A05 8D54 
 1721      B390 7A
 1722 0152 ACB4 A2D6 		.string	"\254\264\242\326D?\347\317\267\007\036\3563\210\002^\217\254\307\002\357\231!\036\231\352
 1722      443F E7CF 
 1722      B707 1EEE 
 1722      3388 025E 
 1722      8FAC C702 
 1723 0253 D33C 12C3 		.string	"\323<\022\303\301u\215\222\353\032%\327P\311\r\241\344V\036vW\026p-\356KO\216K4_8\215um\0
 1723      C175 8D92 
 1723      EB1A 25D7 
 1723      50C9 0DA1 
 1723      E456 1E76 
 1724 0347 5F43 3C26 		.ascii	"_C<&`.\254Tvs\271\231\017?\002\013t\001;\354\362\330\2567\313"
 1724      602E AC54 
 1724      7673 B999 
 1724      0F3F 020B 
 1724      7401 3BEC 
 1725 0360 A039 3C08 		.ascii	"\2409<\b\317\300"
 1725      CFC0 
 1726 0366 7D84 BF61 		.string	"}\204\277a\t<A\3500\3323\264!\264\347h\375h\377\240\r\242=E{\f\026\266\347e\274\203\352\3
 1726      093C 41E8 
 1726      30DA 33B4 
 1726      21B4 E768 
 1726      FD68 FFA0 
 1727 0467 9383 D738 		.string	"\223\203\3278\247 \363\303BEW\013v\207/>,{dv\200/\335y4\303[%\003\247o\026\364\032\2118B\
 1727      A720 F3C3 
 1727      4245 570B 
 1727      7687 2F3E 
 1727      2C7B 6476 
 1728 04ec 36CD 615D 		.string	"6\315a]\356\352!\225\355\316\202"
 1728      EEEA 2195 
 1728      EDCE 8200 
 1729 04f8 3059 6230 		.string	"0Yb0w\346\367%\221\n\254'S\206\265\263a\031\034v3\357\372\323(U[V"
 1729      77E6 F725 
 1729      910A AC27 
 1729      5386 B5B3 
 1729      6119 1C76 
 1730 0515 D84E 0EFB 		.string	"\330N\016\373\361P\317C\235\252\315\035"
 1730      F150 CF43 
 1730      9DAA CD1D 
 1730      00
 1731 0522 96C9 61D5 		.string	"\226\311a\325#\345\225\021*,;"
 1731      23E5 9511 
 1731      2A2C 3B00 
 1732 052e 2C8B C30A 		.ascii	",\213\303\n\252\013\367S\005V\023\033`\nn\016;\326\225\231\253"
 1732      AA0B F753 
 1732      0556 131B 
 1732      600A 6E0E 
 1732      3BD6 9599 
 1733 0543 5761 F302 		.ascii	"Wa\363\002\300\2629\2540\257\345\027u\335j\346\007\200\345Hq"
 1733      C0B2 39AC 
 1733      30AF E517 
 1733      75DD 6AE6 
 1733      0780 E548 
 1734 0558 24F6 DB74 		.ascii	"$\366\333t[\212+}\313\362\344\304\035v\347\206D\253\335\231\262"
 1734      5B8A 2B7D 
 1734      CBF2 E4C4 
 1734      1D76 E786 
 1734      44AB DD99 
 1735 056d 71F3 A665 		.ascii	"q\363\246ev\303g_\254_\270n\315\0322\177vd\331\232\215\t\t\253"
 1735      76C3 675F 
 1735      AC5F B86E 
 1735      CD1A 327F 
 1735      7664 D99A 
 1736 0585 12DE 5F49 		.ascii	"\022\336_I\f\351\233S\\+V[]\241\354\341\003\253+r&v^0rb\334\342"
 1736      0CE9 9B53 
 1736      5C2B 565B 
 1736      5DA1 ECE1 
 1736      03AB 2B72 
 1737 05a1 DCA0 7826 		.ascii	"\334\240x&\fn\261mU<\232j\333\036b]\353t:\"\323\266\343h\252"
 1737      0C6E B16D 
 1737      553C 9A6A 
 1737      DB1E 625D 
 1737      EB74 3A22 
 1738 05ba DDE5 B0A6 		.ascii	"\335\345\260\246nJ\337,\\\007s\035\350\352R\222S\235\261|,\301"
 1738      6E4A DF2C 
 1738      5C07 731D 
 1738      E8EA 5292 
 1738      539D B17C 
 1739 05d0 664F 4E73 		.ascii	"fONs\330\322\222\304\323V\233=Q\2007\245\332\266%Z\023\323\354"
 1739      D8D2 92C4 
 1739      D356 9B3D 
 1739      5180 37A5 
 1739      DAB6 255A 
 1740 05e7 FA14 A7D5 		.ascii	"\372\024\247\325G\221js\270\264\214\314e\214s\355\266\255i\016"
 1740      4791 6A73 
 1740      B8B4 8CCC 
 1740      658C 73ED 
 1740      B6AD 690E 
 1741 05fb A73D D9EA 		.ascii	"\247=\331\352r21\256T\247\343-\016Q\034\253\n\b6\255$\0225c."
 1741      7232 31AE 
 1741      54A7 E32D 
 1741      0E51 1CAB 
 1741      0A08 36AD 
 1742 0614 56D7 BF77 		.ascii	"V\327\277w\312cK"
 1742      CA63 4B
 1743               		.text
 1744               		.section	.gnu.lto_.symtab.59ac3357,"",@progbits
 1745 0000 6B65 7963 		.string	"keycode_config"
 1745      6F64 655F 
 1745      636F 6E66 
 1745      6967 00
 1746 000f 00        		.string	""
 1747 0010 00        		.string	""
 1748 0011 00        		.string	""
 1749 0012 00        		.string	""
 1750 0013 00        		.string	""
 1751 0014 00        		.string	""
 1752 0015 00        		.string	""
 1753 0016 00        		.string	""
 1754 0017 00        		.string	""
 1755 0018 00        		.string	""
 1756 0019 00        		.string	""
 1757 001a CB00      		.string	"\313"
 1758 001c 00        		.string	""
 1759 001d 00        		.string	""
 1760 001e 6D6F 645F 		.string	"mod_config"
 1760      636F 6E66 
 1760      6967 00
 1761 0029 00        		.string	""
 1762 002a 00        		.string	""
 1763 002b 00        		.string	""
 1764 002c 00        		.string	""
 1765 002d 00        		.string	""
 1766 002e 00        		.string	""
 1767 002f 00        		.string	""
 1768 0030 00        		.string	""
 1769 0031 00        		.string	""
 1770 0032 00        		.string	""
 1771 0033 00        		.string	""
 1772 0034 CF00      		.string	"\317"
 1773 0036 00        		.string	""
 1774 0037 00        		.string	""
 1775 0038 6B65 796D 		.string	"keymap_config"
 1775      6170 5F63 
 1775      6F6E 6669 
 1775      6700 
 1776 0046 00        		.string	""
 1777 0047 02        		.ascii	"\002"
 1778 0048 00        		.string	""
 1779 0049 00        		.string	""
 1780 004a 00        		.string	""
 1781 004b 00        		.string	""
 1782 004c 00        		.string	""
 1783 004d 00        		.string	""
 1784 004e 00        		.string	""
 1785 004f 00        		.string	""
 1786 0050 00        		.string	""
 1787 0051 FA00      		.string	"\372"
 1788 0053 00        		.string	""
 1789 0054 00        		.string	""
 1790               		.text
 1791               		.section	.gnu.lto_.opts,"",@progbits
 1792 0000 272D 666E 		.string	"'-fno-openmp' '-fno-openacc' '-fno-pie' '-mn-flash=1' '-mno-skip-bug' '-mmcu=avr5' '-Os' 
 1792      6F2D 6F70 
 1792      656E 6D70 
 1792      2720 272D 
 1792      666E 6F2D 
 1793               		.text
 1794               		.comm	__gnu_lto_v1,1,1
 1795               		.comm	__gnu_lto_slim,1,1
 1796               		.ident	"GCC: (GNU) 8.4.0"
DEFINED SYMBOLS
                            *ABS*:0000000000000000 keycode_config.c
C:\Users\gazed\AppData\Local\Temp\ccNMPzwD.s:2      *ABS*:000000000000003e __SP_H__
C:\Users\gazed\AppData\Local\Temp\ccNMPzwD.s:3      *ABS*:000000000000003d __SP_L__
C:\Users\gazed\AppData\Local\Temp\ccNMPzwD.s:4      *ABS*:000000000000003f __SREG__
C:\Users\gazed\AppData\Local\Temp\ccNMPzwD.s:5      *ABS*:0000000000000000 __tmp_reg__
C:\Users\gazed\AppData\Local\Temp\ccNMPzwD.s:6      *ABS*:0000000000000001 __zero_reg__
C:\Users\gazed\AppData\Local\Temp\ccNMPzwD.s:16     .gnu.debuglto_.debug_info:0000000000000000 keycode_config.c.9fbb5b42
                            *COM*:0000000000000001 __gnu_lto_v1
                            *COM*:0000000000000001 __gnu_lto_slim

NO UNDEFINED SYMBOLS
