   1               		.file	"timer.c"
   2               	__SP_H__ = 0x3e
   3               	__SP_L__ = 0x3d
   4               	__SREG__ = 0x3f
   5               	__tmp_reg__ = 0
   6               	__zero_reg__ = 1
   7               		.file 1 "c:\\program files\\qmk_msys\\mingw64\\avr\\include\\stdint.h"
   8               		.file 2 "tmk_core/common/avr/timer.c"
   9               		.file 3 "tmk_core/common/timer.h"
  10               		.file 4 "c:\\program files\\qmk_msys\\mingw64\\avr\\include\\util\\atomic.h"
  11               		.section	.gnu.debuglto_.debug_info,"",@progbits
  12               	.Ldebug_info0:
  13               		.hidden	timer.c.d84c4219
  14               		.weak	timer.c.d84c4219
  15               	timer.c.d84c4219:
  16 0000 0502 0000 		.long	0x205
  17 0004 0200      		.word	0x2
  18 0006 0000 0000 		.long	.Ldebug_abbrev0
  19 000a 04        		.byte	0x4
  20 000b 01        		.uleb128 0x1
  21 000c 0000 0000 		.long	.LASF20
  22 0010 0C        		.byte	0xc
  23 0011 0000 0000 		.long	.LASF21
  24 0015 0000 0000 		.long	.LASF22
  25 0019 0000 0000 		.long	.Ldebug_line0
  26 001d 02        		.uleb128 0x2
  27 001e 01        		.byte	0x1
  28 001f 06        		.byte	0x6
  29 0020 0000 0000 		.long	.LASF0
  30 0024 03        		.uleb128 0x3
  31 0025 0000 0000 		.long	.LASF2
  32 0029 01        		.byte	0x1
  33 002a 7E        		.byte	0x7e
  34 002b 16        		.byte	0x16
  35 002c 3500 0000 		.long	0x35
  36 0030 04        		.uleb128 0x4
  37 0031 2400 0000 		.long	0x24
  38 0035 02        		.uleb128 0x2
  39 0036 01        		.byte	0x1
  40 0037 08        		.byte	0x8
  41 0038 0000 0000 		.long	.LASF1
  42 003c 05        		.uleb128 0x5
  43 003d 02        		.byte	0x2
  44 003e 05        		.byte	0x5
  45 003f 696E 7400 		.string	"int"
  46 0043 03        		.uleb128 0x3
  47 0044 0000 0000 		.long	.LASF3
  48 0048 01        		.byte	0x1
  49 0049 80        		.byte	0x80
  50 004a 16        		.byte	0x16
  51 004b 4F00 0000 		.long	0x4f
  52 004f 02        		.uleb128 0x2
  53 0050 02        		.byte	0x2
  54 0051 07        		.byte	0x7
  55 0052 0000 0000 		.long	.LASF4
  56 0056 02        		.uleb128 0x2
  57 0057 04        		.byte	0x4
  58 0058 05        		.byte	0x5
  59 0059 0000 0000 		.long	.LASF5
  60 005d 03        		.uleb128 0x3
  61 005e 0000 0000 		.long	.LASF6
  62 0062 01        		.byte	0x1
  63 0063 82        		.byte	0x82
  64 0064 16        		.byte	0x16
  65 0065 6E00 0000 		.long	0x6e
  66 0069 06        		.uleb128 0x6
  67 006a 5D00 0000 		.long	0x5d
  68 006e 02        		.uleb128 0x2
  69 006f 04        		.byte	0x4
  70 0070 07        		.byte	0x7
  71 0071 0000 0000 		.long	.LASF7
  72 0075 02        		.uleb128 0x2
  73 0076 08        		.byte	0x8
  74 0077 05        		.byte	0x5
  75 0078 0000 0000 		.long	.LASF8
  76 007c 02        		.uleb128 0x2
  77 007d 08        		.byte	0x8
  78 007e 07        		.byte	0x7
  79 007f 0000 0000 		.long	.LASF9
  80 0083 07        		.uleb128 0x7
  81 0084 0000 0000 		.long	.LASF23
  82 0088 03        		.byte	0x3
  83 0089 25        		.byte	0x25
  84 008a 1A        		.byte	0x1a
  85 008b 6900 0000 		.long	0x69
  86 008f 01        		.byte	0x1
  87 0090 01        		.byte	0x1
  88 0091 08        		.uleb128 0x8
  89 0092 8300 0000 		.long	0x83
  90 0096 02        		.byte	0x2
  91 0097 1B        		.byte	0x1b
  92 0098 13        		.byte	0x13
  93 0099 09        		.uleb128 0x9
  94 009a 01        		.byte	0x1
  95 009b 0000 0000 		.long	.LASF24
  96 009f 02        		.byte	0x2
  97 00a0 85        		.byte	0x85
  98 00a1 01        		.byte	0x1
  99 00a2 01        		.byte	0x1
 100 00a3 0A        		.uleb128 0xa
 101 00a4 01        		.byte	0x1
 102 00a5 0000 0000 		.long	.LASF12
 103 00a9 02        		.byte	0x2
 104 00aa 77        		.byte	0x77
 105 00ab 11        		.byte	0x11
 106 00ac 01        		.byte	0x1
 107 00ad 5D00 0000 		.long	0x5d
 108 00b1 E600 0000 		.long	0xe6
 109 00b5 0B        		.uleb128 0xb
 110 00b6 0000 0000 		.long	.LASF14
 111 00ba 02        		.byte	0x2
 112 00bb 77        		.byte	0x77
 113 00bc 2A        		.byte	0x2a
 114 00bd 5D00 0000 		.long	0x5d
 115 00c1 0C        		.uleb128 0xc
 116 00c2 7400      		.string	"t"
 117 00c4 02        		.byte	0x2
 118 00c5 78        		.byte	0x78
 119 00c6 0E        		.byte	0xe
 120 00c7 5D00 0000 		.long	0x5d
 121 00cb 0D        		.uleb128 0xd
 122 00cc 0E        		.uleb128 0xe
 123 00cd 0000 0000 		.long	.LASF10
 124 00d1 02        		.byte	0x2
 125 00d2 7A        		.byte	0x7a
 126 00d3 05        		.byte	0x5
 127 00d4 2400 0000 		.long	0x24
 128 00d8 0E        		.uleb128 0xe
 129 00d9 0000 0000 		.long	.LASF11
 130 00dd 02        		.byte	0x2
 131 00de 7A        		.byte	0x7a
 132 00df 05        		.byte	0x5
 133 00e0 2400 0000 		.long	0x24
 134 00e4 00        		.byte	0
 135 00e5 00        		.byte	0
 136 00e6 0A        		.uleb128 0xa
 137 00e7 01        		.byte	0x1
 138 00e8 0000 0000 		.long	.LASF13
 139 00ec 02        		.byte	0x2
 140 00ed 6B        		.byte	0x6b
 141 00ee 11        		.byte	0x11
 142 00ef 01        		.byte	0x1
 143 00f0 4300 0000 		.long	0x43
 144 00f4 2901 0000 		.long	0x129
 145 00f8 0B        		.uleb128 0xb
 146 00f9 0000 0000 		.long	.LASF14
 147 00fd 02        		.byte	0x2
 148 00fe 6B        		.byte	0x6b
 149 00ff 28        		.byte	0x28
 150 0100 4300 0000 		.long	0x43
 151 0104 0C        		.uleb128 0xc
 152 0105 7400      		.string	"t"
 153 0107 02        		.byte	0x2
 154 0108 6C        		.byte	0x6c
 155 0109 0E        		.byte	0xe
 156 010a 5D00 0000 		.long	0x5d
 157 010e 0D        		.uleb128 0xd
 158 010f 0E        		.uleb128 0xe
 159 0110 0000 0000 		.long	.LASF10
 160 0114 02        		.byte	0x2
 161 0115 6E        		.byte	0x6e
 162 0116 05        		.byte	0x5
 163 0117 2400 0000 		.long	0x24
 164 011b 0E        		.uleb128 0xe
 165 011c 0000 0000 		.long	.LASF11
 166 0120 02        		.byte	0x2
 167 0121 6E        		.byte	0x6e
 168 0122 05        		.byte	0x5
 169 0123 2400 0000 		.long	0x24
 170 0127 00        		.byte	0
 171 0128 00        		.byte	0
 172 0129 0A        		.uleb128 0xa
 173 012a 01        		.byte	0x1
 174 012b 0000 0000 		.long	.LASF15
 175 012f 02        		.byte	0x2
 176 0130 5F        		.byte	0x5f
 177 0131 11        		.byte	0x11
 178 0132 01        		.byte	0x1
 179 0133 5D00 0000 		.long	0x5d
 180 0137 6001 0000 		.long	0x160
 181 013b 0C        		.uleb128 0xc
 182 013c 7400      		.string	"t"
 183 013e 02        		.byte	0x2
 184 013f 60        		.byte	0x60
 185 0140 0E        		.byte	0xe
 186 0141 5D00 0000 		.long	0x5d
 187 0145 0D        		.uleb128 0xd
 188 0146 0E        		.uleb128 0xe
 189 0147 0000 0000 		.long	.LASF10
 190 014b 02        		.byte	0x2
 191 014c 62        		.byte	0x62
 192 014d 05        		.byte	0x5
 193 014e 2400 0000 		.long	0x24
 194 0152 0E        		.uleb128 0xe
 195 0153 0000 0000 		.long	.LASF11
 196 0157 02        		.byte	0x2
 197 0158 62        		.byte	0x62
 198 0159 05        		.byte	0x5
 199 015a 2400 0000 		.long	0x24
 200 015e 00        		.byte	0
 201 015f 00        		.byte	0
 202 0160 0A        		.uleb128 0xa
 203 0161 01        		.byte	0x1
 204 0162 0000 0000 		.long	.LASF16
 205 0166 02        		.byte	0x2
 206 0167 53        		.byte	0x53
 207 0168 11        		.byte	0x11
 208 0169 01        		.byte	0x1
 209 016a 4300 0000 		.long	0x43
 210 016e 9701 0000 		.long	0x197
 211 0172 0C        		.uleb128 0xc
 212 0173 7400      		.string	"t"
 213 0175 02        		.byte	0x2
 214 0176 54        		.byte	0x54
 215 0177 0E        		.byte	0xe
 216 0178 5D00 0000 		.long	0x5d
 217 017c 0D        		.uleb128 0xd
 218 017d 0E        		.uleb128 0xe
 219 017e 0000 0000 		.long	.LASF10
 220 0182 02        		.byte	0x2
 221 0183 56        		.byte	0x56
 222 0184 05        		.byte	0x5
 223 0185 2400 0000 		.long	0x24
 224 0189 0E        		.uleb128 0xe
 225 018a 0000 0000 		.long	.LASF11
 226 018e 02        		.byte	0x2
 227 018f 56        		.byte	0x56
 228 0190 05        		.byte	0x5
 229 0191 2400 0000 		.long	0x24
 230 0195 00        		.byte	0
 231 0196 00        		.byte	0
 232 0197 0F        		.uleb128 0xf
 233 0198 01        		.byte	0x1
 234 0199 0000 0000 		.long	.LASF17
 235 019d 02        		.byte	0x2
 236 019e 4B        		.byte	0x4b
 237 019f 0D        		.byte	0xd
 238 01a0 01        		.byte	0x1
 239 01a1 C001 0000 		.long	0x1c0
 240 01a5 0D        		.uleb128 0xd
 241 01a6 0E        		.uleb128 0xe
 242 01a7 0000 0000 		.long	.LASF10
 243 01ab 02        		.byte	0x2
 244 01ac 4C        		.byte	0x4c
 245 01ad 05        		.byte	0x5
 246 01ae 2400 0000 		.long	0x24
 247 01b2 0E        		.uleb128 0xe
 248 01b3 0000 0000 		.long	.LASF11
 249 01b7 02        		.byte	0x2
 250 01b8 4C        		.byte	0x4c
 251 01b9 05        		.byte	0x5
 252 01ba 2400 0000 		.long	0x24
 253 01be 00        		.byte	0
 254 01bf 00        		.byte	0
 255 01c0 0F        		.uleb128 0xf
 256 01c1 01        		.byte	0x1
 257 01c2 0000 0000 		.long	.LASF18
 258 01c6 02        		.byte	0x2
 259 01c7 21        		.byte	0x21
 260 01c8 06        		.byte	0x6
 261 01c9 01        		.byte	0x1
 262 01ca DB01 0000 		.long	0x1db
 263 01ce 0E        		.uleb128 0xe
 264 01cf 0000 0000 		.long	.LASF19
 265 01d3 02        		.byte	0x2
 266 01d4 27        		.byte	0x27
 267 01d5 0D        		.byte	0xd
 268 01d6 2400 0000 		.long	0x24
 269 01da 00        		.byte	0
 270 01db 10        		.uleb128 0x10
 271 01dc 0000 0000 		.long	.LASF25
 272 01e0 04        		.byte	0x4
 273 01e1 44        		.byte	0x44
 274 01e2 18        		.byte	0x18
 275 01e3 01        		.byte	0x1
 276 01e4 F501 0000 		.long	0x1f5
 277 01e8 11        		.uleb128 0x11
 278 01e9 5F5F 7300 		.string	"__s"
 279 01ed 04        		.byte	0x4
 280 01ee 44        		.byte	0x44
 281 01ef 33        		.byte	0x33
 282 01f0 F501 0000 		.long	0x1f5
 283 01f4 00        		.byte	0
 284 01f5 12        		.uleb128 0x12
 285 01f6 02        		.byte	0x2
 286 01f7 3000 0000 		.long	0x30
 287 01fb 13        		.uleb128 0x13
 288 01fc 0000 0000 		.long	.LASF26
 289 0200 04        		.byte	0x4
 290 0201 30        		.byte	0x30
 291 0202 1B        		.byte	0x1b
 292 0203 01        		.byte	0x1
 293 0204 2400 0000 		.long	0x24
 294 0208 00        		.byte	0
 295               		.section	.gnu.debuglto_.debug_abbrev,"",@progbits
 296               	.Ldebug_abbrev0:
 297 0000 01        		.uleb128 0x1
 298 0001 11        		.uleb128 0x11
 299 0002 01        		.byte	0x1
 300 0003 25        		.uleb128 0x25
 301 0004 0E        		.uleb128 0xe
 302 0005 13        		.uleb128 0x13
 303 0006 0B        		.uleb128 0xb
 304 0007 03        		.uleb128 0x3
 305 0008 0E        		.uleb128 0xe
 306 0009 1B        		.uleb128 0x1b
 307 000a 0E        		.uleb128 0xe
 308 000b 10        		.uleb128 0x10
 309 000c 06        		.uleb128 0x6
 310 000d 00        		.byte	0
 311 000e 00        		.byte	0
 312 000f 02        		.uleb128 0x2
 313 0010 24        		.uleb128 0x24
 314 0011 00        		.byte	0
 315 0012 0B        		.uleb128 0xb
 316 0013 0B        		.uleb128 0xb
 317 0014 3E        		.uleb128 0x3e
 318 0015 0B        		.uleb128 0xb
 319 0016 03        		.uleb128 0x3
 320 0017 0E        		.uleb128 0xe
 321 0018 00        		.byte	0
 322 0019 00        		.byte	0
 323 001a 03        		.uleb128 0x3
 324 001b 16        		.uleb128 0x16
 325 001c 00        		.byte	0
 326 001d 03        		.uleb128 0x3
 327 001e 0E        		.uleb128 0xe
 328 001f 3A        		.uleb128 0x3a
 329 0020 0B        		.uleb128 0xb
 330 0021 3B        		.uleb128 0x3b
 331 0022 0B        		.uleb128 0xb
 332 0023 39        		.uleb128 0x39
 333 0024 0B        		.uleb128 0xb
 334 0025 49        		.uleb128 0x49
 335 0026 13        		.uleb128 0x13
 336 0027 00        		.byte	0
 337 0028 00        		.byte	0
 338 0029 04        		.uleb128 0x4
 339 002a 26        		.uleb128 0x26
 340 002b 00        		.byte	0
 341 002c 49        		.uleb128 0x49
 342 002d 13        		.uleb128 0x13
 343 002e 00        		.byte	0
 344 002f 00        		.byte	0
 345 0030 05        		.uleb128 0x5
 346 0031 24        		.uleb128 0x24
 347 0032 00        		.byte	0
 348 0033 0B        		.uleb128 0xb
 349 0034 0B        		.uleb128 0xb
 350 0035 3E        		.uleb128 0x3e
 351 0036 0B        		.uleb128 0xb
 352 0037 03        		.uleb128 0x3
 353 0038 08        		.uleb128 0x8
 354 0039 00        		.byte	0
 355 003a 00        		.byte	0
 356 003b 06        		.uleb128 0x6
 357 003c 35        		.uleb128 0x35
 358 003d 00        		.byte	0
 359 003e 49        		.uleb128 0x49
 360 003f 13        		.uleb128 0x13
 361 0040 00        		.byte	0
 362 0041 00        		.byte	0
 363 0042 07        		.uleb128 0x7
 364 0043 34        		.uleb128 0x34
 365 0044 00        		.byte	0
 366 0045 03        		.uleb128 0x3
 367 0046 0E        		.uleb128 0xe
 368 0047 3A        		.uleb128 0x3a
 369 0048 0B        		.uleb128 0xb
 370 0049 3B        		.uleb128 0x3b
 371 004a 0B        		.uleb128 0xb
 372 004b 39        		.uleb128 0x39
 373 004c 0B        		.uleb128 0xb
 374 004d 49        		.uleb128 0x49
 375 004e 13        		.uleb128 0x13
 376 004f 3F        		.uleb128 0x3f
 377 0050 0C        		.uleb128 0xc
 378 0051 3C        		.uleb128 0x3c
 379 0052 0C        		.uleb128 0xc
 380 0053 00        		.byte	0
 381 0054 00        		.byte	0
 382 0055 08        		.uleb128 0x8
 383 0056 34        		.uleb128 0x34
 384 0057 00        		.byte	0
 385 0058 47        		.uleb128 0x47
 386 0059 13        		.uleb128 0x13
 387 005a 3A        		.uleb128 0x3a
 388 005b 0B        		.uleb128 0xb
 389 005c 3B        		.uleb128 0x3b
 390 005d 0B        		.uleb128 0xb
 391 005e 39        		.uleb128 0x39
 392 005f 0B        		.uleb128 0xb
 393 0060 00        		.byte	0
 394 0061 00        		.byte	0
 395 0062 09        		.uleb128 0x9
 396 0063 2E        		.uleb128 0x2e
 397 0064 00        		.byte	0
 398 0065 3F        		.uleb128 0x3f
 399 0066 0C        		.uleb128 0xc
 400 0067 03        		.uleb128 0x3
 401 0068 0E        		.uleb128 0xe
 402 0069 3A        		.uleb128 0x3a
 403 006a 0B        		.uleb128 0xb
 404 006b 3B        		.uleb128 0x3b
 405 006c 0B        		.uleb128 0xb
 406 006d 39        		.uleb128 0x39
 407 006e 0B        		.uleb128 0xb
 408 006f 27        		.uleb128 0x27
 409 0070 0C        		.uleb128 0xc
 410 0071 00        		.byte	0
 411 0072 00        		.byte	0
 412 0073 0A        		.uleb128 0xa
 413 0074 2E        		.uleb128 0x2e
 414 0075 01        		.byte	0x1
 415 0076 3F        		.uleb128 0x3f
 416 0077 0C        		.uleb128 0xc
 417 0078 03        		.uleb128 0x3
 418 0079 0E        		.uleb128 0xe
 419 007a 3A        		.uleb128 0x3a
 420 007b 0B        		.uleb128 0xb
 421 007c 3B        		.uleb128 0x3b
 422 007d 0B        		.uleb128 0xb
 423 007e 39        		.uleb128 0x39
 424 007f 0B        		.uleb128 0xb
 425 0080 27        		.uleb128 0x27
 426 0081 0C        		.uleb128 0xc
 427 0082 49        		.uleb128 0x49
 428 0083 13        		.uleb128 0x13
 429 0084 01        		.uleb128 0x1
 430 0085 13        		.uleb128 0x13
 431 0086 00        		.byte	0
 432 0087 00        		.byte	0
 433 0088 0B        		.uleb128 0xb
 434 0089 05        		.uleb128 0x5
 435 008a 00        		.byte	0
 436 008b 03        		.uleb128 0x3
 437 008c 0E        		.uleb128 0xe
 438 008d 3A        		.uleb128 0x3a
 439 008e 0B        		.uleb128 0xb
 440 008f 3B        		.uleb128 0x3b
 441 0090 0B        		.uleb128 0xb
 442 0091 39        		.uleb128 0x39
 443 0092 0B        		.uleb128 0xb
 444 0093 49        		.uleb128 0x49
 445 0094 13        		.uleb128 0x13
 446 0095 00        		.byte	0
 447 0096 00        		.byte	0
 448 0097 0C        		.uleb128 0xc
 449 0098 34        		.uleb128 0x34
 450 0099 00        		.byte	0
 451 009a 03        		.uleb128 0x3
 452 009b 08        		.uleb128 0x8
 453 009c 3A        		.uleb128 0x3a
 454 009d 0B        		.uleb128 0xb
 455 009e 3B        		.uleb128 0x3b
 456 009f 0B        		.uleb128 0xb
 457 00a0 39        		.uleb128 0x39
 458 00a1 0B        		.uleb128 0xb
 459 00a2 49        		.uleb128 0x49
 460 00a3 13        		.uleb128 0x13
 461 00a4 00        		.byte	0
 462 00a5 00        		.byte	0
 463 00a6 0D        		.uleb128 0xd
 464 00a7 0B        		.uleb128 0xb
 465 00a8 01        		.byte	0x1
 466 00a9 00        		.byte	0
 467 00aa 00        		.byte	0
 468 00ab 0E        		.uleb128 0xe
 469 00ac 34        		.uleb128 0x34
 470 00ad 00        		.byte	0
 471 00ae 03        		.uleb128 0x3
 472 00af 0E        		.uleb128 0xe
 473 00b0 3A        		.uleb128 0x3a
 474 00b1 0B        		.uleb128 0xb
 475 00b2 3B        		.uleb128 0x3b
 476 00b3 0B        		.uleb128 0xb
 477 00b4 39        		.uleb128 0x39
 478 00b5 0B        		.uleb128 0xb
 479 00b6 49        		.uleb128 0x49
 480 00b7 13        		.uleb128 0x13
 481 00b8 00        		.byte	0
 482 00b9 00        		.byte	0
 483 00ba 0F        		.uleb128 0xf
 484 00bb 2E        		.uleb128 0x2e
 485 00bc 01        		.byte	0x1
 486 00bd 3F        		.uleb128 0x3f
 487 00be 0C        		.uleb128 0xc
 488 00bf 03        		.uleb128 0x3
 489 00c0 0E        		.uleb128 0xe
 490 00c1 3A        		.uleb128 0x3a
 491 00c2 0B        		.uleb128 0xb
 492 00c3 3B        		.uleb128 0x3b
 493 00c4 0B        		.uleb128 0xb
 494 00c5 39        		.uleb128 0x39
 495 00c6 0B        		.uleb128 0xb
 496 00c7 27        		.uleb128 0x27
 497 00c8 0C        		.uleb128 0xc
 498 00c9 01        		.uleb128 0x1
 499 00ca 13        		.uleb128 0x13
 500 00cb 00        		.byte	0
 501 00cc 00        		.byte	0
 502 00cd 10        		.uleb128 0x10
 503 00ce 2E        		.uleb128 0x2e
 504 00cf 01        		.byte	0x1
 505 00d0 03        		.uleb128 0x3
 506 00d1 0E        		.uleb128 0xe
 507 00d2 3A        		.uleb128 0x3a
 508 00d3 0B        		.uleb128 0xb
 509 00d4 3B        		.uleb128 0x3b
 510 00d5 0B        		.uleb128 0xb
 511 00d6 39        		.uleb128 0x39
 512 00d7 0B        		.uleb128 0xb
 513 00d8 27        		.uleb128 0x27
 514 00d9 0C        		.uleb128 0xc
 515 00da 01        		.uleb128 0x1
 516 00db 13        		.uleb128 0x13
 517 00dc 00        		.byte	0
 518 00dd 00        		.byte	0
 519 00de 11        		.uleb128 0x11
 520 00df 05        		.uleb128 0x5
 521 00e0 00        		.byte	0
 522 00e1 03        		.uleb128 0x3
 523 00e2 08        		.uleb128 0x8
 524 00e3 3A        		.uleb128 0x3a
 525 00e4 0B        		.uleb128 0xb
 526 00e5 3B        		.uleb128 0x3b
 527 00e6 0B        		.uleb128 0xb
 528 00e7 39        		.uleb128 0x39
 529 00e8 0B        		.uleb128 0xb
 530 00e9 49        		.uleb128 0x49
 531 00ea 13        		.uleb128 0x13
 532 00eb 00        		.byte	0
 533 00ec 00        		.byte	0
 534 00ed 12        		.uleb128 0x12
 535 00ee 0F        		.uleb128 0xf
 536 00ef 00        		.byte	0
 537 00f0 0B        		.uleb128 0xb
 538 00f1 0B        		.uleb128 0xb
 539 00f2 49        		.uleb128 0x49
 540 00f3 13        		.uleb128 0x13
 541 00f4 00        		.byte	0
 542 00f5 00        		.byte	0
 543 00f6 13        		.uleb128 0x13
 544 00f7 2E        		.uleb128 0x2e
 545 00f8 00        		.byte	0
 546 00f9 03        		.uleb128 0x3
 547 00fa 0E        		.uleb128 0xe
 548 00fb 3A        		.uleb128 0x3a
 549 00fc 0B        		.uleb128 0xb
 550 00fd 3B        		.uleb128 0x3b
 551 00fe 0B        		.uleb128 0xb
 552 00ff 39        		.uleb128 0x39
 553 0100 0B        		.uleb128 0xb
 554 0101 27        		.uleb128 0x27
 555 0102 0C        		.uleb128 0xc
 556 0103 49        		.uleb128 0x49
 557 0104 13        		.uleb128 0x13
 558 0105 00        		.byte	0
 559 0106 00        		.byte	0
 560 0107 00        		.byte	0
 561               		.section	.gnu.debuglto_.debug_line,"",@progbits
 562               	.Ldebug_line0:
 563 0000 D500 0000 		.long	.LELT0-.LSLT0
 564               	.LSLT0:
 565 0004 0200      		.word	0x2
 566 0006 CF00 0000 		.long	.LELTP0-.LASLTP0
 567               	.LASLTP0:
 568 000a 01        		.byte	0x1
 569 000b 01        		.byte	0x1
 570 000c F6        		.byte	0xf6
 571 000d F2        		.byte	0xf2
 572 000e 0D        		.byte	0xd
 573 000f 00        		.byte	0
 574 0010 01        		.byte	0x1
 575 0011 01        		.byte	0x1
 576 0012 01        		.byte	0x1
 577 0013 01        		.byte	0x1
 578 0014 00        		.byte	0
 579 0015 00        		.byte	0
 580 0016 00        		.byte	0
 581 0017 01        		.byte	0x1
 582 0018 00        		.byte	0
 583 0019 00        		.byte	0
 584 001a 01        		.byte	0x1
 585 001b 633A 5C70 		.ascii	"c:\\program files\\qmk_msys\\mingw64\\avr\\include"
 585      726F 6772 
 585      616D 2066 
 585      696C 6573 
 585      5C71 6D6B 
 586 0048 00        		.byte	0
 587 0049 633A 5C70 		.ascii	"c:\\program files\\qmk_msys\\mingw64\\avr\\include\\util"
 587      726F 6772 
 587      616D 2066 
 587      696C 6573 
 587      5C71 6D6B 
 588 007b 00        		.byte	0
 589 007c 746D 6B5F 		.ascii	"tmk_core/common"
 589      636F 7265 
 589      2F63 6F6D 
 589      6D6F 6E
 590 008b 00        		.byte	0
 591 008c 746D 6B5F 		.ascii	"tmk_core/common/avr"
 591      636F 7265 
 591      2F63 6F6D 
 591      6D6F 6E2F 
 591      6176 72
 592 009f 00        		.byte	0
 593 00a0 00        		.byte	0
 594 00a1 7374 6469 		.string	"stdint.h"
 594      6E74 2E68 
 594      00
 595 00aa 01        		.uleb128 0x1
 596 00ab 00        		.uleb128 0
 597 00ac 00        		.uleb128 0
 598 00ad 6176 722F 		.string	"avr/timer.c"
 598      7469 6D65 
 598      722E 6300 
 599 00b9 03        		.uleb128 0x3
 600 00ba 00        		.uleb128 0
 601 00bb 00        		.uleb128 0
 602 00bc 7469 6D65 		.string	"timer.h"
 602      722E 6800 
 603 00c4 03        		.uleb128 0x3
 604 00c5 00        		.uleb128 0
 605 00c6 00        		.uleb128 0
 606 00c7 7574 696C 		.string	"util\\atomic.h"
 606      5C61 746F 
 606      6D69 632E 
 606      6800 
 607 00d5 01        		.uleb128 0x1
 608 00d6 00        		.uleb128 0
 609 00d7 00        		.uleb128 0
 610 00d8 00        		.byte	0
 611               	.LELTP0:
 612               	.LELT0:
 613               		.section	.gnu.debuglto_.debug_str,"MS",@progbits,1
 614               	.LASF21:
 615 0000 746D 6B5F 		.string	"tmk_core/common/avr/timer.c"
 615      636F 7265 
 615      2F63 6F6D 
 615      6D6F 6E2F 
 615      6176 722F 
 616               	.LASF19:
 617 001c 7072 6573 		.string	"prescaler"
 617      6361 6C65 
 617      7200 
 618               	.LASF18:
 619 0026 7469 6D65 		.string	"timer_init"
 619      725F 696E 
 619      6974 00
 620               	.LASF1:
 621 0031 756E 7369 		.string	"unsigned char"
 621      676E 6564 
 621      2063 6861 
 621      7200 
 622               	.LASF17:
 623 003f 7469 6D65 		.string	"timer_clear"
 623      725F 636C 
 623      6561 7200 
 624               	.LASF7:
 625 004b 6C6F 6E67 		.string	"long unsigned int"
 625      2075 6E73 
 625      6967 6E65 
 625      6420 696E 
 625      7400 
 626               	.LASF11:
 627 005d 5F5F 546F 		.string	"__ToDo"
 627      446F 00
 628               	.LASF23:
 629 0064 7469 6D65 		.string	"timer_count"
 629      725F 636F 
 629      756E 7400 
 630               	.LASF26:
 631 0070 5F5F 6943 		.string	"__iCliRetVal"
 631      6C69 5265 
 631      7456 616C 
 631      00
 632               	.LASF20:
 633 007d 474E 5520 		.string	"GNU C99 8.4.0 -mn-flash=1 -mno-skip-bug -mmcu=avr5 -gdwarf-2 -Os -std=gnu99 -funsigned-ch
 633      4339 3920 
 633      382E 342E 
 633      3020 2D6D 
 633      6E2D 666C 
 634               	.LASF10:
 635 0165 7372 6567 		.string	"sreg_save"
 635      5F73 6176 
 635      6500 
 636               	.LASF22:
 637 016f 433A 5C55 		.string	"C:\\Users\\gazed\\qmk_firmware"
 637      7365 7273 
 637      5C67 617A 
 637      6564 5C71 
 637      6D6B 5F66 
 638               	.LASF4:
 639 018b 756E 7369 		.string	"unsigned int"
 639      676E 6564 
 639      2069 6E74 
 639      00
 640               	.LASF25:
 641 0198 5F5F 6952 		.string	"__iRestore"
 641      6573 746F 
 641      7265 00
 642               	.LASF9:
 643 01a3 6C6F 6E67 		.string	"long long unsigned int"
 643      206C 6F6E 
 643      6720 756E 
 643      7369 676E 
 643      6564 2069 
 644               	.LASF2:
 645 01ba 7569 6E74 		.string	"uint8_t"
 645      385F 7400 
 646               	.LASF8:
 647 01c2 6C6F 6E67 		.string	"long long int"
 647      206C 6F6E 
 647      6720 696E 
 647      7400 
 648               	.LASF16:
 649 01d0 7469 6D65 		.string	"timer_read"
 649      725F 7265 
 649      6164 00
 650               	.LASF24:
 651 01db 5F5F 7665 		.string	"__vector_21"
 651      6374 6F72 
 651      5F32 3100 
 652               	.LASF12:
 653 01e7 7469 6D65 		.string	"timer_elapsed32"
 653      725F 656C 
 653      6170 7365 
 653      6433 3200 
 654               	.LASF13:
 655 01f7 7469 6D65 		.string	"timer_elapsed"
 655      725F 656C 
 655      6170 7365 
 655      6400 
 656               	.LASF3:
 657 0205 7569 6E74 		.string	"uint16_t"
 657      3136 5F74 
 657      00
 658               	.LASF6:
 659 020e 7569 6E74 		.string	"uint32_t"
 659      3332 5F74 
 659      00
 660               	.LASF5:
 661 0217 6C6F 6E67 		.string	"long int"
 661      2069 6E74 
 661      00
 662               	.LASF0:
 663 0220 7369 676E 		.string	"signed char"
 663      6564 2063 
 663      6861 7200 
 664               	.LASF15:
 665 022c 7469 6D65 		.string	"timer_read32"
 665      725F 7265 
 665      6164 3332 
 665      00
 666               	.LASF14:
 667 0239 6C61 7374 		.string	"last"
 667      00
 668               		.text
 669               		.section	.gnu.lto_.profile.98e0a418,"",@progbits
 670 0000 789C 6367 		.string	"x\234cg`f`d"
 670      6066 6064 
 670      00
 671 0009 0200      		.string	"\002"
 672 000b 00        		.string	""
 673 000c 6200      		.string	"b"
 674 000e 0C        		.ascii	"\f"
 675               		.text
 676               		.section	.gnu.lto_.icf.98e0a418,"",@progbits
 677 0000 789C 6367 		.string	"x\234cg`f\320f@"
 677      6066 D066 
 677      4000 
 678 000a 7686 15D3 		.string	"v\206\025\323f~\341g|\275`\233\b\363\276\311\263v\360\260,Zx\350\031\033\353\311\206\276\
 678      667E E167 
 678      7CBD 609B 
 678      08F3 BEC9 
 678      B376 F0B0 
 679 0039 B2C9 13BC 		.ascii	"\262\311\023\274"
 680               		.text
 681               		.section	.gnu.lto_.jmpfuncs.98e0a418,"",@progbits
 682 0000 789C 6367 		.string	"x\234cg`fPd@"
 682      6066 5064 
 682      4000 
 683 000a 7620 6664 		.string	"v fd"
 683      00
 684 000f 0A32 B030 		.string	"\n2\26000\260222\326\317df`cd\002\321\214 I"
 684      30B0 3232 
 684      32D6 CF64 
 684      6660 6364 
 684      02D1 8C20 
 685 0025 2405 028B 		.ascii	"$\005\002\213"
 686               		.text
 687               		.section	.gnu.lto_.inline.98e0a418,"",@progbits
 688 0000 789C 85CA 		.ascii	"x\234\205\312A\016\200 \f\004\300\245@\213\306\370I\341\037<"
 688      410E 8020 
 688      0C04 C0A5 
 688      408B C6F8 
 688      49E1 1F3C 
 689 0014 CD5F 79B5 		.ascii	"\315_y\265\305\030\0239t\323C7;\202\210\013_D\257k\270\006P\261"
 689      C518 1339 
 689      74D3 4337 
 689      3B82 880B 
 689      5F44 AF6B 
 690 002c 2F55 80C7 		.ascii	"/U\200\307s\020\310L\3002zS\262=\370O\242O\222O2V\255\347 \273"
 690      7310 C84C 
 690      C032 7A53 
 690      B23D F84F 
 690      A24F 924F 
 691 0046 2D32 11F6 		.ascii	"-2\021\366\211\240\274\003\031\356y\"\270\001\246C5%"
 691      89A0 BC03 
 691      19EE 7922 
 691      B801 A643 
 691      3525 
 692               		.text
 693               		.section	.gnu.lto_.pureconst.98e0a418,"",@progbits
 694 0000 789C 05C1 		.string	"x\234\005\301\201\021"
 694      8111 00
 695 0007 200C 0231 		.ascii	" \f\0021\274\362\262\201\303w\024\2463\211FOR\264>e\212\013\345"
 695      BCF2 B281 
 695      C377 14A6 
 695      3389 464F 
 695      52B4 3E65 
 696 001e 96AC 3F3B 		.ascii	"\226\254?;k\0059"
 696      6B05 39
 697               		.text
 698               		.section	.gnu.lto_timer_init.98e0a418,"",@progbits
 699 0000 789C 6D92 		.string	"x\234m\222\335KTA\030\306\337g\336m]a\267\350F\020N\324\225\320\006n\037^\224W\376\035\33
 699      DD4B 5441 
 699      18C6 DF67 
 699      DE6D 5D61 
 699      B7E8 4610 
 700 00c8 9EA3 A54A 		.string	"\236\243\245J\306<\202\004-f\337\354Q\262\\\351\223j\245\204\361'\375z\233\322L)\235'"
 700      C63C 8204 
 700      2D66 DFEC 
 700      51B2 5CE9 
 700      936A A584 
 701 00e7 A9E8 2A0B 		.ascii	"\251\350*\013\327\323W\024m@\216/D\275\322\r\244\306\272\215"
 701      D7D3 5714 
 701      6D40 8E2F 
 701      44BD D20D 
 701      A4C6 BA8D 
 702 00fb 324C DD21 		.ascii	"2L\335!\275\365qj\35756\031\030\013\260<o\345\210\347\375\212"
 702      BDF5 716A 
 702      EF35 3619 
 702      180B B03C 
 702      6FE5 88E7 
 703 0111 C552 D132 		.ascii	"\305R\3212R\033\335\201\314\314>c\024\336A\372+k\237\341/\363"
 703      521B DD81 
 703      CCCC 3E63 
 703      14DE 41FA 
 703      2B6B 9FE1 
 704 0127 667D 736A 		.ascii	"f}sjt$2\211\t\267\327\225cM9f\274\200\005\245\201\204ELB[\336"
 704      7424 3289 
 704      09B7 D795 
 704      634D 3966 
 704      BC80 05A5 
 705 0142 FD2C F485 		.ascii	"\375,\364\205M\tC\340e\265\325\335\360n\253\354\362n\253\315"
 705      4D09 43E0 
 705      65B5 D5DD 
 705      F06E ABEC 
 705      F26E ABCD 
 706 0156 9D81 21E1 		.ascii	"\235\201!\341\263\013\206\375kp\366w\250\216\235\257\261\013"
 706      B30B 86FD 
 706      6B70 F677 
 706      A88E 9DAF 
 706      B10B 
 707 0168 9A5D CB7D 		.ascii	"\232]\313}?\374o\356;\237\326\326\203>l\311\300\346W\377<\255"
 707      3FFC 6FEE 
 707      3B9F D6D6 
 707      833E 6CC9 
 707      C0E6 57FF 
 708 017e 0FFA AA06 		.ascii	"\017\372\252\006[\362\203>\032Y-\006\374\240;@\261\n\237\371"
 708      5BF2 833E 
 708      1A59 2D06 
 708      FCA0 3B40 
 708      B10A 9FF9 
 709 0192 0F3C 9BD9 		.ascii	"\017<\233\331\3126\372\360\037\006\236\3760\367%\\\007_\256\301"
 709      CA36 FAF0 
 709      1F06 9EFE 
 709      30F7 255C 
 709      075F AEC1 
 710 01a6 5F9B A4E6 		.ascii	"_\233\244\346\330\337\365\023\350\367\362hf\244\365\345z/\245"
 710      D8DF F513 
 710      E8F7 F268 
 710      66A4 F5E5 
 710      7A2F A5
 711 01b9 FF3F AB2B 		.ascii	"\377?\253+q\376\214\235t\3421;\231H$/\306:\273\235X\327\271D"
 711      71FE 8C9D 
 711      74E2 313B 
 711      9948 242F 
 711      C63A BB9D 
 712 01d1 DC69 B5A9 		.ascii	"\334i\265\251\361\222\023\277lw^\210;\373\253[\255gO\266\331"
 712      F192 13BF 
 712      6C77 5E88 
 712      3BFB AB5B 
 712      AD67 4FB6 
 713 01e6 6DC7 8F9D 		.ascii	"m\307\217\235\242\277%\207\332\357"
 713      A2BF 2587 
 713      DAEF 
 714               		.text
 715               		.section	.gnu.lto_timer_clear.98e0a418,"",@progbits
 716 0000 789C 8553 		.string	"x\234\205Sml\223U\024\276\317{\337~\254cS\376\230\2304\272\314\244!\220l\202\213\301\305\
 716      6D6C 9355 
 716      14BE CF7B 
 716      DF7E AC63 
 716      53FE 9898 
 717 0053 4240 4866 		.ascii	"B@Hf\247&&\235\347\336\367\335\322\376\362&\357\233{\356=\347"
 717      A726 269D 
 717      E7DE F7DD 
 717      D2FE F226 
 717      EF9B 7BEE 
 718 0069 3CE7 39E7 		.ascii	"<\3479\347\271\016\306\331k6\306\206\030c\317\320\007\316\240"
 718      B90E C6D9 
 718      6B36 C686 
 718      1863 CFD0 
 718      07CE A0
 719 007c 0921 B639 		.ascii	"\t!\2669\022N\r\220;]8\301:5tj\235i\276\237\243\364w\377\235"
 719      124E 0D90 
 719      3B5D 38C1 
 719      3A35 746A 
 719      9D69 BE9F 
 720 0095 BA8D 2374 		.ascii	"\272\215#t%\n\231\023\366\0011#x\2263\3669}\346\302)ld\214\\"
 720      250A 9913 
 720      F601 3123 
 720      7896 33F6 
 720      397D E6C2 
 721 00ae 6F7D 5D3E 		.ascii	"o}]>Xg\327\255+|\007;\350\264<\233\336[\307\237\205\364X\372"
 721      5867 D7AD 
 721      2B7C 073B 
 721      E8B4 3C9B 
 721      DE5B C79F 
 722 00c6 6AE6 243C 		.ascii	"j\346$<CB$E\341n\326\225\022\205DC\226\003\247\301)\b/\270\361"
 722      4342 2445 
 722      E16E D695 
 722      1285 4443 
 722      9603 A7C1 
 723 00df BC5B C67A 		.ascii	"\274[\306z\276\341\322\375\213\314\243\222\316\267\252\320\013"
 723      BEE1 D2FD 
 723      8BCC A392 
 723      CEB7 AAD0 
 723      0B
 724 00f0 4BDD 2BF5 		.ascii	"K\335+\365\272Fy\307\250jy\3225Y\034\257\345\257\250\333\003"
 724      BA46 79C7 
 724      A86A 79D2 
 724      3559 1CAF 
 724      E5AF A8DB 
 725 0105 2B4B FFD8 		.ascii	"+K\377\330\350\026\343\340(@W\016\023\231\334E\007\177]9\374"
 725      E816 E3E0 
 725      2840 570E 
 725      1399 DC45 
 725      077F 5D39 
 726 011a F6F8 DAC9 		.ascii	"\366\370\332\311z\013\271\241W\350\022\365\373\nTL\310 \346\031"
 726      7A0B B9A1 
 726      57E8 12F5 
 726      FB0A 544C 
 726      C820 E619 
 727 012e E615 4C30 		.ascii	"\346\025L0\t\017\316\300\243\2700O^\335M\315\367\017?\321M=\320"
 727      090F CEC0 
 727      A3B8 304F 
 727      5EDD 4DCD 
 727      F70F 3FD1 
 728 0145 A091 393B 		.ascii	"\240\2219;\377\373_Nir<I\346\203\263\377\366h\374m\205Y\032\275"
 728      FFFB 5F4E 
 728      6972 3C49 
 728      E683 B3FF 
 728      F668 FC6D 
 729 015d 32E5 D830 		.ascii	"2\345\3300\2540/\367o\351\235;(\204=\313u\234\227\300\300\017"
 729      AC30 2FF7 
 729      6FE9 9D3B 
 729      2884 3DCB 
 729      759C 97C0 
 730 0173 70E3 1CDC 		.ascii	"p\343\034\334\fS\330@\307\236{*\177\352\333\003'\270U\351\344"
 730      0C53 D840 
 730      C79E 7B2A 
 730      7FEA DB03 
 730      27B8 55E9 
 731 0188 9B62 9FD0 		.ascii	"\233b\237\320\326BXU\210l\324Z\255)s@\243v\033~\224\005\237\205"
 731      D642 5855 
 731      886C D45A 
 731      AD29 7340 
 731      A376 1B7E 
 732 01a0 9D20 AAC6 		.ascii	"\235 \252\306\202\0134\220i\"\302\344\237\356\330\361Y[A\224"
 732      820B 3490 
 732      6922 C2E4 
 732      9FEE D8F1 
 732      595B 4194 
 733 01b4 573E 1485 		.ascii	"W>\024\205\205\247\307J\227\326;\300\262\234\344\321\305Y\222"
 733      85A7 C74A 
 733      97D6 3BC0 
 733      B29C E4D1 
 733      C559 92
 734 01c7 D2E9 1005 		.ascii	"\322\351\020\005\266\227k\t\265\337S`\267!\006\377\334gS\335"
 734      B697 6B09 
 734      B5DF 5360 
 734      B721 06FF 
 734      DC67 53DD 
 735 01db A07D A344 		.ascii	"\240}\243Da\3670q\250\007r\233\341r\336\211O?;\246\372cWM\310"
 735      61F7 3071 
 735      A807 729B 
 735      E172 DE89 
 735      4F3F 3BA6 
 736 01f4 1797 F7D4 		.ascii	"\027\227\367\324\232\346Mi\337?U\036\252\313\343H\"\225\0204"
 736      9AE6 4D69 
 736      DF3F 551E 
 736      AACB E348 
 736      2295 1034 
 737 0208 7B07 2E11 		.ascii	"{\007.\021\245\213D\211\3412\362\240\274\311\006\231L\366\236"
 737      A58B 4489 
 737      E132 F2A0 
 737      BCC9 0699 
 737      4CF6 9E
 738 021b 124A 9CE7 		.ascii	"\022J\234\347\252Yn\263\330I-\314\230\225\334\272\363\361UTR"
 738      AA59 6EB3 
 738      D849 2DCC 
 738      9895 DCBA 
 738      F3F1 5554 
 739 0230 A573 FCA4 		.ascii	"\245s\374\244\250\312\377}$\032-\223\035\222~\213\307g\212\265"
 739      A8CA FF7D 
 739      241A 2D93 
 739      1D92 7E8B 
 739      C767 8AB5 
 740 0244 8DFD C889 		.ascii	"\215\375\310\211^\252\301)\353\032zp&oS\372\232E#\375\257\220"
 740      5EAA C129 
 740      EB1A 7A70 
 740      266F 53FA 
 740      9A45 23FD 
 741 025a 1E24 DF63 		.ascii	"\036$\337c\\ERY\213\351\303\\UF\212\240\200?\316-\277#y\201\326"
 741      5C45 5259 
 741      8BE9 C35C 
 741      5546 8AA0 
 741      803F CE2D 
 742 0273 CF54 FF6D 		.ascii	"\317T\377m\220\374\350\3122\254"
 742      90FC E8CA 
 742      32AC 
 743 027d EEC8 1477 		.string	"\356\310\024w\265\325F\225\316\033r[\331\245\032\325\245\201\221\351\225\232\024\222\t'\2
 743      B5D5 4695 
 743      CE1B 725B 
 743      D9A5 1AD5 
 743      A581 91E9 
 744 037e B3FB 7C6F 		.ascii	"\263\373|oE^\215\254\267\354\246\355[[\002-[6\277\304\\>_\350"
 744      455E 8DAC 
 744      B7EC A6ED 
 744      5B5B 022D 
 744      5B36 BFC4 
 745 0396 8D60 2C4E 		.ascii	"\215`,Nq\216@8\350o\357\330Q\023\213\006\333|1\377\256 \367\371"
 745      718E 4038 
 745      E86F EFD8 
 745      5113 8B06 
 745      DB7C 31FF 
 746 03ae 622F 075A 		.ascii	"b/\007Z\275;\242\221\266\250\337hx7\024\016\306\274;\t\307\210"
 746      BD3B A291 
 746      B6A8 DF68 
 746      7837 140E 
 746      C6BC 3B09 
 747 03c4 ED8E 798D 		.ascii	"\355\216y\215P{\333\007/\266x\t\310\033j\017\204;\266\007\275"
 747      507B DB07 
 747      2FB6 7809 
 747      C81B 6A0F 
 747      843B B607 
 748 03d9 1DF1 50D8 		.ascii	"\035\361P\330\353\217G\214P\240\351=\246\007\302!\3460\202F$"
 748      EB8F 478C 
 748      50A0 E93D 
 748      A607 C221 
 748      E630 8246 
 749 03ee BA9B BAF7 		.ascii	"\272\233\272\367\037\301\207\330\336"
 749      1FC1 87D8 
 749      DE
 750               		.text
 751               		.section	.gnu.lto_timer_read.98e0a418,"",@progbits
 752 0000 789C 8553 		.string	"x\234\205S_L\233U\024\277\347\273\337\327\177\254\350^|0D\001\023\262l\t\350F\214\022\037
 752      5F4C 9B55 
 752      14BF E7BB 
 752      DFD7 7FAC 
 752      E85E 7C30 
 753 0082 7452 8505 		.ascii	"tR\205\005X\223\002MJS\202\037\3400:u\270\347\211f\236\242H4"
 753      5893 024D 
 753      4A53 821F 
 753      E030 3A75 
 753      B8E7 8966 
 754 009a C7A7 FEBE 		.ascii	"\307\247\376\276o!\023\340I4G\276^<b\333\330+DTd\222\223\246"
 754      6F21 13E0 
 754      4934 47BE 
 754      5E3C 62DB 
 754      D82B 4454 
 755 00b2 BEBD 6302 		.ascii	"\276\275c\002}\n\373\024\303\177\2042\030\2002F?8\005\033\031"
 755      7D0A FB14 
 755      C37F 8432 
 755      1880 3246 
 755      3F38 051B 
 756 00c7 C384 BB47 		.ascii	"\303\204\273G\343\017\270\016\247\2429}$?a\327\341\312\321|\330"
 756      E30F B80E 
 756      A7A2 397D 
 756      243F 61D7 
 756      E1CA D17C 
 757 00dc 3F22 2CFC 		.ascii	"?\",\374Y\240\310S\231\376\375\326\252n\t\275\330^vW\2106\241"
 757      59A0 C853 
 757      99FE FDD6 
 757      AA6E 09BD 
 757      D85E 7657 
 758 00f3 A638 870C 		.ascii	"\2468\207\fp\202?\203\360\247u\370\212e\2052\026\276\315\035"
 758      7082 3F83 
 758      F0A7 75F8 
 758      8A65 8532 
 758      16BE CD1D 
 759 0107 B29B 5418 		.ascii	"\262\233T\030\204*\"@e\207\300\004\350\311\215'v\333\371\026"
 759      842A 2240 
 759      6587 C004 
 759      E8C9 8D27 
 759      76DB F916 
 760 011b 89BB FCD5 		.ascii	"\211\273\374\325\330I0p\357\267\333b\"\023)Oq\025"
 760      D849 3070 
 760      EFB7 DB62 
 760      2213 294F 
 760      7115 
 761 012d 7ED2 61B7 		.string	"~\322a\267\224\301\363:h\202S\370\321\344\355\025\225\327\311\324\363\313\315\371RUA\334\
 761      94C1 F33A 
 761      6882 53F8 
 761      D1E4 ED15 
 761      95D7 C9D4 
 762 022e 1D93 9C26 		.string	"\035\223\234&\036\371d\3771\271\266f)R:{oW\211n\316\221}} \327mO\303\027\221XD\340\364-0\
 762      1EF9 64FF 
 762      31B9 B666 
 762      2952 3A7B 
 762      6F57 896E 
 763 02bb 3085 FCAF 		.string	"0\205\374\257\001. \272\036\033\203\324\001\177\254\024\301-*\253\242\265\215\276\243\213
 763      012E 20BA 
 763      1E1B 83D4 
 763      017F AC14 
 763      C12D 2AAB 
 764 02ed 2927 20C5 		.string	")' \305K`\032b"
 764      4B60 1A62 
 764      00
 765 02f6 7F4A E1B2 		.string	"\177J\341\262E\302\311\262:\371\247\214\272\206G'\276VK\005\0063\205\314g\212\230\253\205
 765      45C2 C9B2 
 765      3AF9 A78C 
 765      BA86 4727 
 765      BE56 4B05 
 766 0338 8675 0EB4 		.ascii	"\206u\016\264j)\276N>'\002\203Yd.\347J\033\253\027\304\235\246"
 766      6A29 BE4E 
 766      3E27 0283 
 766      5964 2EE7 
 766      4A1B AB17 
 767 034f 4C63 961D 		.ascii	"Lc\226\035\372\036\243H\263{\3738\235\213\026\007\212\327f\016"
 767      FA1E A348 
 767      B37B FB38 
 767      9D8B 1607 
 767      8AD7 660E 
 768 0363 BB37 36A5 		.ascii	"\27376\245\353\314>M\246\312\211\353o\201\245\377w\342\363r\342"
 768      EBCC 3E4D 
 768      A6CA 89EB 
 768      6F81 A5FF 
 768      77E2 F372 
 769 0378 57E4 C415 		.ascii	"W\344\304\025\243\317\217\323\3557\271\321g\262\3356(\250\254"
 769      A3CF 8FD3 
 769      ED37 B9D1 
 769      67B2 DD36 
 769      28A8 AC
 770 038b 5AD0 E882 		.ascii	"Z\320\350\202l\264\345@nZ\253;!\232\245\027\256B\335*\206\354"
 770      6CB4 E540 
 770      6E5A AB3B 
 770      219A A517 
 770      AE42 DD2A 
 771 03a1 7741 EFA9 		.ascii	"wA\357\251\353\252\361\200\226 \372h\317\003N\347$\327H\343\233"
 771      EBAA F180 
 771      9620 FA68 
 771      CF03 4EE7 
 771      24D7 48E3 
 772 03b6 24AD 6E12 		.ascii	"$\255n\022l\034\347#_\036\362*\013\373?p\272\003AO\215;\340\367"
 772      6C1C E723 
 772      5F1E F22A 
 772      0BFB 3F70 
 772      BA03 414F 
 773 03ce 071A 6A5C 		.ascii	"\007\032j\\;\2025a\257\337\023\254v3\b\2577\216\325\333^\252"
 773      3B82 3561 
 773      AFDF 13AC 
 773      7633 08AF 
 773      378E D5DB 
 774 03e4 75D7 6E7E 		.ascii	"u\327n~\341efr:\337\n\274\032\2609\235\3367<\2410f\232\335>\217"
 774      E165 6672 
 774      3ADF 0ABC 
 774      1AB0 399D 
 774      DE37 3CA1 
 775 03fe ABA1 71BB 		.ascii	"\253\241q\2735\024\364\324;C\256\035\036\356t\206^q\3279\266"
 775      3514 F4D4 
 775      3B43 AE1D 
 775      1EEE 7486 
 775      5E71 D739 
 776 0413 0703 F541 		.ascii	"\007\003\365A\227\277\374=\257\317\023r|\210\225\374\241\235"
 776      97BF FC3D 
 776      AFCF 1372 
 776      7C88 95FC 
 776      A19D 
 777 0425 2187 DFDB 		.ascii	"!\207\337\333P\377\321\213\265\016,\345\3606\270}\215\333<\216"
 777      50FF D18B 
 777      B50E 2CE5 
 777      F036 B87D 
 777      8DDB 3C8E 
 778 0439 C6B0 D7E7 		.ascii	"\306\260\327\347p\205\003~\257\273\372}\246\272}^f\366{\374\201"
 778      7085 037E 
 778      AFBB FA7D 
 778      A6BA 7D5E 
 778      66F6 7BFC 
 779 044e E04E 54F7 		.ascii	"\340NT\367?\035\352\017\313"
 779      3F1D EA0F 
 779      CB
 780               		.text
 781               		.section	.gnu.lto_timer_read32.98e0a418,"",@progbits
 782 0000 789C 8554 		.string	"x\234\205T_L\233U\024\277\347\273\337\327? \350^|\221h\301\204,[\002\272\021\243\304\207=
 782      5F4C 9B55 
 782      14BF E7BB 
 782      DFD7 3F20 
 782      E85E 7C91 
 783 0082 C852 8505 		.string	"\310R\205\005X\253\002\255Jk\214\037\342p\357h\333\003\336\316\223xSEw\341\363\302l\005\2
 783      58AB 02AD 
 783      4A6B 8C1F 
 783      E270 EF68 
 783      DB03 DECE 
 784 00a2 3674 D7E6 		.string	"6t\327\346\037D\255[\006\205\210\210L<o\032\352\234\021\030S\330\247x\375{\250\202a\250b\
 784      1F44 AD5B 
 784      0685 8888 
 784      4C3C 6F1A 
 784      EA9C 1118 
 785 0147 8771 50E5 		.string	"\207qP\345\205\261x\352\202\231\277&/\\]\271t\272\322\350l\223`8\374X\324\025&)\211UO\226
 785      85B1 78EA 
 785      8299 BF26 
 785      2F5C 5DB9 
 785      74BA D2E8 
 786 0224 EC06 8C7D 		.ascii	"\354\006\214}\326\001d\3069I!\374\311\301\343"
 786      D601 64C6 
 786      3949 21FC 
 786      C9C1 E3
 787 0233 923A 93E4 		.string	"\222:\223\344'\235\273\277\257\\w\027\311\2779\234\357\257H\303\261p4,P\026f\310\"\332_If
 787      279D BBBF 
 787      AF5C 7717 
 787      C9BF 399C 
 787      EFAF 48C3 
 788 0334 5E4B 7DD5 		.ascii	"^K}\325\251%y\271|gT\f\256\340\344r\257$V\275!\312\2312\215]"
 788      A925 79B9 
 788      7C67 540C 
 788      AEE0 E472 
 788      AF24 56BD 
 789 034e F6EA 1246 		.ascii	"\366\352\022F\222\256|4\304\311.\021\016\224\312f\021\321\033"
 789      92AE 7C34 
 789      C4C9 2E11 
 789      0E94 CA66 
 789      11D1 1B
 790 0361 4AE9 1B39 		.ascii	"J\351\0339\240\311T\271q\375\031\260\364\377n|In\374\252\334"
 790      A0C9 54B9 
 790      71FD 19B0 
 790      F4FF 6E7C 
 790      496E FCAA 
 791 0376 B862 E0EC 		.ascii	"\270b\340\354Lw\337\346\006\316xw\331\250\240\266\274\b\350\262"
 791      4C77 DFE6 
 791      06CE 7877 
 791      D9A8 A0B6 
 791      BC08 E8B2 
 792 038a 04DA 7128 		.ascii	"\004\332q(\277\2405\236\024\3552\n\177B\343z\r\211wY\307\324"
 792      BFA0 359E 
 792      14ED 320A 
 792      7F42 E37A 
 792      0D89 7759 
 793 03a0 F78D F180 		.ascii	"\367\215\361\200nC$\025 \213\350e\364\350@\177h8FU\310\267\313"
 793      6E43 2415 
 793      208B E865 
 793      F4E8 407F 
 793      6838 4655 
 794 03b7 E1F2 07DC 		.ascii	"\341\362\007\334\365.\277\317\347o\256w\356\t\324\207<>w\240"
 794      F52E BFCF 
 794      E76F AE77 
 794      EE09 D487 
 794      3C3E 77A0 
 795 03cb CEC5 20B4 		.ascii	"\316\305 \264\3110\353v\276\330\340j\330\366\374K\314\344p\274"
 795      C930 EB76 
 795      BED8 E06A 
 795      D8F6 FC4B 
 795      CCE4 70BC 
 796 03df E97F C55F 		.ascii	"\351\177\305_\346px^w\007C\230ivy\335\316\346\226\335\326`\300"
 796      E670 785E 
 796      7707 4398 
 796      6976 79DD 
 796      CEE6 96DD 
 797 03f6 DDE4 083A 		.ascii	"\335\344\b:\367\270\271\303\021|\331\325h\337\035\3607\005\234"
 797      F7B8 B9C3 
 797      117C D9D5 
 797      68DF 1DF0 
 797      3705 9C
 798 0409 3EDB BB1E 		.ascii	">\333\273\036\257;h\177\037;\371\202{\203v\237\247\271\351\203"
 798      AF3B 687F 
 798      1F3B F982 
 798      7B83 769F 
 798      A7B9 E983 
 799 041d 171A ECD8 		.ascii	"\027\032\354\330\312\356ivy[v\272\355-!\217\327\356\f\371}\036"
 799      CAEE 6976 
 799      795B 76BA 
 799      ED2D 218F 
 799      D7EE 0CF9 
 800 0433 57DD 7B4C 		.ascii	"W\335{Luy=\314\354s\373\374\201\275H\346\277G%\na"
 800      7579 3DCC 
 800      EC73 FBFC 
 800      81BD 48E6 
 800      BF47 250A 
 801               		.text
 802               		.section	.gnu.lto_timer_elapsed.98e0a418,"",@progbits
 803 0000 789C 8554 		.string	"x\234\205T_L\223W\024\277\347\273\337\327\226\277\233/{b\033a\204\020M`s\3048\262d>\354i\
 803      5F4C 9357 
 803      14BF E7BB 
 803      DFD7 96BF 
 803      9B2F 7B62 
 804 007f D04E 1516 		.string	"\320N\025\026`\265\n\324*\265\315|\037\207\344\370\301\243/5\361(y\24292\376\367S\013\231
 804      60B5 0AD4 
 804      2AB5 CD7C 
 804      1F87 E4F8 
 804      C1A3 2F35 
 805 009f 2FA3 3974 		.string	"/\2439t|\366P\366\372^!\352D\"r\312\334\267gX\340\235\302\276B\367\363P"
 805      7CF6 50F6 
 805      FA5E 21EA 
 805      4422 72CA 
 805      DCB7 6758 
 806 00bc E7A0 80D1 		.ascii	"\347\240\200\321\017.\300zt\017v\216\336U\370\353\300p\3778\331"
 806      0F2E C07A 
 806      740F 768E 
 806      DE55 F8EB 
 806      C070 FF38 
 807 00d1 3AAF 961E 		.ascii	":\257\226\036\225\241\203\037\213\\\f\203\213\3003\"\361\254"
 807      95A1 831F 
 807      8B5C 0C83 
 807      8BC0 3322 
 807      F1AC 
 808 00e3 F819 30B8 		.ascii	"\370\0310\270\004\245\214b\036\035nx\316u0*\232\023\207VF\363"
 808      04A5 8C62 
 808      1E1D 6E78 
 808      CE75 302A 
 808      9A13 8756 
 809 00f9 7430 8568 		.ascii	"t0\205h.\235\031\022\026\276If\277\2208\2637\253\244Gf\237\215"
 809      2E9D 1912 
 809      16BE 4966 
 809      BF90 38B3 
 809      37AB A447 
 810 0110 153C 12A2 		.ascii	"\025<\022\242]\250Q\316a@/\321\217"
 810      5DA8 51CE 
 810      6140 2FD1 
 810      8F
 811 011d 2512 3AB8 		.string	"%\022:\270\342\220B\021\323\337/\037\3103\251p\031J\b>\201\036\004\023\340\315\362Hsc\036
 811      E290 4211 
 811      D3DF 2F1F 
 811      C833 A970 
 811      194A 083E 
 812 021e 2AC3 A4E0 		.string	"*\303\244\340bV\245\203\306h5\001\t\305L\252a\254\201\263:,\247\202H\260F\256\004\345\276
 812      6256 A583 
 812      C668 3501 
 812      09C5 4CAA 
 812      61AC 81B3 
 813 0255 6D23 9C86 		.ascii	"m#\234\206\037l\333{B\352\337\"\371\212O>\251\317\321\315\333"
 813      1F6C DB7B 
 813      42EA DF22 
 813      F98A 4F3E 
 813      A9CF D1CD 
 814 026a 64DF 3BB7 		.ascii	"d\337;\267\334\223\027\207#\301PP\240\020\262\3407\354~\224\204"
 814      DC93 1787 
 814      23C1 5050 
 814      A010 B2E0 
 814      37EC 7E94 
 815 027f 0537 210E 		.ascii	"\0057!\016\230\267\256\220\222\321 0!\325y#\223\220-\006\021"
 815      98B7 AE90 
 815      92D1 2030 
 815      21D5 7923 
 815      9390 2D06 
 816 0294 248C 311D 		.ascii	"$\2141\035\311\3647\341\233\220\316\n\236\303-\311\n\255\367"
 816      C9F4 37E1 
 816      9B90 CE0A 
 816      9EC3 2DC9 
 816      0AAD F7
 817 02a7 2058 6498 		.ascii	" Xd\230,F~S'\207's\212\272\241K\264#\206l\302\325s\377b\\\223"
 817      2C46 7E53 
 817      2787 2773 
 817      8ABA A14B 
 817      B423 866C 
 818 02c2 621B 8722 		.ascii	"b\033\207\"\\\177GqP\273'\270\214DXS\315).\221\241<0\340\237"
 818      5C7F 4771 
 818      50BB 27B8 
 818      8C44 5853 
 818      CD29 2E91 
 819 02db 2B4F B651 		.ascii	"+O\266Q_H(L \376\031@-\342\325\013\3432u\240\276`\212\322\315"
 819      5F48 284C 
 819      20FE 1940 
 819      2DE2 D50B 
 819      E332 75A0 
 820 02f4 2AAB A4B5 		.ascii	"*\253\244\265'?\321I\323\322I\313\221\244\305z\257\257d\205\240"
 820      273F D149 
 820      D3D2 49CB 
 820      91A4 C57A 
 820      AFAF 6485 
 821 0309 2E68 C193 		.ascii	".h\301\223\0307416\331\f\304\234\200(\317\205? \0040)\211\373"
 821      1837 3431 
 821      36D9 0CC4 
 821      9C80 28CF 
 821      853F 2004 
 822 0321 3383 3859 		.ascii	"3\2038YV\223\325^1\352\0327:\360\265Z*~(R\351\310S\031\310\265"
 822      5693 D55E 
 822      31EA 1A37 
 822      3AF0 B55A 
 822      2A7E 2852 
 823 033b 74E4 7A06 		.ascii	"t\344z\006z\333\035\361D\356\206>\251\314\007\275JC\027B\324"
 823      7ADB 1DF1 
 823      44EE 863E 
 823      A9CC 07BD 
 823      4A43 1742 
 824 0350 5827 C952 		.ascii	"X'\311R~\002n\303\006\362z\370ms>5\200n]Ka-\312\363\344\313\242"
 824      7E02 6EC3 
 824      06F2 7AF8 
 824      6D73 3E35 
 824      806E 5D4B 
 825 036b 6430 85C8 		.ascii	"d0\205\310\345\\I\274zA\2247E\032\263\214\351\222F\222R{\372"
 825      E55C 49BC 
 825      7A41 9437 
 825      451A B38C 
 825      E992 4692 
 826 0382 38ED 3384 		.ascii	"8\3553\204\003\231\262\271\203\335\033J\351\276\324\252\311P"
 826      0399 B2B9 
 826      83DD 1B4A 
 826      E9BE D4AA 
 826      C950 
 827 0394 3971 FD59 		.ascii	"9q\375Y\260c\377;\361i9\361\273r\342\212\321g8\3361\317\215>"
 827      B063 FF3B 
 827      F169 39F1 
 827      BB72 E28A 
 827      D167 38DE 
 828 03ac 231D D9FD 		.ascii	"#\035\331\375\202\312\252i\215\316\310F[\366-Oh\225\247E\223"
 828      82CA AA69 
 828      8DCE C846 
 828      5BF6 2D4F 
 828      6895 A745 
 829 03c1 BC85 BFA0 		.ascii	"\274\205\277\240r5\207\354wF\357\251\373H\233\376\200\346\240"
 829      7235 87EC 
 829      7746 EFA9 
 829      FB48 9BFE 
 829      80E6 A0
 830 03d4 EEDF DD49 		.ascii	"\356\337\335IN\373\bW\210\3439\250\377\256\021\364\003\263<3"
 830      4EFB 0857 
 830      88E3 39A8 
 830      FFAE 11F4 
 830      03B3 3C33 
 831 03e8 B179 A25B 		.ascii	"\261y\242[?\241R\r83\371\032\021kA\300\363\271\315\341\3659\313"
 831      3FA1 520D 
 831      3833 F91A 
 831      116B 41C0 
 831      F3B9 CDE1 
 832 03ff 1D5E 8FC7 		.ascii	"\035^\217\307[]n\337\351+\017\270<N_\231\203\251n\273?\260\316"
 832      5B5D 6EDF 
 832      E92B 0FB8 
 832      3C4E 5F99 
 832      83A9 6EBB 
 833 0416 B0CA B66F 		.ascii	"\260\312\266o\256pTl|\353\035\006\001\223\315\366\221\367}o\266"
 833      AE70 546C 
 833      7CEB 1D06 
 833      0193 CDF6 
 833      91F7 7D6F 
 834 042b CDE6 DAEA 		.ascii	"\315\346\332\352\364\0070\334\354p;\355\3255;\262\374>g\225\315"
 834      F407 30DC 
 834      EC70 3BED 
 834      D535 3BB2 
 834      FC3E 6795 
 835 0440 6FDF E9E4 		.ascii	"o\337\351\3446\233\377]G\245u\207\317[\345\263{\n?u\271\235~"
 835      369B FF5D 
 835      47A5 7587 
 835      CF5B E5B3 
 835      7B0A 3F75 
 836 0457 EB17 58CE 		.ascii	"\353\027X\316\343\337\345\267z\\\325U_n\252\260b=\253\253\332"
 836      E3DF E5B7 
 836      7A5C D555 
 836      5F6E AAB0 
 836      623D ABAB 
 837 046c E1AE D9EE 		.ascii	"\341\256\331\356\264\326\004\\n\253=\340\365\270\034e\2371\325"
 837      B4D6 045C 
 837      6EAB 3DE0 
 837      F5B8 1C65 
 837      9F31 D5
 838 047f E176 31B3 		.ascii	"\341v1\263\307\351\361\372v!\355\377\0010\311+X"
 838      C7E9 F1FA 
 838      7621 EDFF 
 838      0130 C92B 
 838      58
 839               		.text
 840               		.section	.gnu.lto_timer_elapsed32.98e0a418,"",@progbits
 841 0000 789C 8554 		.string	"x\234\205T]L\233U\030>\357w\276\257-\345g\333\215Wd\022$\204l\t\350$\313$&\356\302+\343\3
 841      5D4C 9B55 
 841      183E EF77 
 841      BEAF 2DE5 
 841      67DB 8D57 
 842 007f 3AA9 C202 		.string	":\251\302\002\254J\201*\245\252\201\037\347p\277\263\366!\257\347\255\030\251\2429\373\32
 842      AC4A 812A 
 842      A5AA 811F 
 842      E770 BFB3 
 842      F621 AFE7 
 843 009f 7968 2666 		.ascii	"yh&f\036\2063v\365\tQ-b\221ys\177\323\204@\237\302\336\307\360"
 843      1E86 3376 
 843      F509 512D 
 843      6291 7973 
 843      7FD3 8440 
 844 00b8 0B90 0BE7 		.ascii	"\013\220\013\347!\227\321\037\\\204]\030\036j\237ZR\370\223\300"
 844      2197 D11F 
 844      5C84 5D18 
 844      1E6A 9F5A 
 844      52F8 93C0 
 845 00cc F0DC 1BF9 		.ascii	"\360\334\033\371r \253\250W\246^\257\024Y\230\006\227\200\247"
 845      7220 ABA8 
 845      57A6 5EAF 
 845      1459 9806 
 845      9780 A7
 846 00df 65E2 5DC1 		.ascii	"e\342]\301\327\300\3402\0241\312ytvDX\370^\231\1771v\366XFa\217"
 846      D7C0 E032 
 846      1431 CA79 
 846      7476 4458 
 846      F85E 997F 
 847 00fa CC1F EDCC 		.ascii	"\314\037\355\314\275/D\213P\251H\354?E\030+\030\224\031\213_"
 847      BD2F 448B 
 847      50A9 48EC 
 847      3F45 182B 
 847      1894 198B 
 848 010f 244F 669B 		.ascii	"$Of\233T\030\204B\002H\260\206\300\004\350IN6\324e\363}2j}`\342"
 848      5418 8442 
 848      0248 B086 
 848      C004 E849 
 848      4E36 D465 
 849 012a 1C18 75A7 		.ascii	"\034\030u\247;\255a\021\013\345\265r\016\337\352e\237\315\205"
 849      3BAD 6111 
 849      0BE5 B572 
 849      0EDF EA65 
 849      9FCD 85
 850 013d A7F5 A233 		.ascii	"\247\365\24232\2743r7\241\362\027\344yl\275~#GU\260\356\b2K7"
 850      32BC 3372 
 850      37A1 F217 
 850      E479 6CBD 
 850      7E23 4755 
 851 0157 B5C3 7383 		.ascii	"\265\303s\203\231\374%\351=\261\261\376\267\206^\270\002\034"
 851      99FC 25E9 
 851      3DB1 B1FE 
 851      B786 5EB8 
 851      021C 
 852 0169 4641 9501 		.ascii	"FA\225\001C\221\256kf~@\006\334\276w\363\\\216\3219O\016\303"
 852      4391 AE6B 
 852      667E 4006 
 852      DCBE 77F3 
 852      5C8E D139 
 853 0180 219E D215 		.ascii	"!\236\322\025\256R\022+\030O\233\346;(\204a\234\210fa\005c\322"
 853      AE52 122B 
 853      184F 9BE6 
 853      3B28 8461 
 853      9C88 6661 
 854 0197 179F F9B0 		.ascii	"\027\237\371\260w\233\2764\005\315\311\231\337\377\262\350K\333"
 854      779B BE34 
 854      05CD C999 
 854      DFFF B2E8 
 854      4BDB 
 855 01a9 8EE6 DAC8 		.ascii	"\216\346\332\310\243F\205\333dd\342\314T\334ll\341J\373\236\226"
 855      A346 85DB 
 855      6464 E2CC 
 855      54DC 6C6C 
 855      E14A FB9E 
 856 01be E993 4298 		.ascii	"\351\223B\230Z\271\n\337Sc\200k\310\3428\262\b?@\021^\027\254"
 856      5AB9 0ADF 
 856      5363 806B 
 856      C8E2 38B2 
 856      083F 4011 
 857 01d5 70CA 0A7F 		.ascii	"p\312\n\177u\342\033n \035~E\034\025\312V\nKK!\242\266\260\206"
 857      75E2 1B6E 
 857      201D 7E45 
 857      1C15 CA56 
 857      0A4B 4B21 
 858 01ed 515F 2893 		.ascii	"Q_(\223\204Y\203\t\002<\006&l\221\022\2402\370\021\0272\211\203"
 858      8459 8309 
 858      023C 0626 
 858      6C91 12A0 
 858      32F8 1117 
 859 0204 30FA A20F 		.ascii	"0\372\242\017h[\247'\265\230Hn\274+b\311\235+\211\344\016+\240"
 859      685B A727 
 859      B598 486E 
 859      BC2B 62C9 
 859      9D2B 89E4 
 860 021b 3234 2E7D 		.ascii	"24.}\230\203_\rH#&\022\fc\265\234Uc'\025D\214\325q%$\31751\266"
 860      9883 5F0D 
 860      4823 2612 
 860      0C63 B59C 
 860      5563 2715 
 861 0239 0CA2 7BA9 		.ascii	"\f\242{\251Y\223D\321yu\333\3461\237\260\260\025\030\372\240"
 861      5993 44D1 
 861      7975 DBE6 
 861      319F B0B0 
 861      1518 FAA0 
 862 024d 11E8 18E1 		.ascii	"\021\350\030\341\244\212P\363\261S\222"
 862      A48A 50F3 
 862      B153 92
 863 0258 4593 A42A 		.string	"E\223\244*:\367\240&S7o\221\275z>\331\223\035\205OB\341\220@\205\230\341:\016>E\212\203\0
 863      3AF7 A026 
 863      5337 6F91 
 863      BD7A 3ED9 
 863      931D 854F 
 864 0359 C3BA D69A 		.ascii	"\303\272\326\232\265V\236)\237\034\025\203\005D.\367J\272\325"
 864      B556 9E29 
 864      9F1C 1583 
 864      0544 2EF7 
 864      4ABA D5
 865 036c 1BA2 B229 		.ascii	"\033\242\262)\323\330e\207\256f$i\376\275"
 865      D3D8 6587 
 865      AE66 2469 
 865      FEBD 
 866 037a 7E4E E734 		.string	"~N\3474\341@\272ln\343\364\206R\272/\037\325d\252\334\270\376\"\330\300\377n|Qn|In\\1\346
 866      E140 BA6C 
 866      6EE3 F486 
 866      52BA 2F1F 
 866      D564 AADC 
 867 047b 1A26 94   		.ascii	"\032&\224"
 868               		.text
 869               		.section	.gnu.lto___vector_21.98e0a418,"",@progbits
 870 0000 789C 8D8F 		.string	"x\234\215\217=K\003A\020\206\347\335I.\247\020l-\242\235M\n\363\027\374\025\266\242!\205\
 870      3D4B 0341 
 870      1086 E7DD 
 870      492E A710 
 870      6C2D A29D 
 871 0060 93A5 B40D 		.string	"\223\245\264\r\252(T\320\3445\306\347\367\366K6\337\221\216\216Z[\203\276\016\206C&Z\227H
 871      AA28 54D0 
 871      E435 C6E7 
 871      F7F6 4B36 
 871      DF91 8E8E 
 872 00dd FBBE 46C8 		.ascii	"\373\276F\310\214s\324\2013\344d\245\013)\013\262\266\323@\202"
 872      8C73 D481 
 872      33E4 64A5 
 872      0B29 0BB2 
 872      B6D3 4082 
 873 00f1 5409 F5FD 		.ascii	"T\t\365\375\352k\306@\031@$\223b}\\\216G\376\351\270\374st\245"
 873      EA6B C640 
 873      1940 2493 
 873      627D 5C8E 
 873      47FE E9B8 
 874 0109 2C60 7A43 		.ascii	",`zCu\327\212o0/\220\325\343\363\024Q\256\354\314M\025]\257T"
 874      75D7 8A6F 
 874      302F 90D5 
 874      E3F3 1451 
 874      AEEC CC4D 
 875 0121 28BA 8EE3 		.ascii	"(\272\216\343\316\027\246\027\274By\326)y\343E\372\001g<u\210"
 875      CE17 A617 
 875      BC42 79D6 
 875      2979 E345 
 875      FA01 673C 
 876               		.text
 877               		.section	.gnu.lto_.symbol_nodes.98e0a418,"",@progbits
 878 0000 789C 6367 		.string	"x\234cg`f\330\311"
 878      6066 D8C9 
 878      00
 879 0009 044C 6CF5 		.string	"\004Ll\365\fM\r\r\r,\214\023\31610\32430\354jpd`\004I\260\3273b\225`eehU\002)\340\250g\30
 879      0C4D 0D0D 
 879      0D2C 8C13 
 879      CE31 30D4 
 879      3330 EC6A 
 880 004d FF53 2AF1 		.ascii	"\377S*\361"
 881               		.text
 882               		.section	.gnu.lto_.refs.98e0a418,"",@progbits
 883 0000 789C 15C4 		.string	"x\234\025\304\301\021"
 883      C111 00
 884 0007 2008 03C1 		.string	" \b\003\301K@y1\366`\377E*\373\330\"\270\200$\267\002\037\345\264\246\375sa\313\311\003\0
 884      4B40 7931 
 884      F660 FF45 
 884      2AFB D822 
 884      B880 24B7 
 885 0029 AD        		.ascii	"\255"
 886               		.text
 887               		.section	.gnu.lto_.decls.98e0a418,"",@progbits
 888 0000 789C A556 		.ascii	"x\234\245VkL\024W\024\2363\263\354\262"
 888      6B4C 1457 
 888      149E 33B3 
 888      ECB2 
 889 000e 0B48 BB31 		.string	"\013H\2731\215\251\333\206D#\377D\301\030i\232\376\250?\372\243I\1774i\215\t\311f\273le\3
 889      8DA9 DB86 
 889      4423 FF44 
 889      C118 699A 
 889      FEA8 3FFA 
 890 010f 3D87 4ECC 		.string	"=\207N\314(2\005\330\252\001\217G\300\211\354d\327\255`6A\326\313{\333\216)\004\236\2767^
 890      2832 05D8 
 890      AA01 8F47 
 890      C089 EC64 
 890      D7AD 6036 
 891 0153 4F68 FA27 		.string	"Oh\372'\236\006\342p\271\006\336\302\341Dz\332h\200&S\024S\304+\242\250Y\301A#\350\300\t:
 891      9E06 E270 
 891      B906 DEC2 
 891      E144 7ADA 
 891      6880 2653 
 892 01c4 8A47 15B4 		.string	"\212G\025\264\340d3\231l\245\n*\313+\013\024.\030\006,\b\255(),H\017\240\306\306@\207\370
 892      E064 3399 
 892      6CA5 0A2A 
 892      CB2B 0B14 
 892      2E18 062C 
 893 02b3 2F69 81B6 		.string	"/i\201\266\307K\212^\320%#\355\222\221\216\362\034tS\322\254}\277\357\345\205,`\033\265\3
 893      C74B 8A5E 
 893      D025 23ED 
 893      9291 8EF2 
 893      1C74 53D2 
 894 02e1 8975 7665 		.ascii	"\211uve\232\350L\026\305\"\2368A\217\214\264GFZ\206\244}\224"
 894      9AE8 4C16 
 894      C522 9E38 
 894      418F 8CB4 
 894      4746 5A86 
 895 02f8 F44C C679 		.ascii	"\364L\306y\267R8\310H;_<y\300+p\243\320\034\021\037\347\212j"
 895      B752 38C8 
 895      483B 5F3C 
 895      79C0 2B70 
 895      A3D0 1C11 
 896 0310 0A87 948B 		.ascii	"\n\207\224\213\245\177\215\n\371\013$%%-]#\274\244\344\372{>"
 896      A57F 8D0A 
 896      F90B 2425 
 896      252D 5D23 
 896      BCA4 E4FA 
 897 0326 25E8 0557 		.ascii	"%\350\005WeJ\256\312\224\214\343.\352\247Jr\357\326U\251\205"
 897      654A AECA 
 897      948C E32E 
 897      EAA7 4A72 
 897      EFD6 55A9 
 898 033b 5F98 92FE 		.ascii	"_\230\222\376\372\333%LI\253O\311\271G"
 898      FADB 254C 
 898      49AB 4FC9 
 898      B947 
 899 0349 877F 0A5A 		.string	"\207\177\nZ\254$\203T\311u\257\222\212!\347q\357\347\237}\337\247\004\275`@\246d@\246\004
 899      AC24 8354 
 899      C975 AF92 
 899      8A21 E771 
 899      EFE7 9F7D 
 900 044a 0DA0 AAEE 		.string	"\r\240\252\356#\323=\"\325M\373\355\217\236\272,\025\313\345\3651\344\003\226\317\017\252
 900      23D3 3D22 
 900      D54D FBED 
 900      8F9E BA2C 
 900      15CB E5F5 
 901 0497 ECF4 5192 		.string	"\354\364Q\222\203\243:\243\201\036x\242\024\253\225\207>\006\r\336#t\360\2101\245\237q\26
 901      83A3 3AA3 
 901      811E 78A2 
 901      14AB 9587 
 901      3E06 0DDE 
 902 04d5 C1E0 5F8A 		.string	"\301\340_\212\373\024syF\341g\320\3439\342\027\210\3506\265\223\316\026\210\201\364\211\2
 902      FB14 7379 
 902      46E1 67D0 
 902      E339 E217 
 902      88E8 36B5 
 903 0585 39B7 5BD6 		.ascii	"9\267[\326\250Rxy\357>YZ\326\256\220\270/\236V\261Fu\224'^\220"
 903      A852 7879 
 903      EF3E 595A 
 903      D6AE 90B8 
 903      2F9E 56B1 
 904 059f CCFB 8853 		.ascii	"\314\373\210S\221\030\207>\3429\201\316q+\035\326o\364\306\004"
 904      9118 873E 
 904      E239 81CE 
 904      712B 1DD6 
 904      6FF4 C604 
 905 05b3 9B29 C298 		.ascii	"\233)\302\230`\265&\304G\030\222l\021\016\263\325d[k\f\374\344"
 905      60B5 26C4 
 905      4718 926C 
 905      110E B3D5 
 905      645B 6B0C 
 906 05c9 B32F C236 		.ascii	"\263/\3026GGsoK\023kc7m0n\210\\\037\315\005&\232\343\035\353"
 906      4747 736F 
 906      4B13 6B63 
 906      376D 306E 
 906      885C 1FCD 
 907 05e3 37EA 1DF4 		.ascii	"7\352\035\364%*R\357\320P\037\2759\336\354\320\375\007&\027\304"
 907      252A 52EF 
 907      D050 1FBD 
 907      39DE ECD0 
 907      FD07 2617 
 908 05f8 FC8C 1693 		.ascii	"\374\214\026\223\301&\305\330L\206\330\340\227\257Q\221!l`\262"
 908      C126 C5D8 
 908      4C86 D8E0 
 908      97AF 5191 
 908      216C 60B2 
 909 060c 18B6 DB4D 		.ascii	"\030\266\333M\261\241~\243\250\310 \275>\311dt$\330\364\221\353"
 909      B1A1 7EA3 
 909      A8C8 20BD 
 909      3EC9 6474 
 909      24D8 F491 
 910 0621 9576 F3B6 		.ascii	"\225v\363\266x\203E\221\210+Z\323\367\016\223\rG\226\035\372"
 910      7883 4591 
 910      882B 5AD3 
 910      F70E 930D 
 910      4796 1DFA 
 911 0635 24B3 DDFC 		.ascii	"$\263\335\374\225\305\244Fq&\233-q\273\303K\233\220\030\357P"
 911      95C5 A446 
 911      7126 9B2D 
 911      71BB C34B 
 911      9B90 18EF 
 912 064a 11CD 9BF4 		.ascii	"\021\315\233\364\016\2051\0165\350\365\346\317Mv\2043}h\374 "
 912      0E85 310E 
 912      35E8 F5E6 
 912      CF4D 7684 
 912      337D 68FC 
 913 065f 66BB 2D61 		.ascii	"f\273-a\233\315`\r\373\332l1\331c\276\305D\254\366\035\366\030"
 913      9BCD 600D 
 913      FBDA 6C31 
 913      D963 BEC5 
 913      44AC F61D 
 914 0675 AB39 7EDB 		.ascii	"\2539~\333w\0337\304`&1\346x\243%1\326\024\223\3500[b\f\216\004"
 914      771B 37C4 
 914      6026 31E6 
 914      78A3 2531 
 914      D614 93E8 
 915 068f ABD9 B836 		.ascii	"\253\331\2706\216\013F\234\315\026\204r|i\260\374\003\346:{\224"
 915      8E0B 469C 
 915      CD16 8472 
 915      7C69 B0FC 
 915      03E6 3A7B 
 916               		.text
 917               		.section	.gnu.lto_.symtab.98e0a418,"",@progbits
 918 0000 7469 6D65 		.string	"timer_init"
 918      725F 696E 
 918      6974 00
 919 000b 00        		.string	""
 920 000c 00        		.string	""
 921 000d 00        		.string	""
 922 000e 00        		.string	""
 923 000f 00        		.string	""
 924 0010 00        		.string	""
 925 0011 00        		.string	""
 926 0012 00        		.string	""
 927 0013 00        		.string	""
 928 0014 00        		.string	""
 929 0015 00        		.string	""
 930 0016 CC00      		.string	"\314"
 931 0018 00        		.string	""
 932 0019 00        		.string	""
 933 001a 7469 6D65 		.string	"timer_clear"
 933      725F 636C 
 933      6561 7200 
 934 0026 00        		.string	""
 935 0027 00        		.string	""
 936 0028 00        		.string	""
 937 0029 00        		.string	""
 938 002a 00        		.string	""
 939 002b 00        		.string	""
 940 002c 00        		.string	""
 941 002d 00        		.string	""
 942 002e 00        		.string	""
 943 002f 00        		.string	""
 944 0030 00        		.string	""
 945 0031 CE00      		.string	"\316"
 946 0033 00        		.string	""
 947 0034 00        		.string	""
 948 0035 7469 6D65 		.string	"timer_count"
 948      725F 636F 
 948      756E 7400 
 949 0041 00        		.string	""
 950 0042 04        		.ascii	"\004"
 951 0043 00        		.string	""
 952 0044 0400      		.string	"\004"
 953 0046 00        		.string	""
 954 0047 00        		.string	""
 955 0048 00        		.string	""
 956 0049 00        		.string	""
 957 004a 00        		.string	""
 958 004b 00        		.string	""
 959 004c E900      		.string	"\351"
 960 004e 00        		.string	""
 961 004f 00        		.string	""
 962 0050 7469 6D65 		.string	"timer_read"
 962      725F 7265 
 962      6164 00
 963 005b 00        		.string	""
 964 005c 00        		.string	""
 965 005d 00        		.string	""
 966 005e 00        		.string	""
 967 005f 00        		.string	""
 968 0060 00        		.string	""
 969 0061 00        		.string	""
 970 0062 00        		.string	""
 971 0063 00        		.string	""
 972 0064 00        		.string	""
 973 0065 00        		.string	""
 974 0066 D100      		.string	"\321"
 975 0068 00        		.string	""
 976 0069 00        		.string	""
 977 006a 7469 6D65 		.string	"timer_read32"
 977      725F 7265 
 977      6164 3332 
 977      00
 978 0077 00        		.string	""
 979 0078 00        		.string	""
 980 0079 00        		.string	""
 981 007a 00        		.string	""
 982 007b 00        		.string	""
 983 007c 00        		.string	""
 984 007d 00        		.string	""
 985 007e 00        		.string	""
 986 007f 00        		.string	""
 987 0080 00        		.string	""
 988 0081 00        		.string	""
 989 0082 D400      		.string	"\324"
 990 0084 00        		.string	""
 991 0085 00        		.string	""
 992 0086 7469 6D65 		.string	"timer_elapsed"
 992      725F 656C 
 992      6170 7365 
 992      6400 
 993 0094 00        		.string	""
 994 0095 00        		.string	""
 995 0096 00        		.string	""
 996 0097 00        		.string	""
 997 0098 00        		.string	""
 998 0099 00        		.string	""
 999 009a 00        		.string	""
 1000 009b 00        		.string	""
 1001 009c 00        		.string	""
 1002 009d 00        		.string	""
 1003 009e 00        		.string	""
 1004 009f D800      		.string	"\330"
 1005 00a1 00        		.string	""
 1006 00a2 00        		.string	""
 1007 00a3 7469 6D65 		.string	"timer_elapsed32"
 1007      725F 656C 
 1007      6170 7365 
 1007      6433 3200 
 1008 00b3 00        		.string	""
 1009 00b4 00        		.string	""
 1010 00b5 00        		.string	""
 1011 00b6 00        		.string	""
 1012 00b7 00        		.string	""
 1013 00b8 00        		.string	""
 1014 00b9 00        		.string	""
 1015 00ba 00        		.string	""
 1016 00bb 00        		.string	""
 1017 00bc 00        		.string	""
 1018 00bd 00        		.string	""
 1019 00be DC00      		.string	"\334"
 1020 00c0 00        		.string	""
 1021 00c1 00        		.string	""
 1022 00c2 5F5F 7665 		.string	"__vector_21"
 1022      6374 6F72 
 1022      5F32 3100 
 1023 00ce 00        		.string	""
 1024 00cf 00        		.string	""
 1025 00d0 00        		.string	""
 1026 00d1 00        		.string	""
 1027 00d2 00        		.string	""
 1028 00d3 00        		.string	""
 1029 00d4 00        		.string	""
 1030 00d5 00        		.string	""
 1031 00d6 00        		.string	""
 1032 00d7 00        		.string	""
 1033 00d8 00        		.string	""
 1034 00d9 E600      		.string	"\346"
 1035 00db 00        		.string	""
 1036 00dc 00        		.string	""
 1037               		.text
 1038               		.section	.gnu.lto_.opts,"",@progbits
 1039 0000 272D 666E 		.string	"'-fno-openmp' '-fno-openacc' '-fno-pie' '-mn-flash=1' '-mno-skip-bug' '-mmcu=avr5' '-Os' 
 1039      6F2D 6F70 
 1039      656E 6D70 
 1039      2720 272D 
 1039      666E 6F2D 
 1040               		.text
 1041               		.comm	__gnu_lto_v1,1,1
 1042               		.comm	__gnu_lto_slim,1,1
 1043               		.ident	"GCC: (GNU) 8.4.0"
DEFINED SYMBOLS
                            *ABS*:0000000000000000 timer.c
C:\Users\gazed\AppData\Local\Temp\ccmXTlAD.s:2      *ABS*:000000000000003e __SP_H__
C:\Users\gazed\AppData\Local\Temp\ccmXTlAD.s:3      *ABS*:000000000000003d __SP_L__
C:\Users\gazed\AppData\Local\Temp\ccmXTlAD.s:4      *ABS*:000000000000003f __SREG__
C:\Users\gazed\AppData\Local\Temp\ccmXTlAD.s:5      *ABS*:0000000000000000 __tmp_reg__
C:\Users\gazed\AppData\Local\Temp\ccmXTlAD.s:6      *ABS*:0000000000000001 __zero_reg__
C:\Users\gazed\AppData\Local\Temp\ccmXTlAD.s:15     .gnu.debuglto_.debug_info:0000000000000000 timer.c.d84c4219
                            *COM*:0000000000000001 __gnu_lto_v1
                            *COM*:0000000000000001 __gnu_lto_slim

NO UNDEFINED SYMBOLS
