   1               		.file	"bootloader.c"
   2               	__SP_H__ = 0x3e
   3               	__SP_L__ = 0x3d
   4               	__SREG__ = 0x3f
   5               	__tmp_reg__ = 0
   6               	__zero_reg__ = 1
   7               		.file 1 "c:\\program files\\qmk_msys\\mingw64\\avr\\include\\stdint.h"
   8               		.file 2 "lib/lufa/LUFA/Drivers/USB/Core/AVR8/../StdRequestType.h"
   9               		.file 3 "lib/lufa/LUFA/Drivers/USB/Core/AVR8/../DeviceStandardReq.h"
  10               		.file 4 "lib/lufa/LUFA/Drivers/USB/Core/USBTask.h"
  11               		.file 5 "lib/lufa/LUFA/Drivers/USB/Core/HostStandardReq.h"
  12               		.file 6 "c:\\program files\\qmk_msys\\mingw64\\avr\\include\\stdio.h"
  13               		.file 7 "tmk_core/common/avr/bootloader.c"
  14               		.file 8 "c:\\program files\\qmk_msys\\mingw64\\avr\\include\\util\\delay.h"
  15               		.file 9 "c:\\program files\\qmk_msys\\mingw64\\avr\\include\\avr\\wdt.h"
  16               		.section	.gnu.debuglto_.debug_info,"",@progbits
  17               	.Ldebug_info0:
  18               		.hidden	bootloader.c.9757163b
  19               		.weak	bootloader.c.9757163b
  20               	bootloader.c.9757163b:
  21 0000 EF02 0000 		.long	0x2ef
  22 0004 0200      		.word	0x2
  23 0006 0000 0000 		.long	.Ldebug_abbrev0
  24 000a 04        		.byte	0x4
  25 000b 01        		.uleb128 0x1
  26 000c 0000 0000 		.long	.LASF40
  27 0010 0C        		.byte	0xc
  28 0011 0000 0000 		.long	.LASF41
  29 0015 0000 0000 		.long	.LASF42
  30 0019 0000 0000 		.long	.Ldebug_line0
  31 001d 02        		.uleb128 0x2
  32 001e 01        		.byte	0x1
  33 001f 06        		.byte	0x6
  34 0020 0000 0000 		.long	.LASF0
  35 0024 03        		.uleb128 0x3
  36 0025 0000 0000 		.long	.LASF2
  37 0029 01        		.byte	0x1
  38 002a 7E        		.byte	0x7e
  39 002b 16        		.byte	0x16
  40 002c 3A00 0000 		.long	0x3a
  41 0030 04        		.uleb128 0x4
  42 0031 2400 0000 		.long	0x24
  43 0035 05        		.uleb128 0x5
  44 0036 2400 0000 		.long	0x24
  45 003a 02        		.uleb128 0x2
  46 003b 01        		.byte	0x1
  47 003c 08        		.byte	0x8
  48 003d 0000 0000 		.long	.LASF1
  49 0041 06        		.uleb128 0x6
  50 0042 02        		.byte	0x2
  51 0043 05        		.byte	0x5
  52 0044 696E 7400 		.string	"int"
  53 0048 03        		.uleb128 0x3
  54 0049 0000 0000 		.long	.LASF3
  55 004d 01        		.byte	0x1
  56 004e 80        		.byte	0x80
  57 004f 16        		.byte	0x16
  58 0050 5400 0000 		.long	0x54
  59 0054 02        		.uleb128 0x2
  60 0055 02        		.byte	0x2
  61 0056 07        		.byte	0x7
  62 0057 0000 0000 		.long	.LASF4
  63 005b 02        		.uleb128 0x2
  64 005c 04        		.byte	0x4
  65 005d 05        		.byte	0x5
  66 005e 0000 0000 		.long	.LASF5
  67 0062 03        		.uleb128 0x3
  68 0063 0000 0000 		.long	.LASF6
  69 0067 01        		.byte	0x1
  70 0068 82        		.byte	0x82
  71 0069 16        		.byte	0x16
  72 006a 6E00 0000 		.long	0x6e
  73 006e 02        		.uleb128 0x2
  74 006f 04        		.byte	0x4
  75 0070 07        		.byte	0x7
  76 0071 0000 0000 		.long	.LASF7
  77 0075 02        		.uleb128 0x2
  78 0076 08        		.byte	0x8
  79 0077 05        		.byte	0x5
  80 0078 0000 0000 		.long	.LASF8
  81 007c 02        		.uleb128 0x2
  82 007d 08        		.byte	0x8
  83 007e 07        		.byte	0x7
  84 007f 0000 0000 		.long	.LASF9
  85 0083 07        		.uleb128 0x7
  86 0084 08        		.byte	0x8
  87 0085 02        		.byte	0x2
  88 0086 A3        		.byte	0xa3
  89 0087 0C        		.byte	0xc
  90 0088 D800 0000 		.long	0xd8
  91 008c 08        		.uleb128 0x8
  92 008d 0000 0000 		.long	.LASF10
  93 0091 02        		.byte	0x2
  94 0092 A5        		.byte	0xa5
  95 0093 0E        		.byte	0xe
  96 0094 2400 0000 		.long	0x24
  97 0098 02        		.byte	0x2
  98 0099 23        		.byte	0x23
  99 009a 00        		.uleb128 0
 100 009b 08        		.uleb128 0x8
 101 009c 0000 0000 		.long	.LASF11
 102 00a0 02        		.byte	0x2
 103 00a1 A6        		.byte	0xa6
 104 00a2 0E        		.byte	0xe
 105 00a3 2400 0000 		.long	0x24
 106 00a7 02        		.byte	0x2
 107 00a8 23        		.byte	0x23
 108 00a9 01        		.uleb128 0x1
 109 00aa 08        		.uleb128 0x8
 110 00ab 0000 0000 		.long	.LASF12
 111 00af 02        		.byte	0x2
 112 00b0 A7        		.byte	0xa7
 113 00b1 0E        		.byte	0xe
 114 00b2 4800 0000 		.long	0x48
 115 00b6 02        		.byte	0x2
 116 00b7 23        		.byte	0x23
 117 00b8 02        		.uleb128 0x2
 118 00b9 08        		.uleb128 0x8
 119 00ba 0000 0000 		.long	.LASF13
 120 00be 02        		.byte	0x2
 121 00bf A8        		.byte	0xa8
 122 00c0 0E        		.byte	0xe
 123 00c1 4800 0000 		.long	0x48
 124 00c5 02        		.byte	0x2
 125 00c6 23        		.byte	0x23
 126 00c7 04        		.uleb128 0x4
 127 00c8 08        		.uleb128 0x8
 128 00c9 0000 0000 		.long	.LASF14
 129 00cd 02        		.byte	0x2
 130 00ce A9        		.byte	0xa9
 131 00cf 0E        		.byte	0xe
 132 00d0 4800 0000 		.long	0x48
 133 00d4 02        		.byte	0x2
 134 00d5 23        		.byte	0x23
 135 00d6 06        		.uleb128 0x6
 136 00d7 00        		.byte	0
 137 00d8 03        		.uleb128 0x3
 138 00d9 0000 0000 		.long	.LASF15
 139 00dd 02        		.byte	0x2
 140 00de AA        		.byte	0xaa
 141 00df 12        		.byte	0x12
 142 00e0 8300 0000 		.long	0x83
 143 00e4 09        		.uleb128 0x9
 144 00e5 0000 0000 		.long	.LASF16
 145 00e9 03        		.byte	0x3
 146 00ea 5E        		.byte	0x5e
 147 00eb 13        		.byte	0x13
 148 00ec 2400 0000 		.long	0x24
 149 00f0 01        		.byte	0x1
 150 00f1 01        		.byte	0x1
 151 00f2 09        		.uleb128 0x9
 152 00f3 0000 0000 		.long	.LASF17
 153 00f7 03        		.byte	0x3
 154 00f8 6E        		.byte	0x6e
 155 00f9 11        		.byte	0x11
 156 00fa 0001 0000 		.long	0x100
 157 00fe 01        		.byte	0x1
 158 00ff 01        		.byte	0x1
 159 0100 02        		.uleb128 0x2
 160 0101 01        		.byte	0x1
 161 0102 02        		.byte	0x2
 162 0103 0000 0000 		.long	.LASF18
 163 0107 04        		.uleb128 0x4
 164 0108 0001 0000 		.long	0x100
 165 010c 09        		.uleb128 0x9
 166 010d 0000 0000 		.long	.LASF19
 167 0111 03        		.byte	0x3
 168 0112 78        		.byte	0x78
 169 0113 11        		.byte	0x11
 170 0114 0001 0000 		.long	0x100
 171 0118 01        		.byte	0x1
 172 0119 01        		.byte	0x1
 173 011a 09        		.uleb128 0x9
 174 011b 0000 0000 		.long	.LASF20
 175 011f 04        		.byte	0x4
 176 0120 51        		.byte	0x51
 177 0121 19        		.byte	0x19
 178 0122 0701 0000 		.long	0x107
 179 0126 01        		.byte	0x1
 180 0127 01        		.byte	0x1
 181 0128 09        		.uleb128 0x9
 182 0129 0000 0000 		.long	.LASF21
 183 012d 04        		.byte	0x4
 184 012e 5B        		.byte	0x5b
 185 012f 21        		.byte	0x21
 186 0130 D800 0000 		.long	0xd8
 187 0134 01        		.byte	0x1
 188 0135 01        		.byte	0x1
 189 0136 09        		.uleb128 0x9
 190 0137 0000 0000 		.long	.LASF22
 191 013b 04        		.byte	0x4
 192 013c 90        		.byte	0x90
 193 013d 1E        		.byte	0x1e
 194 013e 3000 0000 		.long	0x30
 195 0142 01        		.byte	0x1
 196 0143 01        		.byte	0x1
 197 0144 09        		.uleb128 0x9
 198 0145 0000 0000 		.long	.LASF23
 199 0149 05        		.byte	0x5
 200 014a 67        		.byte	0x67
 201 014b 13        		.byte	0x13
 202 014c 2400 0000 		.long	0x24
 203 0150 01        		.byte	0x1
 204 0151 01        		.byte	0x1
 205 0152 0A        		.uleb128 0xa
 206 0153 02        		.byte	0x2
 207 0154 0B        		.uleb128 0xb
 208 0155 0000 0000 		.long	.LASF43
 209 0159 0E        		.byte	0xe
 210 015a 06        		.byte	0x6
 211 015b F4        		.byte	0xf4
 212 015c 08        		.byte	0x8
 213 015d DF01 0000 		.long	0x1df
 214 0161 0C        		.uleb128 0xc
 215 0162 6275 6600 		.string	"buf"
 216 0166 06        		.byte	0x6
 217 0167 F5        		.byte	0xf5
 218 0168 08        		.byte	0x8
 219 0169 DF01 0000 		.long	0x1df
 220 016d 02        		.byte	0x2
 221 016e 23        		.byte	0x23
 222 016f 00        		.uleb128 0
 223 0170 08        		.uleb128 0x8
 224 0171 0000 0000 		.long	.LASF24
 225 0175 06        		.byte	0x6
 226 0176 F6        		.byte	0xf6
 227 0177 10        		.byte	0x10
 228 0178 3A00 0000 		.long	0x3a
 229 017c 02        		.byte	0x2
 230 017d 23        		.byte	0x23
 231 017e 02        		.uleb128 0x2
 232 017f 08        		.uleb128 0x8
 233 0180 0000 0000 		.long	.LASF25
 234 0184 06        		.byte	0x6
 235 0185 F7        		.byte	0xf7
 236 0186 0A        		.byte	0xa
 237 0187 2400 0000 		.long	0x24
 238 018b 02        		.byte	0x2
 239 018c 23        		.byte	0x23
 240 018d 03        		.uleb128 0x3
 241 018e 0D        		.uleb128 0xd
 242 018f 0000 0000 		.long	.LASF26
 243 0193 06        		.byte	0x6
 244 0194 0701      		.word	0x107
 245 0196 06        		.byte	0x6
 246 0197 4100 0000 		.long	0x41
 247 019b 02        		.byte	0x2
 248 019c 23        		.byte	0x23
 249 019d 04        		.uleb128 0x4
 250 019e 0E        		.uleb128 0xe
 251 019f 6C65 6E00 		.string	"len"
 252 01a3 06        		.byte	0x6
 253 01a4 0801      		.word	0x108
 254 01a6 06        		.byte	0x6
 255 01a7 4100 0000 		.long	0x41
 256 01ab 02        		.byte	0x2
 257 01ac 23        		.byte	0x23
 258 01ad 06        		.uleb128 0x6
 259 01ae 0E        		.uleb128 0xe
 260 01af 7075 7400 		.string	"put"
 261 01b3 06        		.byte	0x6
 262 01b4 0901      		.word	0x109
 263 01b6 08        		.byte	0x8
 264 01b7 0702 0000 		.long	0x207
 265 01bb 02        		.byte	0x2
 266 01bc 23        		.byte	0x23
 267 01bd 08        		.uleb128 0x8
 268 01be 0E        		.uleb128 0xe
 269 01bf 6765 7400 		.string	"get"
 270 01c3 06        		.byte	0x6
 271 01c4 0A01      		.word	0x10a
 272 01c6 08        		.byte	0x8
 273 01c7 1D02 0000 		.long	0x21d
 274 01cb 02        		.byte	0x2
 275 01cc 23        		.byte	0x23
 276 01cd 0A        		.uleb128 0xa
 277 01ce 0D        		.uleb128 0xd
 278 01cf 0000 0000 		.long	.LASF27
 279 01d3 06        		.byte	0x6
 280 01d4 0B01      		.word	0x10b
 281 01d6 08        		.byte	0x8
 282 01d7 5201 0000 		.long	0x152
 283 01db 02        		.byte	0x2
 284 01dc 23        		.byte	0x23
 285 01dd 0C        		.uleb128 0xc
 286 01de 00        		.byte	0
 287 01df 0F        		.uleb128 0xf
 288 01e0 02        		.byte	0x2
 289 01e1 E501 0000 		.long	0x1e5
 290 01e5 02        		.uleb128 0x2
 291 01e6 01        		.byte	0x1
 292 01e7 08        		.byte	0x8
 293 01e8 0000 0000 		.long	.LASF28
 294 01ec 10        		.uleb128 0x10
 295 01ed 01        		.byte	0x1
 296 01ee 4100 0000 		.long	0x41
 297 01f2 0102 0000 		.long	0x201
 298 01f6 11        		.uleb128 0x11
 299 01f7 E501 0000 		.long	0x1e5
 300 01fb 11        		.uleb128 0x11
 301 01fc 0102 0000 		.long	0x201
 302 0200 00        		.byte	0
 303 0201 0F        		.uleb128 0xf
 304 0202 02        		.byte	0x2
 305 0203 5401 0000 		.long	0x154
 306 0207 0F        		.uleb128 0xf
 307 0208 02        		.byte	0x2
 308 0209 EC01 0000 		.long	0x1ec
 309 020d 10        		.uleb128 0x10
 310 020e 01        		.byte	0x1
 311 020f 4100 0000 		.long	0x41
 312 0213 1D02 0000 		.long	0x21d
 313 0217 11        		.uleb128 0x11
 314 0218 0102 0000 		.long	0x201
 315 021c 00        		.byte	0
 316 021d 0F        		.uleb128 0xf
 317 021e 02        		.byte	0x2
 318 021f 0D02 0000 		.long	0x20d
 319 0223 12        		.uleb128 0x12
 320 0224 0102 0000 		.long	0x201
 321 0228 2E02 0000 		.long	0x22e
 322 022c 13        		.uleb128 0x13
 323 022d 00        		.byte	0
 324 022e 14        		.uleb128 0x14
 325 022f 0000 0000 		.long	.LASF29
 326 0233 06        		.byte	0x6
 327 0234 9701      		.word	0x197
 328 0236 17        		.byte	0x17
 329 0237 2302 0000 		.long	0x223
 330 023b 01        		.byte	0x1
 331 023c 01        		.byte	0x1
 332 023d 15        		.uleb128 0x15
 333 023e 0000 0000 		.long	.LASF44
 334 0242 07        		.byte	0x7
 335 0243 4A        		.byte	0x4a
 336 0244 0A        		.byte	0xa
 337 0245 6200 0000 		.long	0x62
 338 0249 01        		.byte	0x1
 339 024a 16        		.uleb128 0x16
 340 024b 01        		.byte	0x1
 341 024c 0000 0000 		.long	.LASF30
 342 0250 07        		.byte	0x7
 343 0251 1101      		.word	0x111
 344 0253 06        		.byte	0x6
 345 0254 01        		.byte	0x1
 346 0255 17        		.uleb128 0x17
 347 0256 01        		.byte	0x1
 348 0257 0000 0000 		.long	.LASF31
 349 025b 07        		.byte	0x7
 350 025c 50        		.byte	0x50
 351 025d 06        		.byte	0x6
 352 025e 01        		.byte	0x1
 353 025f 18        		.uleb128 0x18
 354 0260 0000 0000 		.long	.LASF35
 355 0264 08        		.byte	0x8
 356 0265 A6        		.byte	0xa6
 357 0266 01        		.byte	0x1
 358 0267 01        		.byte	0x1
 359 0268 A202 0000 		.long	0x2a2
 360 026c 19        		.uleb128 0x19
 361 026d 0000 0000 		.long	.LASF38
 362 0271 08        		.byte	0x8
 363 0272 A6        		.byte	0xa6
 364 0273 12        		.byte	0x12
 365 0274 A202 0000 		.long	0x2a2
 366 0278 1A        		.uleb128 0x1a
 367 0279 0000 0000 		.long	.LASF32
 368 027d 08        		.byte	0x8
 369 027e A8        		.byte	0xa8
 370 027f 09        		.byte	0x9
 371 0280 A202 0000 		.long	0x2a2
 372 0284 1A        		.uleb128 0x1a
 373 0285 0000 0000 		.long	.LASF33
 374 0289 08        		.byte	0x8
 375 028a AC        		.byte	0xac
 376 028b 0B        		.byte	0xb
 377 028c 6200 0000 		.long	0x62
 378 0290 1B        		.uleb128 0x1b
 379 0291 01        		.byte	0x1
 380 0292 0000 0000 		.long	.LASF45
 381 0296 08        		.byte	0x8
 382 0297 AD        		.byte	0xad
 383 0298 0E        		.byte	0xe
 384 0299 01        		.byte	0x1
 385 029a 01        		.byte	0x1
 386 029b 11        		.uleb128 0x11
 387 029c 6E00 0000 		.long	0x6e
 388 02a0 00        		.byte	0
 389 02a1 00        		.byte	0
 390 02a2 02        		.uleb128 0x2
 391 02a3 04        		.byte	0x4
 392 02a4 04        		.byte	0x4
 393 02a5 0000 0000 		.long	.LASF34
 394 02a9 1C        		.uleb128 0x1c
 395 02aa 0000 0000 		.long	.LASF36
 396 02ae 09        		.byte	0x9
 397 02af BF01      		.word	0x1bf
 398 02b1 06        		.byte	0x6
 399 02b2 01        		.byte	0x1
 400 02b3 DA02 0000 		.long	0x2da
 401 02b7 1D        		.uleb128 0x1d
 402 02b8 CA02 0000 		.long	0x2ca
 403 02bc 1E        		.uleb128 0x1e
 404 02bd 0000 0000 		.long	.LASF37
 405 02c1 09        		.byte	0x9
 406 02c2 C301      		.word	0x1c3
 407 02c4 1A        		.byte	0x1a
 408 02c5 2400 0000 		.long	0x24
 409 02c9 00        		.byte	0
 410 02ca 1F        		.uleb128 0x1f
 411 02cb 1E        		.uleb128 0x1e
 412 02cc 0000 0000 		.long	.LASF37
 413 02d0 09        		.byte	0x9
 414 02d1 D501      		.word	0x1d5
 415 02d3 1A        		.byte	0x1a
 416 02d4 2400 0000 		.long	0x24
 417 02d8 00        		.byte	0
 418 02d9 00        		.byte	0
 419 02da 20        		.uleb128 0x20
 420 02db 0000 0000 		.long	.LASF46
 421 02df 09        		.byte	0x9
 422 02e0 9701      		.word	0x197
 423 02e2 06        		.byte	0x6
 424 02e3 01        		.byte	0x1
 425 02e4 21        		.uleb128 0x21
 426 02e5 0000 0000 		.long	.LASF39
 427 02e9 09        		.byte	0x9
 428 02ea 9701      		.word	0x197
 429 02ec 20        		.byte	0x20
 430 02ed 3500 0000 		.long	0x35
 431 02f1 00        		.byte	0
 432 02f2 00        		.byte	0
 433               		.section	.gnu.debuglto_.debug_abbrev,"",@progbits
 434               	.Ldebug_abbrev0:
 435 0000 01        		.uleb128 0x1
 436 0001 11        		.uleb128 0x11
 437 0002 01        		.byte	0x1
 438 0003 25        		.uleb128 0x25
 439 0004 0E        		.uleb128 0xe
 440 0005 13        		.uleb128 0x13
 441 0006 0B        		.uleb128 0xb
 442 0007 03        		.uleb128 0x3
 443 0008 0E        		.uleb128 0xe
 444 0009 1B        		.uleb128 0x1b
 445 000a 0E        		.uleb128 0xe
 446 000b 10        		.uleb128 0x10
 447 000c 06        		.uleb128 0x6
 448 000d 00        		.byte	0
 449 000e 00        		.byte	0
 450 000f 02        		.uleb128 0x2
 451 0010 24        		.uleb128 0x24
 452 0011 00        		.byte	0
 453 0012 0B        		.uleb128 0xb
 454 0013 0B        		.uleb128 0xb
 455 0014 3E        		.uleb128 0x3e
 456 0015 0B        		.uleb128 0xb
 457 0016 03        		.uleb128 0x3
 458 0017 0E        		.uleb128 0xe
 459 0018 00        		.byte	0
 460 0019 00        		.byte	0
 461 001a 03        		.uleb128 0x3
 462 001b 16        		.uleb128 0x16
 463 001c 00        		.byte	0
 464 001d 03        		.uleb128 0x3
 465 001e 0E        		.uleb128 0xe
 466 001f 3A        		.uleb128 0x3a
 467 0020 0B        		.uleb128 0xb
 468 0021 3B        		.uleb128 0x3b
 469 0022 0B        		.uleb128 0xb
 470 0023 39        		.uleb128 0x39
 471 0024 0B        		.uleb128 0xb
 472 0025 49        		.uleb128 0x49
 473 0026 13        		.uleb128 0x13
 474 0027 00        		.byte	0
 475 0028 00        		.byte	0
 476 0029 04        		.uleb128 0x4
 477 002a 35        		.uleb128 0x35
 478 002b 00        		.byte	0
 479 002c 49        		.uleb128 0x49
 480 002d 13        		.uleb128 0x13
 481 002e 00        		.byte	0
 482 002f 00        		.byte	0
 483 0030 05        		.uleb128 0x5
 484 0031 26        		.uleb128 0x26
 485 0032 00        		.byte	0
 486 0033 49        		.uleb128 0x49
 487 0034 13        		.uleb128 0x13
 488 0035 00        		.byte	0
 489 0036 00        		.byte	0
 490 0037 06        		.uleb128 0x6
 491 0038 24        		.uleb128 0x24
 492 0039 00        		.byte	0
 493 003a 0B        		.uleb128 0xb
 494 003b 0B        		.uleb128 0xb
 495 003c 3E        		.uleb128 0x3e
 496 003d 0B        		.uleb128 0xb
 497 003e 03        		.uleb128 0x3
 498 003f 08        		.uleb128 0x8
 499 0040 00        		.byte	0
 500 0041 00        		.byte	0
 501 0042 07        		.uleb128 0x7
 502 0043 13        		.uleb128 0x13
 503 0044 01        		.byte	0x1
 504 0045 0B        		.uleb128 0xb
 505 0046 0B        		.uleb128 0xb
 506 0047 3A        		.uleb128 0x3a
 507 0048 0B        		.uleb128 0xb
 508 0049 3B        		.uleb128 0x3b
 509 004a 0B        		.uleb128 0xb
 510 004b 39        		.uleb128 0x39
 511 004c 0B        		.uleb128 0xb
 512 004d 01        		.uleb128 0x1
 513 004e 13        		.uleb128 0x13
 514 004f 00        		.byte	0
 515 0050 00        		.byte	0
 516 0051 08        		.uleb128 0x8
 517 0052 0D        		.uleb128 0xd
 518 0053 00        		.byte	0
 519 0054 03        		.uleb128 0x3
 520 0055 0E        		.uleb128 0xe
 521 0056 3A        		.uleb128 0x3a
 522 0057 0B        		.uleb128 0xb
 523 0058 3B        		.uleb128 0x3b
 524 0059 0B        		.uleb128 0xb
 525 005a 39        		.uleb128 0x39
 526 005b 0B        		.uleb128 0xb
 527 005c 49        		.uleb128 0x49
 528 005d 13        		.uleb128 0x13
 529 005e 38        		.uleb128 0x38
 530 005f 0A        		.uleb128 0xa
 531 0060 00        		.byte	0
 532 0061 00        		.byte	0
 533 0062 09        		.uleb128 0x9
 534 0063 34        		.uleb128 0x34
 535 0064 00        		.byte	0
 536 0065 03        		.uleb128 0x3
 537 0066 0E        		.uleb128 0xe
 538 0067 3A        		.uleb128 0x3a
 539 0068 0B        		.uleb128 0xb
 540 0069 3B        		.uleb128 0x3b
 541 006a 0B        		.uleb128 0xb
 542 006b 39        		.uleb128 0x39
 543 006c 0B        		.uleb128 0xb
 544 006d 49        		.uleb128 0x49
 545 006e 13        		.uleb128 0x13
 546 006f 3F        		.uleb128 0x3f
 547 0070 0C        		.uleb128 0xc
 548 0071 3C        		.uleb128 0x3c
 549 0072 0C        		.uleb128 0xc
 550 0073 00        		.byte	0
 551 0074 00        		.byte	0
 552 0075 0A        		.uleb128 0xa
 553 0076 0F        		.uleb128 0xf
 554 0077 00        		.byte	0
 555 0078 0B        		.uleb128 0xb
 556 0079 0B        		.uleb128 0xb
 557 007a 00        		.byte	0
 558 007b 00        		.byte	0
 559 007c 0B        		.uleb128 0xb
 560 007d 13        		.uleb128 0x13
 561 007e 01        		.byte	0x1
 562 007f 03        		.uleb128 0x3
 563 0080 0E        		.uleb128 0xe
 564 0081 0B        		.uleb128 0xb
 565 0082 0B        		.uleb128 0xb
 566 0083 3A        		.uleb128 0x3a
 567 0084 0B        		.uleb128 0xb
 568 0085 3B        		.uleb128 0x3b
 569 0086 0B        		.uleb128 0xb
 570 0087 39        		.uleb128 0x39
 571 0088 0B        		.uleb128 0xb
 572 0089 01        		.uleb128 0x1
 573 008a 13        		.uleb128 0x13
 574 008b 00        		.byte	0
 575 008c 00        		.byte	0
 576 008d 0C        		.uleb128 0xc
 577 008e 0D        		.uleb128 0xd
 578 008f 00        		.byte	0
 579 0090 03        		.uleb128 0x3
 580 0091 08        		.uleb128 0x8
 581 0092 3A        		.uleb128 0x3a
 582 0093 0B        		.uleb128 0xb
 583 0094 3B        		.uleb128 0x3b
 584 0095 0B        		.uleb128 0xb
 585 0096 39        		.uleb128 0x39
 586 0097 0B        		.uleb128 0xb
 587 0098 49        		.uleb128 0x49
 588 0099 13        		.uleb128 0x13
 589 009a 38        		.uleb128 0x38
 590 009b 0A        		.uleb128 0xa
 591 009c 00        		.byte	0
 592 009d 00        		.byte	0
 593 009e 0D        		.uleb128 0xd
 594 009f 0D        		.uleb128 0xd
 595 00a0 00        		.byte	0
 596 00a1 03        		.uleb128 0x3
 597 00a2 0E        		.uleb128 0xe
 598 00a3 3A        		.uleb128 0x3a
 599 00a4 0B        		.uleb128 0xb
 600 00a5 3B        		.uleb128 0x3b
 601 00a6 05        		.uleb128 0x5
 602 00a7 39        		.uleb128 0x39
 603 00a8 0B        		.uleb128 0xb
 604 00a9 49        		.uleb128 0x49
 605 00aa 13        		.uleb128 0x13
 606 00ab 38        		.uleb128 0x38
 607 00ac 0A        		.uleb128 0xa
 608 00ad 00        		.byte	0
 609 00ae 00        		.byte	0
 610 00af 0E        		.uleb128 0xe
 611 00b0 0D        		.uleb128 0xd
 612 00b1 00        		.byte	0
 613 00b2 03        		.uleb128 0x3
 614 00b3 08        		.uleb128 0x8
 615 00b4 3A        		.uleb128 0x3a
 616 00b5 0B        		.uleb128 0xb
 617 00b6 3B        		.uleb128 0x3b
 618 00b7 05        		.uleb128 0x5
 619 00b8 39        		.uleb128 0x39
 620 00b9 0B        		.uleb128 0xb
 621 00ba 49        		.uleb128 0x49
 622 00bb 13        		.uleb128 0x13
 623 00bc 38        		.uleb128 0x38
 624 00bd 0A        		.uleb128 0xa
 625 00be 00        		.byte	0
 626 00bf 00        		.byte	0
 627 00c0 0F        		.uleb128 0xf
 628 00c1 0F        		.uleb128 0xf
 629 00c2 00        		.byte	0
 630 00c3 0B        		.uleb128 0xb
 631 00c4 0B        		.uleb128 0xb
 632 00c5 49        		.uleb128 0x49
 633 00c6 13        		.uleb128 0x13
 634 00c7 00        		.byte	0
 635 00c8 00        		.byte	0
 636 00c9 10        		.uleb128 0x10
 637 00ca 15        		.uleb128 0x15
 638 00cb 01        		.byte	0x1
 639 00cc 27        		.uleb128 0x27
 640 00cd 0C        		.uleb128 0xc
 641 00ce 49        		.uleb128 0x49
 642 00cf 13        		.uleb128 0x13
 643 00d0 01        		.uleb128 0x1
 644 00d1 13        		.uleb128 0x13
 645 00d2 00        		.byte	0
 646 00d3 00        		.byte	0
 647 00d4 11        		.uleb128 0x11
 648 00d5 05        		.uleb128 0x5
 649 00d6 00        		.byte	0
 650 00d7 49        		.uleb128 0x49
 651 00d8 13        		.uleb128 0x13
 652 00d9 00        		.byte	0
 653 00da 00        		.byte	0
 654 00db 12        		.uleb128 0x12
 655 00dc 01        		.uleb128 0x1
 656 00dd 01        		.byte	0x1
 657 00de 49        		.uleb128 0x49
 658 00df 13        		.uleb128 0x13
 659 00e0 01        		.uleb128 0x1
 660 00e1 13        		.uleb128 0x13
 661 00e2 00        		.byte	0
 662 00e3 00        		.byte	0
 663 00e4 13        		.uleb128 0x13
 664 00e5 21        		.uleb128 0x21
 665 00e6 00        		.byte	0
 666 00e7 00        		.byte	0
 667 00e8 00        		.byte	0
 668 00e9 14        		.uleb128 0x14
 669 00ea 34        		.uleb128 0x34
 670 00eb 00        		.byte	0
 671 00ec 03        		.uleb128 0x3
 672 00ed 0E        		.uleb128 0xe
 673 00ee 3A        		.uleb128 0x3a
 674 00ef 0B        		.uleb128 0xb
 675 00f0 3B        		.uleb128 0x3b
 676 00f1 05        		.uleb128 0x5
 677 00f2 39        		.uleb128 0x39
 678 00f3 0B        		.uleb128 0xb
 679 00f4 49        		.uleb128 0x49
 680 00f5 13        		.uleb128 0x13
 681 00f6 3F        		.uleb128 0x3f
 682 00f7 0C        		.uleb128 0xc
 683 00f8 3C        		.uleb128 0x3c
 684 00f9 0C        		.uleb128 0xc
 685 00fa 00        		.byte	0
 686 00fb 00        		.byte	0
 687 00fc 15        		.uleb128 0x15
 688 00fd 34        		.uleb128 0x34
 689 00fe 00        		.byte	0
 690 00ff 03        		.uleb128 0x3
 691 0100 0E        		.uleb128 0xe
 692 0101 3A        		.uleb128 0x3a
 693 0102 0B        		.uleb128 0xb
 694 0103 3B        		.uleb128 0x3b
 695 0104 0B        		.uleb128 0xb
 696 0105 39        		.uleb128 0x39
 697 0106 0B        		.uleb128 0xb
 698 0107 49        		.uleb128 0x49
 699 0108 13        		.uleb128 0x13
 700 0109 3F        		.uleb128 0x3f
 701 010a 0C        		.uleb128 0xc
 702 010b 00        		.byte	0
 703 010c 00        		.byte	0
 704 010d 16        		.uleb128 0x16
 705 010e 2E        		.uleb128 0x2e
 706 010f 00        		.byte	0
 707 0110 3F        		.uleb128 0x3f
 708 0111 0C        		.uleb128 0xc
 709 0112 03        		.uleb128 0x3
 710 0113 0E        		.uleb128 0xe
 711 0114 3A        		.uleb128 0x3a
 712 0115 0B        		.uleb128 0xb
 713 0116 3B        		.uleb128 0x3b
 714 0117 05        		.uleb128 0x5
 715 0118 39        		.uleb128 0x39
 716 0119 0B        		.uleb128 0xb
 717 011a 27        		.uleb128 0x27
 718 011b 0C        		.uleb128 0xc
 719 011c 00        		.byte	0
 720 011d 00        		.byte	0
 721 011e 17        		.uleb128 0x17
 722 011f 2E        		.uleb128 0x2e
 723 0120 00        		.byte	0
 724 0121 3F        		.uleb128 0x3f
 725 0122 0C        		.uleb128 0xc
 726 0123 03        		.uleb128 0x3
 727 0124 0E        		.uleb128 0xe
 728 0125 3A        		.uleb128 0x3a
 729 0126 0B        		.uleb128 0xb
 730 0127 3B        		.uleb128 0x3b
 731 0128 0B        		.uleb128 0xb
 732 0129 39        		.uleb128 0x39
 733 012a 0B        		.uleb128 0xb
 734 012b 27        		.uleb128 0x27
 735 012c 0C        		.uleb128 0xc
 736 012d 00        		.byte	0
 737 012e 00        		.byte	0
 738 012f 18        		.uleb128 0x18
 739 0130 2E        		.uleb128 0x2e
 740 0131 01        		.byte	0x1
 741 0132 03        		.uleb128 0x3
 742 0133 0E        		.uleb128 0xe
 743 0134 3A        		.uleb128 0x3a
 744 0135 0B        		.uleb128 0xb
 745 0136 3B        		.uleb128 0x3b
 746 0137 0B        		.uleb128 0xb
 747 0138 39        		.uleb128 0x39
 748 0139 0B        		.uleb128 0xb
 749 013a 27        		.uleb128 0x27
 750 013b 0C        		.uleb128 0xc
 751 013c 01        		.uleb128 0x1
 752 013d 13        		.uleb128 0x13
 753 013e 00        		.byte	0
 754 013f 00        		.byte	0
 755 0140 19        		.uleb128 0x19
 756 0141 05        		.uleb128 0x5
 757 0142 00        		.byte	0
 758 0143 03        		.uleb128 0x3
 759 0144 0E        		.uleb128 0xe
 760 0145 3A        		.uleb128 0x3a
 761 0146 0B        		.uleb128 0xb
 762 0147 3B        		.uleb128 0x3b
 763 0148 0B        		.uleb128 0xb
 764 0149 39        		.uleb128 0x39
 765 014a 0B        		.uleb128 0xb
 766 014b 49        		.uleb128 0x49
 767 014c 13        		.uleb128 0x13
 768 014d 00        		.byte	0
 769 014e 00        		.byte	0
 770 014f 1A        		.uleb128 0x1a
 771 0150 34        		.uleb128 0x34
 772 0151 00        		.byte	0
 773 0152 03        		.uleb128 0x3
 774 0153 0E        		.uleb128 0xe
 775 0154 3A        		.uleb128 0x3a
 776 0155 0B        		.uleb128 0xb
 777 0156 3B        		.uleb128 0x3b
 778 0157 0B        		.uleb128 0xb
 779 0158 39        		.uleb128 0x39
 780 0159 0B        		.uleb128 0xb
 781 015a 49        		.uleb128 0x49
 782 015b 13        		.uleb128 0x13
 783 015c 00        		.byte	0
 784 015d 00        		.byte	0
 785 015e 1B        		.uleb128 0x1b
 786 015f 2E        		.uleb128 0x2e
 787 0160 01        		.byte	0x1
 788 0161 3F        		.uleb128 0x3f
 789 0162 0C        		.uleb128 0xc
 790 0163 03        		.uleb128 0x3
 791 0164 0E        		.uleb128 0xe
 792 0165 3A        		.uleb128 0x3a
 793 0166 0B        		.uleb128 0xb
 794 0167 3B        		.uleb128 0x3b
 795 0168 0B        		.uleb128 0xb
 796 0169 39        		.uleb128 0x39
 797 016a 0B        		.uleb128 0xb
 798 016b 27        		.uleb128 0x27
 799 016c 0C        		.uleb128 0xc
 800 016d 3C        		.uleb128 0x3c
 801 016e 0C        		.uleb128 0xc
 802 016f 00        		.byte	0
 803 0170 00        		.byte	0
 804 0171 1C        		.uleb128 0x1c
 805 0172 2E        		.uleb128 0x2e
 806 0173 01        		.byte	0x1
 807 0174 03        		.uleb128 0x3
 808 0175 0E        		.uleb128 0xe
 809 0176 3A        		.uleb128 0x3a
 810 0177 0B        		.uleb128 0xb
 811 0178 3B        		.uleb128 0x3b
 812 0179 05        		.uleb128 0x5
 813 017a 39        		.uleb128 0x39
 814 017b 0B        		.uleb128 0xb
 815 017c 27        		.uleb128 0x27
 816 017d 0C        		.uleb128 0xc
 817 017e 01        		.uleb128 0x1
 818 017f 13        		.uleb128 0x13
 819 0180 00        		.byte	0
 820 0181 00        		.byte	0
 821 0182 1D        		.uleb128 0x1d
 822 0183 0B        		.uleb128 0xb
 823 0184 01        		.byte	0x1
 824 0185 01        		.uleb128 0x1
 825 0186 13        		.uleb128 0x13
 826 0187 00        		.byte	0
 827 0188 00        		.byte	0
 828 0189 1E        		.uleb128 0x1e
 829 018a 34        		.uleb128 0x34
 830 018b 00        		.byte	0
 831 018c 03        		.uleb128 0x3
 832 018d 0E        		.uleb128 0xe
 833 018e 3A        		.uleb128 0x3a
 834 018f 0B        		.uleb128 0xb
 835 0190 3B        		.uleb128 0x3b
 836 0191 05        		.uleb128 0x5
 837 0192 39        		.uleb128 0x39
 838 0193 0B        		.uleb128 0xb
 839 0194 49        		.uleb128 0x49
 840 0195 13        		.uleb128 0x13
 841 0196 00        		.byte	0
 842 0197 00        		.byte	0
 843 0198 1F        		.uleb128 0x1f
 844 0199 0B        		.uleb128 0xb
 845 019a 01        		.byte	0x1
 846 019b 00        		.byte	0
 847 019c 00        		.byte	0
 848 019d 20        		.uleb128 0x20
 849 019e 2E        		.uleb128 0x2e
 850 019f 01        		.byte	0x1
 851 01a0 03        		.uleb128 0x3
 852 01a1 0E        		.uleb128 0xe
 853 01a2 3A        		.uleb128 0x3a
 854 01a3 0B        		.uleb128 0xb
 855 01a4 3B        		.uleb128 0x3b
 856 01a5 05        		.uleb128 0x5
 857 01a6 39        		.uleb128 0x39
 858 01a7 0B        		.uleb128 0xb
 859 01a8 27        		.uleb128 0x27
 860 01a9 0C        		.uleb128 0xc
 861 01aa 00        		.byte	0
 862 01ab 00        		.byte	0
 863 01ac 21        		.uleb128 0x21
 864 01ad 05        		.uleb128 0x5
 865 01ae 00        		.byte	0
 866 01af 03        		.uleb128 0x3
 867 01b0 0E        		.uleb128 0xe
 868 01b1 3A        		.uleb128 0x3a
 869 01b2 0B        		.uleb128 0xb
 870 01b3 3B        		.uleb128 0x3b
 871 01b4 05        		.uleb128 0x5
 872 01b5 39        		.uleb128 0x39
 873 01b6 0B        		.uleb128 0xb
 874 01b7 49        		.uleb128 0x49
 875 01b8 13        		.uleb128 0x13
 876 01b9 00        		.byte	0
 877 01ba 00        		.byte	0
 878 01bb 00        		.byte	0
 879               		.section	.gnu.debuglto_.debug_line,"",@progbits
 880               	.Ldebug_line0:
 881 0000 A701 0000 		.long	.LELT0-.LSLT0
 882               	.LSLT0:
 883 0004 0200      		.word	0x2
 884 0006 A101 0000 		.long	.LELTP0-.LASLTP0
 885               	.LASLTP0:
 886 000a 01        		.byte	0x1
 887 000b 01        		.byte	0x1
 888 000c F6        		.byte	0xf6
 889 000d F2        		.byte	0xf2
 890 000e 0D        		.byte	0xd
 891 000f 00        		.byte	0
 892 0010 01        		.byte	0x1
 893 0011 01        		.byte	0x1
 894 0012 01        		.byte	0x1
 895 0013 01        		.byte	0x1
 896 0014 00        		.byte	0
 897 0015 00        		.byte	0
 898 0016 00        		.byte	0
 899 0017 01        		.byte	0x1
 900 0018 00        		.byte	0
 901 0019 00        		.byte	0
 902 001a 01        		.byte	0x1
 903 001b 633A 5C70 		.ascii	"c:\\program files\\qmk_msys\\mingw64\\avr\\include"
 903      726F 6772 
 903      616D 2066 
 903      696C 6573 
 903      5C71 6D6B 
 904 0048 00        		.byte	0
 905 0049 633A 5C70 		.ascii	"c:\\program files\\qmk_msys\\mingw64\\avr\\include\\avr"
 905      726F 6772 
 905      616D 2066 
 905      696C 6573 
 905      5C71 6D6B 
 906 007a 00        		.byte	0
 907 007b 633A 5C70 		.ascii	"c:\\program files\\qmk_msys\\mingw64\\avr\\include\\util"
 907      726F 6772 
 907      616D 2066 
 907      696C 6573 
 907      5C71 6D6B 
 908 00ad 00        		.byte	0
 909 00ae 6C69 622F 		.ascii	"lib/lufa/LUFA/Drivers/USB/Core"
 909      6C75 6661 
 909      2F4C 5546 
 909      412F 4472 
 909      6976 6572 
 910 00cc 00        		.byte	0
 911 00cd 6C69 622F 		.ascii	"lib/lufa/LUFA/Drivers/USB/Core/AVR8/.."
 911      6C75 6661 
 911      2F4C 5546 
 911      412F 4472 
 911      6976 6572 
 912 00f3 00        		.byte	0
 913 00f4 746D 6B5F 		.ascii	"tmk_core/common/avr"
 913      636F 7265 
 913      2F63 6F6D 
 913      6D6F 6E2F 
 913      6176 72
 914 0107 00        		.byte	0
 915 0108 00        		.byte	0
 916 0109 7374 6469 		.string	"stdint.h"
 916      6E74 2E68 
 916      00
 917 0112 01        		.uleb128 0x1
 918 0113 00        		.uleb128 0
 919 0114 00        		.uleb128 0
 920 0115 4156 5238 		.string	"AVR8/../StdRequestType.h"
 920      2F2E 2E2F 
 920      5374 6452 
 920      6571 7565 
 920      7374 5479 
 921 012e 04        		.uleb128 0x4
 922 012f 00        		.uleb128 0
 923 0130 00        		.uleb128 0
 924 0131 4156 5238 		.string	"AVR8/../DeviceStandardReq.h"
 924      2F2E 2E2F 
 924      4465 7669 
 924      6365 5374 
 924      616E 6461 
 925 014d 04        		.uleb128 0x4
 926 014e 00        		.uleb128 0
 927 014f 00        		.uleb128 0
 928 0150 5553 4254 		.string	"USBTask.h"
 928      6173 6B2E 
 928      6800 
 929 015a 04        		.uleb128 0x4
 930 015b 00        		.uleb128 0
 931 015c 00        		.uleb128 0
 932 015d 486F 7374 		.string	"HostStandardReq.h"
 932      5374 616E 
 932      6461 7264 
 932      5265 712E 
 932      6800 
 933 016f 04        		.uleb128 0x4
 934 0170 00        		.uleb128 0
 935 0171 00        		.uleb128 0
 936 0172 7374 6469 		.string	"stdio.h"
 936      6F2E 6800 
 937 017a 01        		.uleb128 0x1
 938 017b 00        		.uleb128 0
 939 017c 00        		.uleb128 0
 940 017d 626F 6F74 		.string	"bootloader.c"
 940      6C6F 6164 
 940      6572 2E63 
 940      00
 941 018a 06        		.uleb128 0x6
 942 018b 00        		.uleb128 0
 943 018c 00        		.uleb128 0
 944 018d 7574 696C 		.string	"util\\delay.h"
 944      5C64 656C 
 944      6179 2E68 
 944      00
 945 019a 01        		.uleb128 0x1
 946 019b 00        		.uleb128 0
 947 019c 00        		.uleb128 0
 948 019d 6176 725C 		.string	"avr\\wdt.h"
 948      7764 742E 
 948      6800 
 949 01a7 01        		.uleb128 0x1
 950 01a8 00        		.uleb128 0
 951 01a9 00        		.uleb128 0
 952 01aa 00        		.byte	0
 953               	.LELTP0:
 954               	.LELT0:
 955               		.section	.gnu.debuglto_.debug_str,"MS",@progbits,1
 956               	.LASF8:
 957 0000 6C6F 6E67 		.string	"long long int"
 957      206C 6F6E 
 957      6720 696E 
 957      7400 
 958               	.LASF37:
 959 000e 7465 6D70 		.string	"temp_reg"
 959      5F72 6567 
 959      00
 960               	.LASF36:
 961 0017 7764 745F 		.string	"wdt_disable"
 961      6469 7361 
 961      626C 6500 
 962               	.LASF39:
 963 0023 7661 6C75 		.string	"value"
 963      6500 
 964               	.LASF23:
 965 0029 5553 425F 		.string	"USB_Host_ConfigurationNumber"
 965      486F 7374 
 965      5F43 6F6E 
 965      6669 6775 
 965      7261 7469 
 966               	.LASF21:
 967 0046 5553 425F 		.string	"USB_ControlRequest"
 967      436F 6E74 
 967      726F 6C52 
 967      6571 7565 
 967      7374 00
 968               	.LASF43:
 969 0059 5F5F 6669 		.string	"__file"
 969      6C65 00
 970               	.LASF4:
 971 0060 756E 7369 		.string	"unsigned int"
 971      676E 6564 
 971      2069 6E74 
 971      00
 972               	.LASF34:
 973 006d 646F 7562 		.string	"double"
 973      6C65 00
 974               	.LASF17:
 975 0074 5553 425F 		.string	"USB_Device_RemoteWakeupEnabled"
 975      4465 7669 
 975      6365 5F52 
 975      656D 6F74 
 975      6557 616B 
 976               	.LASF45:
 977 0093 5F5F 6275 		.string	"__builtin_avr_delay_cycles"
 977      696C 7469 
 977      6E5F 6176 
 977      725F 6465 
 977      6C61 795F 
 978               	.LASF46:
 979 00ae 7764 745F 		.string	"wdt_enable"
 979      656E 6162 
 979      6C65 00
 980               	.LASF9:
 981 00b9 6C6F 6E67 		.string	"long long unsigned int"
 981      206C 6F6E 
 981      6720 756E 
 981      7369 676E 
 981      6564 2069 
 982               	.LASF12:
 983 00d0 7756 616C 		.string	"wValue"
 983      7565 00
 984               	.LASF1:
 985 00d7 756E 7369 		.string	"unsigned char"
 985      676E 6564 
 985      2063 6861 
 985      7200 
 986               	.LASF13:
 987 00e5 7749 6E64 		.string	"wIndex"
 987      6578 00
 988               	.LASF35:
 989 00ec 5F64 656C 		.string	"_delay_ms"
 989      6179 5F6D 
 989      7300 
 990               	.LASF15:
 991 00f6 5553 425F 		.string	"USB_Request_Header_t"
 991      5265 7175 
 991      6573 745F 
 991      4865 6164 
 991      6572 5F74 
 992               	.LASF40:
 993 010b 474E 5520 		.string	"GNU C99 8.4.0 -mn-flash=1 -mno-skip-bug -mmcu=avr5 -gdwarf-2 -Os -std=gnu99 -funsigned-ch
 993      4339 3920 
 993      382E 342E 
 993      3020 2D6D 
 993      6E2D 666C 
 994               	.LASF14:
 995 01f3 774C 656E 		.string	"wLength"
 995      6774 6800 
 996               	.LASF7:
 997 01fb 6C6F 6E67 		.string	"long unsigned int"
 997      2075 6E73 
 997      6967 6E65 
 997      6420 696E 
 997      7400 
 998               	.LASF22:
 999 020d 5553 425F 		.string	"USB_DeviceState"
 999      4465 7669 
 999      6365 5374 
 999      6174 6500 
 1000               	.LASF32:
 1001 021d 5F5F 746D 		.string	"__tmp"
 1001      7000 
 1002               	.LASF30:
 1003 0223 626F 6F74 		.string	"bootloader_jump_after_watchdog_reset"
 1003      6C6F 6164 
 1003      6572 5F6A 
 1003      756D 705F 
 1003      6166 7465 
 1004               	.LASF42:
 1005 0248 433A 5C55 		.string	"C:\\Users\\gazed\\qmk_firmware"
 1005      7365 7273 
 1005      5C67 617A 
 1005      6564 5C71 
 1005      6D6B 5F66 
 1006               	.LASF24:
 1007 0264 756E 6765 		.string	"unget"
 1007      7400 
 1008               	.LASF25:
 1009 026a 666C 6167 		.string	"flags"
 1009      7300 
 1010               	.LASF26:
 1011 0270 7369 7A65 		.string	"size"
 1011      00
 1012               	.LASF28:
 1013 0275 6368 6172 		.string	"char"
 1013      00
 1014               	.LASF2:
 1015 027a 7569 6E74 		.string	"uint8_t"
 1015      385F 7400 
 1016               	.LASF31:
 1017 0282 626F 6F74 		.string	"bootloader_jump"
 1017      6C6F 6164 
 1017      6572 5F6A 
 1017      756D 7000 
 1018               	.LASF20:
 1019 0292 5553 425F 		.string	"USB_IsInitialized"
 1019      4973 496E 
 1019      6974 6961 
 1019      6C69 7A65 
 1019      6400 
 1020               	.LASF44:
 1021 02a4 7265 7365 		.string	"reset_key"
 1021      745F 6B65 
 1021      7900 
 1022               	.LASF33:
 1023 02ae 5F5F 7469 		.string	"__ticks_dc"
 1023      636B 735F 
 1023      6463 00
 1024               	.LASF10:
 1025 02b9 626D 5265 		.string	"bmRequestType"
 1025      7175 6573 
 1025      7454 7970 
 1025      6500 
 1026               	.LASF16:
 1027 02c7 5553 425F 		.string	"USB_Device_ConfigurationNumber"
 1027      4465 7669 
 1027      6365 5F43 
 1027      6F6E 6669 
 1027      6775 7261 
 1028               	.LASF3:
 1029 02e6 7569 6E74 		.string	"uint16_t"
 1029      3136 5F74 
 1029      00
 1030               	.LASF6:
 1031 02ef 7569 6E74 		.string	"uint32_t"
 1031      3332 5F74 
 1031      00
 1032               	.LASF5:
 1033 02f8 6C6F 6E67 		.string	"long int"
 1033      2069 6E74 
 1033      00
 1034               	.LASF19:
 1035 0301 5553 425F 		.string	"USB_Device_CurrentlySelfPowered"
 1035      4465 7669 
 1035      6365 5F43 
 1035      7572 7265 
 1035      6E74 6C79 
 1036               	.LASF11:
 1037 0321 6252 6571 		.string	"bRequest"
 1037      7565 7374 
 1037      00
 1038               	.LASF0:
 1039 032a 7369 676E 		.string	"signed char"
 1039      6564 2063 
 1039      6861 7200 
 1040               	.LASF27:
 1041 0336 7564 6174 		.string	"udata"
 1041      6100 
 1042               	.LASF18:
 1043 033c 5F42 6F6F 		.string	"_Bool"
 1043      6C00 
 1044               	.LASF29:
 1045 0342 5F5F 696F 		.string	"__iob"
 1045      6200 
 1046               	.LASF38:
 1047 0348 5F5F 6D73 		.string	"__ms"
 1047      00
 1048               	.LASF41:
 1049 034d 746D 6B5F 		.string	"tmk_core/common/avr/bootloader.c"
 1049      636F 7265 
 1049      2F63 6F6D 
 1049      6D6F 6E2F 
 1049      6176 722F 
 1050               		.text
 1051               		.section	.gnu.lto_.profile.59acd7d1,"",@progbits
 1052 0000 789C 6367 		.string	"x\234cg`f`d"
 1052      6066 6064 
 1052      00
 1053 0009 0200      		.string	"\002"
 1054 000b 00        		.string	""
 1055 000c 6200      		.string	"b"
 1056 000e 0C        		.ascii	"\f"
 1057               		.text
 1058               		.section	.gnu.lto_.icf.59acd7d1,"",@progbits
 1059 0000 789C 6367 		.string	"x\234cg`f\020a@"
 1059      6066 1061 
 1059      4000 
 1060 000a 6686 995D 		.string	"f\206\231]\257\347r2\356}\370\256\235\225i\373\366\r;Y\031"
 1060      AFE7 7232 
 1060      EE7D F8AE 
 1060      9D95 69FB 
 1060      F60D 3B59 
 1061 0020 5E36 08CD 		.ascii	"^6\b\315"
 1062               		.text
 1063               		.section	.gnu.lto_.jmpfuncs.59acd7d1,"",@progbits
 1064 0000 789C 6367 		.string	"x\234cg`f\320g@"
 1064      6066 D067 
 1064      4000 
 1065 000a 2610 669C 		.string	"&\020f\234\310\314\270{\327\306\267<\035\3143\231\031\030\017\354`b\334\315(\003d0\202\33
 1065      C8CC B87B 
 1065      D7C6 B73C 
 1065      1DCC 3399 
 1065      1918 0FEC 
 1066 0030 251C 0B0E 		.ascii	"%\034\013\016"
 1067               		.text
 1068               		.section	.gnu.lto_.inline.59acd7d1,"",@progbits
 1069 0000 789C 6367 		.string	"x\234cg`f\be@"
 1069      6066 0865 
 1069      4000 
 1070 000a 2606 06FE 		.ascii	"&\006\006\376\206\206\206\003l\251\214\fL\022@V\003[*\003\003"
 1070      8686 8603 
 1070      6CA9 8C0C 
 1070      4C12 4056 
 1070      035B 2A03 
 1071 001f 0B43 2390 		.ascii	"\013C#\220U\307\004\222f``d\004\021@\266\354\346gg>\262\245\001"
 1071      55C7 0492 
 1071      6660 6064 
 1071      0411 40B6 
 1071      ECE6 6767 
 1072 0037 75E9 01A5 		.ascii	"u\351\001\245\037\260\002Yl -,\311P\225\314\374`C\001L\376\021"
 1072      1FB0 0259 
 1072      6C20 2D2C 
 1072      C950 95CC 
 1072      FC60 4301 
 1073 004e 8B        		.ascii	"\213"
 1074               		.text
 1075               		.section	.gnu.lto_.pureconst.59acd7d1,"",@progbits
 1076 0000 789C 6367 		.string	"x\234cg`f`g```b\330\312\312\264\213\025"
 1076      6066 6067 
 1076      6060 6062 
 1076      D8CA CAB4 
 1076      8B15 00
 1077 0013 0616 018F 		.ascii	"\006\026\001\217"
 1078               		.text
 1079               		.section	.gnu.lto_bootloader_jump.59acd7d1,"",@progbits
 1080 0000 789C 9555 		.string	"x\234\225UmPTU\030>\357=w\357~"
 1080      6D50 5455 
 1080      183E EF3D 
 1080      77EF 7E00 
 1081 0010 E9F4 83B1 		.ascii	"\351\364\203\261\211\321\215Q\307qL1J\255\246\306~8\375\267\037"
 1081      89D1 8D51 
 1081      C771 4C31 
 1081      4AAD A6C6 
 1081      7E38 FDB7 
 1082 0025 FDD9 993B 		.ascii	"\375\331\231;\260\254\266\343.k\273\213\216M3\235\305\0054\322"
 1082      B0AC B6E3 
 1082      2E6B BB8B 
 1082      8E4D 339D 
 1082      C505 34D2 
 1083 0039 60F0 8325 		.ascii	"`\360\203%\024\004J4\321\261\246\306\361\253\325r#\301 T2\210"
 1083      1404 4A34 
 1083      D1B1 A6C6 
 1083      F1AB D572 
 1083      23C1 2054 
 1084 004f 4FD1 5514 		.ascii	"O\321U\024\221\021-E\241\367\234{\271\255[3M\367\307\235\367"
 1084      9111 2D45 
 1084      A1F7 9C7B 
 1084      B9AD 5B33 
 1084      4DF7 C79D 
 1085 0064 9CF3 3ECF 		.ascii	"\234\363>\317\373}\216\231P\262\312L\310\213@\310\033\204\020"
 1085      FB7D 8E99 
 1085      50B2 CA4C 
 1085      C88B 40C8 
 1085      1B84 10
 1086 0077 3011 9018 		.ascii	"0\021\220\030c+\315!\213\004\224Kr\310BA\326\367dm\317\374\026"
 1086      632B CD21 
 1086      8B04 944B 
 1086      72C8 4241 
 1086      D6F7 646D 
 1087 008e 908F 242A 		.ascii	"\220\217$*\003\376\210\361m\245\345\024\306\377\370\354Z\332"
 1087      03FE 88F1 
 1087      6DA5 E514 
 1087      C6FF F8EC 
 1087      5ADA 
 1088 00a0 C246 D462 		.ascii	"\302F\324b\321\335\355J1+\232\025A\235\nC\017N\300BBPs\360\350"
 1088      D1DD ED4A 
 1088      312B 9A15 
 1088      419D 0A43 
 1088      0F4E C042 
 1089 00b9 E4CE 3445 		.ascii	"\344\3164E\326\217\340$(\004\275 G:LQ69U\302\242C\365pb5:WD\311"
 1089      D68F E024 
 1089      2804 BD20 
 1089      473A 4C51 
 1089      3639 55C2 
 1090 00d7 9D98 022C 		.ascii	"\235\230\002,J\212\251\304\245\315Q2\004\254n\264\306$P7\340"
 1090      4A8A A9C4 
 1090      A5CD 5132 
 1090      04AC 6EB4 
 1090      C624 5037 
 1091 00ec EC78 7306 		.ascii	"\354xs\006\027\2215\364iY\323\214-4B\001\270\221\223\237L\034"
 1091      1791 35F4 
 1091      6959 D38C 
 1091      2D34 4201 
 1091      B891 939F 
 1092 0102 53B4 653F 		.ascii	"S\264e?\340\372\311\335se\3609\324\207\302!V\233\036\241\022"
 1092      E0FA C9DD 
 1092      7365 F039 
 1092      D487 C221 
 1092      569B 1EA1 
 1093 0117 9C86 0C38 		.ascii	"\234\206\f8\005\031\350\301wx\200*#\261\373\271\034!\001@\024"
 1093      0519 E8C1 
 1093      7778 802A 
 1093      23B1 FBB9 
 1093      1C21 0140 
 1094 012c 0FB8 A9B1 		.ascii	"\017\270\251\2619\377\2644\376\365\201N\253F}\205\343\212\333"
 1094      39FF B434 
 1094      FEF5 814E 
 1094      AB46 7D85 
 1094      E38A DB
 1095 013f B68D A63D 		.ascii	"\266\215\246=E}\306\240>\253QW\235=\260O\326\270\355\360\275"
 1095      457D C6A0 
 1095      3EAB 5157 
 1095      9D3D B04F 
 1095      D6B8 EDF0 
 1096 0154 CE7D FF5F 		.ascii	"\316}\377_\270\207\313\2666\353Q\374\304\2015\017\316oW\236\342"
 1096      B887 CBB6 
 1096      36EB 51FC 
 1096      C481 350F 
 1096      CE6F 579E 
 1097 0169 FEC1 E03E 		.ascii	"\376\301\340>\247q\033\201K@ \246s?\324\270\207\240\320\2563"
 1097      A771 1B81 
 1097      4B40 20A6 
 1097      733F D4B8 
 1097      87A0 D0AE 
 1098 017e 8FD5 143D 		.ascii	"\217\325\024=\244\\\r\213\212\313\256\275S\027\323\370R\006;"
 1098      A45C 0D8B 
 1098      8ACB AEBD 
 1098      5317 D3F8 
 1098      5206 3B
 1099 0191 7770 B07E 		.ascii	"wp\260~\r\235+2WT\336"
 1099      0D9D 2B32 
 1099      5754 DE
 1100 019c DD63 5AF0 		.string	"\335cZ\360\205(d\333\345\354\272\242\022\226\025\241&\364\207V\240[\315h\377G\264\002\347
 1100      8528 64DB 
 1100      E5EC BAA2 
 1100      1296 15A1 
 1100      26F4 8756 
 1101 029d B70B F089 		.ascii	"\267\013\360\211\343GGRy#)\020=&A\247\336\200\243\2735\017\206"
 1101      E347 4752 
 1101      7923 2910 
 1101      3D26 41A7 
 1101      DE80 A3BB 
 1102 02b4 216C 1702 		.ascii	"!l\027\002\252\356il\235\262\206\2410d\211Ps\005\366+/\034\374"
 1102      AAEE 696C 
 1102      9DB2 86A1 
 1102      3064 8950 
 1102      7305 F62B 
 1103 02cb 0A61 6C5C 		.ascii	"\nal\\\304E\250\205\263\367\227N\356\007^\\Qe\243\205E\250\177"
 1103      C445 A885 
 1103      B3F7 974E 
 1103      EE07 5E5C 
 1103      5165 A385 
 1104 02e2 AF2E 6A2B 		.ascii	"\257.j+V70W\237\242\302\361\3469\311w\201\025\222\355Z\367P-"
 1104      5637 3057 
 1104      9FA2 C2F1 
 1104      E639 C977 
 1104      8115 92ED 
 1105 02fa 8B8F 0F7E 		.ascii	"\213\217\017~Sm\303\311\002\356\371o\350\003\0163\237\252.m\252"
 1105      536D C3C9 
 1105      02EE F96F 
 1105      E803 0E33 
 1105      9FAA 2E6D 
 1106 030f 1EED 282E 		.ascii	"\036\355(.\027\363a\203\222\376\275,\005\272\365\300\342\r\246"
 1106      17F3 6183 
 1106      92FE BD2C 
 1106      05BA F5C0 
 1106      E20D A6
 1107 0322 E4D1 8A9F 		.ascii	"\344\321\212\237,\271\004t\233\326\001\207:\353\216+8>e\330<"
 1107      2CB9 0474 
 1107      9BD6 0187 
 1107      3AEB 8E2B 
 1107      383E 65D8 
 1108 0337 7D07 DF1C 		.ascii	"}\007\337\034.+gL\211\320\024\370\235\027\224Bv\006da9{\370\364"
 1108      2E2B 674C 
 1108      89D0 14F8 
 1108      9D17 9442 
 1108      7606 6461 
 1109 034f A4B8 8644 		.ascii	"\244\270\206D\303U\rt=\341\r\3071|z\364.\3251$\001#f\247W$~h"
 1109      C355 0D74 
 1109      3DE1 0DC7 
 1109      317C 7AF4 
 1109      2ED5 3124 
 1110 036b 173B 2582 		.ascii	"\027;%\202L\001\031\3724\357\352\321\273\344Y\3515f\005#\307"
 1110      4C01 19FA 
 1110      34EF EAD1 
 1110      BBE4 59E9 
 1110      3566 0523 
 1111 0380 CB50 9B95 		.ascii	"\313P\233\225#;\357UA\302e\314\017`@4\321\300t\023}K\205|\023"
 1111      233B EF55 
 1111      41C2 65CC 
 1111      0F60 4034 
 1111      D1C0 7413 
 1112 0399 C299 5C40 		.ascii	"\302\231\\@GH+\307l\357\211\027\213\253$\025\372\271\373\215"
 1112      4748 2BC7 
 1112      6CEF 8917 
 1112      8BAB 2415 
 1112      FAB9 FB8D 
 1113 03ad 5FDD 3B9D 		.ascii	"_\335;\235\222\331 \325\262J{\204\246\361\255\236G\255-fYB\266"
 1113      92D9 20D5 
 1113      B24A 7B84 
 1113      A6F1 AD9E 
 1113      47AD 2D66 
 1114 03c4 AB90 29F2 		.ascii	"\253\220)\362\335\033i\037\267\340\016\f\241\273\203\"\325\327"
 1114      DD1B 691F 
 1114      B7E0 0E0C 
 1114      A1BB 8322 
 1114      D5D7 
 1115 03d6 C44D D4D8 		.ascii	"\304M\324\330\337\364\304\304\331\236\201Y\270\2348\264/\256"
 1115      DFF4 C4C4 
 1115      D99E 8159 
 1115      B89C 38B4 
 1115      2FAE 
 1116 03e8 64EE 4F24 		.ascii	"d\356O$\213]\331\266U\026dq\235\2542\036\277\226\302\311n \331"
 1116      8B5D D9B6 
 1116      5516 6471 
 1116      9DAC 321E 
 1116      BF96 C2C9 
 1117 03ff 7541 7653 		.ascii	"uAvS\220\225\016\037\275`\321\310R\377\213\354\226Nv\267\272"
 1117      9095 0E1F 
 1117      BD60 D1C8 
 1117      52FF 8BEC 
 1117      964E 76B7 
 1118 0414 E7        		.ascii	"\347"
 1119 0415 A620 BB8D 		.string	"\246 \273\215d\303\202lD\220=\216\225\357P2\017\352\350\031\\woi\371y\213@\337\341h\030\0
 1119      64C3 826C 
 1119      4490 3D8E 
 1119      95EF 5032 
 1119      0FEA E819 
 1120 0516 13B4 5EB2 		.ascii	"\023\264^\262\331\255D\312'\222\237P\177\026\371\013i\240\300"
 1120      D9AD 44CA 
 1120      2792 9F50 
 1120      7F16 F90B 
 1120      69A0 C0
 1121 0529 5A        		.ascii	"Z"
 1122               		.text
 1123               		.section	.gnu.lto_bootloader_jump_after_watchdog_reset.59acd7d1,"",@progbits
 1124 0000 789C 8D54 		.string	"x\234\215ToL[U\024\277\347\335\367\332\327\002\222,j\266\204\017\265\nQF\370\343tS\023\02
 1124      6F4C 5B55 
 1124      14BF E7DD 
 1124      F7DA D702 
 1124      922C 6AB6 
 1125 0054 9384 FD21 		.string	"\223\204\375!\362A`\236{_)\035Y\214Mz\337y\347\376\316\357\376\3169\367<=\241\244E\"\344q
 1125      F241 609E 
 1125      7B5F 291D 
 1125      598C 4D7A 
 1125      DF79 E7FE 
 1126 010a 6984 145F 		.string	"i\204\024_\224\266\306\230\232\203b\fM\036B\343a\347 \355tX\n\251\353\017\374(w\333hx\341
 1126      94B6 C698 
 1126      9A83 620C 
 1126      4D1E 42E3 
 1126      61E7 20ED 
 1127 013d 42AA 28F1 		.ascii	"B\252(\361b~\"\250!RM\005\017\267+C\344&\250_\235n\227x*\363"
 1127      627E 22A8 
 1127      2152 4D05 
 1127      0FB7 2B43 
 1127      E426 A85F 
 1128 0157 30D8 58DB 		.ascii	"0\330X\333E\231\335"
 1128      4599 DD
 1129 015e 4405 14E5 		.string	"D\005\024\3459r\364d\362!\032\240\"\317\353\326\325H\267\240\275N\260\367\245\271@\017\26
 1129      3972 F464 
 1129      F221 1AA0 
 1129      22CF EBD6 
 1129      D548 B7A0 
 1130 025f 3F23 1659 		.string	"?#\026Y\247>\205GH\334\302\370\013\372\221\206\013Z\212\246\207\366\323\261\261\362\2616\
 1130      A73E 8547 
 1130      48DC C2F8 
 1130      0BFA 9186 
 1130      0B5A 8AA6 
 1131 02a6 904F 306C 		.string	"\220O0l(\322\341O6\337\203\240\332\214\322d\326\232\326\265\361.\203\371ot\311\274U\352\3
 1131      28D2 E14F 
 1131      36DF 83A0 
 1131      DA8C D264 
 1131      D69A D6B5 
 1132 02cc 335C 0633 		.string	"3\\\0063w\016\337\371\353\246\2219\177\003\261\211&\342I\277\003+E\335\365\271j~\237\r0\3
 1132      770E DFF9 
 1132      EBA6 9139 
 1132      7F03 B189 
 1132      26E2 49BF 
 1133 0307 A3BA 8AFC 		.ascii	"\243\272\212\374\177D\371\357\006\346\233\222\230\363O\020\341"
 1133      7F44 F9EF 
 1133      06E6 9B92 
 1133      98F3 4F10 
 1133      E1
 1134 0318 0AAF D524 		.ascii	"\n\257\325$?\240s\346\344\232\244\215\303\366G\363\367\256\016"
 1134      3FA0 73E6 
 1134      E49A A48D 
 1134      C3F6 47F3 
 1134      F7AE 0E
 1135 032b 8C51 F3A1 		.ascii	"\214Q\363\241\030\377\375\372\252E\256\177\n\371\257G\371'k\316"
 1135      18FF FDFA 
 1135      AA45 AE7F 
 1135      0AF9 AF47 
 1135      F927 6BCE 
 1136 033f AC26 33E7 		.ascii	"\254&3\3474\362_\343\3743\234\177\365|\3751\235\271^\210/Hm\375"
 1136      34F2 5FE3 
 1136      FC33 9C7F 
 1136      F57C FD31 
 1136      9DB9 5E88 
 1137 0357 A88C 5802 		.ascii	"\250\214X\0027X4\314\202\2105\365\232X\035Y\275Y\376\370>S\333"
 1137      3758 34CC 
 1137      8288 35F5 
 1137      9A58 1D59 
 1137      BD59 FEF8 
 1138 036e D7A5 638D 		.ascii	"\327\245c\215\322>.\254\352k\332\035\273\r\225&n Y\233o\374{"
 1138      D23E 2EAC 
 1138      EA6B DA1D 
 1138      BB0D 9526 
 1138      6E20 599B 
 1139 0385 3ECE 09A0 		.ascii	">\316\t\240\336!\020\301\243\003\254~8KR\354\003\264\b\336`\357"
 1139      DE21 10C1 
 1139      A303 AC7E 
 1139      384B 52EC 
 1139      03B4 08DE 
 1140 039b D7FC FEF0 		.ascii	"\327\374\376\3609\253\302;\314\367P\304Sn\307\373\212\305\351"
 1140      39AB C23B 
 1140      CCF7 50C4 
 1140      536E C7FB 
 1140      8AC5 E9
 1141 03ae B265 599C 		.ascii	"\262eY\234\016\207\263,\253\350CW\326>\247\323]\352,\262\332"
 1141      0E87 B32C 
 1141      ABE8 4357 
 1141      D63E A7D3 
 1141      5DEA 2CB2 
 1142 03c3 5C99 1622 		.ascii	"\\\231\026\"\273m\216\375\212\313V\362\222\345\225\302\375.g"
 1142      BB6D 8EFD 
 1142      8ACB 56F2 
 1142      92E5 95C2 
 1142      FD2E 67
 1143 03d6 89AB C861 		.ascii	"\211\253\310a*\266\227\332\312\013?\300XG\371G\345\205\016{Y"
 1143      2AB6 97DA 
 1143      CA0B 3FC0 
 1143      5847 F947 
 1143      E585 0E7B 
 1144 03eb 49C5 EE17 		.ascii	"I\305\356\027\n1\270\320^f)=`\265q\273\302\352\316|\217<\031"
 1144      0A31 B8D0 
 1144      5E66 293D 
 1144      60B5 71BB 
 1144      C2EA CE7C 
 1145 0402 CF97 F9F2 		.ascii	"\317\227\371\362\236\027\367\344\354\336\265\217\270\355e&Eq"
 1145      9E17 F7E4 
 1145      ECDE B58F 
 1145      B8ED 6526 
 1145      4571 
 1146 0414 6BE4 8A92 		.ascii	"k\344\212\222\241(\357\274\235\377\272\242\030\r\226R\273\321"
 1146      A128 EFBC 
 1146      9DFF BAA2 
 1146      180D 9652 
 1146      BBD1 
 1147 0426 5061 7519 		.ascii	"Pau\031\r\245\326rSjvFj\216\321\340t\331\271\371\274\321P\356"
 1147      0DA5 D672 
 1147      536A 7646 
 1147      6A8E D1E0 
 1147      74D9 B9F9 
 1148 043e 466F 4E46 		.ascii	"FoNFjv\314T\224\217m.\247F\204\320\003n\323\006[F\334\021F\003"
 1148      6A76 CC54 
 1148      948F 6D2E 
 1148      A746 84D0 
 1148      036E D306 
 1149 0458 A1AF 5A89 		.ascii	"\241\257Z\211~o\376\033o\341\246PFt\005y{\321\222\013\362^\313"
 1149      7E6F FE1B 
 1149      6FE1 A650 
 1149      4674 0579 
 1149      7BD1 920B 
 1150 046f 570A F2F2 		.ascii	"W\n\362\362\251+\233\374\013\t\346!\034"
 1150      A92B 9BFC 
 1150      0B09 E621 
 1150      1C
 1151               		.text
 1152               		.section	.gnu.lto_.symbol_nodes.59acd7d1,"",@progbits
 1153 0000 789C 6367 		.string	"x\234cg`fhc"
 1153      6066 6863 
 1153      00
 1154 0009 02A6 E70C 		.string	"\002\246\347\f\365\f\357\216\2611N8\307"
 1154      F50C EF8E 
 1154      B131 4E38 
 1154      C700 
 1155 0017 6431 EC6A 		.string	"d1\354jPd`\004\212\263>c`hTb\320\313\313\317\314\313,\321QJ,W\322q\310\313O\312,)\266\006
 1155      5064 6004 
 1155      8AB3 3E63 
 1155      6068 5462 
 1155      D0CB CBCF 
 1156 0064 AD65 06D9 		.string	"\255e\006\331v\204\213\205i]\177\353u\006\306\251|\f\f"
 1156      7684 8B85 
 1156      695D 7FEB 
 1156      7506 C6A9 
 1156      7C0C 0C00 
 1157 0078 E856 2A5C 		.ascii	"\350V*\\"
 1158               		.text
 1159               		.section	.gnu.lto_.refs.59acd7d1,"",@progbits
 1160 0000 789C 6367 		.string	"x\234cg`f\340c```d`d\024gbb`ded\344`"
 1160      6066 E063 
 1160      6060 6064 
 1160      6064 1467 
 1160      6262 6064 
 1161 0019 00        		.string	""
 1162 001a 034B 00   		.string	"\003K"
 1163 001d 47        		.ascii	"G"
 1164               		.text
 1165               		.section	.gnu.lto_.decls.59acd7d1,"",@progbits
 1166 0000 789C 9555 		.string	"x\234\225UmLSW\030\276\357\275-m\257\024\fq\206,\374`\270\350~\020`\323\371\231,&\376\330
 1166      6D4C 5357 
 1166      18BE EFBD 
 1166      2D6D AF14 
 1166      0C71 862C 
 1167 0087 E58E B2F6 		.string	"\345\216\262\366Xx\375Y\205\306\261\370NCy\206\362\024%\ne\034\312\\\305W/J;J\037\312$\22
 1167      5878 FD59 
 1167      85C6 B1F8 
 1167      4E43 7986 
 1167      F214 250A 
 1168 013d C720 06FC 		.string	"\307 \006\374\020#\300Q`\261\217@\222"
 1168      1023 C051 
 1168      60B1 8F40 
 1168      9200 
 1169 014b D568 3C4C 		.string	"\325h<L\215\265 \343.\237\327W\254i\203\233 *\025\321a\201\362\002&\\\007\246\342[\344/\3
 1169      8DB5 20E3 
 1169      2E9F D757 
 1169      AC69 839B 
 1169      202A 15D1 
 1170 020e F56C 1FB5 		.ascii	"\365l\037\265l\0174j\245\235|\371\306\303\323E\"]n\300e8\r\032"
 1170      6C0F 346A 
 1170      A59D 7CF9 
 1170      C6C3 D345 
 1170      225D 6EC0 
 1171 0226 6AF4 D66E 		.ascii	"j\364\326nh\030#\355\343\210\233\025=\213(\340\f\005\374\315"
 1171      6818 23ED 
 1171      E388 9B15 
 1171      3D8B 28E0 
 1171      0C05 FCCD 
 1172 023a 01A5 2BEE 		.ascii	"\001\245+\356\274\002\316\2370TO\267l\334\036\311U\021\325\013"
 1172      BC02 CE9F 
 1172      3054 4FB7 
 1172      6CDC 1EC9 
 1172      5511 D50B 
 1173 024e 2D1D CFF5 		.ascii	"-\035\317\365\234Nci:{\227\037\321R:\021\322H\210\034Ma\215\310"
 1173      9C4E 6369 
 1173      3A7B 971F 
 1173      D152 3A11 
 1173      D248 881C 
 1174 0266 9DF3 40DB 		.ascii	"\235\363@\333\320\004x\t@b\f\234C\025\321\271U\376z\035\367\245"
 1174      D004 7809 
 1174      4062 0C9C 
 1174      4315 D1B9 
 1174      55FE 7A1D 
 1175 027c 4375 6FD1 		.ascii	"Cuo\321\222\025\021\334\327tT\233_\324\f\204K\007Yf\322Q\177"
 1175      9215 11DC 
 1175      D774 549B 
 1175      5FD4 0C84 
 1175      4B07 5966 
 1176 0293 538E 11E4 		.ascii	"S\216\021\344\030@g\300\350\352/%aHW\336b\270\204]kf\356\257"
 1176      1840 67C0 
 1176      E8EA 2F25 
 1176      6148 57DE 
 1176      62B8 845D 
 1177 02ab 20E2 32FA 		.ascii	" \3422\372/&\b\353\371\205Y\213\211\236\275\321k\365\236\275"
 1177      2F26 08EB 
 1177      F985 598B 
 1177      899E BDD1 
 1177      6BF5 9EBD 
 1178 02bf 0139 AA80 		.ascii	"\0019\252\200fH\377\341`q\001.\342\246\013,\307\026\210R3\245"
 1178      6648 FFE1 
 1178      6071 012E 
 1178      E2A6 0B2C 
 1178      C716 8852 
 1179 02d5 F033 FD9B 		.ascii	"\3603\375\233\016h\342\216@)Y\037\313\326\320v\250\256e\235\204"
 1179      0E68 E28E 
 1179      4029 591F 
 1179      CBD6 D076 
 1179      A8AE 659D 
 1180 02ea 6D12 E02A 		.ascii	"m\022\340*\3041\324]\317\311uF\351$ob\323\203\372\027\032\332"
 1180      C431 D45D 
 1180      CFC9 7546 
 1180      E924 6F62 
 1180      D383 FA17 
 1181 0300 C5EB 98D3 		.ascii	"\305\353\230\3235\320\300Y\336\310\341\222\312\036Y:\307A\313"
 1181      35D0 C059 
 1181      DEC8 E192 
 1181      CA1E 593A 
 1181      C741 CB
 1182 0313 5A7F 2B88 		.ascii	"Z\177+\210\244\240\233\352\250~\257\352\332$\275\215?\320\212"
 1182      A4A0 9BEA 
 1182      A87E AFEA 
 1182      DA24 BD8D 
 1182      3FD0 8A
 1183 0326 FB91 01C1 		.ascii	"\373\221\001\301\024*"
 1183      142A 
 1184 032c 7CE8 BFA2 		.string	"|\350\277\242\245\024\n\020\177\303\3279\344\230\0077\211\024\004\247T\376\300\r\272\357T
 1184      A514 0A10 
 1184      7FC3 D739 
 1184      E498 0737 
 1184      8914 04A7 
 1185 042d 41F7 7F0C 		.string	"A\367\177\f\277\377+\267T\324\031\2453\274]\253\206\253W\352h\177\226\276q\016\236"
 1185      BFFF 2BB7 
 1185      54D4 19A5 
 1185      33BC 5DAB 
 1185      86AB 57EA 
 1186 0449 DBC0 2EED 		.ascii	"\333\300.\355\036\f\324\315;T\350\035\272n\b_I\317\r\357\347"
 1186      1E0C D4CD 
 1186      3B54 E81D 
 1186      BA6E 085F 
 1186      49CF 0DEF 
 1187 045e 5308 6EE8 		.ascii	"S\bn\3503\bgs\3017\202k\313\377\\\003\301`:\310Qp\257\002\356"
 1187      3308 6773 
 1187      C137 826B 
 1187      CBFF 5C03 
 1187      C160 3AC8 
 1188 0477 65E0 E2AE 		.ascii	"e\340\342\256\246\375a\301\340\332\327<\367)\340>\006~\325\277"
 1188      A6FD 61C1 
 1188      E0DA D73C 
 1188      F729 E03E 
 1188      067E D5BF 
 1189 048b A341 9295 		.ascii	"\243A\222\225\343\233\367\216\264\3419\373\255)i ]\020\222\n"
 1189      E39B F78E 
 1189      B4E1 39FB 
 1189      AD29 6920 
 1189      5D10 920A 
 1190 049f FFA8 5448 		.ascii	"\377\250THbu\326\254n\330\243\347\243n\034\035\365(\374\005\033"
 1190      6275 D6AC 
 1190      6ED8 A3E7 
 1190      A36E 1C1D 
 1190      F528 FC05 
 1191 04b4 35DB C414 		.ascii	"5\333\304\024\334\262\375aA\256\030\322\177\277\352\377<o\344"
 1191      DCB2 FD61 
 1191      41AE 18D2 
 1191      7FBF EAFF 
 1191      3C6F E4
 1192 04c7 A6CB 83B9 		.ascii	"\246\313\203\271FN5\t\325\212\300\256\227ZN\265hToo\335v\314"
 1192      464E 3509 
 1192      D58A C0AE 
 1192      975A 4EB5 
 1192      6854 6F6F 
 1193 04de C0C3 0746 		.ascii	"\300\303\007F\303\017\242\267\001\346m\210\205\357\347\341\207"
 1193      C30F A2B7 
 1193      01E6 6D88 
 1193      85EF E7E1 
 1193      87
 1194 04ef 58F8 43ED 		.ascii	"X\370C\355\367\213\"\245K|\254;vm\366EH\255\\\311\257=^\022F"
 1194      F78B 22A5 
 1194      4B7C AC3B 
 1194      766D F645 
 1194      48AD 5CC9 
 1195 0508 29F6 4ABD 		.ascii	")\366J\275\"F\017\352\3341\377\343\240zDzP\211\250\034\324\307"
 1195      2246 0FEA 
 1195      DC31 FFE3 
 1195      A07A 447A 
 1195      5089 A81C 
 1196 051e E579 3E09 		.ascii	"\345y>\t\017\252?\300\016\252\267\214\375\354\224~\005\024\b"
 1196      0FAA 3FC0 
 1196      0EAA B78C 
 1196      FDEC 947E 
 1196      0514 08
 1197 0531 2F47 AE8D 		.ascii	"/G\256\215a\274\262\226\210\023\250e\344\346hC\226\242\r\275"
 1197      61BC B296 
 1197      8813 A865 
 1197      E4E6 6843 
 1197      96A2 0DBD 
 1198 0545 AC29 39BF 		.ascii	"\254)9\277_'=\n\225\342\325\216[\005z\371-\027t\bbv\337\033\250"
 1198      5F27 3D0A 
 1198      95E2 D58E 
 1198      5B05 7AF9 
 1198      2D17 7408 
 1199 055e 37B0 9272 		.ascii	"7\260\222rD\365\362\271\332Y\267\336\030\242\246\345\254\246"
 1199      44F5 F2B9 
 1199      DA59 B7DE 
 1199      18A2 A6E5 
 1199      ACA6 
 1200 0570 5CB5 A6EE 		.ascii	"\\\265\246\356\277v\377aTkj\375\242\323;R\023\002a\251\250\326"
 1200      BF76 FF61 
 1200      546B 6AFD 
 1200      A2D3 3B52 
 1200      1302 61A9 
 1201 0586 B44C D440 		.ascii	"\264L\324@\036\326\204\226\221\232\256i\005j{\337\244a\205Hi"
 1201      1ED6 8496 
 1201      919A AE69 
 1201      056A 7BDF 
 1201      A461 8548 
 1202 059b 99BF EE2C 		.ascii	"\231\277\356,\211\f\346\375\211\327\016\311J\221\363\036\337"
 1202      890C E6FD 
 1202      89D7 0EC9 
 1202      4A91 F31E 
 1202      DF
 1203 05ac 085E 3FFC 		.ascii	"\b^?\374\244U\224|R\210\246\365\024\256\257\322*U\f8s\210\337"
 1203      A455 947C 
 1203      5288 A6F5 
 1203      14AE AFD2 
 1203      2A55 0C38 
 1204 05c3 43C8 5699 		.ascii	"C\310V\231y\314\037)\341W,a\025\226\220\037TB%\226\2006!\326"
 1204      79CC 1F29 
 1204      E157 2C61 
 1204      1596 901F 
 1204      5442 2596 
 1205 05db 9DBE C064 		.ascii	"\235\276\300dqfX\023-\316\364t\247#\321\2748#1\305\351t\333\235"
 1205      7166 5813 
 1205      2DCE F474 
 1205      A723 D1BC 
 1205      3823 31C5 
 1206 05f3 E654 6B46 		.ascii	"\346TkF\202E\377\345w?\304\316\2311C\030\037lM\2301\355\363i"
 1206      8245 FFE5 
 1206      773F C4CE 
 1206      9931 4318 
 1206      1F6C 4D98 
 1207 060b 9F4E 9D9C 		.ascii	"\237N\235\234\"\3503m\016\367\344\317L\356\310\321u\323O\231"
 1207      22E8 336D 
 1207      0EF7 E4CF 
 1207      4CEE C8D1 
 1207      75D3 4F99 
 1208 061f E90B 3F7A 		.ascii	"\351\013?z\227g\341\3437v\230\314\363\334\370\231ev[\322R\235"
 1208      9767 E1E3 
 1208      3776 98CC 
 1208      F3DC F899 
 1208      6576 5BD2 
 1209 0635 F34D 1956 		.ascii	"\363M\031V\227\325\255s8-v\247\303\252w8m\016\273\315a\325d\272"
 1209      97D5 AD73 
 1209      382D 76A7 
 1209      C3AA 7738 
 1209      6D0E BBCD 
 1210 064d ACA9 1A4B 		.ascii	"\254\251\032K\2329C\227`s\330\334\223\005\235\313jq\333\234\016"
 1210      9A39 4397 
 1210      6073 D8DC 
 1210      9305 9DCB 
 1210      6A71 DB9C 
 1211 0662 ADC3 BCC0 		.ascii	"\255\303\274\300\232\372\241\311\224\222i\263\273m\016\023F4"
 1211      9AFA A1C9 
 1211      9492 69B3 
 1211      BB6D 0E13 
 1211      4634 
 1212 0674 A55A EDE6 		.ascii	"\245Z\355\346l\223%\333b\267\272fYf&/\314p\316\3170\247\307\316"
 1212      6C93 25DB 
 1212      62B7 BA66 
 1212      5966 262F 
 1212      CC70 CECF 
 1213 068c B3A1 2179 		.ascii	"\263\241!y\021\346\230\356\312v%\247\333\034\363\263\246NI\306"
 1213      11E6 98EE 
 1213      CA76 25A7 
 1213      DB1C F3B3 
 1213      A64E 49C6 
 1214 06a0 2DC9 3687 		.ascii	"-\3116\207\305\236\231jM\316t\333\354\311l\177B\232``\331\230"
 1214      C59E 996A 
 1214      4DCE 74DB 
 1214      ECC9 6C7F 
 1214      429A 6060 
 1215 06b6 1658 B3C7 		.ascii	"\026X\263\307'\320Tl\356\3708sV\\\374l\2073\305\346v\315\022"
 1215      27D0 546C 
 1215      EEF8 3873 
 1215      565C FC6C 
 1215      8733 C5E6 
 1216 06cd 74B4 11D3 		.ascii	"t\264\021\323Mn\203\0222\335e4\333\263\314\331.\023\317[\316"
 1216      4D6E 8312 
 1216      32DD 6534 
 1216      DBB3 CCD9 
 1216      2E13 CF5B 
 1217 06e2 4A75 9BAC 		.ascii	"Ju\233\254\016s\212\335:\375\375\362\240\337\270\031\223\030"
 1217      0E73 8ADD 
 1217      3AFD FDF2 
 1217      A0DF B819 
 1217      9318 
 1218 06f4 437D A4DA 		.ascii	"C}\244\332\\\324\311\277\327\"\212\223"
 1218      5CD4 C9BF 
 1218      D722 8A93 
 1219               		.text
 1220               		.section	.gnu.lto_.symtab.59acd7d1,"",@progbits
 1221 0000 626F 6F74 		.string	"bootloader_jump"
 1221      6C6F 6164 
 1221      6572 5F6A 
 1221      756D 7000 
 1222 0010 00        		.string	""
 1223 0011 00        		.string	""
 1224 0012 00        		.string	""
 1225 0013 00        		.string	""
 1226 0014 00        		.string	""
 1227 0015 00        		.string	""
 1228 0016 00        		.string	""
 1229 0017 00        		.string	""
 1230 0018 00        		.string	""
 1231 0019 00        		.string	""
 1232 001a 00        		.string	""
 1233 001b C600      		.string	"\306"
 1234 001d 00        		.string	""
 1235 001e 00        		.string	""
 1236 001f 7265 7365 		.string	"reset_key"
 1236      745F 6B65 
 1236      7900 
 1237 0029 00        		.string	""
 1238 002a 00        		.string	""
 1239 002b 00        		.string	""
 1240 002c 00        		.string	""
 1241 002d 00        		.string	""
 1242 002e 00        		.string	""
 1243 002f 00        		.string	""
 1244 0030 00        		.string	""
 1245 0031 00        		.string	""
 1246 0032 00        		.string	""
 1247 0033 00        		.string	""
 1248 0034 EE00      		.string	"\356"
 1249 0036 00        		.string	""
 1250 0037 00        		.string	""
 1251 0038 626F 6F74 		.string	"bootloader_jump_after_watchdog_reset"
 1251      6C6F 6164 
 1251      6572 5F6A 
 1251      756D 705F 
 1251      6166 7465 
 1252 005d 00        		.string	""
 1253 005e 00        		.string	""
 1254 005f 00        		.string	""
 1255 0060 00        		.string	""
 1256 0061 00        		.string	""
 1257 0062 00        		.string	""
 1258 0063 00        		.string	""
 1259 0064 00        		.string	""
 1260 0065 00        		.string	""
 1261 0066 00        		.string	""
 1262 0067 00        		.string	""
 1263 0068 E000      		.string	"\340"
 1264 006a 00        		.string	""
 1265 006b 00        		.string	""
 1266               		.text
 1267               		.section	.gnu.lto_.opts,"",@progbits
 1268 0000 272D 666E 		.string	"'-fno-openmp' '-fno-openacc' '-fno-pie' '-mn-flash=1' '-mno-skip-bug' '-mmcu=avr5' '-Os' 
 1268      6F2D 6F70 
 1268      656E 6D70 
 1268      2720 272D 
 1268      666E 6F2D 
 1269               		.text
 1270               		.comm	__gnu_lto_v1,1,1
 1271               		.comm	__gnu_lto_slim,1,1
 1272               		.ident	"GCC: (GNU) 8.4.0"
DEFINED SYMBOLS
                            *ABS*:0000000000000000 bootloader.c
C:\Users\gazed\AppData\Local\Temp\ccFw5Cdc.s:2      *ABS*:000000000000003e __SP_H__
C:\Users\gazed\AppData\Local\Temp\ccFw5Cdc.s:3      *ABS*:000000000000003d __SP_L__
C:\Users\gazed\AppData\Local\Temp\ccFw5Cdc.s:4      *ABS*:000000000000003f __SREG__
C:\Users\gazed\AppData\Local\Temp\ccFw5Cdc.s:5      *ABS*:0000000000000000 __tmp_reg__
C:\Users\gazed\AppData\Local\Temp\ccFw5Cdc.s:6      *ABS*:0000000000000001 __zero_reg__
C:\Users\gazed\AppData\Local\Temp\ccFw5Cdc.s:20     .gnu.debuglto_.debug_info:0000000000000000 bootloader.c.9757163b
                            *COM*:0000000000000001 __gnu_lto_v1
                            *COM*:0000000000000001 __gnu_lto_slim

NO UNDEFINED SYMBOLS
