   1               		.file	"Device_AVR8.c"
   2               	__SP_H__ = 0x3e
   3               	__SP_L__ = 0x3d
   4               	__SREG__ = 0x3f
   5               	__tmp_reg__ = 0
   6               	__zero_reg__ = 1
   7               		.file 1 "c:\\program files\\qmk_msys\\mingw64\\avr\\include\\stdint.h"
   8               		.file 2 "lib/lufa/LUFA/Drivers/USB/Core/AVR8/../AVR8/../AVR8/../StdRequestType.h"
   9               		.file 3 "lib/lufa/LUFA/Drivers/USB/Core/AVR8/../AVR8/../AVR8/../DeviceStandardReq.h"
  10               		.file 4 "lib/lufa/LUFA/Drivers/USB/Core/AVR8/../AVR8/../AVR8/../USBTask.h"
  11               		.file 5 "lib/lufa/LUFA/Drivers/USB/Core/AVR8/../AVR8/../AVR8/USBController_AVR8.h"
  12               		.file 6 "lib/lufa/LUFA/Drivers/USB/Core/AVR8/Device_AVR8.c"
  13               		.section	.gnu.debuglto_.debug_info,"",@progbits
  14               	.Ldebug_info0:
  15               		.hidden	Device_AVR8.c.b995ccf0
  16               		.weak	Device_AVR8.c.b995ccf0
  17               	Device_AVR8.c.b995ccf0:
  18 0000 5C01 0000 		.long	0x15c
  19 0004 0200      		.word	0x2
  20 0006 0000 0000 		.long	.Ldebug_abbrev0
  21 000a 04        		.byte	0x4
  22 000b 01        		.uleb128 0x1
  23 000c 0000 0000 		.long	.LASF24
  24 0010 0C        		.byte	0xc
  25 0011 0000 0000 		.long	.LASF25
  26 0015 0000 0000 		.long	.LASF26
  27 0019 0000 0000 		.long	.Ldebug_line0
  28 001d 02        		.uleb128 0x2
  29 001e 01        		.byte	0x1
  30 001f 06        		.byte	0x6
  31 0020 0000 0000 		.long	.LASF0
  32 0024 03        		.uleb128 0x3
  33 0025 0000 0000 		.long	.LASF2
  34 0029 01        		.byte	0x1
  35 002a 7E        		.byte	0x7e
  36 002b 16        		.byte	0x16
  37 002c 3500 0000 		.long	0x35
  38 0030 04        		.uleb128 0x4
  39 0031 2400 0000 		.long	0x24
  40 0035 02        		.uleb128 0x2
  41 0036 01        		.byte	0x1
  42 0037 08        		.byte	0x8
  43 0038 0000 0000 		.long	.LASF1
  44 003c 05        		.uleb128 0x5
  45 003d 02        		.byte	0x2
  46 003e 05        		.byte	0x5
  47 003f 696E 7400 		.string	"int"
  48 0043 03        		.uleb128 0x3
  49 0044 0000 0000 		.long	.LASF3
  50 0048 01        		.byte	0x1
  51 0049 80        		.byte	0x80
  52 004a 16        		.byte	0x16
  53 004b 4F00 0000 		.long	0x4f
  54 004f 02        		.uleb128 0x2
  55 0050 02        		.byte	0x2
  56 0051 07        		.byte	0x7
  57 0052 0000 0000 		.long	.LASF4
  58 0056 02        		.uleb128 0x2
  59 0057 04        		.byte	0x4
  60 0058 05        		.byte	0x5
  61 0059 0000 0000 		.long	.LASF5
  62 005d 02        		.uleb128 0x2
  63 005e 04        		.byte	0x4
  64 005f 07        		.byte	0x7
  65 0060 0000 0000 		.long	.LASF6
  66 0064 02        		.uleb128 0x2
  67 0065 08        		.byte	0x8
  68 0066 05        		.byte	0x5
  69 0067 0000 0000 		.long	.LASF7
  70 006b 02        		.uleb128 0x2
  71 006c 08        		.byte	0x8
  72 006d 07        		.byte	0x7
  73 006e 0000 0000 		.long	.LASF8
  74 0072 06        		.uleb128 0x6
  75 0073 08        		.byte	0x8
  76 0074 02        		.byte	0x2
  77 0075 A3        		.byte	0xa3
  78 0076 0C        		.byte	0xc
  79 0077 C700 0000 		.long	0xc7
  80 007b 07        		.uleb128 0x7
  81 007c 0000 0000 		.long	.LASF9
  82 0080 02        		.byte	0x2
  83 0081 A5        		.byte	0xa5
  84 0082 0E        		.byte	0xe
  85 0083 2400 0000 		.long	0x24
  86 0087 02        		.byte	0x2
  87 0088 23        		.byte	0x23
  88 0089 00        		.uleb128 0
  89 008a 07        		.uleb128 0x7
  90 008b 0000 0000 		.long	.LASF10
  91 008f 02        		.byte	0x2
  92 0090 A6        		.byte	0xa6
  93 0091 0E        		.byte	0xe
  94 0092 2400 0000 		.long	0x24
  95 0096 02        		.byte	0x2
  96 0097 23        		.byte	0x23
  97 0098 01        		.uleb128 0x1
  98 0099 07        		.uleb128 0x7
  99 009a 0000 0000 		.long	.LASF11
 100 009e 02        		.byte	0x2
 101 009f A7        		.byte	0xa7
 102 00a0 0E        		.byte	0xe
 103 00a1 4300 0000 		.long	0x43
 104 00a5 02        		.byte	0x2
 105 00a6 23        		.byte	0x23
 106 00a7 02        		.uleb128 0x2
 107 00a8 07        		.uleb128 0x7
 108 00a9 0000 0000 		.long	.LASF12
 109 00ad 02        		.byte	0x2
 110 00ae A8        		.byte	0xa8
 111 00af 0E        		.byte	0xe
 112 00b0 4300 0000 		.long	0x43
 113 00b4 02        		.byte	0x2
 114 00b5 23        		.byte	0x23
 115 00b6 04        		.uleb128 0x4
 116 00b7 07        		.uleb128 0x7
 117 00b8 0000 0000 		.long	.LASF13
 118 00bc 02        		.byte	0x2
 119 00bd A9        		.byte	0xa9
 120 00be 0E        		.byte	0xe
 121 00bf 4300 0000 		.long	0x43
 122 00c3 02        		.byte	0x2
 123 00c4 23        		.byte	0x23
 124 00c5 06        		.uleb128 0x6
 125 00c6 00        		.byte	0
 126 00c7 03        		.uleb128 0x3
 127 00c8 0000 0000 		.long	.LASF14
 128 00cc 02        		.byte	0x2
 129 00cd AA        		.byte	0xaa
 130 00ce 12        		.byte	0x12
 131 00cf 7200 0000 		.long	0x72
 132 00d3 08        		.uleb128 0x8
 133 00d4 0000 0000 		.long	.LASF15
 134 00d8 03        		.byte	0x3
 135 00d9 5E        		.byte	0x5e
 136 00da 13        		.byte	0x13
 137 00db 2400 0000 		.long	0x24
 138 00df 01        		.byte	0x1
 139 00e0 01        		.byte	0x1
 140 00e1 08        		.uleb128 0x8
 141 00e2 0000 0000 		.long	.LASF16
 142 00e6 03        		.byte	0x3
 143 00e7 6E        		.byte	0x6e
 144 00e8 11        		.byte	0x11
 145 00e9 EF00 0000 		.long	0xef
 146 00ed 01        		.byte	0x1
 147 00ee 01        		.byte	0x1
 148 00ef 02        		.uleb128 0x2
 149 00f0 01        		.byte	0x1
 150 00f1 02        		.byte	0x2
 151 00f2 0000 0000 		.long	.LASF17
 152 00f6 04        		.uleb128 0x4
 153 00f7 EF00 0000 		.long	0xef
 154 00fb 08        		.uleb128 0x8
 155 00fc 0000 0000 		.long	.LASF18
 156 0100 03        		.byte	0x3
 157 0101 78        		.byte	0x78
 158 0102 11        		.byte	0x11
 159 0103 EF00 0000 		.long	0xef
 160 0107 01        		.byte	0x1
 161 0108 01        		.byte	0x1
 162 0109 08        		.uleb128 0x8
 163 010a 0000 0000 		.long	.LASF19
 164 010e 04        		.byte	0x4
 165 010f 51        		.byte	0x51
 166 0110 19        		.byte	0x19
 167 0111 F600 0000 		.long	0xf6
 168 0115 01        		.byte	0x1
 169 0116 01        		.byte	0x1
 170 0117 08        		.uleb128 0x8
 171 0118 0000 0000 		.long	.LASF20
 172 011c 04        		.byte	0x4
 173 011d 5B        		.byte	0x5b
 174 011e 21        		.byte	0x21
 175 011f C700 0000 		.long	0xc7
 176 0123 01        		.byte	0x1
 177 0124 01        		.byte	0x1
 178 0125 08        		.uleb128 0x8
 179 0126 0000 0000 		.long	.LASF21
 180 012a 04        		.byte	0x4
 181 012b 90        		.byte	0x90
 182 012c 1E        		.byte	0x1e
 183 012d 3000 0000 		.long	0x30
 184 0131 01        		.byte	0x1
 185 0132 01        		.byte	0x1
 186 0133 09        		.uleb128 0x9
 187 0134 01        		.byte	0x1
 188 0135 0000 0000 		.long	.LASF27
 189 0139 06        		.byte	0x6
 190 013a 29        		.byte	0x29
 191 013b 06        		.byte	0x6
 192 013c 01        		.byte	0x1
 193 013d 0A        		.uleb128 0xa
 194 013e 0000 0000 		.long	.LASF22
 195 0142 05        		.byte	0x5
 196 0143 8301      		.word	0x183
 197 0145 17        		.byte	0x17
 198 0146 01        		.byte	0x1
 199 0147 0B        		.uleb128 0xb
 200 0148 0000 0000 		.long	.LASF28
 201 014c 05        		.byte	0x5
 202 014d 5501      		.word	0x155
 203 014f 17        		.byte	0x17
 204 0150 01        		.byte	0x1
 205 0151 EF00 0000 		.long	0xef
 206 0155 0A        		.uleb128 0xa
 207 0156 0000 0000 		.long	.LASF23
 208 015a 05        		.byte	0x5
 209 015b 4801      		.word	0x148
 210 015d 17        		.byte	0x17
 211 015e 01        		.byte	0x1
 212 015f 00        		.byte	0
 213               		.section	.gnu.debuglto_.debug_abbrev,"",@progbits
 214               	.Ldebug_abbrev0:
 215 0000 01        		.uleb128 0x1
 216 0001 11        		.uleb128 0x11
 217 0002 01        		.byte	0x1
 218 0003 25        		.uleb128 0x25
 219 0004 0E        		.uleb128 0xe
 220 0005 13        		.uleb128 0x13
 221 0006 0B        		.uleb128 0xb
 222 0007 03        		.uleb128 0x3
 223 0008 0E        		.uleb128 0xe
 224 0009 1B        		.uleb128 0x1b
 225 000a 0E        		.uleb128 0xe
 226 000b 10        		.uleb128 0x10
 227 000c 06        		.uleb128 0x6
 228 000d 00        		.byte	0
 229 000e 00        		.byte	0
 230 000f 02        		.uleb128 0x2
 231 0010 24        		.uleb128 0x24
 232 0011 00        		.byte	0
 233 0012 0B        		.uleb128 0xb
 234 0013 0B        		.uleb128 0xb
 235 0014 3E        		.uleb128 0x3e
 236 0015 0B        		.uleb128 0xb
 237 0016 03        		.uleb128 0x3
 238 0017 0E        		.uleb128 0xe
 239 0018 00        		.byte	0
 240 0019 00        		.byte	0
 241 001a 03        		.uleb128 0x3
 242 001b 16        		.uleb128 0x16
 243 001c 00        		.byte	0
 244 001d 03        		.uleb128 0x3
 245 001e 0E        		.uleb128 0xe
 246 001f 3A        		.uleb128 0x3a
 247 0020 0B        		.uleb128 0xb
 248 0021 3B        		.uleb128 0x3b
 249 0022 0B        		.uleb128 0xb
 250 0023 39        		.uleb128 0x39
 251 0024 0B        		.uleb128 0xb
 252 0025 49        		.uleb128 0x49
 253 0026 13        		.uleb128 0x13
 254 0027 00        		.byte	0
 255 0028 00        		.byte	0
 256 0029 04        		.uleb128 0x4
 257 002a 35        		.uleb128 0x35
 258 002b 00        		.byte	0
 259 002c 49        		.uleb128 0x49
 260 002d 13        		.uleb128 0x13
 261 002e 00        		.byte	0
 262 002f 00        		.byte	0
 263 0030 05        		.uleb128 0x5
 264 0031 24        		.uleb128 0x24
 265 0032 00        		.byte	0
 266 0033 0B        		.uleb128 0xb
 267 0034 0B        		.uleb128 0xb
 268 0035 3E        		.uleb128 0x3e
 269 0036 0B        		.uleb128 0xb
 270 0037 03        		.uleb128 0x3
 271 0038 08        		.uleb128 0x8
 272 0039 00        		.byte	0
 273 003a 00        		.byte	0
 274 003b 06        		.uleb128 0x6
 275 003c 13        		.uleb128 0x13
 276 003d 01        		.byte	0x1
 277 003e 0B        		.uleb128 0xb
 278 003f 0B        		.uleb128 0xb
 279 0040 3A        		.uleb128 0x3a
 280 0041 0B        		.uleb128 0xb
 281 0042 3B        		.uleb128 0x3b
 282 0043 0B        		.uleb128 0xb
 283 0044 39        		.uleb128 0x39
 284 0045 0B        		.uleb128 0xb
 285 0046 01        		.uleb128 0x1
 286 0047 13        		.uleb128 0x13
 287 0048 00        		.byte	0
 288 0049 00        		.byte	0
 289 004a 07        		.uleb128 0x7
 290 004b 0D        		.uleb128 0xd
 291 004c 00        		.byte	0
 292 004d 03        		.uleb128 0x3
 293 004e 0E        		.uleb128 0xe
 294 004f 3A        		.uleb128 0x3a
 295 0050 0B        		.uleb128 0xb
 296 0051 3B        		.uleb128 0x3b
 297 0052 0B        		.uleb128 0xb
 298 0053 39        		.uleb128 0x39
 299 0054 0B        		.uleb128 0xb
 300 0055 49        		.uleb128 0x49
 301 0056 13        		.uleb128 0x13
 302 0057 38        		.uleb128 0x38
 303 0058 0A        		.uleb128 0xa
 304 0059 00        		.byte	0
 305 005a 00        		.byte	0
 306 005b 08        		.uleb128 0x8
 307 005c 34        		.uleb128 0x34
 308 005d 00        		.byte	0
 309 005e 03        		.uleb128 0x3
 310 005f 0E        		.uleb128 0xe
 311 0060 3A        		.uleb128 0x3a
 312 0061 0B        		.uleb128 0xb
 313 0062 3B        		.uleb128 0x3b
 314 0063 0B        		.uleb128 0xb
 315 0064 39        		.uleb128 0x39
 316 0065 0B        		.uleb128 0xb
 317 0066 49        		.uleb128 0x49
 318 0067 13        		.uleb128 0x13
 319 0068 3F        		.uleb128 0x3f
 320 0069 0C        		.uleb128 0xc
 321 006a 3C        		.uleb128 0x3c
 322 006b 0C        		.uleb128 0xc
 323 006c 00        		.byte	0
 324 006d 00        		.byte	0
 325 006e 09        		.uleb128 0x9
 326 006f 2E        		.uleb128 0x2e
 327 0070 00        		.byte	0
 328 0071 3F        		.uleb128 0x3f
 329 0072 0C        		.uleb128 0xc
 330 0073 03        		.uleb128 0x3
 331 0074 0E        		.uleb128 0xe
 332 0075 3A        		.uleb128 0x3a
 333 0076 0B        		.uleb128 0xb
 334 0077 3B        		.uleb128 0x3b
 335 0078 0B        		.uleb128 0xb
 336 0079 39        		.uleb128 0x39
 337 007a 0B        		.uleb128 0xb
 338 007b 27        		.uleb128 0x27
 339 007c 0C        		.uleb128 0xc
 340 007d 00        		.byte	0
 341 007e 00        		.byte	0
 342 007f 0A        		.uleb128 0xa
 343 0080 2E        		.uleb128 0x2e
 344 0081 00        		.byte	0
 345 0082 03        		.uleb128 0x3
 346 0083 0E        		.uleb128 0xe
 347 0084 3A        		.uleb128 0x3a
 348 0085 0B        		.uleb128 0xb
 349 0086 3B        		.uleb128 0x3b
 350 0087 05        		.uleb128 0x5
 351 0088 39        		.uleb128 0x39
 352 0089 0B        		.uleb128 0xb
 353 008a 27        		.uleb128 0x27
 354 008b 0C        		.uleb128 0xc
 355 008c 00        		.byte	0
 356 008d 00        		.byte	0
 357 008e 0B        		.uleb128 0xb
 358 008f 2E        		.uleb128 0x2e
 359 0090 00        		.byte	0
 360 0091 03        		.uleb128 0x3
 361 0092 0E        		.uleb128 0xe
 362 0093 3A        		.uleb128 0x3a
 363 0094 0B        		.uleb128 0xb
 364 0095 3B        		.uleb128 0x3b
 365 0096 05        		.uleb128 0x5
 366 0097 39        		.uleb128 0x39
 367 0098 0B        		.uleb128 0xb
 368 0099 27        		.uleb128 0x27
 369 009a 0C        		.uleb128 0xc
 370 009b 49        		.uleb128 0x49
 371 009c 13        		.uleb128 0x13
 372 009d 00        		.byte	0
 373 009e 00        		.byte	0
 374 009f 00        		.byte	0
 375               		.section	.gnu.debuglto_.debug_line,"",@progbits
 376               	.Ldebug_line0:
 377 0000 4C01 0000 		.long	.LELT0-.LSLT0
 378               	.LSLT0:
 379 0004 0200      		.word	0x2
 380 0006 4601 0000 		.long	.LELTP0-.LASLTP0
 381               	.LASLTP0:
 382 000a 01        		.byte	0x1
 383 000b 01        		.byte	0x1
 384 000c F6        		.byte	0xf6
 385 000d F2        		.byte	0xf2
 386 000e 0D        		.byte	0xd
 387 000f 00        		.byte	0
 388 0010 01        		.byte	0x1
 389 0011 01        		.byte	0x1
 390 0012 01        		.byte	0x1
 391 0013 01        		.byte	0x1
 392 0014 00        		.byte	0
 393 0015 00        		.byte	0
 394 0016 00        		.byte	0
 395 0017 01        		.byte	0x1
 396 0018 00        		.byte	0
 397 0019 00        		.byte	0
 398 001a 01        		.byte	0x1
 399 001b 633A 5C70 		.ascii	"c:\\program files\\qmk_msys\\mingw64\\avr\\include"
 399      726F 6772 
 399      616D 2066 
 399      696C 6573 
 399      5C71 6D6B 
 400 0048 00        		.byte	0
 401 0049 6C69 622F 		.ascii	"lib/lufa/LUFA/Drivers/USB/Core/AVR8"
 401      6C75 6661 
 401      2F4C 5546 
 401      412F 4472 
 401      6976 6572 
 402 006c 00        		.byte	0
 403 006d 6C69 622F 		.ascii	"lib/lufa/LUFA/Drivers/USB/Core/AVR8/../AVR8/../AVR8"
 403      6C75 6661 
 403      2F4C 5546 
 403      412F 4472 
 403      6976 6572 
 404 00a0 00        		.byte	0
 405 00a1 6C69 622F 		.ascii	"lib/lufa/LUFA/Drivers/USB/Core/AVR8/../AVR8/../AVR8/.."
 405      6C75 6661 
 405      2F4C 5546 
 405      412F 4472 
 405      6976 6572 
 406 00d7 00        		.byte	0
 407 00d8 00        		.byte	0
 408 00d9 7374 6469 		.string	"stdint.h"
 408      6E74 2E68 
 408      00
 409 00e2 01        		.uleb128 0x1
 410 00e3 00        		.uleb128 0
 411 00e4 00        		.uleb128 0
 412 00e5 2E2E 2F53 		.string	"../StdRequestType.h"
 412      7464 5265 
 412      7175 6573 
 412      7454 7970 
 412      652E 6800 
 413 00f9 03        		.uleb128 0x3
 414 00fa 00        		.uleb128 0
 415 00fb 00        		.uleb128 0
 416 00fc 2E2E 2F44 		.string	"../DeviceStandardReq.h"
 416      6576 6963 
 416      6553 7461 
 416      6E64 6172 
 416      6452 6571 
 417 0113 03        		.uleb128 0x3
 418 0114 00        		.uleb128 0
 419 0115 00        		.uleb128 0
 420 0116 2E2E 2F55 		.string	"../USBTask.h"
 420      5342 5461 
 420      736B 2E68 
 420      00
 421 0123 03        		.uleb128 0x3
 422 0124 00        		.uleb128 0
 423 0125 00        		.uleb128 0
 424 0126 5553 4243 		.string	"USBController_AVR8.h"
 424      6F6E 7472 
 424      6F6C 6C65 
 424      725F 4156 
 424      5238 2E68 
 425 013b 03        		.uleb128 0x3
 426 013c 00        		.uleb128 0
 427 013d 00        		.uleb128 0
 428 013e 4465 7669 		.string	"Device_AVR8.c"
 428      6365 5F41 
 428      5652 382E 
 428      6300 
 429 014c 02        		.uleb128 0x2
 430 014d 00        		.uleb128 0
 431 014e 00        		.uleb128 0
 432 014f 00        		.byte	0
 433               	.LELTP0:
 434               	.LELT0:
 435               		.section	.gnu.debuglto_.debug_str,"MS",@progbits,1
 436               	.LASF7:
 437 0000 6C6F 6E67 		.string	"long long int"
 437      206C 6F6E 
 437      6720 696E 
 437      7400 
 438               	.LASF4:
 439 000e 756E 7369 		.string	"unsigned int"
 439      676E 6564 
 439      2069 6E74 
 439      00
 440               	.LASF19:
 441 001b 5553 425F 		.string	"USB_IsInitialized"
 441      4973 496E 
 441      6974 6961 
 441      6C69 7A65 
 441      6400 
 442               	.LASF2:
 443 002d 7569 6E74 		.string	"uint8_t"
 443      385F 7400 
 444               	.LASF24:
 445 0035 474E 5520 		.string	"GNU C99 8.4.0 -mn-flash=1 -mno-skip-bug -mmcu=avr5 -gdwarf-2 -Os -std=gnu99 -funsigned-ch
 445      4339 3920 
 445      382E 342E 
 445      3020 2D6D 
 445      6E2D 666C 
 446               	.LASF15:
 447 011d 5553 425F 		.string	"USB_Device_ConfigurationNumber"
 447      4465 7669 
 447      6365 5F43 
 447      6F6E 6669 
 447      6775 7261 
 448               	.LASF6:
 449 013c 6C6F 6E67 		.string	"long unsigned int"
 449      2075 6E73 
 449      6967 6E65 
 449      6420 696E 
 449      7400 
 450               	.LASF8:
 451 014e 6C6F 6E67 		.string	"long long unsigned int"
 451      206C 6F6E 
 451      6720 756E 
 451      7369 676E 
 451      6564 2069 
 452               	.LASF18:
 453 0165 5553 425F 		.string	"USB_Device_CurrentlySelfPowered"
 453      4465 7669 
 453      6365 5F43 
 453      7572 7265 
 453      6E74 6C79 
 454               	.LASF21:
 455 0185 5553 425F 		.string	"USB_DeviceState"
 455      4465 7669 
 455      6365 5374 
 455      6174 6500 
 456               	.LASF10:
 457 0195 6252 6571 		.string	"bRequest"
 457      7565 7374 
 457      00
 458               	.LASF27:
 459 019e 5553 425F 		.string	"USB_Device_SendRemoteWakeup"
 459      4465 7669 
 459      6365 5F53 
 459      656E 6452 
 459      656D 6F74 
 460               	.LASF28:
 461 01ba 5553 425F 		.string	"USB_PLL_IsReady"
 461      504C 4C5F 
 461      4973 5265 
 461      6164 7900 
 462               	.LASF25:
 463 01ca 6C69 622F 		.string	"lib/lufa/LUFA/Drivers/USB/Core/AVR8/Device_AVR8.c"
 463      6C75 6661 
 463      2F4C 5546 
 463      412F 4472 
 463      6976 6572 
 464               	.LASF1:
 465 01fc 756E 7369 		.string	"unsigned char"
 465      676E 6564 
 465      2063 6861 
 465      7200 
 466               	.LASF5:
 467 020a 6C6F 6E67 		.string	"long int"
 467      2069 6E74 
 467      00
 468               	.LASF9:
 469 0213 626D 5265 		.string	"bmRequestType"
 469      7175 6573 
 469      7454 7970 
 469      6500 
 470               	.LASF23:
 471 0221 5553 425F 		.string	"USB_PLL_On"
 471      504C 4C5F 
 471      4F6E 00
 472               	.LASF17:
 473 022c 5F42 6F6F 		.string	"_Bool"
 473      6C00 
 474               	.LASF26:
 475 0232 433A 5C55 		.string	"C:\\Users\\gazed\\qmk_firmware"
 475      7365 7273 
 475      5C67 617A 
 475      6564 5C71 
 475      6D6B 5F66 
 476               	.LASF13:
 477 024e 774C 656E 		.string	"wLength"
 477      6774 6800 
 478               	.LASF14:
 479 0256 5553 425F 		.string	"USB_Request_Header_t"
 479      5265 7175 
 479      6573 745F 
 479      4865 6164 
 479      6572 5F74 
 480               	.LASF12:
 481 026b 7749 6E64 		.string	"wIndex"
 481      6578 00
 482               	.LASF16:
 483 0272 5553 425F 		.string	"USB_Device_RemoteWakeupEnabled"
 483      4465 7669 
 483      6365 5F52 
 483      656D 6F74 
 483      6557 616B 
 484               	.LASF22:
 485 0291 5553 425F 		.string	"USB_CLK_Unfreeze"
 485      434C 4B5F 
 485      556E 6672 
 485      6565 7A65 
 485      00
 486               	.LASF3:
 487 02a2 7569 6E74 		.string	"uint16_t"
 487      3136 5F74 
 487      00
 488               	.LASF11:
 489 02ab 7756 616C 		.string	"wValue"
 489      7565 00
 490               	.LASF20:
 491 02b2 5553 425F 		.string	"USB_ControlRequest"
 491      436F 6E74 
 491      726F 6C52 
 491      6571 7565 
 491      7374 00
 492               	.LASF0:
 493 02c5 7369 676E 		.string	"signed char"
 493      6564 2063 
 493      6861 7200 
 494               		.text
 495               		.section	.gnu.lto_.profile.98c8dede,"",@progbits
 496 0000 789C 6367 		.string	"x\234cg`f`d"
 496      6066 6064 
 496      00
 497 0009 0200      		.string	"\002"
 498 000b 00        		.string	""
 499 000c 6200      		.string	"b"
 500 000e 0C        		.ascii	"\f"
 501               		.text
 502               		.section	.gnu.lto_.icf.98c8dede,"",@progbits
 503 0000 789C 6367 		.string	"x\234cg`f\340`@"
 503      6066 E060 
 503      4000 
 504 000a 4686 67F7 		.string	"F\206g\3676/\341d"
 504      362F E164 
 504      00
 505 0013 00        		.string	""
 506 0014 102E 0338 		.ascii	"\020.\0038"
 507               		.text
 508               		.section	.gnu.lto_.jmpfuncs.98c8dede,"",@progbits
 509 0000 789C 6367 		.string	"x\234cg`f`e@"
 509      6066 6065 
 509      4000 
 510 000a 4610 0100 		.string	"F\020\001"
 511 000e 013B 00   		.string	"\001;"
 512 0011 11        		.ascii	"\021"
 513               		.text
 514               		.section	.gnu.lto_.inline.98c8dede,"",@progbits
 515 0000 789C 6367 		.string	"x\234cg`fPe@"
 515      6066 5065 
 515      4000 
 516 000a 4606 06E1 		.string	"F\006\006\341\206\206\206\003,i\214\fL\n@V\003K\032\003\003\033\230\221\314\304\300\004V\
 516      8686 8603 
 516      2C69 8C0C 
 516      4C0A 4056 
 516      034B 1A03 
 517 0029 B0FB 07EC 		.ascii	"\260\373\007\354"
 518               		.text
 519               		.section	.gnu.lto_.pureconst.98c8dede,"",@progbits
 520 0000 789C 6367 		.string	"x\234cg`f`a```d\230\305\002"
 520      6066 6061 
 520      6060 6064 
 520      98C5 0200 
 521 0010 01DA 00   		.string	"\001\332"
 522 0013 AE        		.ascii	"\256"
 523               		.text
 524               		.section	.gnu.lto_USB_Device_SendRemoteWakeup.98c8dede,"",@progbits
 525 0000 789C 8D52 		.string	"x\234\215R]H\024Q\024\276g\356\354\314\254\355b\030>T>\004\275\371\340BO>\272)A\320Sa\257
 525      5D48 1451 
 525      14BE 67EE 
 525      ECCC ACED 
 525      6218 3E54 
 526 009c 3848 D780 		.string	"8H\327\200TJT\223-\252\002\225\224\222\370cI\244\215\264\215\302\326v\347G{v"
 526      544A 5493 
 526      2DAA 0295 
 526      9492 F863 
 526      49A4 8DB4 
 527 00b9 6FE9 61DF 		.ascii	"o\351a\337\323\203z \f~\204\267\307\257\300s\310&\004\221+}\273"
 527      D383 7A20 
 527      0C7E 84B7 
 527      C7AF C073 
 527      C826 0491 
 528 00d0 37ED 8A6C 		.ascii	"7\355\212l\224 \004\n\001L\236\314Y\302\372n\254^\017/d>8\234"
 528      9420 040A 
 528      014C 9ECC 
 528      59C2 FA6E 
 528      AC5E 0F2F 
 529 00e8 0EC4 4F41 		.ascii	"\016\304OAb\201\262\240\262\240\261`e!\215\005;\013\204\324R"
 529      6281 B2A0 
 529      B2A0 B160 
 529      6521 8D05 
 529      3B0B 84D4 
 530 00fd F275 2790 		.ascii	"\362u'\220\013z\230\324Q\211\247\325a\362\001\364\273\033\031"
 530      0B7A 98D4 
 530      5189 A7D5 
 530      61F2 01F4 
 530      BB1B 19
 531 0110 9C9D A5DB 		.ascii	"\234\235\245\333\207\314\364h\\B\r\023\233\307\025\2643\"\030"
 531      87CC F468 
 531      5C42 0D13 
 531      9BC7 15B4 
 531      3322 18
 532 0123 1488 9581 		.ascii	"\024\210\225\201\256`f\222Pv\016/\260Fx\\\203\341\255\311,\226"
 532      AE60 6692 
 532      5076 0E2F 
 532      B046 785C 
 532      83E1 ADC9 
 533 0139 22C6 DBD2 		.ascii	"\"\306\333\322\372(\275\201\372\251\004\314[t<\332f\025\257\021"
 533      FA28 BD81 
 533      FAA9 04CC 
 533      5B74 3CDA 
 533      6615 AF11 
 534 014d F61E FC72 		.ascii	"\366\036\374r\257\337\326\r]\336\032\354\006\2050d\301K\310B"
 534      AFDF D60D 
 534      5DDE 1AEC 
 534      0685 3064 
 534      C14B C842 
 535 0161 A221 E806 		.ascii	"\242!\350\006\254\017\334\nT)\fOa?\fc\205\313~h\371\375C\177"
 535      AC0F DC0A 
 535      5429 0C4F 
 535      613F 0C63 
 535      85CB 7E68 
 536 0179 651A 114C 		.ascii	"e\032\021L\275w\372\257\203`\312\200QV\301nP/:\224\215v\2544"
 536      BD77 FAAF 
 536      8360 CA80 
 536      5156 C16E 
 536      502F 3A94 
 537 0191 2D55 C4FB 		.ascii	"-U\304\373Qbf]\236?\367CB\3521\263\037\337\372\367\364\003\317"
 537      5162 665D 
 537      9E3F F743 
 537      42EA 31B3 
 537      1FDF FAF7 
 538 01a8 619C F763 		.ascii	"a\234\367c\\\310\354h\372DY\356\243j*\251\023(\025\341\325\035"
 538      5CC8 EC68 
 538      FA44 59EE 
 538      A36A 2AA9 
 538      1328 15E1 
 539 01be 2AF1 514D 		.ascii	"*\361QM\200\327\033\026wd\246\033\360\231D\330*\324,\217\370"
 539      80D7 1B16 
 539      7764 A61B 
 539      F099 44D8 
 539      2AD4 2C8F 
 540 01d3 422E 2603 		.ascii	"B.&\003Q\bi\365.\257\332\004\204@\204[cS\327Zj\027'\360\254\216"
 540      5108 69F5 
 540      2EAF DA04 
 540      8440 845B 
 540      6353 D75A 
 541 01ed CAC9 43EF 		.ascii	"\312\311C\357=\360\217I\343\332\301+\323\331\374\354\036gx\016"
 541      3DF0 8F49 
 541      E3DA C12B 
 541      D3D9 FCEC 
 541      1E67 780E 
 542 0201 53DC D994 		.ascii	"S\334\331\224\351,BY"
 542      E92C 4259 
 543 0209 EEA3 56B6 		.string	"\356\243V\266\344\301\373\013\306x\243\254\351u\323\3276\354\t\247\257\343N\337\230N\353A
 543      E4C1 FB0B 
 543      C678 A3AC 
 543      E975 D3D7 
 543      36EC 09A7 
 544 030a 9845 BF64 		.ascii	"\230E\277d"
 545               		.text
 546               		.section	.gnu.lto_.symbol_nodes.98c8dede,"",@progbits
 547 0000 789C 6367 		.string	"x\234cg`f\220f"
 547      6066 9066 
 547      00
 548 0009 02A6 AB0C 		.string	"\002\246\253\f\365\f\037\177\255\260`\234p\216\001\310d\330\325\340\310\300\b\222\001"
 548      F50C 1F7F 
 548      ADB0 609C 
 548      708E 01C8 
 548      64D8 D5E0 
 549 0023 844C 07A1 		.ascii	"\204L\007\241"
 550               		.text
 551               		.section	.gnu.lto_.refs.98c8dede,"",@progbits
 552 0000 789C 6367 		.string	"x\234cg`f`d"
 552      6066 6064 
 552      00
 553 0009 0200      		.string	"\002"
 554 000b 00        		.string	""
 555 000c 6200      		.string	"b"
 556 000e 0C        		.ascii	"\f"
 557               		.text
 558               		.section	.gnu.lto_.decls.98c8dede,"",@progbits
 559 0000 789C 9552 		.ascii	"x\234\225RkH\024Q\024\276g\356\330\256\353#\021)\241%\004\373"
 559      6B48 1451 
 559      14BE 67EE 
 559      D8AE EB23 
 559      1129 A125 
 560 0016 D50F D78A 		.ascii	"\325\017\327\212@\177\232QIRaX\324\237a\323\021\227\266\331\330"
 560      407F 9A51 
 560      4952 6158 
 560      D49F 61D3 
 560      1197 B6D9 
 561 002b 8752 BFEE 		.ascii	"\207R\277\356\36603z\030\021a\0175B\254L\354\001\t>\232\312|"
 561      F630 337A 
 561      1811 610F 
 561      3542 AC4C 
 561      EC01 093E 
 562 0042 E45B D3D6 		.ascii	"\344[\323\326\302\214\242'D\377\374\321\003;\367\316\354\272"
 562      C28C A227 
 562      44FF FCD1 
 562      033B F7CE 
 562      ECBA 
 563 0054 5241 5DE6 		.ascii	"RA]\346\316\275\347|\347\234\357\234o\306B(Y)\023\262\t\b)%\204"
 563      CEBD E77C 
 563      E79C EF9C 
 563      6FC6 4228 
 563      5929 13B2 
 564 006d CCE1 92F0 		.ascii	"\314\341\222\360\034%\363\013!\242\223\337W\020\001L\025yv\334"
 564      1C25 F30B 
 564      21A2 93DF 
 564      5710 014C 
 564      1579 76DC 
 565 0081 3DB8 BB4D 		.ascii	"=\270\273ML6s\372qO\340\016\375!\277\232BKSK\215<\003\323 \201"
 565      4C36 73FA 
 565      714F E00E 
 565      FD21 BF9A 
 565      424B 534B 
 566 009b C1C3 E9C0 		.ascii	"\301\303\351\300<@l\303\006a\342)\031\207\351\0023\214\204\357"
 566      3C40 6CC3 
 566      0661 E229 
 566      1987 E902 
 566      338C 84EF 
 567 00af 6694 E197 		.ascii	"f\224\341\227\346\013\212\007\210Yo.\274\214\332f\310|A\356\223"
 567      E60B 8A07 
 567      8859 6F2E 
 567      BC8C DA66 
 567      C87C 41EE 
 568 00c4 E6C7 8730 		.ascii	"\346\307\2070\247\300$\376\212\252`\324\215j`\001h\020G\301\321"
 568      A7C0 24FE 
 568      8AAA 60D4 
 568      8D6A 6001 
 568      6810 47C1 
 569 00d9 5342 5887 		.ascii	"SBX\207\313]?;d\212\263\341\275\352\324\331\353qt\271\270?\254"
 569      CB5D 3F3B 
 569      648A B3E1 
 569      BDEA D4D9 
 569      EB71 74B9 
 570 00f0 6EE8 8DCB 		.ascii	"n\350\215\313lf\306\2626R\002\035@E\326\2568\036\360y\252\353"
 570      6C66 C6B2 
 570      3652 021D 
 570      4045 D6AE 
 570      381E F079 
 571 0106 6A62 EA79 		.ascii	"jb\352y\216\352\214\245\001\224.\2015v\310\304\357\001\017 \025"
 571      8EEA 8CA5 
 571      0194 2E81 
 571      3576 C8C4 
 571      EF01 0F20 
 572 011b DF65 B241 		.ascii	"\337e\262A\321\335\033z\023\223^\317\352^3}\370\312\212wU\214"
 572      D1DD 1B7A 
 572      1393 5ECF 
 572      EA5E 337D 
 572      F8CA 8A77 
 573 0131 1DC6 2C99 		.ascii	"\035\306,\231\207A;P\350\204L\321X\273 \2006\230\201]w%\002:"
 573      8741 3B50 
 573      E884 4CD1 
 573      58BB 2080 
 573      3698 815D 
 574 0149 A463 7A5F 		.ascii	"\244cz_\350b\303\342J\n\3116\220\320\034\013}\230\265\242\231"
 574      E862 C3E2 
 574      4A0A C936 
 574      90D0 1C0B 
 574      7D98 B5A2 
 575 015e 6283 2434 		.ascii	"b\203$4+\332\352\247e4\3556\230\003\264\317\004g\336\306\033"
 575      2BDA EAA7 
 575      6534 ED36 
 575      9803 B4CF 
 575      0467 DEC6 
 576 0173 36E7 BE5E 		.ascii	"6\347\276^\333\330\225@\257\2010N\316\265WYl\225\234^\257c\213"
 576      DBD8 9540 
 576      AF81 304E 
 576      CEB5 5759 
 576      6C95 9C5E 
 577 018a 5289 D930 		.ascii	"R\211\3310<\001\221\300\373\200.\260\303c\260\363\370\352\246"
 577      3C01 91C0 
 577      FB80 2EB0 
 577      C363 B0F3 
 577      F8EA A6
 578 019d 1F2F 63E3 		.ascii	"\037/c\343\261\335Cl\2041[*t\203\r\036!\376\020\370\224=\020"
 578      B1DD 436C 
 578      8431 5B2A 
 578      7483 0D1E 
 578      21FE 10F8 
 579 01b4 2FDA C613 		.ascii	"/\332\306\023\203\247G\237~\261\322&\203\351\306\255+-\211\364"
 579      83A7 479F 
 579      7EB1 D226 
 579      83E9 C6AD 
 579      2B2D 89F4 
 580 01c8 BE61 9C78 		.ascii	"\276a\234x\364\370\322\"\031\347\351\023\363\241\347\375\267"
 580      F4F8 D222 
 580      19E7 E913 
 580      F3A1 E7FD 
 580      B7
 581 01d9 D971 2B2A 		.ascii	"\331q+*\242\243\"_[\323\246^\235c\254\202\261#\220\"4\351\rk"
 581      A2A3 225F 
 581      5BD3 A65E 
 581      9D63 AC82 
 581      B123 9022 
 582 01f1 024F 4186 		.ascii	"\002OA\206~H\347\236\2102\023X\251_(swh\274\217\322\323\322_"
 582      7E48 E79E 
 582      8832 1358 
 582      A95F 2873 
 582      7768 BC8F 
 583 0209 582A 5E06 		.ascii	"X*^\006\257RZk\300\367\216\217\265\nx(\f\017>\031\277`\241w\004"
 583      AF52 5A6B 
 583      C0F7 8E8F 
 583      B50A 7828 
 583      0C0F 3E19 
 584 0222 4C8F 1CFD 		.ascii	"L\217\034\375x\032p2\210\305]\303P\243$\030\203Xr\214\017\257"
 584      781A 7032 
 584      88C5 5DC3 
 584      50A3 2418 
 584      8358 728C 
 585 0238 B3BA 3488 		.ascii	"\263\2724\210\2105\202\335q\210\3008&\214\242\0245\314*<\374"
 585      8835 82DD 
 585      7188 C038 
 585      268C A214 
 585      35CC 2A3C 
 586 024d 6375 36DF 		.ascii	"cu6\337L\210\376+\320o$\3020\310\004\236-\3703\202\265\237n["
 586      4C88 FE2B 
 586      D06F 24C2 
 586      30C8 049E 
 586      2DF8 3382 
 587 0265 4C1D 3EEF 		.ascii	"L\035>\357>\312\364 c\3656\036\004\003\021\r\006Q\203\t\324`"
 587      3ECA F420 
 587      63F5 361E 
 587      0403 110D 
 587      0651 8309 
 588 027b 204A 831E 		.ascii	" J\203\036\034dBh\320\254\337nK\244\255\177\323\340\373\241W"
 588      1C64 4268 
 588      D0AC DF6E 
 588      4BA4 AD7F 
 588      D3E0 FBA1 
 589 0290 3361 A55F 		.ascii	"3a\245_\224F\030\270\312\223\021\206\347\310\020B\206\311(\206"
 589      9446 18B8 
 589      CA93 1186 
 589      E7C8 1042 
 589      86C9 2886 
 590 02a4 0EAC 823E 		.ascii	"\016\254\202>\262\254p\373:e\275Z\346*R\225\355\252V\\\240\356"
 590      B2AC 70FB 
 590      3A65 BD5A 
 590      E62A 5295 
 590      EDAA 565C 
 591 02ba F3F8 D59D 		.ascii	"\363\370\325\235\316\275j`\377*\267k\217\303\035(q:\362\0137"
 591      CEBD 6A60 
 591      FF2A B76B 
 591      8FC3 1D28 
 591      713A F20B 
 592 02cf E438 D67B 		.ascii	"\3448\326{]e\252\327\347\300\fG\256\307\253:rv\024d9\314\\~\317"
 592      5D65 AAD7 
 592      E7C0 0C47 
 592      AEC7 AB3A 
 592      7276 1464 
 593 02e8 28B2 6EDC 		.ascii	"(\262n\334R\230\226\233\235M\226.pg\354\311\316^[TT\222IV\377"
 593      5298 969B 
 593      9D4D 962E 
 593      7067 ECC9 
 593      CE5E 5B54 
 594 0301 7749 6209 		.ascii	"wIb\t\2704\177\226\342\267\361N\267\345\347+[\265\004\247\273"
 594      B834 7F96 
 594      E2B7 F14E 
 594      B7E5 E72B 
 594      5BB5 04A7 
 595 0316 DC79 C0A7 		.ascii	"\334y\300\247\2704\267KS\363\376\245fF\306\302\023\321\\\217"
 595      B834 B74B 
 595      53F3 FEA5 
 595      6646 C6C2 
 595      13D1 5C8F 
 596 032a E6F7 7ADC 		.ascii	"\346\367z\334n\325kP\225\222\305a\212<_\201\352,>\220\\\356\364"
 596      6ED5 6B50 
 596      9592 C561 
 596      8A3C 5F81 
 596      EA2C 3E90 
 597 0341 6A4A 400B 		.ascii	"jJ@\013\370\324b\305\253\372\002n\177\214\262\316\343q'\361\300"
 597      F8D4 62C5 
 597      ABFA 026E 
 597      7F8C B2CE 
 597      E371 27F1 
 598 0356 DCFC CD4A 		.ascii	"\334\374\315J\241V\342U\325\203\352/\201W\202\256"
 598      A156 E255 
 598      D583 EA2F 
 598      8157 82AE 
 599               		.text
 600               		.section	.gnu.lto_.symtab.98c8dede,"",@progbits
 601 0000 5553 425F 		.string	"USB_Device_SendRemoteWakeup"
 601      4465 7669 
 601      6365 5F53 
 601      656E 6452 
 601      656D 6F74 
 602 001c 00        		.string	""
 603 001d 00        		.string	""
 604 001e 00        		.string	""
 605 001f 00        		.string	""
 606 0020 00        		.string	""
 607 0021 00        		.string	""
 608 0022 00        		.string	""
 609 0023 00        		.string	""
 610 0024 00        		.string	""
 611 0025 00        		.string	""
 612 0026 00        		.string	""
 613 0027 C000      		.string	"\300"
 614 0029 00        		.string	""
 615 002a 00        		.string	""
 616               		.text
 617               		.section	.gnu.lto_.opts,"",@progbits
 618 0000 272D 666E 		.string	"'-fno-openmp' '-fno-openacc' '-fno-pie' '-mn-flash=1' '-mno-skip-bug' '-mmcu=avr5' '-Os' 
 618      6F2D 6F70 
 618      656E 6D70 
 618      2720 272D 
 618      666E 6F2D 
 619               		.text
 620               		.comm	__gnu_lto_v1,1,1
 621               		.comm	__gnu_lto_slim,1,1
 622               		.ident	"GCC: (GNU) 8.4.0"
DEFINED SYMBOLS
                            *ABS*:0000000000000000 Device_AVR8.c
C:\Users\gazed\AppData\Local\Temp\ccEtJbyo.s:2      *ABS*:000000000000003e __SP_H__
C:\Users\gazed\AppData\Local\Temp\ccEtJbyo.s:3      *ABS*:000000000000003d __SP_L__
C:\Users\gazed\AppData\Local\Temp\ccEtJbyo.s:4      *ABS*:000000000000003f __SREG__
C:\Users\gazed\AppData\Local\Temp\ccEtJbyo.s:5      *ABS*:0000000000000000 __tmp_reg__
C:\Users\gazed\AppData\Local\Temp\ccEtJbyo.s:6      *ABS*:0000000000000001 __zero_reg__
C:\Users\gazed\AppData\Local\Temp\ccEtJbyo.s:17     .gnu.debuglto_.debug_info:0000000000000000 Device_AVR8.c.b995ccf0
                            *COM*:0000000000000001 __gnu_lto_v1
                            *COM*:0000000000000001 __gnu_lto_slim

NO UNDEFINED SYMBOLS
