   1               		.file	"Device_AVR8.c"
   2               	__SP_H__ = 0x3e
   3               	__SP_L__ = 0x3d
   4               	__SREG__ = 0x3f
   5               	__tmp_reg__ = 0
   6               	__zero_reg__ = 1
   7               		.file 1 "c:\\program files\\qmk_msys\\mingw64\\avr\\include\\stdint.h"
   8               		.file 2 "lib/lufa/LUFA/Drivers/USB/Core/AVR8/../AVR8/../AVR8/../StdRequestType.h"
   9               		.file 3 "lib/lufa/LUFA/Drivers/USB/Core/AVR8/../AVR8/../AVR8/../DeviceStandardReq.h"
  10               		.file 4 "lib/lufa/LUFA/Drivers/USB/Core/AVR8/../AVR8/../AVR8/../USBTask.h"
  11               		.file 5 "lib/lufa/LUFA/Drivers/USB/Core/AVR8/../AVR8/../AVR8/USBController_AVR8.h"
  12               		.file 6 "lib/lufa/LUFA/Drivers/USB/Core/AVR8/Device_AVR8.c"
  13               		.section	.gnu.debuglto_.debug_info,"",@progbits
  14               	.Ldebug_info0:
  15               		.hidden	Device_AVR8.c.b995ccf0
  16               		.weak	Device_AVR8.c.b995ccf0
  17               	Device_AVR8.c.b995ccf0:
  18 0000 5C01 0000 		.long	0x15c
  19 0004 0200      		.word	0x2
  20 0006 0000 0000 		.long	.Ldebug_abbrev0
  21 000a 04        		.byte	0x4
  22 000b 01        		.uleb128 0x1
  23 000c 0000 0000 		.long	.LASF24
  24 0010 0C        		.byte	0xc
  25 0011 0000 0000 		.long	.LASF25
  26 0015 0000 0000 		.long	.LASF26
  27 0019 0000 0000 		.long	.Ldebug_line0
  28 001d 02        		.uleb128 0x2
  29 001e 01        		.byte	0x1
  30 001f 06        		.byte	0x6
  31 0020 0000 0000 		.long	.LASF0
  32 0024 03        		.uleb128 0x3
  33 0025 0000 0000 		.long	.LASF2
  34 0029 01        		.byte	0x1
  35 002a 7E        		.byte	0x7e
  36 002b 16        		.byte	0x16
  37 002c 3500 0000 		.long	0x35
  38 0030 04        		.uleb128 0x4
  39 0031 2400 0000 		.long	0x24
  40 0035 02        		.uleb128 0x2
  41 0036 01        		.byte	0x1
  42 0037 08        		.byte	0x8
  43 0038 0000 0000 		.long	.LASF1
  44 003c 05        		.uleb128 0x5
  45 003d 02        		.byte	0x2
  46 003e 05        		.byte	0x5
  47 003f 696E 7400 		.string	"int"
  48 0043 03        		.uleb128 0x3
  49 0044 0000 0000 		.long	.LASF3
  50 0048 01        		.byte	0x1
  51 0049 80        		.byte	0x80
  52 004a 16        		.byte	0x16
  53 004b 4F00 0000 		.long	0x4f
  54 004f 02        		.uleb128 0x2
  55 0050 02        		.byte	0x2
  56 0051 07        		.byte	0x7
  57 0052 0000 0000 		.long	.LASF4
  58 0056 02        		.uleb128 0x2
  59 0057 04        		.byte	0x4
  60 0058 05        		.byte	0x5
  61 0059 0000 0000 		.long	.LASF5
  62 005d 02        		.uleb128 0x2
  63 005e 04        		.byte	0x4
  64 005f 07        		.byte	0x7
  65 0060 0000 0000 		.long	.LASF6
  66 0064 02        		.uleb128 0x2
  67 0065 08        		.byte	0x8
  68 0066 05        		.byte	0x5
  69 0067 0000 0000 		.long	.LASF7
  70 006b 02        		.uleb128 0x2
  71 006c 08        		.byte	0x8
  72 006d 07        		.byte	0x7
  73 006e 0000 0000 		.long	.LASF8
  74 0072 06        		.uleb128 0x6
  75 0073 08        		.byte	0x8
  76 0074 02        		.byte	0x2
  77 0075 A3        		.byte	0xa3
  78 0076 0C        		.byte	0xc
  79 0077 C700 0000 		.long	0xc7
  80 007b 07        		.uleb128 0x7
  81 007c 0000 0000 		.long	.LASF9
  82 0080 02        		.byte	0x2
  83 0081 A5        		.byte	0xa5
  84 0082 0E        		.byte	0xe
  85 0083 2400 0000 		.long	0x24
  86 0087 02        		.byte	0x2
  87 0088 23        		.byte	0x23
  88 0089 00        		.uleb128 0
  89 008a 07        		.uleb128 0x7
  90 008b 0000 0000 		.long	.LASF10
  91 008f 02        		.byte	0x2
  92 0090 A6        		.byte	0xa6
  93 0091 0E        		.byte	0xe
  94 0092 2400 0000 		.long	0x24
  95 0096 02        		.byte	0x2
  96 0097 23        		.byte	0x23
  97 0098 01        		.uleb128 0x1
  98 0099 07        		.uleb128 0x7
  99 009a 0000 0000 		.long	.LASF11
 100 009e 02        		.byte	0x2
 101 009f A7        		.byte	0xa7
 102 00a0 0E        		.byte	0xe
 103 00a1 4300 0000 		.long	0x43
 104 00a5 02        		.byte	0x2
 105 00a6 23        		.byte	0x23
 106 00a7 02        		.uleb128 0x2
 107 00a8 07        		.uleb128 0x7
 108 00a9 0000 0000 		.long	.LASF12
 109 00ad 02        		.byte	0x2
 110 00ae A8        		.byte	0xa8
 111 00af 0E        		.byte	0xe
 112 00b0 4300 0000 		.long	0x43
 113 00b4 02        		.byte	0x2
 114 00b5 23        		.byte	0x23
 115 00b6 04        		.uleb128 0x4
 116 00b7 07        		.uleb128 0x7
 117 00b8 0000 0000 		.long	.LASF13
 118 00bc 02        		.byte	0x2
 119 00bd A9        		.byte	0xa9
 120 00be 0E        		.byte	0xe
 121 00bf 4300 0000 		.long	0x43
 122 00c3 02        		.byte	0x2
 123 00c4 23        		.byte	0x23
 124 00c5 06        		.uleb128 0x6
 125 00c6 00        		.byte	0
 126 00c7 03        		.uleb128 0x3
 127 00c8 0000 0000 		.long	.LASF14
 128 00cc 02        		.byte	0x2
 129 00cd AA        		.byte	0xaa
 130 00ce 12        		.byte	0x12
 131 00cf 7200 0000 		.long	0x72
 132 00d3 08        		.uleb128 0x8
 133 00d4 0000 0000 		.long	.LASF15
 134 00d8 03        		.byte	0x3
 135 00d9 5E        		.byte	0x5e
 136 00da 13        		.byte	0x13
 137 00db 2400 0000 		.long	0x24
 138 00df 01        		.byte	0x1
 139 00e0 01        		.byte	0x1
 140 00e1 08        		.uleb128 0x8
 141 00e2 0000 0000 		.long	.LASF16
 142 00e6 03        		.byte	0x3
 143 00e7 6E        		.byte	0x6e
 144 00e8 11        		.byte	0x11
 145 00e9 EF00 0000 		.long	0xef
 146 00ed 01        		.byte	0x1
 147 00ee 01        		.byte	0x1
 148 00ef 02        		.uleb128 0x2
 149 00f0 01        		.byte	0x1
 150 00f1 02        		.byte	0x2
 151 00f2 0000 0000 		.long	.LASF17
 152 00f6 04        		.uleb128 0x4
 153 00f7 EF00 0000 		.long	0xef
 154 00fb 08        		.uleb128 0x8
 155 00fc 0000 0000 		.long	.LASF18
 156 0100 03        		.byte	0x3
 157 0101 78        		.byte	0x78
 158 0102 11        		.byte	0x11
 159 0103 EF00 0000 		.long	0xef
 160 0107 01        		.byte	0x1
 161 0108 01        		.byte	0x1
 162 0109 08        		.uleb128 0x8
 163 010a 0000 0000 		.long	.LASF19
 164 010e 04        		.byte	0x4
 165 010f 51        		.byte	0x51
 166 0110 19        		.byte	0x19
 167 0111 F600 0000 		.long	0xf6
 168 0115 01        		.byte	0x1
 169 0116 01        		.byte	0x1
 170 0117 08        		.uleb128 0x8
 171 0118 0000 0000 		.long	.LASF20
 172 011c 04        		.byte	0x4
 173 011d 5B        		.byte	0x5b
 174 011e 21        		.byte	0x21
 175 011f C700 0000 		.long	0xc7
 176 0123 01        		.byte	0x1
 177 0124 01        		.byte	0x1
 178 0125 08        		.uleb128 0x8
 179 0126 0000 0000 		.long	.LASF21
 180 012a 04        		.byte	0x4
 181 012b 90        		.byte	0x90
 182 012c 1E        		.byte	0x1e
 183 012d 3000 0000 		.long	0x30
 184 0131 01        		.byte	0x1
 185 0132 01        		.byte	0x1
 186 0133 09        		.uleb128 0x9
 187 0134 01        		.byte	0x1
 188 0135 0000 0000 		.long	.LASF27
 189 0139 06        		.byte	0x6
 190 013a 29        		.byte	0x29
 191 013b 06        		.byte	0x6
 192 013c 01        		.byte	0x1
 193 013d 0A        		.uleb128 0xa
 194 013e 0000 0000 		.long	.LASF22
 195 0142 05        		.byte	0x5
 196 0143 8301      		.word	0x183
 197 0145 17        		.byte	0x17
 198 0146 01        		.byte	0x1
 199 0147 0B        		.uleb128 0xb
 200 0148 0000 0000 		.long	.LASF28
 201 014c 05        		.byte	0x5
 202 014d 5501      		.word	0x155
 203 014f 17        		.byte	0x17
 204 0150 01        		.byte	0x1
 205 0151 EF00 0000 		.long	0xef
 206 0155 0A        		.uleb128 0xa
 207 0156 0000 0000 		.long	.LASF23
 208 015a 05        		.byte	0x5
 209 015b 4801      		.word	0x148
 210 015d 17        		.byte	0x17
 211 015e 01        		.byte	0x1
 212 015f 00        		.byte	0
 213               		.section	.gnu.debuglto_.debug_abbrev,"",@progbits
 214               	.Ldebug_abbrev0:
 215 0000 01        		.uleb128 0x1
 216 0001 11        		.uleb128 0x11
 217 0002 01        		.byte	0x1
 218 0003 25        		.uleb128 0x25
 219 0004 0E        		.uleb128 0xe
 220 0005 13        		.uleb128 0x13
 221 0006 0B        		.uleb128 0xb
 222 0007 03        		.uleb128 0x3
 223 0008 0E        		.uleb128 0xe
 224 0009 1B        		.uleb128 0x1b
 225 000a 0E        		.uleb128 0xe
 226 000b 10        		.uleb128 0x10
 227 000c 06        		.uleb128 0x6
 228 000d 00        		.byte	0
 229 000e 00        		.byte	0
 230 000f 02        		.uleb128 0x2
 231 0010 24        		.uleb128 0x24
 232 0011 00        		.byte	0
 233 0012 0B        		.uleb128 0xb
 234 0013 0B        		.uleb128 0xb
 235 0014 3E        		.uleb128 0x3e
 236 0015 0B        		.uleb128 0xb
 237 0016 03        		.uleb128 0x3
 238 0017 0E        		.uleb128 0xe
 239 0018 00        		.byte	0
 240 0019 00        		.byte	0
 241 001a 03        		.uleb128 0x3
 242 001b 16        		.uleb128 0x16
 243 001c 00        		.byte	0
 244 001d 03        		.uleb128 0x3
 245 001e 0E        		.uleb128 0xe
 246 001f 3A        		.uleb128 0x3a
 247 0020 0B        		.uleb128 0xb
 248 0021 3B        		.uleb128 0x3b
 249 0022 0B        		.uleb128 0xb
 250 0023 39        		.uleb128 0x39
 251 0024 0B        		.uleb128 0xb
 252 0025 49        		.uleb128 0x49
 253 0026 13        		.uleb128 0x13
 254 0027 00        		.byte	0
 255 0028 00        		.byte	0
 256 0029 04        		.uleb128 0x4
 257 002a 35        		.uleb128 0x35
 258 002b 00        		.byte	0
 259 002c 49        		.uleb128 0x49
 260 002d 13        		.uleb128 0x13
 261 002e 00        		.byte	0
 262 002f 00        		.byte	0
 263 0030 05        		.uleb128 0x5
 264 0031 24        		.uleb128 0x24
 265 0032 00        		.byte	0
 266 0033 0B        		.uleb128 0xb
 267 0034 0B        		.uleb128 0xb
 268 0035 3E        		.uleb128 0x3e
 269 0036 0B        		.uleb128 0xb
 270 0037 03        		.uleb128 0x3
 271 0038 08        		.uleb128 0x8
 272 0039 00        		.byte	0
 273 003a 00        		.byte	0
 274 003b 06        		.uleb128 0x6
 275 003c 13        		.uleb128 0x13
 276 003d 01        		.byte	0x1
 277 003e 0B        		.uleb128 0xb
 278 003f 0B        		.uleb128 0xb
 279 0040 3A        		.uleb128 0x3a
 280 0041 0B        		.uleb128 0xb
 281 0042 3B        		.uleb128 0x3b
 282 0043 0B        		.uleb128 0xb
 283 0044 39        		.uleb128 0x39
 284 0045 0B        		.uleb128 0xb
 285 0046 01        		.uleb128 0x1
 286 0047 13        		.uleb128 0x13
 287 0048 00        		.byte	0
 288 0049 00        		.byte	0
 289 004a 07        		.uleb128 0x7
 290 004b 0D        		.uleb128 0xd
 291 004c 00        		.byte	0
 292 004d 03        		.uleb128 0x3
 293 004e 0E        		.uleb128 0xe
 294 004f 3A        		.uleb128 0x3a
 295 0050 0B        		.uleb128 0xb
 296 0051 3B        		.uleb128 0x3b
 297 0052 0B        		.uleb128 0xb
 298 0053 39        		.uleb128 0x39
 299 0054 0B        		.uleb128 0xb
 300 0055 49        		.uleb128 0x49
 301 0056 13        		.uleb128 0x13
 302 0057 38        		.uleb128 0x38
 303 0058 0A        		.uleb128 0xa
 304 0059 00        		.byte	0
 305 005a 00        		.byte	0
 306 005b 08        		.uleb128 0x8
 307 005c 34        		.uleb128 0x34
 308 005d 00        		.byte	0
 309 005e 03        		.uleb128 0x3
 310 005f 0E        		.uleb128 0xe
 311 0060 3A        		.uleb128 0x3a
 312 0061 0B        		.uleb128 0xb
 313 0062 3B        		.uleb128 0x3b
 314 0063 0B        		.uleb128 0xb
 315 0064 39        		.uleb128 0x39
 316 0065 0B        		.uleb128 0xb
 317 0066 49        		.uleb128 0x49
 318 0067 13        		.uleb128 0x13
 319 0068 3F        		.uleb128 0x3f
 320 0069 0C        		.uleb128 0xc
 321 006a 3C        		.uleb128 0x3c
 322 006b 0C        		.uleb128 0xc
 323 006c 00        		.byte	0
 324 006d 00        		.byte	0
 325 006e 09        		.uleb128 0x9
 326 006f 2E        		.uleb128 0x2e
 327 0070 00        		.byte	0
 328 0071 3F        		.uleb128 0x3f
 329 0072 0C        		.uleb128 0xc
 330 0073 03        		.uleb128 0x3
 331 0074 0E        		.uleb128 0xe
 332 0075 3A        		.uleb128 0x3a
 333 0076 0B        		.uleb128 0xb
 334 0077 3B        		.uleb128 0x3b
 335 0078 0B        		.uleb128 0xb
 336 0079 39        		.uleb128 0x39
 337 007a 0B        		.uleb128 0xb
 338 007b 27        		.uleb128 0x27
 339 007c 0C        		.uleb128 0xc
 340 007d 00        		.byte	0
 341 007e 00        		.byte	0
 342 007f 0A        		.uleb128 0xa
 343 0080 2E        		.uleb128 0x2e
 344 0081 00        		.byte	0
 345 0082 03        		.uleb128 0x3
 346 0083 0E        		.uleb128 0xe
 347 0084 3A        		.uleb128 0x3a
 348 0085 0B        		.uleb128 0xb
 349 0086 3B        		.uleb128 0x3b
 350 0087 05        		.uleb128 0x5
 351 0088 39        		.uleb128 0x39
 352 0089 0B        		.uleb128 0xb
 353 008a 27        		.uleb128 0x27
 354 008b 0C        		.uleb128 0xc
 355 008c 00        		.byte	0
 356 008d 00        		.byte	0
 357 008e 0B        		.uleb128 0xb
 358 008f 2E        		.uleb128 0x2e
 359 0090 00        		.byte	0
 360 0091 03        		.uleb128 0x3
 361 0092 0E        		.uleb128 0xe
 362 0093 3A        		.uleb128 0x3a
 363 0094 0B        		.uleb128 0xb
 364 0095 3B        		.uleb128 0x3b
 365 0096 05        		.uleb128 0x5
 366 0097 39        		.uleb128 0x39
 367 0098 0B        		.uleb128 0xb
 368 0099 27        		.uleb128 0x27
 369 009a 0C        		.uleb128 0xc
 370 009b 49        		.uleb128 0x49
 371 009c 13        		.uleb128 0x13
 372 009d 00        		.byte	0
 373 009e 00        		.byte	0
 374 009f 00        		.byte	0
 375               		.section	.gnu.debuglto_.debug_line,"",@progbits
 376               	.Ldebug_line0:
 377 0000 4C01 0000 		.long	.LELT0-.LSLT0
 378               	.LSLT0:
 379 0004 0200      		.word	0x2
 380 0006 4601 0000 		.long	.LELTP0-.LASLTP0
 381               	.LASLTP0:
 382 000a 01        		.byte	0x1
 383 000b 01        		.byte	0x1
 384 000c F6        		.byte	0xf6
 385 000d F2        		.byte	0xf2
 386 000e 0D        		.byte	0xd
 387 000f 00        		.byte	0
 388 0010 01        		.byte	0x1
 389 0011 01        		.byte	0x1
 390 0012 01        		.byte	0x1
 391 0013 01        		.byte	0x1
 392 0014 00        		.byte	0
 393 0015 00        		.byte	0
 394 0016 00        		.byte	0
 395 0017 01        		.byte	0x1
 396 0018 00        		.byte	0
 397 0019 00        		.byte	0
 398 001a 01        		.byte	0x1
 399 001b 633A 5C70 		.ascii	"c:\\program files\\qmk_msys\\mingw64\\avr\\include"
 399      726F 6772 
 399      616D 2066 
 399      696C 6573 
 399      5C71 6D6B 
 400 0048 00        		.byte	0
 401 0049 6C69 622F 		.ascii	"lib/lufa/LUFA/Drivers/USB/Core/AVR8"
 401      6C75 6661 
 401      2F4C 5546 
 401      412F 4472 
 401      6976 6572 
 402 006c 00        		.byte	0
 403 006d 6C69 622F 		.ascii	"lib/lufa/LUFA/Drivers/USB/Core/AVR8/../AVR8/../AVR8"
 403      6C75 6661 
 403      2F4C 5546 
 403      412F 4472 
 403      6976 6572 
 404 00a0 00        		.byte	0
 405 00a1 6C69 622F 		.ascii	"lib/lufa/LUFA/Drivers/USB/Core/AVR8/../AVR8/../AVR8/.."
 405      6C75 6661 
 405      2F4C 5546 
 405      412F 4472 
 405      6976 6572 
 406 00d7 00        		.byte	0
 407 00d8 00        		.byte	0
 408 00d9 7374 6469 		.string	"stdint.h"
 408      6E74 2E68 
 408      00
 409 00e2 01        		.uleb128 0x1
 410 00e3 00        		.uleb128 0
 411 00e4 00        		.uleb128 0
 412 00e5 2E2E 2F53 		.string	"../StdRequestType.h"
 412      7464 5265 
 412      7175 6573 
 412      7454 7970 
 412      652E 6800 
 413 00f9 03        		.uleb128 0x3
 414 00fa 00        		.uleb128 0
 415 00fb 00        		.uleb128 0
 416 00fc 2E2E 2F44 		.string	"../DeviceStandardReq.h"
 416      6576 6963 
 416      6553 7461 
 416      6E64 6172 
 416      6452 6571 
 417 0113 03        		.uleb128 0x3
 418 0114 00        		.uleb128 0
 419 0115 00        		.uleb128 0
 420 0116 2E2E 2F55 		.string	"../USBTask.h"
 420      5342 5461 
 420      736B 2E68 
 420      00
 421 0123 03        		.uleb128 0x3
 422 0124 00        		.uleb128 0
 423 0125 00        		.uleb128 0
 424 0126 5553 4243 		.string	"USBController_AVR8.h"
 424      6F6E 7472 
 424      6F6C 6C65 
 424      725F 4156 
 424      5238 2E68 
 425 013b 03        		.uleb128 0x3
 426 013c 00        		.uleb128 0
 427 013d 00        		.uleb128 0
 428 013e 4465 7669 		.string	"Device_AVR8.c"
 428      6365 5F41 
 428      5652 382E 
 428      6300 
 429 014c 02        		.uleb128 0x2
 430 014d 00        		.uleb128 0
 431 014e 00        		.uleb128 0
 432 014f 00        		.byte	0
 433               	.LELTP0:
 434               	.LELT0:
 435               		.section	.gnu.debuglto_.debug_str,"MS",@progbits,1
 436               	.LASF7:
 437 0000 6C6F 6E67 		.string	"long long int"
 437      206C 6F6E 
 437      6720 696E 
 437      7400 
 438               	.LASF4:
 439 000e 756E 7369 		.string	"unsigned int"
 439      676E 6564 
 439      2069 6E74 
 439      00
 440               	.LASF19:
 441 001b 5553 425F 		.string	"USB_IsInitialized"
 441      4973 496E 
 441      6974 6961 
 441      6C69 7A65 
 441      6400 
 442               	.LASF2:
 443 002d 7569 6E74 		.string	"uint8_t"
 443      385F 7400 
 444               	.LASF24:
 445 0035 474E 5520 		.string	"GNU C99 8.4.0 -mn-flash=1 -mno-skip-bug -mmcu=avr5 -gdwarf-2 -Os -std=gnu99 -funsigned-ch
 445      4339 3920 
 445      382E 342E 
 445      3020 2D6D 
 445      6E2D 666C 
 446               	.LASF15:
 447 011d 5553 425F 		.string	"USB_Device_ConfigurationNumber"
 447      4465 7669 
 447      6365 5F43 
 447      6F6E 6669 
 447      6775 7261 
 448               	.LASF6:
 449 013c 6C6F 6E67 		.string	"long unsigned int"
 449      2075 6E73 
 449      6967 6E65 
 449      6420 696E 
 449      7400 
 450               	.LASF8:
 451 014e 6C6F 6E67 		.string	"long long unsigned int"
 451      206C 6F6E 
 451      6720 756E 
 451      7369 676E 
 451      6564 2069 
 452               	.LASF18:
 453 0165 5553 425F 		.string	"USB_Device_CurrentlySelfPowered"
 453      4465 7669 
 453      6365 5F43 
 453      7572 7265 
 453      6E74 6C79 
 454               	.LASF21:
 455 0185 5553 425F 		.string	"USB_DeviceState"
 455      4465 7669 
 455      6365 5374 
 455      6174 6500 
 456               	.LASF10:
 457 0195 6252 6571 		.string	"bRequest"
 457      7565 7374 
 457      00
 458               	.LASF27:
 459 019e 5553 425F 		.string	"USB_Device_SendRemoteWakeup"
 459      4465 7669 
 459      6365 5F53 
 459      656E 6452 
 459      656D 6F74 
 460               	.LASF28:
 461 01ba 5553 425F 		.string	"USB_PLL_IsReady"
 461      504C 4C5F 
 461      4973 5265 
 461      6164 7900 
 462               	.LASF25:
 463 01ca 6C69 622F 		.string	"lib/lufa/LUFA/Drivers/USB/Core/AVR8/Device_AVR8.c"
 463      6C75 6661 
 463      2F4C 5546 
 463      412F 4472 
 463      6976 6572 
 464               	.LASF1:
 465 01fc 756E 7369 		.string	"unsigned char"
 465      676E 6564 
 465      2063 6861 
 465      7200 
 466               	.LASF5:
 467 020a 6C6F 6E67 		.string	"long int"
 467      2069 6E74 
 467      00
 468               	.LASF9:
 469 0213 626D 5265 		.string	"bmRequestType"
 469      7175 6573 
 469      7454 7970 
 469      6500 
 470               	.LASF23:
 471 0221 5553 425F 		.string	"USB_PLL_On"
 471      504C 4C5F 
 471      4F6E 00
 472               	.LASF17:
 473 022c 5F42 6F6F 		.string	"_Bool"
 473      6C00 
 474               	.LASF26:
 475 0232 433A 5C55 		.string	"C:\\Users\\gazed\\qmk_firmware"
 475      7365 7273 
 475      5C67 617A 
 475      6564 5C71 
 475      6D6B 5F66 
 476               	.LASF13:
 477 024e 774C 656E 		.string	"wLength"
 477      6774 6800 
 478               	.LASF14:
 479 0256 5553 425F 		.string	"USB_Request_Header_t"
 479      5265 7175 
 479      6573 745F 
 479      4865 6164 
 479      6572 5F74 
 480               	.LASF12:
 481 026b 7749 6E64 		.string	"wIndex"
 481      6578 00
 482               	.LASF16:
 483 0272 5553 425F 		.string	"USB_Device_RemoteWakeupEnabled"
 483      4465 7669 
 483      6365 5F52 
 483      656D 6F74 
 483      6557 616B 
 484               	.LASF22:
 485 0291 5553 425F 		.string	"USB_CLK_Unfreeze"
 485      434C 4B5F 
 485      556E 6672 
 485      6565 7A65 
 485      00
 486               	.LASF3:
 487 02a2 7569 6E74 		.string	"uint16_t"
 487      3136 5F74 
 487      00
 488               	.LASF11:
 489 02ab 7756 616C 		.string	"wValue"
 489      7565 00
 490               	.LASF20:
 491 02b2 5553 425F 		.string	"USB_ControlRequest"
 491      436F 6E74 
 491      726F 6C52 
 491      6571 7565 
 491      7374 00
 492               	.LASF0:
 493 02c5 7369 676E 		.string	"signed char"
 493      6564 2063 
 493      6861 7200 
 494               		.text
 495               		.section	.gnu.lto_.profile.59ac8b45,"",@progbits
 496 0000 789C 6367 		.string	"x\234cg`f`d"
 496      6066 6064 
 496      00
 497 0009 0200      		.string	"\002"
 498 000b 00        		.string	""
 499 000c 6200      		.string	"b"
 500 000e 0C        		.ascii	"\f"
 501               		.text
 502               		.section	.gnu.lto_.icf.59ac8b45,"",@progbits
 503 0000 789C 6367 		.string	"x\234cg`f\340`@"
 503      6066 E060 
 503      4000 
 504 000a 4686 DE03 		.string	"F\206\336\003o\316r3"
 504      6FCE 7233 
 504      00
 505 0013 00        		.string	""
 506 0014 0EE5 0325 		.ascii	"\016\345\003%"
 507               		.text
 508               		.section	.gnu.lto_.jmpfuncs.59ac8b45,"",@progbits
 509 0000 789C 6367 		.string	"x\234cg`f`e@"
 509      6066 6065 
 509      4000 
 510 000a 4610 0100 		.string	"F\020\001"
 511 000e 013B 00   		.string	"\001;"
 512 0011 11        		.ascii	"\021"
 513               		.text
 514               		.section	.gnu.lto_.inline.59ac8b45,"",@progbits
 515 0000 789C 6367 		.string	"x\234cg`fPe@"
 515      6066 5065 
 515      4000 
 516 000a 4606 06E1 		.string	"F\006\006\341\206\206\206\003,i\214\fL\n@V\003K\032\003\003\033\230\221\314\304\300\004V\
 516      8686 8603 
 516      2C69 8C0C 
 516      4C0A 4056 
 516      034B 1A03 
 517 0029 B0FB 07EC 		.ascii	"\260\373\007\354"
 518               		.text
 519               		.section	.gnu.lto_.pureconst.59ac8b45,"",@progbits
 520 0000 789C 6367 		.string	"x\234cg`f`a```d\230\305\002"
 520      6066 6061 
 520      6060 6064 
 520      98C5 0200 
 521 0010 01DA 00   		.string	"\001\332"
 522 0013 AE        		.ascii	"\256"
 523               		.text
 524               		.section	.gnu.lto_USB_Device_SendRemoteWakeup.59ac8b45,"",@progbits
 525 0000 789C 8D52 		.string	"x\234\215R]H\024Q\024\276g\356\354\314\254\355\"\024>T>\004\275\371\340@O>\272)A\320Sa\25
 525      5D48 1451 
 525      14BE 67EE 
 525      ECCC ACED 
 525      2214 3E54 
 526 009c 0719 1A90 		.string	"\007\031\032\220\032\211j\262CU\240\206R\222|\034\251\264\231vP\330\334\352\376\350\316\3
 526      1A89 6AB2 
 526      4355 A086 
 526      5292 7C1C 
 526      A9B4 9976 
 527 00d9 260F E71C 		.string	"&\017\347\034\021c'\321hD\026r\356\036\314\006\022\244 \261@YPY\320Xp\262\220\305\202\233
 527      1163 27D1 
 527      6844 1672 
 527      EE1E CC06 
 527      12A4 20B1 
 528 0102 4684 3450 		.ascii	"F\2044P\211\247\265\021\362\001\214\233\033{9;K\267\016\330\351"
 528      89A7 B511 
 528      F201 8C9B 
 528      1B7B 393B 
 528      4BB7 0ED8 
 529 0117 E1A4 843A 		.ascii	"\341\244\204:&\266\220+\350dD0,\020+C=\241\2344\241\354;<\305"
 529      26B6 902B 
 529      E864 4430 
 529      2C10 2B43 
 529      3DA1 9C34 
 530 0130 1AE1 710D 		.ascii	"\032\341q\rF7\247sY\212\030\263\255\375~v\023\rR\t\230\267\330"
 530      4637 A773 
 530      598A 18B3 
 530      ADFD 7E76 
 530      130D 5209 
 531 0147 64AC C329 		.ascii	"d\254\303)^\243\354=\364\345\326\240\253\027z\314:\354\006\205"
 531      5EA3 EC3D 
 531      F4E5 D6A0 
 531      AB17 7ACC 
 531      3AEC 0685 
 532 015b 08E4 C233 		.ascii	"\b\344\3023\310E\242\021\350\205\364\343x?\214b\205\313\276\347"
 532      C845 A211 
 532      E885 F4E3 
 532      783F 8C62 
 532      85CB BEE7 
 533 016f F8FD A2BF 		.ascii	"\370\375\242\2772\215\t\246w\361\211F\227`\222`\234U\260\033"
 533      328D 09A6 
 533      77F1 8946 
 533      9760 9260 
 533      9C55 B01B 
 534 0183 D444 87B2 		.ascii	"\324D\207\262\325\216\225\226\245\352d?\312\355\254\307\377\347"
 534      D58E 9596 
 534      A5EA 643F 
 534      CAED ACC7 
 534      FFE7 
 535 0195 7E48 483D 		.ascii	"~HH=a\367\343\333\340\256~\340w\230\344\375\230\0242\273Z>Q\226"
 535      61F7 E3DB 
 535      E0AE 7EE0 
 535      7798 E4FD 
 535      9814 32BB 
 536 01ad 07A8 9A49 		.ascii	"\007\250\232I\352\024JExm\227J\002T\023\340\365\246\305m\231"
 536      EA14 4A45 
 536      786D 974A 
 536      0254 13E0 
 536      F5A6 C56D 
 537 01c2 E906 7CA6 		.ascii	"\351\006|\246\021\266\nu\313c\201\260\227\311@\024B\332\315\345"
 537      11B6 0A75 
 537      CB63 81B0 
 537      97C9 4014 
 537      42DA CDE5 
 538 01d6 5597 8010 		.ascii	"U\227\200\020\210rkl\352Z[\375\342\024~k\240r\372\320o\357\373"
 538      8872 6B6C 
 538      EA5A 5BFD 
 538      E214 7E6B 
 538      A072 FAD0 
 539 01ed C7A4 71ED 		.ascii	"\307\244q\355\340\271\355l\376\315.g\370\035f\270\263\031\333"
 539      E0B9 ED6C 
 539      FECD 2E67 
 539      F81D 66B8 
 539      B319 DB
 540 0200 5994 B23C 		.ascii	"Y\224\262<@\235l\311Cw\026\254\361\306X\323\033f\257n\270SN_"
 540      409D 6CC9 
 540      4377 16AC 
 540      F1C6 58D3 
 540      1B66 AF6E 
 541 0218 249D BEB4 		.ascii	"$\235\276\264\2356\2028\235%\b\372\206C\003\326\224\226\001^"
 541      9D36 8238 
 541      9D25 08FA 
 541      8643 03D6 
 541      9496 015E 
 542 022c 2116 EF58 		.ascii	"!\026\357X\272\302A\231\370f\221\017I\304\030\327e\356\220\253"
 542      BAC2 4199 
 542      F866 910F 
 542      49C4 18D7 
 542      65EE 90AB 
 543 0240 6BA6 A24F 		.ascii	"k\246\242OLM\270\365\373cE\250{\317\336\177\306'\332\201\263"
 543      4C4D B8F5 
 543      FB63 45A8 
 543      7BCF DE7F 
 543      C627 DA81 
 544 0255 99C6 21C6 		.ascii	"\231\306!\306\367:\311\367\306\322w\r\365\361\363\222\240\210"
 544      F73A C9F7 
 544      C6D2 770D 
 544      F5F1 F392 
 544      A088 
 545 0267 C6BA FBB2 		.ascii	"\306\272\373\262E\253%\230K\311\013sy\031\b\347\271@\211O $&"
 545      45AB 2598 
 545      4BC9 0B73 
 545      7919 08E7 
 545      B940 894F 
 546 027e C016 D0F1 		.ascii	"\300\026\320\361#\221HP{4;\220\334\277\322\224\205\240e\201f"
 546      2391 4850 
 546      7B34 3B90 
 546      DCBF D294 
 546      85A0 6581 
 547 0293 BEE1 6DFA 		.ascii	"\276\341m\372\362\270\021\316\365\341\266\254\215\215[&\334i"
 547      F2B8 11CE 
 547      F5E1 B6AC 
 547      8D8D 5B26 
 547      DC69 
 548 02a5 DBA1 B6DA 		.ascii	"\333\241\266\332\333\241\304\255\355\370\f\227o\f\355\261\264"
 548      DBA1 C4AD 
 548      EDF8 0C97 
 548      6F0C EDB1 
 548      B4
 549 02b6 310C F00A 		.ascii	"1\f\360\nn\372\021_E\251\356\273T~V?Qr\314\243\027\373+\252\274"
 549      6EFA 115F 
 549      45A9 EEBB 
 549      547E 563F 
 549      5172 CCA3 
 550 02cf FE0B 7AC9 		.ascii	"\376\013z\311\251\243zQ\245\337\253{N\237,\320\213\275U\025e"
 550      A9A3 7A51 
 550      A5DF AB7B 
 550      4E9F 2CD0 
 550      8BBD 5515 
 551 02e4 DE33 2CCF 		.ascii	"\3363,\317/#\307\377\347H~\376\356\177\254\026U\236\277\350\257"
 551      2F23 C7FF 
 551      E748 7EFE 
 551      EE7F AC16 
 551      559E BFE8 
 552 02f9 F4F9 BC7E 		.ascii	"\364\371\274~\301t\216\374\002\224\236\277\254"
 552      C174 8EFC 
 552      0294 9EBF 
 552      AC
 553               		.text
 554               		.section	.gnu.lto_.symbol_nodes.59ac8b45,"",@progbits
 555 0000 789C 6367 		.string	"x\234cg`f\220f"
 555      6066 9066 
 555      00
 556 0009 02A6 AB0C 		.string	"\002\246\253\f\365\f\037\177\255\260`\234p\216\001\310d\330\325\340\310\300\b\222\001"
 556      F50C 1F7F 
 556      ADB0 609C 
 556      708E 01C8 
 556      64D8 D5E0 
 557 0023 844C 07A1 		.ascii	"\204L\007\241"
 558               		.text
 559               		.section	.gnu.lto_.refs.59ac8b45,"",@progbits
 560 0000 789C 6367 		.string	"x\234cg`f`d"
 560      6066 6064 
 560      00
 561 0009 0200      		.string	"\002"
 562 000b 00        		.string	""
 563 000c 6200      		.string	"b"
 564 000e 0C        		.ascii	"\f"
 565               		.text
 566               		.section	.gnu.lto_.decls.59ac8b45,"",@progbits
 567 0000 789C 9552 		.ascii	"x\234\225RkH\024Q\024\276g\356\330\256\353#\021)\241%\004\373"
 567      6B48 1451 
 567      14BE 67EE 
 567      D8AE EB23 
 567      1129 A125 
 568 0016 D50F D78A 		.ascii	"\325\017\327\212@\177\232QIRaX\324\237a\323\021\227\266\331\330"
 568      407F 9A51 
 568      4952 6158 
 568      D49F 61D3 
 568      1197 B6D9 
 569 002b 8752 BFEE 		.ascii	"\207R\277\356\36603z\030\021a\0175B\254L\354\001\t>\232\312|"
 569      F630 337A 
 569      1811 610F 
 569      3542 AC4C 
 569      EC01 093E 
 570 0042 E45B D3D6 		.ascii	"\344[\323\326\302\214\242'D\377\374\321\003;\367\316\354\272"
 570      C28C A227 
 570      44FF FCD1 
 570      033B F7CE 
 570      ECBA 
 571 0054 5241 5DE6 		.ascii	"RA]\346\316\275\347|\347\234\357\234o\306B(Y)\023\262\t\b)%\204"
 571      CEBD E77C 
 571      E79C EF9C 
 571      6FC6 4228 
 571      5929 13B2 
 572 006d CCE1 92F0 		.ascii	"\314\341\222\360\034%\363\013!\242\223\337W\020\001L\025yv\334"
 572      1C25 F30B 
 572      21A2 93DF 
 572      5710 014C 
 572      1579 76DC 
 573 0081 3DB8 BB4D 		.ascii	"=\270\273ML6s\372qO\340\016\375!\277\232BKSK\215<\003\323 \201"
 573      4C36 73FA 
 573      714F E00E 
 573      FD21 BF9A 
 573      424B 534B 
 574 009b C1C3 E9C0 		.ascii	"\301\303\351\300<@l\303\006a\342)\031\207\351\0023\214\204\357"
 574      3C40 6CC3 
 574      0661 E229 
 574      1987 E902 
 574      338C 84EF 
 575 00af 6694 E197 		.ascii	"f\224\341\227\346\013\212\007\210Yo.\274\214\332f\310|A\356\223"
 575      E60B 8A07 
 575      8859 6F2E 
 575      BC8C DA66 
 575      C87C 41EE 
 576 00c4 E6C7 8730 		.ascii	"\346\307\2070\247\300$\376\212\252`\324\215j`\001h\020G\301\321"
 576      A7C0 24FE 
 576      8AAA 60D4 
 576      8D6A 6001 
 576      6810 47C1 
 577 00d9 5342 5887 		.ascii	"SBX\207\313]?;d\212\263\341\275\352\324\331\353qt\271\270?\254"
 577      CB5D 3F3B 
 577      648A B3E1 
 577      BDEA D4D9 
 577      EB71 74B9 
 578 00f0 6EE8 8DCB 		.ascii	"n\350\215\313lf\306\2626R\002\035@E\326\2568\036\360y\252\353"
 578      6C66 C6B2 
 578      3652 021D 
 578      4045 D6AE 
 578      381E F079 
 579 0106 6A62 EA79 		.ascii	"jb\352y\216\352\214\245\001\224.\2015v\310\304\357\001\017 \025"
 579      8EEA 8CA5 
 579      0194 2E81 
 579      3576 C8C4 
 579      EF01 0F20 
 580 011b DF65 B241 		.ascii	"\337e\262A\321\335\033z\023\223^\317\352^3}\370\312\212wU\214"
 580      D1DD 1B7A 
 580      1393 5ECF 
 580      EA5E 337D 
 580      F8CA 8A77 
 581 0131 1DC6 2C99 		.ascii	"\035\306,\231\207A;P\350\204L\321X\273 \2006\230\201]w%\002:"
 581      8741 3B50 
 581      E884 4CD1 
 581      58BB 2080 
 581      3698 815D 
 582 0149 A463 7A5F 		.ascii	"\244cz_\350b\303\342J\n\3116\220\320\034\013}\230\265\242\231"
 582      E862 C3E2 
 582      4A0A C936 
 582      90D0 1C0B 
 582      7D98 B5A2 
 583 015e 6283 2434 		.ascii	"b\203$4+\332\352\247e4\3556\230\003\264\317\004g\336\306\033"
 583      2BDA EAA7 
 583      6534 ED36 
 583      9803 B4CF 
 583      0467 DEC6 
 584 0173 36E7 BE5E 		.ascii	"6\347\276^\333\330\225@\257\2010N\316\265WYl\225\234^\257c\213"
 584      DBD8 9540 
 584      AF81 304E 
 584      CEB5 5759 
 584      6C95 9C5E 
 585 018a 5289 D930 		.ascii	"R\211\3310<\001\221\300\373\200.\260\303c\260\363\370\352\246"
 585      3C01 91C0 
 585      FB80 2EB0 
 585      C363 B0F3 
 585      F8EA A6
 586 019d 1F2F 63E3 		.ascii	"\037/c\343\261\335Cl\2041[*t\203\r\036!\376\020\370\224=\020"
 586      B1DD 436C 
 586      8431 5B2A 
 586      7483 0D1E 
 586      21FE 10F8 
 587 01b4 2FDA C613 		.ascii	"/\332\306\023\203\247G\237~\261\322&\203\351\306\255+-\211\364"
 587      83A7 479F 
 587      7EB1 D226 
 587      83E9 C6AD 
 587      2B2D 89F4 
 588 01c8 BE61 9C78 		.ascii	"\276a\234x\364\370\322\"\031\347\351\023\363\241\347\375\267"
 588      F4F8 D222 
 588      19E7 E913 
 588      F3A1 E7FD 
 588      B7
 589 01d9 D971 2B2A 		.ascii	"\331q+*\242\243\"_[\323\246^\235c\254\202\261#\220\"4\351\rk"
 589      A2A3 225F 
 589      5BD3 A65E 
 589      9D63 AC82 
 589      B123 9022 
 590 01f1 024F 4186 		.ascii	"\002OA\206~H\347\236\2102\023X\251_(swh\274\217\322\323\322_"
 590      7E48 E79E 
 590      8832 1358 
 590      A95F 2873 
 590      7768 BC8F 
 591 0209 582A 5E06 		.ascii	"X*^\006\257RZk\300\367\216\217\265\nx(\f\017>\031\277`\241w\004"
 591      AF52 5A6B 
 591      C0F7 8E8F 
 591      B50A 7828 
 591      0C0F 3E19 
 592 0222 4C8F 1CFD 		.ascii	"L\217\034\375x\032p2\210\305]\303P\243$\030\203Xr\214\017\257"
 592      781A 7032 
 592      88C5 5DC3 
 592      50A3 2418 
 592      8358 728C 
 593 0238 B3BA 3488 		.ascii	"\263\2724\210\2105\202\335q\210\3008&\214\242\0245\314*<\374"
 593      8835 82DD 
 593      7188 C038 
 593      268C A214 
 593      35CC 2A3C 
 594 024d 6375 36DF 		.ascii	"cu6\337L\210\376+\320o$\3020\310\004\236-\3703\202\265\237n["
 594      4C88 FE2B 
 594      D06F 24C2 
 594      30C8 049E 
 594      2DF8 3382 
 595 0265 4C1D 3EEF 		.ascii	"L\035>\357>\312\364 c\3656\036\004\003\021\r\006Q\203\t\324`"
 595      3ECA F420 
 595      63F5 361E 
 595      0403 110D 
 595      0651 8309 
 596 027b 204A 831E 		.ascii	" J\203\036\034dBh\320\254\337nK\244\255\177\323\340\373\241W"
 596      1C64 4268 
 596      D0AC DF6E 
 596      4BA4 AD7F 
 596      D3E0 FBA1 
 597 0290 3361 A55F 		.ascii	"3a\245_\224F\030\270\312\223\021\206\347\310\020B\206\311(\206"
 597      9446 18B8 
 597      CA93 1186 
 597      E7C8 1042 
 597      86C9 2886 
 598 02a4 0EAC 823E 		.ascii	"\016\254\202>\262\254p\373:e\275Z\346*R\225\355\252V\\\240\356"
 598      B2AC 70FB 
 598      3A65 BD5A 
 598      E62A 5295 
 598      EDAA 565C 
 599 02ba F3F8 D59D 		.ascii	"\363\370\325\235\316\275j`\377*\267k\217\303\035(q:\362\0137"
 599      CEBD 6A60 
 599      FF2A B76B 
 599      8FC3 1D28 
 599      713A F20B 
 600 02cf E438 D67B 		.ascii	"\3448\326{]e\252\327\347\300\fG\256\307\253:rv\024d9\314\\~\317"
 600      5D65 AAD7 
 600      E7C0 0C47 
 600      AEC7 AB3A 
 600      7276 1464 
 601 02e8 28B2 6EDC 		.ascii	"(\262n\334R\230\226\233\235M\226.pg\354\311\316^[TT\222IV\377"
 601      5298 969B 
 601      9D4D 962E 
 601      7067 ECC9 
 601      CE5E 5B54 
 602 0301 7749 6209 		.ascii	"wIb\t\2704\177\226\342\267\361N\267\345\347+[\265\004\247\273"
 602      B834 7F96 
 602      E2B7 F14E 
 602      B7E5 E72B 
 602      5BB5 04A7 
 603 0316 DC79 C0A7 		.ascii	"\334y\300\247\2704\267KS\363\376\245fF\306\302\023\321\\\217"
 603      B834 B74B 
 603      53F3 FEA5 
 603      6646 C6C2 
 603      13D1 5C8F 
 604 032a E6F7 7ADC 		.ascii	"\346\367z\334n\325kP\225\222\305a\212<_\201\352,>\220\\\356\364"
 604      6ED5 6B50 
 604      9592 C561 
 604      8A3C 5F81 
 604      EA2C 3E90 
 605 0341 6A4A 400B 		.ascii	"jJ@\013\370\324b\305\253\372\002n\177\214\262\316\343q'\361\300"
 605      F8D4 62C5 
 605      ABFA 026E 
 605      7F8C B2CE 
 605      E371 27F1 
 606 0356 DCFC CD4A 		.ascii	"\334\374\315J\241V\342U\325\203\352/\201W\202\256"
 606      A156 E255 
 606      D583 EA2F 
 606      8157 82AE 
 607               		.text
 608               		.section	.gnu.lto_.symtab.59ac8b45,"",@progbits
 609 0000 5553 425F 		.string	"USB_Device_SendRemoteWakeup"
 609      4465 7669 
 609      6365 5F53 
 609      656E 6452 
 609      656D 6F74 
 610 001c 00        		.string	""
 611 001d 00        		.string	""
 612 001e 00        		.string	""
 613 001f 00        		.string	""
 614 0020 00        		.string	""
 615 0021 00        		.string	""
 616 0022 00        		.string	""
 617 0023 00        		.string	""
 618 0024 00        		.string	""
 619 0025 00        		.string	""
 620 0026 00        		.string	""
 621 0027 C000      		.string	"\300"
 622 0029 00        		.string	""
 623 002a 00        		.string	""
 624               		.text
 625               		.section	.gnu.lto_.opts,"",@progbits
 626 0000 272D 666E 		.string	"'-fno-openmp' '-fno-openacc' '-fno-pie' '-mn-flash=1' '-mno-skip-bug' '-mmcu=avr5' '-Os' 
 626      6F2D 6F70 
 626      656E 6D70 
 626      2720 272D 
 626      666E 6F2D 
 627               		.text
 628               		.comm	__gnu_lto_v1,1,1
 629               		.comm	__gnu_lto_slim,1,1
 630               		.ident	"GCC: (GNU) 8.4.0"
DEFINED SYMBOLS
                            *ABS*:0000000000000000 Device_AVR8.c
C:\Users\gazed\AppData\Local\Temp\cc3roVq7.s:2      *ABS*:000000000000003e __SP_H__
C:\Users\gazed\AppData\Local\Temp\cc3roVq7.s:3      *ABS*:000000000000003d __SP_L__
C:\Users\gazed\AppData\Local\Temp\cc3roVq7.s:4      *ABS*:000000000000003f __SREG__
C:\Users\gazed\AppData\Local\Temp\cc3roVq7.s:5      *ABS*:0000000000000000 __tmp_reg__
C:\Users\gazed\AppData\Local\Temp\cc3roVq7.s:6      *ABS*:0000000000000001 __zero_reg__
C:\Users\gazed\AppData\Local\Temp\cc3roVq7.s:17     .gnu.debuglto_.debug_info:0000000000000000 Device_AVR8.c.b995ccf0
                            *COM*:0000000000000001 __gnu_lto_v1
                            *COM*:0000000000000001 __gnu_lto_slim

NO UNDEFINED SYMBOLS
