   1               		.file	"led_tables.c"
   2               	__SP_H__ = 0x3e
   3               	__SP_L__ = 0x3d
   4               	__SREG__ = 0x3f
   5               	__tmp_reg__ = 0
   6               	__zero_reg__ = 1
   7               		.file 1 "c:\\program files\\qmk_msys\\mingw64\\avr\\include\\stdint.h"
   8               		.file 2 "quantum/led_tables.h"
   9               		.file 3 "quantum/led_tables.c"
  10               		.section	.gnu.debuglto_.debug_info,"",@progbits
  11               	.Ldebug_info0:
  12               		.hidden	led_tables.c.73181575
  13               		.weak	led_tables.c.73181575
  14               	led_tables.c.73181575:
  15 0000 8900 0000 		.long	0x89
  16 0004 0200      		.word	0x2
  17 0006 0000 0000 		.long	.Ldebug_abbrev0
  18 000a 04        		.byte	0x4
  19 000b 01        		.uleb128 0x1
  20 000c 0000 0000 		.long	.LASF7
  21 0010 0C        		.byte	0xc
  22 0011 0000 0000 		.long	.LASF8
  23 0015 0000 0000 		.long	.LASF9
  24 0019 0000 0000 		.long	.Ldebug_line0
  25 001d 02        		.uleb128 0x2
  26 001e 01        		.byte	0x1
  27 001f 06        		.byte	0x6
  28 0020 0000 0000 		.long	.LASF0
  29 0024 03        		.uleb128 0x3
  30 0025 0000 0000 		.long	.LASF10
  31 0029 01        		.byte	0x1
  32 002a 7E        		.byte	0x7e
  33 002b 16        		.byte	0x16
  34 002c 3500 0000 		.long	0x35
  35 0030 04        		.uleb128 0x4
  36 0031 2400 0000 		.long	0x24
  37 0035 02        		.uleb128 0x2
  38 0036 01        		.byte	0x1
  39 0037 08        		.byte	0x8
  40 0038 0000 0000 		.long	.LASF1
  41 003c 05        		.uleb128 0x5
  42 003d 02        		.byte	0x2
  43 003e 05        		.byte	0x5
  44 003f 696E 7400 		.string	"int"
  45 0043 02        		.uleb128 0x2
  46 0044 02        		.byte	0x2
  47 0045 07        		.byte	0x7
  48 0046 0000 0000 		.long	.LASF2
  49 004a 02        		.uleb128 0x2
  50 004b 04        		.byte	0x4
  51 004c 05        		.byte	0x5
  52 004d 0000 0000 		.long	.LASF3
  53 0051 02        		.uleb128 0x2
  54 0052 04        		.byte	0x4
  55 0053 07        		.byte	0x7
  56 0054 0000 0000 		.long	.LASF4
  57 0058 02        		.uleb128 0x2
  58 0059 08        		.byte	0x8
  59 005a 05        		.byte	0x5
  60 005b 0000 0000 		.long	.LASF5
  61 005f 02        		.uleb128 0x2
  62 0060 08        		.byte	0x8
  63 0061 07        		.byte	0x7
  64 0062 0000 0000 		.long	.LASF6
  65 0066 06        		.uleb128 0x6
  66 0067 3000 0000 		.long	0x30
  67 006b 7100 0000 		.long	0x71
  68 006f 07        		.uleb128 0x7
  69 0070 00        		.byte	0
  70 0071 04        		.uleb128 0x4
  71 0072 6600 0000 		.long	0x66
  72 0076 08        		.uleb128 0x8
  73 0077 0000 0000 		.long	.LASF11
  74 007b 02        		.byte	0x2
  75 007c 16        		.byte	0x16
  76 007d 16        		.byte	0x16
  77 007e 7100 0000 		.long	0x71
  78 0082 01        		.byte	0x1
  79 0083 01        		.byte	0x1
  80 0084 09        		.uleb128 0x9
  81 0085 7600 0000 		.long	0x76
  82 0089 03        		.byte	0x3
  83 008a 17        		.byte	0x17
  84 008b 0F        		.byte	0xf
  85 008c 00        		.byte	0
  86               		.section	.gnu.debuglto_.debug_abbrev,"",@progbits
  87               	.Ldebug_abbrev0:
  88 0000 01        		.uleb128 0x1
  89 0001 11        		.uleb128 0x11
  90 0002 01        		.byte	0x1
  91 0003 25        		.uleb128 0x25
  92 0004 0E        		.uleb128 0xe
  93 0005 13        		.uleb128 0x13
  94 0006 0B        		.uleb128 0xb
  95 0007 03        		.uleb128 0x3
  96 0008 0E        		.uleb128 0xe
  97 0009 1B        		.uleb128 0x1b
  98 000a 0E        		.uleb128 0xe
  99 000b 10        		.uleb128 0x10
 100 000c 06        		.uleb128 0x6
 101 000d 00        		.byte	0
 102 000e 00        		.byte	0
 103 000f 02        		.uleb128 0x2
 104 0010 24        		.uleb128 0x24
 105 0011 00        		.byte	0
 106 0012 0B        		.uleb128 0xb
 107 0013 0B        		.uleb128 0xb
 108 0014 3E        		.uleb128 0x3e
 109 0015 0B        		.uleb128 0xb
 110 0016 03        		.uleb128 0x3
 111 0017 0E        		.uleb128 0xe
 112 0018 00        		.byte	0
 113 0019 00        		.byte	0
 114 001a 03        		.uleb128 0x3
 115 001b 16        		.uleb128 0x16
 116 001c 00        		.byte	0
 117 001d 03        		.uleb128 0x3
 118 001e 0E        		.uleb128 0xe
 119 001f 3A        		.uleb128 0x3a
 120 0020 0B        		.uleb128 0xb
 121 0021 3B        		.uleb128 0x3b
 122 0022 0B        		.uleb128 0xb
 123 0023 39        		.uleb128 0x39
 124 0024 0B        		.uleb128 0xb
 125 0025 49        		.uleb128 0x49
 126 0026 13        		.uleb128 0x13
 127 0027 00        		.byte	0
 128 0028 00        		.byte	0
 129 0029 04        		.uleb128 0x4
 130 002a 26        		.uleb128 0x26
 131 002b 00        		.byte	0
 132 002c 49        		.uleb128 0x49
 133 002d 13        		.uleb128 0x13
 134 002e 00        		.byte	0
 135 002f 00        		.byte	0
 136 0030 05        		.uleb128 0x5
 137 0031 24        		.uleb128 0x24
 138 0032 00        		.byte	0
 139 0033 0B        		.uleb128 0xb
 140 0034 0B        		.uleb128 0xb
 141 0035 3E        		.uleb128 0x3e
 142 0036 0B        		.uleb128 0xb
 143 0037 03        		.uleb128 0x3
 144 0038 08        		.uleb128 0x8
 145 0039 00        		.byte	0
 146 003a 00        		.byte	0
 147 003b 06        		.uleb128 0x6
 148 003c 01        		.uleb128 0x1
 149 003d 01        		.byte	0x1
 150 003e 49        		.uleb128 0x49
 151 003f 13        		.uleb128 0x13
 152 0040 01        		.uleb128 0x1
 153 0041 13        		.uleb128 0x13
 154 0042 00        		.byte	0
 155 0043 00        		.byte	0
 156 0044 07        		.uleb128 0x7
 157 0045 21        		.uleb128 0x21
 158 0046 00        		.byte	0
 159 0047 00        		.byte	0
 160 0048 00        		.byte	0
 161 0049 08        		.uleb128 0x8
 162 004a 34        		.uleb128 0x34
 163 004b 00        		.byte	0
 164 004c 03        		.uleb128 0x3
 165 004d 0E        		.uleb128 0xe
 166 004e 3A        		.uleb128 0x3a
 167 004f 0B        		.uleb128 0xb
 168 0050 3B        		.uleb128 0x3b
 169 0051 0B        		.uleb128 0xb
 170 0052 39        		.uleb128 0x39
 171 0053 0B        		.uleb128 0xb
 172 0054 49        		.uleb128 0x49
 173 0055 13        		.uleb128 0x13
 174 0056 3F        		.uleb128 0x3f
 175 0057 0C        		.uleb128 0xc
 176 0058 3C        		.uleb128 0x3c
 177 0059 0C        		.uleb128 0xc
 178 005a 00        		.byte	0
 179 005b 00        		.byte	0
 180 005c 09        		.uleb128 0x9
 181 005d 34        		.uleb128 0x34
 182 005e 00        		.byte	0
 183 005f 47        		.uleb128 0x47
 184 0060 13        		.uleb128 0x13
 185 0061 3A        		.uleb128 0x3a
 186 0062 0B        		.uleb128 0xb
 187 0063 3B        		.uleb128 0x3b
 188 0064 0B        		.uleb128 0xb
 189 0065 39        		.uleb128 0x39
 190 0066 0B        		.uleb128 0xb
 191 0067 00        		.byte	0
 192 0068 00        		.byte	0
 193 0069 00        		.byte	0
 194               		.section	.gnu.debuglto_.debug_line,"",@progbits
 195               	.Ldebug_line0:
 196 0000 7B00 0000 		.long	.LELT0-.LSLT0
 197               	.LSLT0:
 198 0004 0200      		.word	0x2
 199 0006 7500 0000 		.long	.LELTP0-.LASLTP0
 200               	.LASLTP0:
 201 000a 01        		.byte	0x1
 202 000b 01        		.byte	0x1
 203 000c F6        		.byte	0xf6
 204 000d F2        		.byte	0xf2
 205 000e 0D        		.byte	0xd
 206 000f 00        		.byte	0
 207 0010 01        		.byte	0x1
 208 0011 01        		.byte	0x1
 209 0012 01        		.byte	0x1
 210 0013 01        		.byte	0x1
 211 0014 00        		.byte	0
 212 0015 00        		.byte	0
 213 0016 00        		.byte	0
 214 0017 01        		.byte	0x1
 215 0018 00        		.byte	0
 216 0019 00        		.byte	0
 217 001a 01        		.byte	0x1
 218 001b 633A 5C70 		.ascii	"c:\\program files\\qmk_msys\\mingw64\\avr\\include"
 218      726F 6772 
 218      616D 2066 
 218      696C 6573 
 218      5C71 6D6B 
 219 0048 00        		.byte	0
 220 0049 7175 616E 		.ascii	"quantum"
 220      7475 6D
 221 0050 00        		.byte	0
 222 0051 00        		.byte	0
 223 0052 7374 6469 		.string	"stdint.h"
 223      6E74 2E68 
 223      00
 224 005b 01        		.uleb128 0x1
 225 005c 00        		.uleb128 0
 226 005d 00        		.uleb128 0
 227 005e 6C65 645F 		.string	"led_tables.h"
 227      7461 626C 
 227      6573 2E68 
 227      00
 228 006b 02        		.uleb128 0x2
 229 006c 00        		.uleb128 0
 230 006d 00        		.uleb128 0
 231 006e 6C65 645F 		.string	"led_tables.c"
 231      7461 626C 
 231      6573 2E63 
 231      00
 232 007b 02        		.uleb128 0x2
 233 007c 00        		.uleb128 0
 234 007d 00        		.uleb128 0
 235 007e 00        		.byte	0
 236               	.LELTP0:
 237               	.LELT0:
 238               		.section	.gnu.debuglto_.debug_str,"MS",@progbits,1
 239               	.LASF2:
 240 0000 756E 7369 		.string	"unsigned int"
 240      676E 6564 
 240      2069 6E74 
 240      00
 241               	.LASF10:
 242 000d 7569 6E74 		.string	"uint8_t"
 242      385F 7400 
 243               	.LASF4:
 244 0015 6C6F 6E67 		.string	"long unsigned int"
 244      2075 6E73 
 244      6967 6E65 
 244      6420 696E 
 244      7400 
 245               	.LASF0:
 246 0027 7369 676E 		.string	"signed char"
 246      6564 2063 
 246      6861 7200 
 247               	.LASF9:
 248 0033 433A 5C55 		.string	"C:\\Users\\gazed\\qmk_firmware"
 248      7365 7273 
 248      5C67 617A 
 248      6564 5C71 
 248      6D6B 5F66 
 249               	.LASF1:
 250 004f 756E 7369 		.string	"unsigned char"
 250      676E 6564 
 250      2063 6861 
 250      7200 
 251               	.LASF3:
 252 005d 6C6F 6E67 		.string	"long int"
 252      2069 6E74 
 252      00
 253               	.LASF8:
 254 0066 7175 616E 		.string	"quantum/led_tables.c"
 254      7475 6D2F 
 254      6C65 645F 
 254      7461 626C 
 254      6573 2E63 
 255               	.LASF6:
 256 007b 6C6F 6E67 		.string	"long long unsigned int"
 256      206C 6F6E 
 256      6720 756E 
 256      7369 676E 
 256      6564 2069 
 257               	.LASF11:
 258 0092 4349 4531 		.string	"CIE1931_CURVE"
 258      3933 315F 
 258      4355 5256 
 258      4500 
 259               	.LASF7:
 260 00a0 474E 5520 		.string	"GNU C99 8.4.0 -mn-flash=1 -mno-skip-bug -mmcu=avr5 -gdwarf-2 -Os -std=gnu99 -funsigned-ch
 260      4339 3920 
 260      382E 342E 
 260      3020 2D6D 
 260      6E2D 666C 
 261               	.LASF5:
 262 0188 6C6F 6E67 		.string	"long long int"
 262      206C 6F6E 
 262      6720 696E 
 262      7400 
 263               		.text
 264               		.section	.gnu.lto_.profile.5a6d6b3a,"",@progbits
 265 0000 789C 6367 		.string	"x\234cg`f`d"
 265      6066 6064 
 265      00
 266 0009 0200      		.string	"\002"
 267 000b 00        		.string	""
 268 000c 6200      		.string	"b"
 269 000e 0C        		.ascii	"\f"
 270               		.text
 271               		.section	.gnu.lto_.icf.5a6d6b3a,"",@progbits
 272 0000 789C 6367 		.string	"x\234cg`f\340`@"
 272      6066 E060 
 272      4000 
 273 000a 4686 69FB 		.string	"F\206i\373_/\342d"
 273      5F2F E264 
 273      00
 274 0013 00        		.string	""
 275 0014 0E8D 02FF 		.ascii	"\016\215\002\377"
 276               		.text
 277               		.section	.gnu.lto_.jmpfuncs.5a6d6b3a,"",@progbits
 278 0000 789C 6367 		.string	"x\234cg`f`b@\006"
 278      6066 6062 
 278      4006 00
 279 000b 00        		.string	""
 280 000c DC00      		.string	"\334"
 281 000e 0D        		.ascii	"\r"
 282               		.text
 283               		.section	.gnu.lto_.inline.5a6d6b3a,"",@progbits
 284 0000 789C 6367 		.string	"x\234cg`f`b@\006"
 284      6066 6062 
 284      4006 00
 285 000b 00        		.string	""
 286 000c DC00      		.string	"\334"
 287 000e 0D        		.ascii	"\r"
 288               		.text
 289               		.section	.gnu.lto_.pureconst.5a6d6b3a,"",@progbits
 290 0000 789C 6367 		.string	"x\234cg`f`d"
 290      6066 6064 
 290      00
 291 0009 0200      		.string	"\002"
 292 000b 00        		.string	""
 293 000c 6200      		.string	"b"
 294 000e 0C        		.ascii	"\f"
 295               		.text
 296               		.section	.gnu.lto_CIE1931_CURVE.5a6d6b3a,"",@progbits
 297 0000 789C 5598 		.ascii	"x\234U\230\347W]Kr\305oIz\363\362\033{\354q\224\323x\234&\331"
 297      E757 5D4B 
 297      72C5 6F49 
 297      7AF3 F21B 
 297      7BEC 7194 
 298 0019 33E3 7178 		.ascii	"3\343qx\016\363\325\237\374/\031\201\004\\\020\341\220\221\310"
 298      0EF3 D59F 
 298      FC2F 1981 
 298      045C 10E1 
 298      9091 C8
 299 002c 0844 9040 		.ascii	"\bD\220@\200\3109\347\314%\347\234D\020\"\203\360\356\356}\317"
 299      80C8 39E7 
 299      CC25 E79C 
 299      4410 2283 
 299      F0EE EE7D 
 300 0041 EBAB B57E 		.ascii	"\353\253\265~\253V\255\272'uW\327\336\350S\317}\317\377\374\310"
 300      AB56 ADBA 
 300      2775 57D7 
 300      DEE8 53CF 
 300      7DCF FFFC 
 301 0056 E311 8FF9 		.ascii	"\343\021\217\371\347\334\227\320\372\354\205\007\341\367S\357"
 301      E7DC 97D0 
 301      FAEC 8507 
 301      E1F7 53EF 
 302 0066 7BE4 4EEC 		.ascii	"{\344N\354\\L~\320~\032\366=S\277Uy\334\343\264\327\237\231\372"
 302      5C4C 7ED0 
 302      7E1A F63D 
 302      53BF 5579 
 302      DCE3 B4D7 
 303 007d 4795 5F4F 		.ascii	"G\225_O8\225\274\376*\340\367b~?\227;v{\337\324/\364\375\337"
 303      3895 BCFE 
 303      2AE0 F762 
 303      7E3F 973B 
 303      767B DFD4 
 304 0095 7CF4 D76F 		.ascii	"|\364\327oT^\327\224\335\366}S?U\371^\317N\334\347\246~\255\362"
 304      545E D794 
 304      DDF6 7D53 
 304      3F55 F95E 
 304      CF4E DCE7 
 305 00ad E6B5 B59F 		.ascii	"\346\265\265\237\233\362I\300\343\304<.y\260\370\031_\357H\345"
 305      9BF2 49C0 
 305      E3C4 3C2E 
 305      79B0 F819 
 305      5FEF 48E5 
 306 00c1 0D09 272B 		.ascii	"\r\t'+\274\374R\345\243\003\345\243_\230\372A\300\353\210y\235"
 306      BCFC 52E5 
 306      A303 E5A3 
 306      5F98 FA41 
 306      C0EB 8879 
 307 00d6 9CD8 0FFB 		.ascii	"\234\330\017\373\254\357\351<\3137\313\372\271\312\033\343\017"
 307      ACEF E93C 
 307      CB37 CBFA 
 307      B9CA 1BE3 
 307      0F
 308 00e7 973E 37F5 		.ascii	"\227>7\365\035\225\257\344\025_\177a\352g*\317\275\215\333\025"
 308      1D95 AFE4 
 308      155F 7F61 
 308      EA67 2ACF 
 308      BD8D DB15 
 309 00fb 53DF 0AF8 		.ascii	"S\337\n\370\0341\237s\361\250u\373\023S_Wy\315n\3112\337\377"
 309      1C31 9F73 
 309      F1A8 75FB 
 309      1353 5F57 
 309      79CD 6EC9 
 310 0112 83CA 4F67 		.ascii	"\203\312Og\326\226>3\365U\373s\305|\356v\310l\r/_R\371\315\342"
 310      D696 3E33 
 310      F555 FB73 
 310      C57C EE76 
 310      C86C 0D2F 
 311 012b C582 98FA 		.ascii	"\305\202\230\372{\225W\372\262\253>5\365\005\225O\314\226N\177"
 311      7B95 57FA 
 311      B2AB 3E35 
 311      F505 954F 
 311      CC96 4E7F 
 312 013f 63EA C72A 		.ascii	"c\352\307*\357y\224\037\311\372\\\300r\211Y\256\3421_\312=S\237"
 312      EF79 941F 
 312      C9FA 5CC0 
 312      7289 59AE 
 312      E231 5FCA 
 313 0156 5679 42DC 		.ascii	"VyB\334\236\177y\016U>>v\025\302\335\231\fXN1\313\031>\223\036"
 313      9E7F 790E 
 313      553E 3E76 
 313      15C2 DD99 
 313      0C58 4E31 
 314 016f C9E5 9FD0 		.ascii	"\311\345\237\320\237{\030\024\305\317\177\247\227'\366z\230\237"
 314      9F7B 1814 
 314      C5CF 7FA7 
 314      9727 F67A 
 314      989F 
 315 0181 37AA F2E3 		.ascii	"7\252\362\343\363\244\233\257M}_\337\257r\352\352KS\037\016\330"
 315      F3A4 9BAF 
 315      4D7D 5FDF 
 315      AF72 EAEA 
 315      4B53 1F0E 
 316 0196 0E31 DB31 		.ascii	"\0161\3331\274\220\231\306\356\032T\371\223\242\374\264{\246"
 316      BC90 99C6 
 316      EE1A 54F9 
 316      93A2 FCB4 
 316      7BA6 
 317 01a8 BEAB F2F9 		.ascii	"\276\253\362\371\225\211\f^\337\037\260]b\266k2>\274\376+S\357"
 317      9589 0C5E 
 317      DF1F B05D 
 317      62B6 6B32 
 317      3EBC FE2B 
 318 01be D5F5 9585 		.ascii	"\325\365\225\205\217\\\277m\225W\257\256\346\263;\273\002\266"
 318      8F5C BF6D 
 318      9557 AFAE 
 318      E6B3 3BBB 
 318      02B6 
 319 01d0 53CC 76C6 		.ascii	"S\314v\306\206g\317\361\372\016\225o\255z\343?1\365M\335\016"
 319      8667 CFF1 
 319      FA0E 956F 
 319      AD7A E33F 
 319      31F5 4DDD 
 320 01e5 998F 6378 		.ascii	"\231\217cx}\233\336\217\202\241~\3267T^\3378\330\317\365i\th"
 320      7D9B DE8F 
 320      82A1 7ED6 
 320      3754 5EDF 
 320      38D8 CFF5 
 321 01fc 0731 ED50 		.ascii	"\0071\355P:\023\237\313\365oR\371yjR\027\367oM\345w\211\037\213"
 321      3A13 9FCB 
 321      F56F 52F9 
 321      796A 5217 
 321      F76F 4DE5 
 322 0214 F87D 0D01 		.ascii	"\370}\r\001\355\"\246]\312\247\222sy\377:\225\267\317\204-}e"
 322      ED22 A65D 
 322      CAA7 9273 
 322      79FF 3A95 
 322      B7CF 842D 
 323 022a EA2B 2A8F 		.ascii	"\352+*\217\037X\273\341\373U\353\373\325\305W\360\371\313*\217"
 323      1F58 BBE1 
 323      FB55 EBFB 
 323      D5C5 57F0 
 323      F9CB 2A8F 
 324 023e 699E ED61 		.ascii	"i\236\355a{W\006\364\233\230~\273:/<e\377U\250\374v\276d\222"
 324      7B57 06F4 
 324      9B98 7EBB 
 324      3A2F 3C65 
 324      FF55 A8FC 
 325 0256 F75F 54F9 		.ascii	"\367_T\371\343\223\3322\356OY@?\212\351\307\310\241v/\277\257"
 325      E393 DA32 
 325      EE4F 5940 
 325      3F8A E9C7 
 325      C8A1 762F 
 326 026c 54E5 3BB5 		.ascii	"T\345;\265\241G\334\237y\225w\237\335\\}c\352\257\003\372UL\277"
 326      A147 DC9F 
 326      7995 779F 
 326      DD5C 7D63 
 326      EAAF 03FA 
 327 0283 B6CF 3E0A 		.ascii	"\266\317>\n\347\361*Vy\304L\226\227\3753\253\373\365\335@1\257"
 327      E7F1 2A56 
 327      79C4 4C96 
 327      97FD 33AB 
 327      FBF5 DD40 
 328 0299 2FD4 C73F 		.ascii	"/\324\307?$\366-\327oF\337/sf\366kS\177\031\320\357b\372=/\251"
 328      24F6 2DD7 
 328      6F46 DF2F 
 328      7366 F66B 
 328      537F 19D0 
 329 02b3 3789 E723 		.ascii	"7\211\347#O\177\177\367\331!\257\237\322yAY\016\327'7\340<\210"
 329      4F7F 7FF7 
 329      D921 AF9F 
 329      D279 4159 
 329      0ED7 2737 
 330 02ca 390F 4755 		.ascii	"9\017GU)\327\354\217\034\225\317\304m\373\317\207O\345\255\265"
 330      29D7 EC8F 
 330      1C95 CFC4 
 330      6DFB CF87 
 330      4FE5 ADB5 
 331 02de 252B DC9F 		.ascii	"%+\334\237\254\200\363\"\346\2748\371\227\235\334\237\f\225\367"
 331      AC80 F322 
 331      E6BC 38F9 
 331      979D DC9F 
 331      0C95 F7
 332 02f1 9E77 FDC0 		.ascii	"\236w\375\300\224\307\365r\265&Vpy\323T\276{U\363\362KS\037\323"
 332      94C7 F572 
 332      B526 5670 
 332      79D3 54BE 
 332      7B55 F3F2 
 333 0309 D3A4 A8E2 		.ascii	"\323\244\250\342\r\217\347\263\200\343&\346\270-\f\276\211\341"
 333      0D8F E7B3 
 333      80E3 26E6 
 333      B82D 0CBE 
 333      89E1 
 334 031b E7A5 A8BC 		.ascii	"\347\245\250\274\315\327\376\226\3137\242\357w\344K\346\361L"
 334      CDD7 FE96 
 334      CB37 A2EF 
 334      77E4 4BE6 
 334      F14C 
 335 032d 0A38 8E62 		.ascii	"\n8\216b\216cs\334|'_?Q\345eCk\205\\\236!\225\367W/\027\260="
 335      8E63 73DC 
 335      7C27 5F3F 
 335      51E5 6543 
 335      6B85 5C9E 
 336 0349 E203 8EAB 		.ascii	"\342\003\216\253\230\343\372n\344\371\r\227\307\321\313\267v"
 336      98E3 FA6E 
 336      E4F9 0D97 
 336      C7D1 CBB7 
 336      76
 337 035a 3BC8 ED1D 		.ascii	";\310\355\035P\371\3635o\024\277/&\3408\2139\316\025\203\203"
 337      50F9 F335 
 337      6F14 BF2F 
 337      26E0 388B 
 337      39CE 1583 
 338 036f B55C 9E68 		.ascii	"\265\\\236h=]\027\307_\262\375\372\364\367\215\357\204\361\371"
 338      3D5D 17C7 
 338      5FB2 FDFA 
 338      F4F7 8DEF 
 338      84F1 F9
 339 0382 4F03 8EBB 		.ascii	"O\003\216\273\230\343\336\341\013\n\347\367E\350\357i\356x\317"
 339      98E3 DEE1 
 339      0B0A E7F7 
 339      45E8 EF69 
 339      EE78 CF
 340 0395 F6EE D1EF 		.ascii	"\366\356\321\357S\026\275\310\347\207\353\373\307\324\004q\373"
 340      5316 BDC8 
 340      E787 EBFB 
 340      C7D4 0471 
 340      FB
 341 03a6 BA55 3EED 		.ascii	"\272U>\355]I\341\372\206\005\214\0131\343\242\354\370E\n\337"
 341      5D49 E1FA 
 341      8605 8C0B 
 341      31E3 A2EC 
 341      F845 0ADF 
 342 03ba EF89 CA5F 		.ascii	"\357\211\312_6,\266q};U~9\323>\307zH\3008\0213Nn\272\202\332"
 342      362C B671 
 342      7D3B 557E 
 342      39D3 3EC7 
 342      7A48 C038 
 343 03d5 79FF 6095 		.ascii	"y\377`\225\277\b[\013g{\265\353\365\030y\225\310\367\013\n\030"
 343      BF08 5B0B 
 343      677B B5EB 
 343      F518 7995 
 343      C8F7 0B0A 
 344 03ea 3762 C64D 		.ascii	"7b\306MIK\337\377\231\362G\245\345i\223\027;||\253\236.\301\355"
 344      494B DFFF 
 344      99F2 47A5 
 344      E569 9317 
 344      3B7C 7CAB 
 345 0402 973C 7DB7 		.ascii	"\227<}\267\036{\032\211\231F9u\021)<=\327\252>\022\331\335\310"
 345      1E7B 1A89 
 345      9946 3975 
 345      1129 3C3D 
 345      D7AA 3E12 
 346 0419 C737 AB7A 		.ascii	"\3077\253z\324\\N\037\267\357\312cO+1\323*\241\247/\223\247\353"
 346      D45C 4E1F 
 346      B7EF CA63 
 346      4F2B 31D3 
 346      2AA1 A72F 
 347 0430 42D5 2F2F 		.ascii	"B\325//c3\330~\215\252\376\261\177\326\277}\347\036{\232\211"
 347      6333 D87E 
 347      8DAA FEB1 
 347      7FD6 BF7D 
 347      E71E 7B9A 
 348 0445 9966 8795 		.ascii	"\231f\207\225\021\037X?U\365\001_\353(\333\247^/\317\331y)\237"
 348      111F 583F 
 348      55F5 015F 
 348      EB28 DBA7 
 348      5E2F CFD9 
 349 045c 7FE2 B1A7 		.ascii	"\177\342\261\247\235\230i\027\223\227\325\300\351\370^\325g#"
 349      9D98 6917 
 349      9397 D5C0 
 349      E9F8 5ED5 
 349      6723 
 350 046e CA26 F9FC 		.ascii	"\312&\371\374Z}<V\223\323\270\274G\252^Ry\347\345\3655\372\376"
 350      5A7D 3C56 
 350      93D3 B8BC 
 350      47AA 5E52 
 350      79E7 E5F5 
 351 0485 CBC9 C95C 		.ascii	"\313\311\311\\\237C\217=-\305L\313\354\310\206NN\237w\252\376"
 351      9F43 8F3D 
 351      2DC5 4CCB 
 351      ECC8 864E 
 351      4E9F 77AA 
 352 049a 7A73 EE27 		.ascii	"zs\356'\246\\\245W\277`.\222\335\265\357\261\207\251\230a\232"
 352      A65C A557 
 352      BF60 2E92 
 352      DDB5 EFB1 
 352      87A9 9861 
 353 04af D27A 12CD 		.ascii	"\322z\022\315\317\333S\365\332\275\276h~\376[\275=U\213\207<"
 353      CFDB 53F5 
 353      DABD BE68 
 353      7EFE 5BBD 
 353      3D55 8B87 
 354 04c4 9D3B 1E7B 		.ascii	"\235;\036{\330\212\031\266\345\007\333\317x\377m}\377\203\334"
 354      D88A 19B6 
 354      E507 DBCF 
 354      78FF 6D7D 
 354      FF83 DC
 355 04d7 232E 4FB9 		.ascii	"#.O\271\356\376\352\230X\276\376\246\307\036\306b\206q\350\336"
 355      EEFE EA98 
 355      58BE FEA6 
 355      C71E C662 
 355      8671 E8DE 
 356 04eb BA7F B86C 		.ascii	"\272\177\270l\250\372R\372`-\273\373\215\252/\237|\234\345\363"
 356      A8FA 52FA 
 356      602D BBFB 
 356      8DAA 2F9F 
 356      7C9C E5F3 
 357 04ff D73D F6B0 		.ascii	"\327=\366\260\0263\254\227Cb\306y\375\252\252?;\251\362Q\034"
 357      1633 AC97 
 357      4362 C679 
 357      FDAA AA3F 
 357      3BA9 F251 
 358 0514 4B54 3D29 		.ascii	"KT=)3q\204\323a\305c\017s1\303<\264\244a\212\355\265\244\352"
 358      3371 84D3 
 358      61C5 630F 
 358      7331 C33C 
 358      B4A4 618A 
 359 052c 6199 5597 		.ascii	"a\231U\227\254\277\322\323\252-q\220\327/z\354a/f\330'T\235\035"
 359      ACBF D2D3 
 359      AA2D 7190 
 359      D72F 7AEC 
 359      612F 66D8 
 360 0544 F374 2FA8 		.ascii	"\363t/\250\372BSK\036\327\247H\213\323X>\273o\316ck\201\030-"
 360      FA42 534B 
 360      1ED7 A748 
 360      8BD3 583E 
 360      BB6F CE63 
 361 055c 987B DF9B 		.ascii	"\230{\337\233\314\3033\253\3523Ws\251<|\005\252~\262\377\362"
 361      CCC3 33AB 
 361      EA33 5773 
 361      A93C 7C05 
 361      AA7E B2FF 
 362 0571 096F 3FE3 		.ascii	"\to?\343\261\265B\214V\334\005\3577s\366O\253z\352\374\253x\336"
 362      B1B5 428C 
 362      56DC 05EF 
 362      3773 F64F 
 362      AB7A EAFC 
 363 0588 3F5F 6FEF 		.ascii	"?_o\357p\333\024\273s\322ck\211\030-\351j[\334\345\347\373<z"
 363      70DB 14BB 
 363      73D2 636B 
 363      8918 2DE9 
 363      6A5B DCE5 
 364 05a0 588C 84B2 		.ascii	"X\214\204\262\376B\325\203\232G\306x\375\204\307\326\0321Z\323"
 364      FE42 D583 
 364      9A47 C678 
 364      FD84 C7D6 
 364      1A31 5AD3 
 365 05b4 DCDB 70CA 		.ascii	"\334\333p\312\345\031\367\330Z#Fk\372Z\"\017\371}\243\252~\261"
 365      E519 F7D8 
 365      5A23 466B 
 365      FA5A 220F 
 365      F97D A3AA 
 366 05ca 1431 C1ED 		.ascii	"\0241\301\355\315\326\332[\357\264\362\371#\036[\213\304h\321"
 366      CDD6 DA5B 
 366      EFB4 F2F9 
 366      231E 5B8B 
 366      C468 D1
 367 05dd 4670 5627 		.ascii	"FpV'\333kX\325\253\2323\007\271\375\231\252\2368\220q\314\367"
 367      DB6B 58D5 
 367      AB9A 3307 
 367      B9FD 99AA 
 367      9E38 9071 
 368 05f3 1BF2 D85A 		.ascii	"\033\362\330Z%\324\252Eo\034O\307\240\252\027\026\227\374\330"
 368      25D4 AA45 
 368      6F1C 4FC7 
 368      A0AA 1716 
 368      97FC D8
 369 0606 94D3 5539 		.ascii	"\224\323U9\356l\353\224\345\001\217\255eb\264\354mP\360\377\232"
 369      EE6C EB94 
 369      E501 8FAD 
 369      6562 B4EC 
 369      6D50 F0FF 
 370 061b 729F 2A67 		.ascii	"r\237*g\315T\005\263\374\\\225\223s\n\275~\347\346\261\245N\214"
 370      CD54 05B3 
 370      FC5C 9593 
 370      730A BD7E 
 370      E7E6 B1A5 
 371 0631 D4A5 9E8E 		.ascii	"\324\245\236\216V\363\353zT\275h\243e\234\365T=\273\206W\202"
 371      56F3 EB7A 
 371      54BD 68A3 
 371      659C F554 
 371      3DBB 8657 
 372 0646 B87B DD1E 		.ascii	"\270{\335\036[\n\305H\341\373\275\375\r\032\377.U\217\033\315"
 372      5B0A C548 
 372      E1FB BDFD 
 372      0D1A FF2E 
 372      558F 1BCD 
 373 065a ABE6 E14C 		.ascii	"\253\346\341L\326\315y\020]\311\325\351\364\330R)F*}\303\305"
 373      D6CD 7910 
 373      5DC9 D5E9 
 373      F4D8 5229 
 373      462A 7DC3 
 374 066f 639C 2D1D 		.ascii	"c\234-\035\036[*\305H\345]\343S\037\237\337\256w/*\272\234\273"
 374      1E5B 2AC5 
 374      48E5 5DE3 
 374      531F 9FDF 
 374      AE77 2F2A 
 375 0686 9BA0 EA61 		.ascii	"\233\240\352a\267\2475~\347\350\261\245T\214\224\356$\017\037"
 375      B7A7 357E 
 375      E7E8 B1A5 
 375      548C 94EE 
 375      240F 1F
 376 0699 70F7 5B55 		.ascii	"p\367[U=c\351v\221\273\037\247\245\344z\263\301\357,=\266\324"
 376      3D63 E976 
 376      91BB 1FA7 
 376      A5E4 7AB3 
 376      C1EF 2C3D 
 377 06af 8A91 DAEA 		.ascii	"\212\221\332\352\336\251\030v\367o\221>\275\036\272\340\347\305"
 377      DEA9 1876 
 377      F76F 913E 
 377      BD1E BAE0 
 377      E7C5 
 378 06c1 AAF2 54EA 		.ascii	"\252\362T\352p\003\313\377m\013\261\030!\276\335\311\316\340"
 378      7003 CBFF 
 378      6D0B B118 
 378      21BE DDC9 
 378      CEE0 
 379 06d3 DBFF 97AD 		.ascii	"\333\377\227\255\303bt\3704} \204\203\367?Ug\334\035%\362\333"
 379      C362 74F8 
 379      347D 2084 
 379      83F7 3F55 
 379      67DC 1D25 
 380 06e9 A2F4 DA7A 		.ascii	"\242\364\332z\253\023x\363\377\260UZ\214J\307\244\215\215pk\277"
 380      AB13 78F3 
 380      FFB0 555A 
 380      8C4A C7A4 
 380      8D8D 706B 
 381 06fe 55E7 F670 		.ascii	"U\347\366pd\211}\027\251_m\"y\213\215\363\357\266\206\213\321"
 381      6489 7D17 
 381      A95F 6D22 
 381      798B 8DF3 
 381      EFB6 868B 
 382 0713 F08A 8460 		.ascii	"\360\212\204`/7\376\337\324P*\177\275\312\262WkJr\377\"\257\376"
 382      2F37 FEDF 
 382      D450 2A7F 
 382      BDCA B257 
 382      6B4A 72FF 
 383 072a 575B E1C5 		.ascii	"W[\341\305(|\365M\254\217\313\366/\266\300\213\021\370\345\302"
 383      287C F54D 
 383      AC8F CBF6 
 383      2FB6 C08B 
 383      11F8 E5C2 
 384 073e F822 5EFD 		.ascii	"\370\"^\375\033uu\321Q\b\337<T\225\323k\326.9r\376\331\261\344"
 384      1B75 75D1 
 384      5108 DF3C 
 384      5495 D36B 
 384      D62E 3972 
 385 0756 5F8C FC67 		.ascii	"_\214\374g\266\036\325q \377Zmy\334\215\303\362c-\207\317\267"
 385      B61E D571 
 385      20FF 5A6D 
 385      79DC 8DC3 
 385      F263 2D87 
 386 076c CBF8 EC5F 		.ascii	"\313\370\354_9\2269\020c\016\\3 \306\f\274\317(\367\262\303~"
 386      3996 3910 
 386      630E 5C33 
 386      20C6 0CBC 
 386      CF28 F7B2 
 387 0782 A9D4 2666 		.ascii	"\251\324&f7\207?\177\244\307\333\363\370}\036\377\177r,\253 "
 387      3787 3F7F 
 387      A4C7 DBF3 
 387      F87D 1EFF 
 387      7F72 2CAB 
 388 0797 C62A 7857 		.ascii	"\306*xW\313\3129\334\377\021i\335\333\376M\016\207;\325.\305"
 388      CBCA 39DC 
 388      FF11 69DD 
 388      DBFE 4D0E 
 388      873B D52E 
 389 07ac 634F 17F8 		.ascii	"cO\027\370%\277p\2763\022b\214\304Qf\3728?\344\347\216\345#\304"
 389      25BF 70BE 
 389      3312 628C 
 389      C451 66FA 
 389      383F E4E7 
 390 07c4 F888 9DE8 		.ascii	"\370\210\235\350\316$\276\312\215\312\233V"
 390      CE24 BECA 
 390      8DCA 9B56 
 391 07d0 AF0F B8DF 		.ascii	"\257\017\270\337?s,[!\306Vx\263C\374\177D\376\324\261\\\205\030"
 391      3F73 2C5B 
 391      21C6 5678 
 391      B343 FC7F 
 391      44FE D4B1 
 392 07e7 5791 DFBF 		.ascii	"W\221\337\277\321\317\017\371\t\322\275\370\241g\376\277\340"
 392      D1CF 0FF9 
 392      09D2 BDF8 
 392      A167 FEBF 
 392      E0
 393 07f8 5539 6964 		.ascii	"U9id\263\204\335\362\017\216\3459\304x\016\327c\210\361\030i"
 393      B384 DDF2 
 393      0F8E E539 
 393      C478 0ED7 
 393      6388 F118 
 394 080d 27DB FCF5 		.ascii	"'\333\374\365\337#\253\017-\037\342\233\237\251jW\366\207T6\317"
 394      DF23 AB0F 
 394      2D1F E29B 
 394      9FA9 6A57 
 394      F687 5436 
 395 0822 DF39 9601 		.ascii	"\3379\226\001\021c@\202\332C+Y\376[u\306\352\307\374\177M~Pe"
 395      1163 4082 
 395      DA43 2B59 
 395      FE5B 75C6 
 395      EAC7 FC7F 
 396 083a D78F 88F1 		.ascii	"\327\217\210\361#\241!G\034!\177\343XnD\214\033Y\357\033\016"
 396      23A1 2147 
 396      1C21 7FE3 
 396      586E 448C 
 396      1B59 EF1B 
 397 084f 632F FD58 		.ascii	"c/\375X\035\222\345\206#\016\210c=\320\374\346D\2149\231(\030"
 397      1D92 E586 
 397      230E 8863 
 397      3DD0 FCE6 
 397      448C 3999 
 398 0865 49E5 CFFF 		.ascii	"I\345\317\377\332\261\274\211\030o\262\364\270\240\221\363\350"
 398      DAB1 BC89 
 398      186F B2F4 
 398      B8A0 91F3 
 398      E8
 399 0876 476A D89F 		.ascii	"Gj\330\237U\245q\234\035\250\262kU\304X\225\356\244\302j\356"
 399      55A5 719C 
 399      1DA8 B26B 
 399      55C4 5895 
 399      EEA4 C26A 
 400 088b E05F 3996 		.ascii	"\340_9\226U\021cUf3\356\306\271\375\177\351XNE\214SI\\\271<\341"
 400      5511 6355 
 400      6633 EEC6 
 400      B9FD 7FE9 
 400      584E 458C 
 401 08a5 CF77 55FE 		.ascii	"\317wU\376\242tx\236_\372\027\216e\\\304\030\227\376\306^\277"
 401      A274 789E 
 401      5FFA 178E 
 401      655C C418 
 401      97FE C65E 
 402 08ba 4DFE 73C7 		.ascii	"M\376s\307\362-b|\313MUR*\227qK/\333\333\365\033>\374\317\034"
 402      F22D 627C 
 402      CB4D 5552 
 402      2A97 714B 
 402      2FDB DBF5 
 403 08d3 CBC6 88B1 		.ascii	"\313\306\210\2611\256m\021c[\022\373\253.\371\360\207\216\345"
 403      31AE 6D11 
 403      635B 12FB 
 403      AB2E F9F0 
 403      878E E5
 404 08e6 5AC4 B896 		.ascii	"Z\304\270\226\204\353\245\023\266\317\237\252r\310\310#\336m"
 404      84EB A513 
 404      B6CF 9FAA 
 404      72C8 C823 
 404      DE6D 
 405 08f8 CDE3 5826 		.ascii	"\315\343X&F\214\211\211\212\032\212\340!\374\023\307\3620b<L"
 405      468C 8989 
 405      8A1A 8AE0 
 405      21FC 13C7 
 405      F230 623C 
 406 090d F4C2 5628 		.ascii	"\364\302V(\177\276\254[;|n\221?\377c\307\2624b,\215ka\304X\230"
 406      7FBE AC5B 
 406      3B7C 6E91 
 406      3FFF 63C7 
 406      B234 622C 
 407 0927 82E5 D7B7 		.ascii	"\202\345\327\267<\t\177\344X\016F\214\203\031\b\353\210c\003"
 407      3C09 7FE4 
 407      580E 468C 
 407      8319 08EB 
 407      8863 03
 408 093a CDAB 7CAC 		.ascii	"\315\253|\2543?\216c\366\017\235\357\f\215\030C\343\032\0301"
 408      333F 8E63 
 408      F60F 9DEF 
 408      0C8D 1843 
 408      E31A 1831 
 409 094e 06A6 A8BB 		.ascii	"\006\246\250\273\340\232G\372\017\034\313\277\210\361/\256_\021"
 409      E09A 47FA 
 409      0F1C CBBF 
 409      88F1 2FAE 
 409      5F11 
 410 0960 E357 8216 		.ascii	"\343W\202\026;\252y\363\037\252^\177QW\351\377\323V\225]\373"
 410      3BAA 79F3 
 410      1FAA 5E7F 
 410      5157 E9FF 
 410      D356 955D 
 411 0975 22C6 BEA4 		.ascii	"\"\306\276\244\354v\237\362\344\374\276c\271\0271\356\305u+b"
 411      EC76 9FF2 
 411      E4FC BE63 
 411      B917 31EE 
 411      C575 2B62 
 412 0989 DCCA 46C7 		.ascii	"\334\312F\307\334\036\277\364\367\034\313\254\2101+=\007\243"
 412      DC1E BFF4 
 412      F71C CBAC 
 412      8831 2B3D 
 412      07A3 
 413 099b 75FC F998 		.ascii	"u\374\371\230\312s\246V\207y\367\0378\226w\021\343]\\\257\"\306"
 413      CA73 A656 
 413      8779 F71F 
 413      3896 7711 
 413      E35D 5CAF 
 414 09b1 AB34 2E86 		.ascii	"\2534.\206\025p\331\177\327\261\254\212\030\253\342Z\0231\326"
 414      1570 D97F 
 414      D7B1 AC8A 
 414      18AB E25A 
 414      1331 D6
 415 09c4 C4B5 2262 		.ascii	"\304\265\"b\254\310\330\364\326\031\017\313\3578\226\025\021"
 415      ACC8 D8F4 
 415      D619 0FCB 
 415      EF38 9615 
 415      11
 416 09d5 6345 72D2 		.ascii	"cEr\322\217\226y\364\372U\336\351\224\372\377\027\346\373\316"
 416      8F96 79F4 
 416      FA55 DEE9 
 416      94FA FF17 
 416      E6FB CE
 417 09e8 77CE 448C 		.ascii	"w\316D\2143q\235\210\030'\342:\0171\316\243\326\331\366\377\021"
 417      3371 9D88 
 417      1827 E23A 
 417      0F31 CEA3 
 417      D6D9 F6FF 
 418 09fd FD8D 6319 		.ascii	"\375\215c\031\0171\306\3035\032b\214\206k,\304\030\013\337\341"
 418      0F31 C6C3 
 418      351A 628C 
 418      866B 2CC4 
 418      180B DFE1 
 419 0a11 E50D 17F2 		.ascii	"\345\r\027\362k\307\362\025b|\205\353#\304\370\b\3277\210\361"
 419      6BC7 F215 
 419      627C 85EB 
 419      23C4 F808 
 419      D737 88F1 
 420 0a25 0D91 BB65 		.ascii	"\r\221\273e\203|\372W\216e\033\304\330\006\327&\210\261\t\256"
 420      837C FA57 
 420      8E65 1BC4 
 420      D806 D726 
 420      88B1 09AE 
 421 0a39 2D10 6D0B 		.ascii	"-\020m\013J\217\212\236\362\352/\035\313\025\210v\005\256\013"
 421      4A8F 8A9E 
 421      F2EA 2F1D 
 421      CB15 8876 
 421      05AE 0B
 422 0a4c 10ED 025C 		.ascii	"\020\355\002\\\325\027\255\372\211\336\345\337\230K\277p,\315"
 422      D517 ADFA 
 422      89DE E5DF 
 422      984B BF70 
 422      2CCD 
 423 0a5e 17AD F9AE 		.ascii	"\027\255\371\256\306\213\326xW\323Ek\372f\351\340\001;\371s\307"
 423      C68B D678 
 423      57D3 456B 
 423      FA66 E9E0 
 423      013B F973 
 424 0a73 9274 D192 		.ascii	"\222t\321\222\356J\270h\tw%[\264d\273\022-Z\242\263\232\242\222"
 424      EE4A B868 
 424      0977 255B 
 424      B464 BB12 
 424      2D5A A2B3 
 425 0a8a E8A3 3EB3 		.ascii	"\350\243>\263\025Z\264B\273\212,Z\221]\005\026\255\300\256\302"
 425      155A B442 
 425      BB8A 2C5A 
 425      915D 0516 
 425      ADC0 AEC2 
 426 0a9e 8A56 D8D0 		.ascii	"\212V\330\320\352\226\036\276\325\247\266\300\212\026XWPE\013"
 426      EA96 1EBE 
 426      D5A7 B6C0 
 426      8A16 5857 
 426      5045 0B
 427 0ab1 AA2B A0A2 		.ascii	"\252+\240\242\005\324UL\321\212\351*\242hE\314\362\256\177\344"
 427      05D4 554C 
 427      D18A E92A 
 427      A268 45CC 
 427      F2AE 7FE4 
 428 0ac5 6CFF 9E2D 		.ascii	"l\377\236-\210\242\005\321\025@\321\002\350\n\236h\301\363\013"
 428      88A2 05D1 
 428      1540 D102 
 428      E80A 9E68 
 428      C1F3 0B
 429 0ad8 9A68 4173 		.ascii	"\232hAs\005L\264\200\345u\257\215s\370}b\353\227h\375\362\353"
 429      054C B480 
 429      E575 AF8D 
 429      73F8 7D62 
 429      EB97 68FD 
 430 0aee 9368 7D72 		.ascii	"\223h}r"
 431 0af2 F548 B41E 		.string	"\365H\264\036\271z#Zo\\}\021\255/\307\231O.\271\254\017l9\021-'\256|\210\226\017W\036D\31
 431      B97A 235A 
 431      6F5C 7D11 
 431      AD2F C799 
 431      4F2E B9AC 
 432 0bf3 F38C 738C 		.string	"\363\214s\214\263\2143\214\323\214S\214\223\214>\306q\320\017\306\030G\031G\030\207\031\2
 432      B38C 338C 
 432      D38C 538C 
 432      938C 3EC6 
 432      71D0 0FC6 
 433 0cdc 1619 E7C1 		.string	"\026\031\347\301\034\230\005\323`\206q\nL\002\037\030\007\023\214c`\024\214\200!0\3148\b\
 433      1C98 05D3 
 433      6086 710A 
 433      4C02 1F18 
 433      0713 8C63 
 434 0d68 5E10 0EC2 		.string	"^\020\016\302@(x\002\036\203\020\020\f\036\201 pw\017\375\003n\301\r\270\006W\340\022\\\2
 434      4028 7802 
 434      1E83 1010 
 434      0C1E 8120 
 434      7077 0FFD 
 435 0db3 E6C1 1C98 		.string	"\346\301\034\230\0053`\032L\201I\340\003\023`\034\214\201Q0\002\206\301\020\030\004\003\2
 435      0533 601A 
 435      4C81 49E0 
 435      0313 601C 
 435      8C81 5130 
 436 0e59 E7E0 0C9C 		.ascii	"\347\340\f\234\202\017\340\004\274\007\307\340\b\034\202\003"
 436      820F E004 
 436      BC07 C7E0 
 436      081C 8203 
 437 0e69 F00E EC83 		.ascii	"\360\016\354\203=\260\013v\3006\330\002\233`\003\254\2035\260"
 437      3DB0 0B76 
 437      C036 D802 
 437      9B60 03AC 
 437      8335 B0
 438 0e7c 0A56 C032 		.ascii	"\nV\3002X\002\213`\001\314\20390\013f\3004\230\002\223\300\007"
 438      5802 8B60 
 438      01CC 8339 
 438      300B 66C0 
 438      3498 0293 
 439 0e92 26C0 3818 		.ascii	"&\3008\030\003\243`\004\f\203!0\b\006@?\350\003\275\240\007t"
 439      03A3 6004 
 439      0C83 2130 
 439      0806 403F 
 439      E803 BDA0 
 440 0ea8 832E D009 		.ascii	"\203.\320\t:@;h\003\255\240\0054\203&\320\b\032@\275<\364\310"
 440      3A40 3B68 
 440      03AD A005 
 440      3483 26D0 
 440      081A 40BD 
 441 0ebf D683 6F3D 		.ascii	"\326\203o=\377\017(-\2655"
 441      FF0F 282D 
 441      B535 
 442               		.text
 443               		.section	.gnu.lto_.symbol_nodes.5a6d6b3a,"",@progbits
 444 0000 789C 6367 		.string	"x\234cg`f\340b"
 444      6066 E062 
 444      00
 445 0009 0256 4686 		.string	"\002VF\206F%\020\003"
 445      4625 1003 
 445      00
 446 0012 0531 00   		.string	"\0051"
 447 0015 BE        		.ascii	"\276"
 448               		.text
 449               		.section	.gnu.lto_.refs.5a6d6b3a,"",@progbits
 450 0000 789C 6367 		.string	"x\234cg`f`d"
 450      6066 6064 
 450      00
 451 0009 0200      		.string	"\002"
 452 000b 00        		.string	""
 453 000c 6200      		.string	"b"
 454 000e 0C        		.ascii	"\f"
 455               		.text
 456               		.section	.gnu.lto_.decls.5a6d6b3a,"",@progbits
 457 0000 789C 6367 		.string	"x\234cg`f\370\301\310\300\220\305\300\300\020\002\304\377\201\200\tH_d@\005@%\fg\321\304f
 457      6066 F8C1 
 457      C8C0 90C5 
 457      C0C0 1002 
 457      C4FF 8180 
 458 002a F119 06DC 		.string	"\361\031\006\334`\"3\343\324o\323\3662331\202\330\367\236\3158\316\303,"
 458      6022 33E3 
 458      D46F D3F6 
 458      3233 3331 
 458      82D8 F79E 
 459 0044 66CF 9C28 		.string	"f\317\234(\305\302\304\300\270\207\221\031\242\356\304\231i\337x:\230\031\205\270\030\033
 459      C5C2 C4C0 
 459      B887 9119 
 459      A2EE C499 
 459      69DF 783A 
 460 0067 F922 40BE 		.string	"\371\"@\276"
 460      00
 461 006c 90BF 64C7 		.string	"\220\277d\307\313]L\314\022`\275S\346\357\234\315m\260\256\001\0028b\031\030\017\200\215a
 461      CB5D 4CCC 
 461      1260 BD53 
 461      E6EF 9CCD 
 461      6DB0 AE01 
 462 00bb 293B C228 		.string	");\302(\303x\230\021\350E\306\243\214\\@R_\206\361\020\220\213d\266\f\324\354\t\215\367\0
 462      C378 9811 
 462      E845 C6A3 
 462      8C5C 4052 
 462      5F86 F110 
 463 0118 3904 4430 		.string	"9\004D022\236d\344b\334\017T\260\017\354\224S\214B0\007\201\224\377\373\271\352\0243\314\
 463      3232 9E64 
 463      E462 DC0F 
 463      54B0 0FEC 
 463      9453 8C42 
 464 016e 0BC6 3199 		.string	"\013\3061\231\265020\236eTc\340u\366t5\26446\214w\016\r\nse/(\312O\317M\315\025),M\314+)\
 464      B530 3230 
 464      9E65 5463 
 464      E075 F674 
 464      35B4 3436 
 465 01c9 EAEB B72A 		.ascii	"\352\353\267*"
 466               		.text
 467               		.section	.gnu.lto_.symtab.5a6d6b3a,"",@progbits
 468 0000 4349 4531 		.string	"CIE1931_CURVE"
 468      3933 315F 
 468      4355 5256 
 468      4500 
 469 000e 00        		.string	""
 470 000f 00        		.string	""
 471 0010 00        		.string	""
 472 0011 00        		.string	""
 473 0012 00        		.string	""
 474 0013 00        		.string	""
 475 0014 00        		.string	""
 476 0015 00        		.string	""
 477 0016 00        		.string	""
 478 0017 00        		.string	""
 479 0018 00        		.string	""
 480 0019 CD00      		.string	"\315"
 481 001b 00        		.string	""
 482 001c 00        		.string	""
 483               		.text
 484               		.section	.gnu.lto_.opts,"",@progbits
 485 0000 272D 666E 		.string	"'-fno-openmp' '-fno-openacc' '-fno-pie' '-mn-flash=1' '-mno-skip-bug' '-mmcu=avr5' '-Os' 
 485      6F2D 6F70 
 485      656E 6D70 
 485      2720 272D 
 485      666E 6F2D 
 486               		.text
 487               		.comm	__gnu_lto_v1,1,1
 488               		.comm	__gnu_lto_slim,1,1
 489               		.ident	"GCC: (GNU) 8.4.0"
DEFINED SYMBOLS
                            *ABS*:0000000000000000 led_tables.c
C:\Users\gazed\AppData\Local\Temp\cciA8cC1.s:2      *ABS*:000000000000003e __SP_H__
C:\Users\gazed\AppData\Local\Temp\cciA8cC1.s:3      *ABS*:000000000000003d __SP_L__
C:\Users\gazed\AppData\Local\Temp\cciA8cC1.s:4      *ABS*:000000000000003f __SREG__
C:\Users\gazed\AppData\Local\Temp\cciA8cC1.s:5      *ABS*:0000000000000000 __tmp_reg__
C:\Users\gazed\AppData\Local\Temp\cciA8cC1.s:6      *ABS*:0000000000000001 __zero_reg__
C:\Users\gazed\AppData\Local\Temp\cciA8cC1.s:14     .gnu.debuglto_.debug_info:0000000000000000 led_tables.c.73181575
                            *COM*:0000000000000001 __gnu_lto_v1
                            *COM*:0000000000000001 __gnu_lto_slim

NO UNDEFINED SYMBOLS
