   1               		.file	"ws2812.c"
   2               	__SP_H__ = 0x3e
   3               	__SP_L__ = 0x3d
   4               	__SREG__ = 0x3f
   5               	__tmp_reg__ = 0
   6               	__zero_reg__ = 1
   7               		.file 1 "c:\\program files\\qmk_msys\\mingw64\\avr\\include\\stdint.h"
   8               		.file 2 "./quantum/color.h"
   9               		.file 3 "drivers/avr/ws2812.c"
  10               		.file 4 "c:\\program files\\qmk_msys\\mingw64\\avr\\include\\util\\delay.h"
  11               		.section	.gnu.debuglto_.debug_info,"",@progbits
  12               	.Ldebug_info0:
  13               		.hidden	ws2812.c.927752a2
  14               		.weak	ws2812.c.927752a2
  15               	ws2812.c.927752a2:
  16 0000 B901 0000 		.long	0x1b9
  17 0004 0200      		.word	0x2
  18 0006 0000 0000 		.long	.Ldebug_abbrev0
  19 000a 04        		.byte	0x4
  20 000b 01        		.uleb128 0x1
  21 000c 0000 0000 		.long	.LASF27
  22 0010 0C        		.byte	0xc
  23 0011 0000 0000 		.long	.LASF28
  24 0015 0000 0000 		.long	.LASF29
  25 0019 0000 0000 		.long	.Ldebug_line0
  26 001d 02        		.uleb128 0x2
  27 001e 01        		.byte	0x1
  28 001f 06        		.byte	0x6
  29 0020 0000 0000 		.long	.LASF0
  30 0024 03        		.uleb128 0x3
  31 0025 0000 0000 		.long	.LASF2
  32 0029 01        		.byte	0x1
  33 002a 7E        		.byte	0x7e
  34 002b 16        		.byte	0x16
  35 002c 3000 0000 		.long	0x30
  36 0030 02        		.uleb128 0x2
  37 0031 01        		.byte	0x1
  38 0032 08        		.byte	0x8
  39 0033 0000 0000 		.long	.LASF1
  40 0037 04        		.uleb128 0x4
  41 0038 02        		.byte	0x2
  42 0039 05        		.byte	0x5
  43 003a 696E 7400 		.string	"int"
  44 003e 03        		.uleb128 0x3
  45 003f 0000 0000 		.long	.LASF3
  46 0043 01        		.byte	0x1
  47 0044 80        		.byte	0x80
  48 0045 16        		.byte	0x16
  49 0046 4A00 0000 		.long	0x4a
  50 004a 02        		.uleb128 0x2
  51 004b 02        		.byte	0x2
  52 004c 07        		.byte	0x7
  53 004d 0000 0000 		.long	.LASF4
  54 0051 02        		.uleb128 0x2
  55 0052 04        		.byte	0x4
  56 0053 05        		.byte	0x5
  57 0054 0000 0000 		.long	.LASF5
  58 0058 03        		.uleb128 0x3
  59 0059 0000 0000 		.long	.LASF6
  60 005d 01        		.byte	0x1
  61 005e 82        		.byte	0x82
  62 005f 16        		.byte	0x16
  63 0060 6400 0000 		.long	0x64
  64 0064 02        		.uleb128 0x2
  65 0065 04        		.byte	0x4
  66 0066 07        		.byte	0x7
  67 0067 0000 0000 		.long	.LASF7
  68 006b 02        		.uleb128 0x2
  69 006c 08        		.byte	0x8
  70 006d 05        		.byte	0x5
  71 006e 0000 0000 		.long	.LASF8
  72 0072 02        		.uleb128 0x2
  73 0073 08        		.byte	0x8
  74 0074 07        		.byte	0x7
  75 0075 0000 0000 		.long	.LASF9
  76 0079 05        		.uleb128 0x5
  77 007a 03        		.byte	0x3
  78 007b 02        		.byte	0x2
  79 007c 2E        		.byte	0x2e
  80 007d 09        		.byte	0x9
  81 007e AA00 0000 		.long	0xaa
  82 0082 06        		.uleb128 0x6
  83 0083 6700      		.string	"g"
  84 0085 02        		.byte	0x2
  85 0086 30        		.byte	0x30
  86 0087 0D        		.byte	0xd
  87 0088 2400 0000 		.long	0x24
  88 008c 02        		.byte	0x2
  89 008d 23        		.byte	0x23
  90 008e 00        		.uleb128 0
  91 008f 06        		.uleb128 0x6
  92 0090 7200      		.string	"r"
  93 0092 02        		.byte	0x2
  94 0093 31        		.byte	0x31
  95 0094 0D        		.byte	0xd
  96 0095 2400 0000 		.long	0x24
  97 0099 02        		.byte	0x2
  98 009a 23        		.byte	0x23
  99 009b 01        		.uleb128 0x1
 100 009c 06        		.uleb128 0x6
 101 009d 6200      		.string	"b"
 102 009f 02        		.byte	0x2
 103 00a0 32        		.byte	0x32
 104 00a1 0D        		.byte	0xd
 105 00a2 2400 0000 		.long	0x24
 106 00a6 02        		.byte	0x2
 107 00a7 23        		.byte	0x23
 108 00a8 02        		.uleb128 0x2
 109 00a9 00        		.byte	0
 110 00aa 03        		.uleb128 0x3
 111 00ab 0000 0000 		.long	.LASF10
 112 00af 02        		.byte	0x2
 113 00b0 3C        		.byte	0x3c
 114 00b1 03        		.byte	0x3
 115 00b2 7900 0000 		.long	0x79
 116 00b6 07        		.uleb128 0x7
 117 00b7 5247 4200 		.string	"RGB"
 118 00bb 02        		.byte	0x2
 119 00bc 3E        		.byte	0x3e
 120 00bd 0E        		.byte	0xe
 121 00be AA00 0000 		.long	0xaa
 122 00c2 08        		.uleb128 0x8
 123 00c3 0000 0000 		.long	.LASF19
 124 00c7 03        		.byte	0x3
 125 00c8 6F        		.byte	0x6f
 126 00c9 14        		.byte	0x14
 127 00ca 01        		.byte	0x1
 128 00cb 2401 0000 		.long	0x124
 129 00cf 09        		.uleb128 0x9
 130 00d0 0000 0000 		.long	.LASF11
 131 00d4 03        		.byte	0x3
 132 00d5 6F        		.byte	0x6f
 133 00d6 33        		.byte	0x33
 134 00d7 2401 0000 		.long	0x124
 135 00db 09        		.uleb128 0x9
 136 00dc 0000 0000 		.long	.LASF12
 137 00e0 03        		.byte	0x3
 138 00e1 6F        		.byte	0x6f
 139 00e2 42        		.byte	0x42
 140 00e3 3E00 0000 		.long	0x3e
 141 00e7 09        		.uleb128 0x9
 142 00e8 0000 0000 		.long	.LASF13
 143 00ec 03        		.byte	0x3
 144 00ed 6F        		.byte	0x6f
 145 00ee 52        		.byte	0x52
 146 00ef 2400 0000 		.long	0x24
 147 00f3 09        		.uleb128 0x9
 148 00f4 0000 0000 		.long	.LASF14
 149 00f8 03        		.byte	0x3
 150 00f9 6F        		.byte	0x6f
 151 00fa 62        		.byte	0x62
 152 00fb 2400 0000 		.long	0x24
 153 00ff 0A        		.uleb128 0xa
 154 0100 0000 0000 		.long	.LASF15
 155 0104 03        		.byte	0x3
 156 0105 70        		.byte	0x70
 157 0106 0D        		.byte	0xd
 158 0107 2400 0000 		.long	0x24
 159 010b 0B        		.uleb128 0xb
 160 010c 6374 7200 		.string	"ctr"
 161 0110 03        		.byte	0x3
 162 0111 70        		.byte	0x70
 163 0112 16        		.byte	0x16
 164 0113 2400 0000 		.long	0x24
 165 0117 0A        		.uleb128 0xa
 166 0118 0000 0000 		.long	.LASF16
 167 011c 03        		.byte	0x3
 168 011d 70        		.byte	0x70
 169 011e 1B        		.byte	0x1b
 170 011f 2400 0000 		.long	0x24
 171 0123 00        		.byte	0
 172 0124 0C        		.uleb128 0xc
 173 0125 02        		.byte	0x2
 174 0126 2400 0000 		.long	0x24
 175 012a 0D        		.uleb128 0xd
 176 012b 01        		.byte	0x1
 177 012c 0000 0000 		.long	.LASF24
 178 0130 03        		.byte	0x3
 179 0131 27        		.byte	0x27
 180 0132 06        		.byte	0x6
 181 0133 01        		.byte	0x1
 182 0134 6901 0000 		.long	0x169
 183 0138 09        		.uleb128 0x9
 184 0139 0000 0000 		.long	.LASF17
 185 013d 03        		.byte	0x3
 186 013e 27        		.byte	0x27
 187 013f 1F        		.byte	0x1f
 188 0140 6901 0000 		.long	0x169
 189 0144 09        		.uleb128 0x9
 190 0145 0000 0000 		.long	.LASF18
 191 0149 03        		.byte	0x3
 192 014a 27        		.byte	0x27
 193 014b 32        		.byte	0x32
 194 014c 3E00 0000 		.long	0x3e
 195 0150 0A        		.uleb128 0xa
 196 0151 0000 0000 		.long	.LASF13
 197 0155 03        		.byte	0x3
 198 0156 2A        		.byte	0x2a
 199 0157 0D        		.byte	0xd
 200 0158 2400 0000 		.long	0x24
 201 015c 0A        		.uleb128 0xa
 202 015d 0000 0000 		.long	.LASF14
 203 0161 03        		.byte	0x3
 204 0162 2B        		.byte	0x2b
 205 0163 0D        		.byte	0xd
 206 0164 2400 0000 		.long	0x24
 207 0168 00        		.byte	0
 208 0169 0C        		.uleb128 0xc
 209 016a 02        		.byte	0x2
 210 016b B600 0000 		.long	0xb6
 211 016f 08        		.uleb128 0x8
 212 0170 0000 0000 		.long	.LASF20
 213 0174 04        		.byte	0x4
 214 0175 FF        		.byte	0xff
 215 0176 01        		.byte	0x1
 216 0177 01        		.byte	0x1
 217 0178 B501 0000 		.long	0x1b5
 218 017c 09        		.uleb128 0x9
 219 017d 0000 0000 		.long	.LASF21
 220 0181 04        		.byte	0x4
 221 0182 FF        		.byte	0xff
 222 0183 12        		.byte	0x12
 223 0184 B501 0000 		.long	0x1b5
 224 0188 0E        		.uleb128 0xe
 225 0189 0000 0000 		.long	.LASF22
 226 018d 04        		.byte	0x4
 227 018e 0101      		.word	0x101
 228 0190 09        		.byte	0x9
 229 0191 B501 0000 		.long	0x1b5
 230 0195 0E        		.uleb128 0xe
 231 0196 0000 0000 		.long	.LASF23
 232 019a 04        		.byte	0x4
 233 019b 0501      		.word	0x105
 234 019d 0B        		.byte	0xb
 235 019e 5800 0000 		.long	0x58
 236 01a2 0F        		.uleb128 0xf
 237 01a3 01        		.byte	0x1
 238 01a4 0000 0000 		.long	.LASF25
 239 01a8 04        		.byte	0x4
 240 01a9 0601      		.word	0x106
 241 01ab 0E        		.byte	0xe
 242 01ac 01        		.byte	0x1
 243 01ad 01        		.byte	0x1
 244 01ae 10        		.uleb128 0x10
 245 01af 6400 0000 		.long	0x64
 246 01b3 00        		.byte	0
 247 01b4 00        		.byte	0
 248 01b5 02        		.uleb128 0x2
 249 01b6 04        		.byte	0x4
 250 01b7 04        		.byte	0x4
 251 01b8 0000 0000 		.long	.LASF26
 252 01bc 00        		.byte	0
 253               		.section	.gnu.debuglto_.debug_abbrev,"",@progbits
 254               	.Ldebug_abbrev0:
 255 0000 01        		.uleb128 0x1
 256 0001 11        		.uleb128 0x11
 257 0002 01        		.byte	0x1
 258 0003 25        		.uleb128 0x25
 259 0004 0E        		.uleb128 0xe
 260 0005 13        		.uleb128 0x13
 261 0006 0B        		.uleb128 0xb
 262 0007 03        		.uleb128 0x3
 263 0008 0E        		.uleb128 0xe
 264 0009 1B        		.uleb128 0x1b
 265 000a 0E        		.uleb128 0xe
 266 000b 10        		.uleb128 0x10
 267 000c 06        		.uleb128 0x6
 268 000d 00        		.byte	0
 269 000e 00        		.byte	0
 270 000f 02        		.uleb128 0x2
 271 0010 24        		.uleb128 0x24
 272 0011 00        		.byte	0
 273 0012 0B        		.uleb128 0xb
 274 0013 0B        		.uleb128 0xb
 275 0014 3E        		.uleb128 0x3e
 276 0015 0B        		.uleb128 0xb
 277 0016 03        		.uleb128 0x3
 278 0017 0E        		.uleb128 0xe
 279 0018 00        		.byte	0
 280 0019 00        		.byte	0
 281 001a 03        		.uleb128 0x3
 282 001b 16        		.uleb128 0x16
 283 001c 00        		.byte	0
 284 001d 03        		.uleb128 0x3
 285 001e 0E        		.uleb128 0xe
 286 001f 3A        		.uleb128 0x3a
 287 0020 0B        		.uleb128 0xb
 288 0021 3B        		.uleb128 0x3b
 289 0022 0B        		.uleb128 0xb
 290 0023 39        		.uleb128 0x39
 291 0024 0B        		.uleb128 0xb
 292 0025 49        		.uleb128 0x49
 293 0026 13        		.uleb128 0x13
 294 0027 00        		.byte	0
 295 0028 00        		.byte	0
 296 0029 04        		.uleb128 0x4
 297 002a 24        		.uleb128 0x24
 298 002b 00        		.byte	0
 299 002c 0B        		.uleb128 0xb
 300 002d 0B        		.uleb128 0xb
 301 002e 3E        		.uleb128 0x3e
 302 002f 0B        		.uleb128 0xb
 303 0030 03        		.uleb128 0x3
 304 0031 08        		.uleb128 0x8
 305 0032 00        		.byte	0
 306 0033 00        		.byte	0
 307 0034 05        		.uleb128 0x5
 308 0035 13        		.uleb128 0x13
 309 0036 01        		.byte	0x1
 310 0037 0B        		.uleb128 0xb
 311 0038 0B        		.uleb128 0xb
 312 0039 3A        		.uleb128 0x3a
 313 003a 0B        		.uleb128 0xb
 314 003b 3B        		.uleb128 0x3b
 315 003c 0B        		.uleb128 0xb
 316 003d 39        		.uleb128 0x39
 317 003e 0B        		.uleb128 0xb
 318 003f 01        		.uleb128 0x1
 319 0040 13        		.uleb128 0x13
 320 0041 00        		.byte	0
 321 0042 00        		.byte	0
 322 0043 06        		.uleb128 0x6
 323 0044 0D        		.uleb128 0xd
 324 0045 00        		.byte	0
 325 0046 03        		.uleb128 0x3
 326 0047 08        		.uleb128 0x8
 327 0048 3A        		.uleb128 0x3a
 328 0049 0B        		.uleb128 0xb
 329 004a 3B        		.uleb128 0x3b
 330 004b 0B        		.uleb128 0xb
 331 004c 39        		.uleb128 0x39
 332 004d 0B        		.uleb128 0xb
 333 004e 49        		.uleb128 0x49
 334 004f 13        		.uleb128 0x13
 335 0050 38        		.uleb128 0x38
 336 0051 0A        		.uleb128 0xa
 337 0052 00        		.byte	0
 338 0053 00        		.byte	0
 339 0054 07        		.uleb128 0x7
 340 0055 16        		.uleb128 0x16
 341 0056 00        		.byte	0
 342 0057 03        		.uleb128 0x3
 343 0058 08        		.uleb128 0x8
 344 0059 3A        		.uleb128 0x3a
 345 005a 0B        		.uleb128 0xb
 346 005b 3B        		.uleb128 0x3b
 347 005c 0B        		.uleb128 0xb
 348 005d 39        		.uleb128 0x39
 349 005e 0B        		.uleb128 0xb
 350 005f 49        		.uleb128 0x49
 351 0060 13        		.uleb128 0x13
 352 0061 00        		.byte	0
 353 0062 00        		.byte	0
 354 0063 08        		.uleb128 0x8
 355 0064 2E        		.uleb128 0x2e
 356 0065 01        		.byte	0x1
 357 0066 03        		.uleb128 0x3
 358 0067 0E        		.uleb128 0xe
 359 0068 3A        		.uleb128 0x3a
 360 0069 0B        		.uleb128 0xb
 361 006a 3B        		.uleb128 0x3b
 362 006b 0B        		.uleb128 0xb
 363 006c 39        		.uleb128 0x39
 364 006d 0B        		.uleb128 0xb
 365 006e 27        		.uleb128 0x27
 366 006f 0C        		.uleb128 0xc
 367 0070 01        		.uleb128 0x1
 368 0071 13        		.uleb128 0x13
 369 0072 00        		.byte	0
 370 0073 00        		.byte	0
 371 0074 09        		.uleb128 0x9
 372 0075 05        		.uleb128 0x5
 373 0076 00        		.byte	0
 374 0077 03        		.uleb128 0x3
 375 0078 0E        		.uleb128 0xe
 376 0079 3A        		.uleb128 0x3a
 377 007a 0B        		.uleb128 0xb
 378 007b 3B        		.uleb128 0x3b
 379 007c 0B        		.uleb128 0xb
 380 007d 39        		.uleb128 0x39
 381 007e 0B        		.uleb128 0xb
 382 007f 49        		.uleb128 0x49
 383 0080 13        		.uleb128 0x13
 384 0081 00        		.byte	0
 385 0082 00        		.byte	0
 386 0083 0A        		.uleb128 0xa
 387 0084 34        		.uleb128 0x34
 388 0085 00        		.byte	0
 389 0086 03        		.uleb128 0x3
 390 0087 0E        		.uleb128 0xe
 391 0088 3A        		.uleb128 0x3a
 392 0089 0B        		.uleb128 0xb
 393 008a 3B        		.uleb128 0x3b
 394 008b 0B        		.uleb128 0xb
 395 008c 39        		.uleb128 0x39
 396 008d 0B        		.uleb128 0xb
 397 008e 49        		.uleb128 0x49
 398 008f 13        		.uleb128 0x13
 399 0090 00        		.byte	0
 400 0091 00        		.byte	0
 401 0092 0B        		.uleb128 0xb
 402 0093 34        		.uleb128 0x34
 403 0094 00        		.byte	0
 404 0095 03        		.uleb128 0x3
 405 0096 08        		.uleb128 0x8
 406 0097 3A        		.uleb128 0x3a
 407 0098 0B        		.uleb128 0xb
 408 0099 3B        		.uleb128 0x3b
 409 009a 0B        		.uleb128 0xb
 410 009b 39        		.uleb128 0x39
 411 009c 0B        		.uleb128 0xb
 412 009d 49        		.uleb128 0x49
 413 009e 13        		.uleb128 0x13
 414 009f 00        		.byte	0
 415 00a0 00        		.byte	0
 416 00a1 0C        		.uleb128 0xc
 417 00a2 0F        		.uleb128 0xf
 418 00a3 00        		.byte	0
 419 00a4 0B        		.uleb128 0xb
 420 00a5 0B        		.uleb128 0xb
 421 00a6 49        		.uleb128 0x49
 422 00a7 13        		.uleb128 0x13
 423 00a8 00        		.byte	0
 424 00a9 00        		.byte	0
 425 00aa 0D        		.uleb128 0xd
 426 00ab 2E        		.uleb128 0x2e
 427 00ac 01        		.byte	0x1
 428 00ad 3F        		.uleb128 0x3f
 429 00ae 0C        		.uleb128 0xc
 430 00af 03        		.uleb128 0x3
 431 00b0 0E        		.uleb128 0xe
 432 00b1 3A        		.uleb128 0x3a
 433 00b2 0B        		.uleb128 0xb
 434 00b3 3B        		.uleb128 0x3b
 435 00b4 0B        		.uleb128 0xb
 436 00b5 39        		.uleb128 0x39
 437 00b6 0B        		.uleb128 0xb
 438 00b7 27        		.uleb128 0x27
 439 00b8 0C        		.uleb128 0xc
 440 00b9 01        		.uleb128 0x1
 441 00ba 13        		.uleb128 0x13
 442 00bb 00        		.byte	0
 443 00bc 00        		.byte	0
 444 00bd 0E        		.uleb128 0xe
 445 00be 34        		.uleb128 0x34
 446 00bf 00        		.byte	0
 447 00c0 03        		.uleb128 0x3
 448 00c1 0E        		.uleb128 0xe
 449 00c2 3A        		.uleb128 0x3a
 450 00c3 0B        		.uleb128 0xb
 451 00c4 3B        		.uleb128 0x3b
 452 00c5 05        		.uleb128 0x5
 453 00c6 39        		.uleb128 0x39
 454 00c7 0B        		.uleb128 0xb
 455 00c8 49        		.uleb128 0x49
 456 00c9 13        		.uleb128 0x13
 457 00ca 00        		.byte	0
 458 00cb 00        		.byte	0
 459 00cc 0F        		.uleb128 0xf
 460 00cd 2E        		.uleb128 0x2e
 461 00ce 01        		.byte	0x1
 462 00cf 3F        		.uleb128 0x3f
 463 00d0 0C        		.uleb128 0xc
 464 00d1 03        		.uleb128 0x3
 465 00d2 0E        		.uleb128 0xe
 466 00d3 3A        		.uleb128 0x3a
 467 00d4 0B        		.uleb128 0xb
 468 00d5 3B        		.uleb128 0x3b
 469 00d6 05        		.uleb128 0x5
 470 00d7 39        		.uleb128 0x39
 471 00d8 0B        		.uleb128 0xb
 472 00d9 27        		.uleb128 0x27
 473 00da 0C        		.uleb128 0xc
 474 00db 3C        		.uleb128 0x3c
 475 00dc 0C        		.uleb128 0xc
 476 00dd 00        		.byte	0
 477 00de 00        		.byte	0
 478 00df 10        		.uleb128 0x10
 479 00e0 05        		.uleb128 0x5
 480 00e1 00        		.byte	0
 481 00e2 49        		.uleb128 0x49
 482 00e3 13        		.uleb128 0x13
 483 00e4 00        		.byte	0
 484 00e5 00        		.byte	0
 485 00e6 00        		.byte	0
 486               		.section	.gnu.debuglto_.debug_line,"",@progbits
 487               	.Ldebug_line0:
 488 0000 C100 0000 		.long	.LELT0-.LSLT0
 489               	.LSLT0:
 490 0004 0200      		.word	0x2
 491 0006 BB00 0000 		.long	.LELTP0-.LASLTP0
 492               	.LASLTP0:
 493 000a 01        		.byte	0x1
 494 000b 01        		.byte	0x1
 495 000c F6        		.byte	0xf6
 496 000d F2        		.byte	0xf2
 497 000e 0D        		.byte	0xd
 498 000f 00        		.byte	0
 499 0010 01        		.byte	0x1
 500 0011 01        		.byte	0x1
 501 0012 01        		.byte	0x1
 502 0013 01        		.byte	0x1
 503 0014 00        		.byte	0
 504 0015 00        		.byte	0
 505 0016 00        		.byte	0
 506 0017 01        		.byte	0x1
 507 0018 00        		.byte	0
 508 0019 00        		.byte	0
 509 001a 01        		.byte	0x1
 510 001b 633A 5C70 		.ascii	"c:\\program files\\qmk_msys\\mingw64\\avr\\include"
 510      726F 6772 
 510      616D 2066 
 510      696C 6573 
 510      5C71 6D6B 
 511 0048 00        		.byte	0
 512 0049 633A 5C70 		.ascii	"c:\\program files\\qmk_msys\\mingw64\\avr\\include\\util"
 512      726F 6772 
 512      616D 2066 
 512      696C 6573 
 512      5C71 6D6B 
 513 007b 00        		.byte	0
 514 007c 6472 6976 		.ascii	"drivers/avr"
 514      6572 732F 
 514      6176 72
 515 0087 00        		.byte	0
 516 0088 7175 616E 		.ascii	"quantum"
 516      7475 6D
 517 008f 00        		.byte	0
 518 0090 00        		.byte	0
 519 0091 7374 6469 		.string	"stdint.h"
 519      6E74 2E68 
 519      00
 520 009a 01        		.uleb128 0x1
 521 009b 00        		.uleb128 0
 522 009c 00        		.uleb128 0
 523 009d 636F 6C6F 		.string	"color.h"
 523      722E 6800 
 524 00a5 04        		.uleb128 0x4
 525 00a6 00        		.uleb128 0
 526 00a7 00        		.uleb128 0
 527 00a8 7773 3238 		.string	"ws2812.c"
 527      3132 2E63 
 527      00
 528 00b1 03        		.uleb128 0x3
 529 00b2 00        		.uleb128 0
 530 00b3 00        		.uleb128 0
 531 00b4 7574 696C 		.string	"util\\delay.h"
 531      5C64 656C 
 531      6179 2E68 
 531      00
 532 00c1 01        		.uleb128 0x1
 533 00c2 00        		.uleb128 0
 534 00c3 00        		.uleb128 0
 535 00c4 00        		.byte	0
 536               	.LELTP0:
 537               	.LELT0:
 538               		.section	.gnu.debuglto_.debug_str,"MS",@progbits,1
 539               	.LASF17:
 540 0000 6C65 6461 		.string	"ledarray"
 540      7272 6179 
 540      00
 541               	.LASF4:
 542 0009 756E 7369 		.string	"unsigned int"
 542      676E 6564 
 542      2069 6E74 
 542      00
 543               	.LASF21:
 544 0016 5F5F 7573 		.string	"__us"
 544      00
 545               	.LASF25:
 546 001b 5F5F 6275 		.string	"__builtin_avr_delay_cycles"
 546      696C 7469 
 546      6E5F 6176 
 546      725F 6465 
 546      6C61 795F 
 547               	.LASF24:
 548 0036 7773 3238 		.string	"ws2812_setleds"
 548      3132 5F73 
 548      6574 6C65 
 548      6473 00
 549               	.LASF11:
 550 0045 6461 7461 		.string	"data"
 550      00
 551               	.LASF1:
 552 004a 756E 7369 		.string	"unsigned char"
 552      676E 6564 
 552      2063 6861 
 552      7200 
 553               	.LASF18:
 554 0058 6E75 6D62 		.string	"number_of_leds"
 554      6572 5F6F 
 554      665F 6C65 
 554      6473 00
 555               	.LASF7:
 556 0067 6C6F 6E67 		.string	"long unsigned int"
 556      2075 6E73 
 556      6967 6E65 
 556      6420 696E 
 556      7400 
 557               	.LASF15:
 558 0079 6375 7262 		.string	"curbyte"
 558      7974 6500 
 559               	.LASF27:
 560 0081 474E 5520 		.string	"GNU C99 8.4.0 -mn-flash=1 -mno-skip-bug -mmcu=avr5 -gdwarf-2 -Os -std=gnu99 -funsigned-ch
 560      4339 3920 
 560      382E 342E 
 560      3020 2D6D 
 560      6E2D 666C 
 561               	.LASF26:
 562 0169 646F 7562 		.string	"double"
 562      6C65 00
 563               	.LASF14:
 564 0170 6D61 736B 		.string	"maskhi"
 564      6869 00
 565               	.LASF22:
 566 0177 5F5F 746D 		.string	"__tmp"
 566      7000 
 567               	.LASF29:
 568 017d 433A 5C55 		.string	"C:\\Users\\gazed\\qmk_firmware"
 568      7365 7273 
 568      5C67 617A 
 568      6564 5C71 
 568      6D6B 5F66 
 569               	.LASF28:
 570 0199 6472 6976 		.string	"drivers/avr/ws2812.c"
 570      6572 732F 
 570      6176 722F 
 570      7773 3238 
 570      3132 2E63 
 571               	.LASF20:
 572 01ae 5F64 656C 		.string	"_delay_us"
 572      6179 5F75 
 572      7300 
 573               	.LASF9:
 574 01b8 6C6F 6E67 		.string	"long long unsigned int"
 574      206C 6F6E 
 574      6720 756E 
 574      7369 676E 
 574      6564 2069 
 575               	.LASF2:
 576 01cf 7569 6E74 		.string	"uint8_t"
 576      385F 7400 
 577               	.LASF13:
 578 01d7 6D61 736B 		.string	"masklo"
 578      6C6F 00
 579               	.LASF12:
 580 01de 6461 746C 		.string	"datlen"
 580      656E 00
 581               	.LASF8:
 582 01e5 6C6F 6E67 		.string	"long long int"
 582      206C 6F6E 
 582      6720 696E 
 582      7400 
 583               	.LASF16:
 584 01f3 7372 6567 		.string	"sreg_prev"
 584      5F70 7265 
 584      7600 
 585               	.LASF23:
 586 01fd 5F5F 7469 		.string	"__ticks_dc"
 586      636B 735F 
 586      6463 00
 587               	.LASF3:
 588 0208 7569 6E74 		.string	"uint16_t"
 588      3136 5F74 
 588      00
 589               	.LASF19:
 590 0211 7773 3238 		.string	"ws2812_sendarray_mask"
 590      3132 5F73 
 590      656E 6461 
 590      7272 6179 
 590      5F6D 6173 
 591               	.LASF6:
 592 0227 7569 6E74 		.string	"uint32_t"
 592      3332 5F74 
 592      00
 593               	.LASF5:
 594 0230 6C6F 6E67 		.string	"long int"
 594      2069 6E74 
 594      00
 595               	.LASF10:
 596 0239 6352 4742 		.string	"cRGB"
 596      00
 597               	.LASF0:
 598 023e 7369 676E 		.string	"signed char"
 598      6564 2063 
 598      6861 7200 
 599               		.text
 600               		.section	.gnu.lto_.profile.59ac8cc3,"",@progbits
 601 0000 789C 6367 		.string	"x\234cg`f`d"
 601      6066 6064 
 601      00
 602 0009 0200      		.string	"\002"
 603 000b 00        		.string	""
 604 000c 6200      		.string	"b"
 605 000e 0C        		.ascii	"\f"
 606               		.text
 607               		.section	.gnu.lto_.icf.59ac8cc3,"",@progbits
 608 0000 789C 6367 		.string	"x\234cg`f\340c@"
 608      6066 E063 
 608      4000 
 609 000a 2686 93D3 		.string	"&\206\223\323Nmed|\372\373\374E&\006"
 609      4E6D 6564 
 609      7CFA FBFC 
 609      4526 0600 
 610 001a 30F2 067D 		.ascii	"0\362\006}"
 611               		.text
 612               		.section	.gnu.lto_.jmpfuncs.59ac8cc3,"",@progbits
 613 0000 789C 558E 		.ascii	"x\234U\216\261\016\001A\024E\337}ocU\226~\177\310O\021\022\211"
 613      B10E 0141 
 613      1445 DF7D 
 613      6F63 5596 
 613      7E7F C84F 
 614 0017 68D0 9946 		.ascii	"h\320\231FK6Ql!\n\226i4\376\300\027(\211F\271\356\230b\343%w"
 614      4B36 516C 
 614      210A 9669 
 614      34FE C017 
 614      2889 46B9 
 615 0031 32B9 39E7 		.ascii	"2\2719\347\315\244b\362\220fT\022p\262\2413a\300h\b\02408\263"
 615      CDA4 62F2 
 615      9066 5412 
 615      70B2 A133 
 615      61C0 6808 
 616 0049 502A 9686 		.ascii	"P*\226\206[Q\026\230\232\263\004\276\207#r\201\007\257<D\332"
 616      5B51 1698 
 616      9AB3 04BE 
 616      8723 7281 
 616      07AF 3C44 
 617 005e 3AE0 B250 		.ascii	":\340\262P\bS\327&\332\2473y\3377\235\340\204e'\344\370C\032"
 617      0853 D726 
 617      DAA7 3379 
 617      DF37 9DE0 
 617      8465 27E4 
 618 0075 E1C9 2F10 		.ascii	"\341\311/\020\037\315\027\273,\340J\260B\316\312}\366+\215\025"
 618      1FCD 17BB 
 618      2CE0 4AB0 
 618      42CE CA7D 
 618      F62B 8D15 
 619 0089 A133 5F6D 		.ascii	"\2413_mVD\351\260\336\216[\221\350\342\362\223\252\331\365\225"
 619      5644 E9B0 
 619      DE8E 5B91 
 619      E8E2 F293 
 619      AAD9 F595 
 620 009d C68A 90A7 		.ascii	"\306\212\220\247\364\005\341\3729\203"
 620      F405 E1FA 
 620      3983 
 621               		.text
 622               		.section	.gnu.lto_.inline.59ac8cc3,"",@progbits
 623 0000 789C 6367 		.string	"x\234cg`f(b@"
 623      6066 2862 
 623      4000 
 624 000a 2606 06F5 		.string	"&\006\006\365\206\206\206\007,\351\214\214\214\002\214@\001\017 \367"
 624      8686 8607 
 624      2CE9 8C8C 
 624      8C02 8C40 
 624      010F 20F7 
 625 001f 4B3A 0303 		.string	"K:\003\003\033\220\321\300\222\314\004T\303\002T\311\310 \370\377\377\377\371liP\205\314|
 625      1B90 D1C0 
 625      92CC 0454 
 625      C302 54C9 
 625      C820 F8FF 
 626 0057 CB47 1808 		.ascii	"\313G\030\b"
 627               		.text
 628               		.section	.gnu.lto_.pureconst.59ac8cc3,"",@progbits
 629 0000 789C 6367 		.string	"x\234cg`f`g```b\330\305\3128\213\005"
 629      6066 6067 
 629      6060 6062 
 629      D8C5 CA38 
 629      8B05 00
 630 0013 05EB 0172 		.ascii	"\005\353\001r"
 631               		.text
 632               		.section	.gnu.lto_ws2812_sendarray_mask.59ac8cc3,"",@progbits
 633 0000 789C CD54 		.ascii	"x\234\315TiL\\U\024\276\347\335\367f"
 633      694C 5C55 
 633      14BE E7DD 
 633      F766 
 634 000e 6544 4D6C 		.string	"eDMlj\205dB\002!\225P\230j@\223\0325\361\207\277\374a\342\037c\224e\"\350\260\344\r\305\3
 634      6A85 6442 
 634      0221 9550 
 634      986A 4093 
 634      1A35 F187 
 635 010f 02DF 4032 		.string	"\002\337@2\"F\006k\376\262\3214\201\376x\276\361\210IG\017o\256d\001\360S\031\023\217\306
 635      2246 066B 
 635      FEB2 D134 
 635      81FE 78BE 
 635      F188 4947 
 636 01fe F718 817B 		.ascii	"\367\030\201{L\302o\0261\026\302\231\254\300+\025\003\274\332"
 636      4CC2 6F16 
 636      3116 C299 
 636      ACC0 2B15 
 636      03BC DA
 637 0211 36C2 7909 		.ascii	"6\302y\t\251\244\344\367;m\231\300\002\244\212J\302,\017\220"
 637      A9A4 E4F7 
 637      3B6D 99C0 
 637      02A4 8A4A 
 637      C22C 0F90 
 638 0225 1960 079B 		.ascii	"\031`\007\233\274\212\310\203\333\207b\205y\003N\355\257[\246"
 638      BC8A C883 
 638      DB87 6285 
 638      7903 4EED 
 638      AF5B A6
 639 0238 DCF6 5119 		.ascii	"\334\366Q\031%x\274\357\037\025\243h\020\212Z\306\377,\267j\307"
 639      2578 BCEF 
 639      1F15 A368 
 639      108A 5AC6 
 639      FF2C B76A 
 640 024d 2BFC 3CD7 		.ascii	"+\374<\327\275\326lk\201&O\205\2075\266\002\366\313\b\347qp\316"
 640      BDD6 6C6B 
 640      8126 4F85 
 640      8735 B602 
 640      F6CB 08E7 
 641 0264 F1C1 810B 		.ascii	"\361\301\201\013\320\002\310^\326\370.'\344\351#\251x]\207\376"
 641      D002 C85E 
 641      D6F8 2E27 
 641      E4E9 23A9 
 641      785D 87FE 
 642 0278 EA39 F024 		.ascii	"\3529\360$\b\003\213\361*\362Mu\004\307\255\to4\262z\273\237"
 642      0803 8BF1 
 642      2AF2 4D75 
 642      04C7 AD09 
 642      6F34 B27A 
 643 028e 9AF8 1B9A 		.ascii	"\232\370\033\232o\366\266(\262\204\001AH\300\357\037@c\370JK"
 643      6FF6 B628 
 643      B284 0141 
 643      48C0 EF1F 
 643      4063 F84A 
 644 02a3 98A0 28EA 		.ascii	"\230\240(\352\255\034\031\244aU\335\336Gu)\345_V\371\215\232"
 644      AD1C 19A4 
 644      6155 DDDE 
 644      4775 29E5 
 644      5F56 F98D 
 645 02b8 14B3 0F77 		.ascii	"\024\263\017w\t{\203\311\330E.X2\364bP\331\376:\277\242\005Y"
 645      097B 83C9 
 645      D845 2E58 
 645      32F4 6250 
 645      D9FE 3ABF 
 646 02cf 22F5 52A1 		.ascii	"\"\365R\241\267\263\354\260\017\270>\334\331\306\023\\\237\302"
 646      B7B3 ECB0 
 646      0FB8 3EDC 
 646      D9C6 135C 
 646      9FC2 
 647 02e1 9942 42DE 		.ascii	"\231BB\336\217ay\255 8\317r}\026\221\304\264\236\304\034T\n}"
 647      8F61 79AD 
 647      2038 CF72 
 647      7D16 91C4 
 647      B49E C41C 
 648 02f8 32F6 3A0F 		.ascii	"2\366:\017\371z\333kV\315\t\277PM\240\231\277\342f\365\336\213"
 648      F97A DB6B 
 648      56CD 09BF 
 648      504D A099 
 648      BFE2 66F5 
 649 030e B142 E030 		.string	"\261B\3400\027\210\236\326\341\343\007%\364\300E\220}\324\2067?\001\357\305J\373\347\263\
 649      1788 9ED6 
 649      E1E3 0725 
 649      F4C0 4590 
 649      7DD4 8637 
 650 040f 5F71 10BC 		.ascii	"_q\020\274X\300Gr\325\374R\247\352\336\226U\252n{\307\355\310"
 650      58C0 4772 
 650      D5FC 52A7 
 650      EADE 9655 
 650      AA6E 7BC7 
 651 0425 4C77 A4E6 		.ascii	"Lw\244\346\02097\253$\353\341\3601\365)GF\306\223\216,\0071\240"
 651      1039 37AB 
 651      24EB E1F0 
 651      31F5 2947 
 651      46C6 938E 
 652 043d DFE5 2C34 		.ascii	"\337\345,4\024d\271\337v\025\211\237\274|\263[u\276\371z\261"
 652      1464 B9DF 
 652      7615 899F 
 652      BC7C B35B 
 652      75BE F97A 
 653 0452 EA2C A539 		.ascii	"\352,\2459%\2521g\247\232\275\253\304)\347\270\362\211\261\300"
 653      25AA 3167 
 653      A79A BDAB 
 653      C429 E7B8 
 653      F289 B1C0 
 654 0466 5950 A4EE 		.ascii	"YP\244\356\"\025\324\256=\256\334|\374NLK\311\264\333-fWQQq\342"
 654      2215 D4AE 
 654      3DAE DC7C 
 654      FC4E 4C4B 
 654      C9B4 DB2D 
 655 0480 8EA7 ED11 		.ascii	"\216\247\355\021\217\305\254\033E;Kx\244#%q\373]\247;[u\2433"
 655      8FC5 AC1B 
 655      453B 4B78 
 655      A423 2571 
 655      FB5D A73B 
 656 0498 3D25 E39E 		.ascii	"=%\343\236\221O\334u\272\334.\356L\3278\013\213\212\303\364\352"
 656      914F DC75 
 656      BADC 2EEE 
 656      4CD7 380B 
 656      8B8A C3F4 
 657 04ad 5B05 C5F6 		.ascii	"[\005\305\366\324\307\323\376\013\177\357\320\377\257\251\213"
 657      D4C7 D3FE 
 657      0B7F EFD0 
 657      FFAF A98B 
 658 04bd C875 E688 		.ascii	"\310u\346\210\302n\250a\266Z\350\304R\210*[\314D\336\221\224"
 658      C26E A861 
 658      B65A E8C4 
 658      5288 2A5B 
 658      CC44 DE91 
 659 04d2 4B24 9548 		.ascii	"K$\225H/\222\277\001\006\254uz"
 659      2F92 BF01 
 659      06AC 757A 
 660               		.text
 661               		.section	.gnu.lto_ws2812_setleds.59ac8cc3,"",@progbits
 662 0000 789C 7D55 		.string	"x\234}UmLSW\030>\357=\267\245-\024\230\311\226-a\006\222\205\020~\24027\335\226,&\313\376
 662      6D4C 5357 
 662      183E EF3D 
 662      B7A5 2D14 
 662      98C9 962D 
 663 0081 9764 6600 		.string	"\227df"
 664 0085 7258 82C3 		.string	"rX\202\303\360\t=J\341\357\225c?\2333\333\360\rSj\033_bm\n\004)!\001\374\252\037\270\b\23
 664      F009 3D4A 
 664      E1EF 9563 
 664      3F9B 33DB 
 664      F00D 536A 
 665 00b3 09D5 B1C9 		.ascii	"\t\325\261\311_\227\r\\\225 \031\325\206\305\363Sz\372\"\020"
 665      5F97 0D5C 
 665      9520 19D5 
 665      86C5 F353 
 665      7AFA 2210 
 666 00c7 94FF 3AFA 		.ascii	"\224\377:\372MH\237q\2021\037S\326>`\tAJ\241\027(2B\017\244\300"
 666      4D48 9F71 
 666      8231 1F53 
 666      D63E 6009 
 666      414A A117 
 667 00e1 2548 2104 		.ascii	"%H!\004\237\245}'\021\350\203\fD\260{\237\207\222\350v\201^\035"
 667      9FA5 7D27 
 667      11E8 830C 
 667      44B0 7B9F 
 667      8792 E876 
 668 00f8 69FF D3A4 		.ascii	"i\377\323\244\241\307?\344h\031\224\377\241\345\264+\210\356"
 668      A1C7 3FE4 
 668      6819 94FF 
 668      A1E5 B42B 
 668      88EE 
 669 010a 870C C231 		.ascii	"\207\f\3021\213U\267k\223\350;\002\037\230\250\t\031\323[\004"
 669      8B55 B76B 
 669      93E8 3B02 
 669      1F98 A809 
 669      19D3 5B04 
 670 011e 7EF6 16F5 		.ascii	"~\366\026\3653\305\233\032\244:\270\254r\274\232\002[SxZiw%n"
 670      33C5 9B1A 
 670      A43A B8AC 
 670      72BC 9A02 
 670      5B53 785A 
 671 0136 DE39 BAB6 		.ascii	"\3369\272\266\024O\337\023\320\345'\275\313&\r:\366.\253`\022"
 671      144F DF13 
 671      D0E5 27BD 
 671      CB26 0D3A 
 671      F62E AB60 
 672 014b 075E 8905 		.ascii	"\007^\211\005\216\n\340B\307z\265Y/\303UH\207\001H\327\n\006"
 672      8E0A E042 
 672      C77A B559 
 672      2FC3 5548 
 672      8701 48D7 
 673 0161 D740 4F80 		.ascii	"\327@O\200\020)\374\374\354\230Na\353\033\245LYo\201\272s\347"
 673      1029 FCFC 
 673      EC98 4E61 
 673      EB1B A54C 
 673      596F 81BA 
 674 0177 2011 307C 		.ascii	" \0210|\275\304\017\312\017\231\037:<\342\f\204\203\214\204\303"
 674      BDC4 0FCA 
 674      0F99 1F3A 
 674      3CE2 0C84 
 674      838C 84C3 
 675 018b 4CC0 938B 		.ascii	"L\300\223\213\007^ BJ(\361a\177d`\n9B%\257\220\213\025\262\b"
 675      075E 2042 
 675      4A28 F161 
 675      7F64 600A 
 675      3942 25AF 
 676 01a4 ACE9 A74C 		.ascii	"\254\351\247L\341\3637\270\\S\376{\034\227k)`|\336/*O\213~\031"
 676      E1F3 37B8 
 676      5C53 FE7B 
 676      1C97 6B29 
 676      607C DE2F 
 677 01bd 446E BFF4 		.ascii	"Dn\277\364<\350\220Tu+\252337\272\214\255\320\354\365{\031\226"
 677      3CE8 9054 
 677      752B AA33 
 677      3337 BA8C 
 677      ADD0 ECF5 
 678 01d4 C708 8358 		.ascii	"\307\b\203X\333\357yma\bZ\001\351\212\253JAe\223T\302H\307\365"
 678      DBEF 796D 
 678      6108 5A01 
 678      E98A AB4A 
 678      4165 9354 
 679 01ec 900C C368 		.ascii	"\220\f\303h\212.g?\0256\317&\274\216\204\310\"\242}\020\025\355"
 679      8A2E 673F 
 679      1536 CF26 
 679      BC8E 84C8 
 679      22A2 7D10 
 680 0202 54BC CACF 		.ascii	"T\274\312\317\247\260\276\347l\005\250\341mCu8\3209\251\213f"
 680      A7B0 BEE7 
 680      6C05 A8E1 
 680      6D43 7538 
 680      D039 A98B 
 681 0217 1B89 B0DD 		.ascii	"\033\211\260\335\320\302\253)\235\242*\336\240R\004W\316\327"
 681      D0C2 AB29 
 681      9DA2 2ADE 
 681      A052 0457 
 681      CED7 
 682 0229 890C 75B0 		.ascii	"\211\fu\260\004\020B\343E\360\245r\023^V4\023\001,E\0050\244"
 682      0410 42E3 
 682      45F0 A572 
 682      135E 5634 
 682      1301 2C45 
 683 0240 0520 3FDB 		.ascii	"\005 ?\333\343\017\221\202\204=\032\021#J\020\3610\300=\030\205"
 683      E30F 9182 
 683      843D 1A11 
 683      234A 10F1 
 683      30C0 3D18 
 684 0255 8795 B087 		.ascii	"\207\225\260\207\342\316#Z\005u\265\324\204>J\236L\235L\344\021"
 684      E2CE 235A 
 684      0575 B5D4 
 684      843E 4A9E 
 684      4C9D 4CE4 
 685 026a CA40 6114 		.ascii	"\312@a\024\341\367\241T\300y\203\032\332F6\214~\360y"
 685      E1F7 A154 
 685      C079 831A 
 685      DA46 368C 
 685      7EF0 79
 686 027d 0D41 6A0A 		.string	"\rAj\nP\234!\370\021\374@ji\274 \300,\215A\032/\\\374#\tT\330;\242\037\037/Y\245\352v\362
 686      509C 21F8 
 686      11FC 406A 
 686      69BC 20C0 
 686      2C8D 411A 
 687 037e 48F4 CD32 		.string	"H\364\3152\2137\3104/\005V"
 687      8B37 C834 
 687      2F05 5600 
 688 038a E6B0 0A44 		.string	"\346\260\nD\234|"
 688      9C7C 00
 689 0391 2EB4 4811 		.string	".\264H\021\271\373\225\210\330\023\026}_\357\346\022\247@\302\336K]\003\222\326\206\204\3
 689      B9FB 9588 
 689      D813 167D 
 689      5FEF E612 
 689      A740 C2DE 
 690 03cf F7C1 9F2A 		.ascii	"\367\301\237*\204\230\tN\f\340\245\317;\007\013|\2109.H\2238"
 690      8498 094E 
 690      0CE0 A5CF 
 690      3B07 0B7C 
 690      8839 2E48 
 691 03e5 F97C F99C 		.ascii	"\371|\371\234I\254\f\357\362\177\0134\375\2246\313\265?0\222"
 691      49AC 0CEF 
 691      F27F 0B34 
 691      FD94 36CB 
 691      B53F 3092 
 692 03f9 66B1 A2E2 		.ascii	"f\261\242\342\177\250\004\3574q\361\341P<\237\353v\034\264\273"
 692      7FA8 04EF 
 692      3471 F1E1 
 692      503C 9FEB 
 692      761C B4BB 
 693 040d 3D5B 6C07 		.ascii	"=[l\007\335[\016y\262wn\313\316\312!\006\247=\327\346v\333\212"
 693      DD5B 0E79 
 693      B277 6ECB 
 693      CECA 2106 
 693      A73D D7E6 
 694 0424 3685 1F65 		.ascii	"6\205\037e\275\221\275c\307k\331\266l\222\230_\350\332mw[\013"
 694      BD91 BD63 
 694      C76B D9B6 
 694      6C92 985F 
 694      E8DA 6D77 
 695 043a F658 D1CA 		.ascii	"\366X\321\312\243w\331<y\373\034\342\307Y [\255\205\236\267r"
 695      A377 D93C 
 695      79FB 1CE2 
 695      C759 205B 
 695      AD85 9EB7 
 696 044f DEB4 EC77 		.ascii	"\336\264\354w\027\354u\333\\\251{\034N\273\307\362\221+\317\352"
 696      17EC 75DB 
 696      5CA9 7B1C 
 696      4EBB C7F2 
 696      912B CFEA 
 697 0463 F214 792C 		.ascii	"\362\024y,.G\376\336C\257o\267\2407\213#?\307Y\230k\267\024\036"
 697      2E47 FEDE 
 697      43AF 6FB7 
 697      A037 8B23 
 697      3FC7 5998 
 698 047b 7038 2DB9 		.ascii	"p8-\271v\247\255(k\0371Y\255\007\0349y\036kn\216\016E\327\376"
 698      76A7 AD28 
 698      6B1F 3159 
 698      AD07 1C39 
 698      791E 6B6E 
 699 0494 7F01 0524 		.ascii	"\177\001\005$R\315"
 699      52CD 
 700               		.text
 701               		.section	.gnu.lto_.symbol_nodes.59ac8cc3,"",@progbits
 702 0000 789C 6367 		.string	"x\234cg`fHa"
 702      6066 4861 
 702      00
 703 0009 0226 F67A 		.string	"\002&\366z\206\217\277VX0N8\307\300P\317\300\260\263\341`\003\033\003#H\206\255\236\261\2
 703      868F BF56 
 703      5830 4E38 
 703      C7C0 50CF 
 703      C0B0 B3E1 
 704 0054 40D3 1F3B 		.ascii	"@\323\037;"
 705               		.text
 706               		.section	.gnu.lto_.refs.59ac8cc3,"",@progbits
 707 0000 789C 6367 		.string	"x\234cg`f`d"
 707      6066 6064 
 707      00
 708 0009 0200      		.string	"\002"
 709 000b 00        		.string	""
 710 000c 6200      		.string	"b"
 711 000e 0C        		.ascii	"\f"
 712               		.text
 713               		.section	.gnu.lto_.decls.59ac8cc3,"",@progbits
 714 0000 789C 8D56 		.string	"x\234\215VmLSW\030>\357\275\245\205+USu!\013?\2328b\374\003\210\233\237\373\265-\272_3Y\2
 714      6D4C 5357 
 714      183E EFBD 
 714      A585 2B55 
 714      5375 210B 
 715 00a8 E237 2BB1 		.string	"\3427+\261\240p\317\276z\361\301\302Y\234=a\234\261\204s\004\270\001\361^\0347)\272\005\2
 715      A070 CFBE 
 715      7AF1 C1C2 
 715      599C 3D61 
 715      9CB1 8473 
 716 0143 B170 1162 		.ascii	"\261p\021b)\276\266\377\334\220*z/\305\267\311\262\024\003\315"
 716      29BE B6FF 
 716      DC90 2A7A 
 716      2FC5 B7C9 
 716      B214 03CD 
 717 0157 2041 3D3E 		.ascii	" A=>\277\200\317\t\264@4[U\034i\t\305UcT\363f\324\354\027\303"
 717      BF80 CF09 
 717      B440 345B 
 717      551C 6909 
 717      C555 6354 
 718 0171 446F E6A2 		.ascii	"Do\346\242\033\362{\007$q=\273\367\272r=\021\\\b#&AV\370\023"
 718      1BF2 7B07 
 718      2471 3DBB 
 718      F7BA 723D 
 718      115C 0823 
 719 018a 5804 9372 		.ascii	"X\004\223r\031\235\227\250\363\nH\030\325y\266\025\237~\301\030"
 719      199D 97A8 
 719      F30A 4818 
 719      D579 B615 
 719      9F7E C118 
 720 019e 5A2A EF74 		.ascii	"Z*\357t\252\305\r\354\376\267\2267=\321\342\227\354\276\346\320"
 720      AAC5 0DEC 
 720      FEB7 9637 
 720      3DD1 E297 
 720      ECBE E6D0 
 721 01b2 9B7B 924A 		.ascii	"\233{\222J \320\312V\001=\207\273&\\Z\276\322TU\245\347\324T"
 721      20D0 CA56 
 721      013D 87BB 
 721      265C 5ABE 
 721      D254 55A5 
 722 01c9 045F E918 		.ascii	"\004_\351\030\234\226\270\252\036\213\342&\032\033qn\362\370"
 722      9C96 B8AA 
 722      1E8B E226 
 722      1A1B 716E 
 722      F2F8 
 723 01db 2A58 1417 		.ascii	"*X\024\027\027\267<\237\256\245G\006\024v\0035\\G\273\006*\002"
 723      17B7 3C9F 
 723      AEA5 4706 
 723      1476 0335 
 723      5C47 BB06 
 724 01f1 B760 1155 		.ascii	"\267`\021U\006\267a9\264A\034t\240\265C\034]\205clUo\025\351"
 724      06B7 6139 
 724      B441 1C74 
 724      A0B5 431C 
 724      5D85 636C 
 725 0209 BB72 B2E4 		.ascii	"\273r\262\344\232o\331R]\305Zh\b_e\002\t\364kEl\020\335\261A"
 725      9A6F D952 
 725      5DC5 5A68 
 725      085F 6502 
 725      09F4 6B45 
 726 0222 FE89 2FEA 		.ascii	"\376\211/\352\315YH\276\300a\320\326 \324=\013\232\030DVP\325"
 726      CD59 48BE 
 726      C061 D0D6 
 726      20D4 3D0B 
 726      9A18 4456 
 727 0238 4DA3 8522 		.ascii	"M\243\205\"\366\001\205\020\266\212\241\236{U8\370L#\246\320"
 727      F601 8510 
 727      B68A A19E 
 727      7B55 38F8 
 727      4C23 A6D0 
 728 024c 5A85 F60B 		.ascii	"Z\205\366\013\335-\",\232\243R\350\302\002\377\247X\236i`5M\324"
 728      DD2D 222C 
 728      9AA3 52E8 
 728      C202 FFA7 
 728      589E 6960 
 729 0263 89B0 BF50 		.ascii	"\211\260\277P\223\222\213%f\351\032\033\006\313\242E\013KW{\367"
 729      9392 8B25 
 729      66E9 1A1B 
 729      06CB A245 
 729      0B4B 577B 
 730 0278 58A1 76EE 		.ascii	"X\241v\356tw\336'\335\250\227\025\326\215"
 730      7477 DE27 
 730      DDA8 9715 
 730      D68D 
 731 0286 B8BF C3F2 		.string	"\270\277\303\362u\006\362\215V\237\360Ax\267Rd\250[{\224n\355a\335:|y\250N\203m\260\214v\
 731      7506 F28D 
 731      569F F041 
 731      78B7 5264 
 731      A85B 7B94 
 732 0387 1557 D2D9 		.ascii	"\025W\322\331\355\356U--\223\233<r\223\367\344\247\207\273\013"
 732      EDEE 552D 
 732      2D93 9B3C 
 732      7293 F7E4 
 732      A787 BB0B 
 733 039b 64D9 8571 		.ascii	"d\331\205q\330\240\210\204\007aM\367\200\235.\320\217\277\264"
 733      D8A0 8884 
 733      0761 4DF7 
 733      809D 2ED0 
 733      8FBF B4
 734 03ae BE19 AB7B 		.ascii	"\276\031\253{\002K\351\261}\254\347\231$\226\003\253\345\306"
 734      024B E9B1 
 734      7DAC E799 
 734      2496 03AB 
 734      E5C6 
 735 03c0 D4AB E742 		.ascii	"\324\253\347BP\"\257\30572Y\305ec\027\302?\\\341\323=]9\3329"
 735      5022 AFC5 
 735      3732 59C5 
 735      6563 17C2 
 735      3F5C E1D3 
 736 03d9 143E 670A 		.ascii	"\024>g\n\237\005\0246N\037\274\253E\205GQ\341tJ\256\334\224\205"
 736      9F05 1436 
 736      4E1F BCAB 
 736      4585 4751 
 736      E174 4AAE 
 737 03f0 4102 45C1 		.ascii	"A\002E\301\3230uO\303\324U\341Y8\310\324\311c\317\213%\261\226"
 737      D330 754F 
 737      C3D4 55E1 
 737      5938 C8D4 
 737      C963 CF8B 
 738 0407 AB3B 5D3D 		.ascii	"\253;]=Q#1%\313\002\342\016t\266UIs\350\3601\035\303\001\035"
 738      5123 3125 
 738      CB02 E20E 
 738      74B6 5549 
 738      73E8 F031 
 739 041f 15BB 2BB3 		.ascii	"\025\273+\263\242P\207\007\241\336\363\353\334\365\005r\236K"
 739      A250 8707 
 739      A1DE F3EB 
 739      DCF5 0572 
 739      9E4B 
 740 0431 D6CB 5114 		.ascii	"\326\313Q\024\bCaR\206\224\227\021\201\027L\304>\177\375^\r\335"
 740      0843 6152 
 740      8694 9711 
 740      8117 4CC4 
 740      3E7F FD5E 
 741 0447 2B39 EFF7 		.ascii	"+9\357\367\n\312\257\236\354\215\n\337\324/g\274\202F\224M=\302"
 741      0ACA AF9E 
 741      EC8D 0ADF 
 741      D42F 67BC 
 741      8246 944D 
 742 045d 36F5 D13D 		.ascii	"6\365\321=\217\246\201oS5\335au\273\033\330[FVbu\341\241\257"
 742      8FA6 816F 
 742      5335 DD61 
 742      75BB 1BD8 
 742      5B46 5662 
 743 0475 4162 4732 		.ascii	"AbG2\274\342\231\\\2777\2715<X\203\323\272\202\354=\363\371\036"
 743      BCE2 995C 
 743      BF37 B935 
 743      3C58 83D3 
 743      BA82 EC3D 
 744 048c 5F43 7BE3 		.ascii	"_C{\343\355\305\361h1\217\275s\305\306\246\366\\-H\261\200d\360"
 744      EDC5 F168 
 744      318F BD73 
 744      C5C6 A6F6 
 744      5C2D 48B1 
 745 04a3 8ED7 E95B 		.ascii	"\216\327\351[\254e\214\321O b\034\371\213d\204\371\276g\336\""
 745      AC65 8CD1 
 745      4F20 621C 
 745      F98B 6484 
 745      F9BE 67DE 
 746 04b8 3CC4 E888 		.ascii	"<\304\350\210\254\365g\352<\222n?UH\277p\207\340\003x\203A\243"
 746      ACF5 67EA 
 746      3C92 6E3F 
 746      5548 BF70 
 746      87E0 0378 
 747 04cf 4CE3 24E8 		.ascii	"L\343$\350\002J\331\204\026U\360\360\220f\316\242\246\002E]\347"
 747      024A D984 
 747      1655 F0F0 
 747      9066 CEA2 
 747      A602 455D 
 748 04e4 4595 544C 		.ascii	"E\225TL\f\250x\002_(A\340x\"0\315\022L\361\004\323,AI\253<\b"
 748      0CA8 7802 
 748      5F28 41E0 
 748      7822 30CD 
 748      124C F104 
 749 04ff 7326 F007 		.ascii	"s&\360\007\022$2\376\213\277\264\236\211\344\374m!\376\020\\"
 749      1224 32FE 
 749      8BBF B49E 
 749      89E4 FC6D 
 749      21FE 105C 
 750 0513 1674 8120 		.ascii	"\026t\201 6\301\220\327\303\345\217#\302\177Q\272\267B\021Y\002"
 750      36C1 90D7 
 750      C3E5 8F23 
 750      C27F 51BA 
 750      B742 1159 
 751 0528 FF45 7144 		.ascii	"\377EqDp\363\361\332\302\031g\272o\0068[\001g3peU\343MA\334\307"
 751      70F3 F1DA 
 751      C219 67BA 
 751      6F06 385B 
 751      0167 3370 
 752 0543 FF17 559D 		.ascii	"\377\027U\235:R3_<\310'?6\267\224\250\351\277\202\037\004\345"
 752      3A52 335F 
 752      3CC8 273F 
 752      36B7 94A8 
 752      E9BF 821F 
 753 0559 5F41 A8FF 		.ascii	"_A\250\3777\315{\217\376\337-\320\376w\tJ\377_\253\033t\253\225"
 753      37CD 7B8F 
 753      FEDF 2DD0 
 753      FE77 094A 
 753      FF5F AB1B 
 754 0570 9362 BA51 		.ascii	"\223b\272Q\340\033\261L\2420\310\021\224\356\207\\A\005y\302"
 754      E01B B14C 
 754      A230 C811 
 754      94EE 875C 
 754      4105 79C2 
 755 0584 52EA 096E 		.ascii	"R\352\tn\307a\024\201>\2628\305n\3110\333\035\t\306\f{\302.G"
 755      C761 1481 
 755      3EB2 38C5 
 755      6EC9 30DB 
 755      1D09 C60C 
 756 059c D29A 1549 		.ascii	"\322\232\025I\361\246\310\215_}\243\377|\355Z\242\013x\342\327"
 756      F1A6 C88D 
 756      5F7D A3FF 
 756      7CED 5AA2 
 756      0B78 E2D7 
 757 05b0 26AD 5EFD 		.ascii	"&\255^\375I\2221\211h\322-6\347\032\2033\222\216+V\031\234`\207"
 757      4992 3189 
 757      68D2 2D36 
 757      E71A 8333 
 757      928E 2B56 
 758 05c8 ADEA 1D46 		.ascii	"\255\352\035F\3236s\nl\321\305'\354L7\332\234\351i\t\246\355"
 758      D336 730A 
 758      6CD1 C527 
 758      EC4C 37DA 
 758      9CE9 6909 
 759 05de D6ED F6F8 		.ascii	"\326\355\366\370T\2422}\275\3613\021\215E\254L28\227pV\203\303"
 759      54A2 327D 
 759      BDF1 3311 
 759      8D45 AC4C 
 759      3238 9770 
 760 05f5 6C4B 31DA 		.ascii	"lK1\332\355\306LC\232\321\261m\311\273\224\220\371A\254\323j"
 760      EDC6 4C43 
 760      9AD1 B16D 
 760      C9BB 9490 
 760      F941 ACD3 
 761 060a 4E71 7C68 		.ascii	"Nq|h0lI\267X\235\026\233\001a\206\024\263\025\243M\231&\253\331"
 761      306C 49B7 
 761      589D 169B 
 761      0161 8614 
 761      B315 A34D 
 762 0622 B1DE B42E 		.ascii	"\261\336\264.y\207}\373V\2731M\377\235\005\035\311;\323\266\031"
 762      7987 7DFB 
 762      56BB 314D 
 762      FF9D 051D 
 762      C93B D3B6 
 763 0637 D21C 998E 		.ascii	"\322\034\231\216\3444\213m\353\256U\037'cH\262\305f\262\246\247"
 763      E434 8B6D 
 763      EBAE 551F 
 763      2763 48B2 
 763      C566 B2A6 
 764 064c 9893 D39D 		.ascii	"\230\223\323\235\026k2\213g\032S\215\366(\205.\335\2415Zw\031"
 764      166B 328B 
 764      671A 538D 
 764      F628 852E 
 764      DDA1 355A 
 765 0662 331D 068B 		.ascii	"3\035\006\213\315j\261\231\377\005\267\237*\203"
 765      CD6A B199 
 765      FF05 B79F 
 765      2A83 
 766               		.text
 767               		.section	.gnu.lto_.symtab.59ac8cc3,"",@progbits
 768 0000 7773 3238 		.string	"ws2812_setleds"
 768      3132 5F73 
 768      6574 6C65 
 768      6473 00
 769 000f 00        		.string	""
 770 0010 00        		.string	""
 771 0011 00        		.string	""
 772 0012 00        		.string	""
 773 0013 00        		.string	""
 774 0014 00        		.string	""
 775 0015 00        		.string	""
 776 0016 00        		.string	""
 777 0017 00        		.string	""
 778 0018 00        		.string	""
 779 0019 00        		.string	""
 780 001a ED00      		.string	"\355"
 781 001c 00        		.string	""
 782 001d 00        		.string	""
 783               		.text
 784               		.section	.gnu.lto_.opts,"",@progbits
 785 0000 272D 666E 		.string	"'-fno-openmp' '-fno-openacc' '-fno-pie' '-mn-flash=1' '-mno-skip-bug' '-mmcu=avr5' '-Os' 
 785      6F2D 6F70 
 785      656E 6D70 
 785      2720 272D 
 785      666E 6F2D 
 786               		.text
 787               		.comm	__gnu_lto_v1,1,1
 788               		.comm	__gnu_lto_slim,1,1
 789               		.ident	"GCC: (GNU) 8.4.0"
DEFINED SYMBOLS
                            *ABS*:0000000000000000 ws2812.c
C:\Users\gazed\AppData\Local\Temp\ccJ3ngzH.s:2      *ABS*:000000000000003e __SP_H__
C:\Users\gazed\AppData\Local\Temp\ccJ3ngzH.s:3      *ABS*:000000000000003d __SP_L__
C:\Users\gazed\AppData\Local\Temp\ccJ3ngzH.s:4      *ABS*:000000000000003f __SREG__
C:\Users\gazed\AppData\Local\Temp\ccJ3ngzH.s:5      *ABS*:0000000000000000 __tmp_reg__
C:\Users\gazed\AppData\Local\Temp\ccJ3ngzH.s:6      *ABS*:0000000000000001 __zero_reg__
C:\Users\gazed\AppData\Local\Temp\ccJ3ngzH.s:15     .gnu.debuglto_.debug_info:0000000000000000 ws2812.c.927752a2
                            *COM*:0000000000000001 __gnu_lto_v1
                            *COM*:0000000000000001 __gnu_lto_slim

NO UNDEFINED SYMBOLS
