   1               		.file	"ws2812.c"
   2               	__SP_H__ = 0x3e
   3               	__SP_L__ = 0x3d
   4               	__SREG__ = 0x3f
   5               	__tmp_reg__ = 0
   6               	__zero_reg__ = 1
   7               		.file 1 "c:\\program files\\qmk_msys\\mingw64\\avr\\include\\stdint.h"
   8               		.file 2 "./quantum/color.h"
   9               		.file 3 "drivers/avr/ws2812.c"
  10               		.file 4 "c:\\program files\\qmk_msys\\mingw64\\avr\\include\\util\\delay.h"
  11               		.section	.gnu.debuglto_.debug_info,"",@progbits
  12               	.Ldebug_info0:
  13               		.hidden	ws2812.c.927752a2
  14               		.weak	ws2812.c.927752a2
  15               	ws2812.c.927752a2:
  16 0000 B901 0000 		.long	0x1b9
  17 0004 0200      		.word	0x2
  18 0006 0000 0000 		.long	.Ldebug_abbrev0
  19 000a 04        		.byte	0x4
  20 000b 01        		.uleb128 0x1
  21 000c 0000 0000 		.long	.LASF27
  22 0010 0C        		.byte	0xc
  23 0011 0000 0000 		.long	.LASF28
  24 0015 0000 0000 		.long	.LASF29
  25 0019 0000 0000 		.long	.Ldebug_line0
  26 001d 02        		.uleb128 0x2
  27 001e 01        		.byte	0x1
  28 001f 06        		.byte	0x6
  29 0020 0000 0000 		.long	.LASF0
  30 0024 03        		.uleb128 0x3
  31 0025 0000 0000 		.long	.LASF2
  32 0029 01        		.byte	0x1
  33 002a 7E        		.byte	0x7e
  34 002b 16        		.byte	0x16
  35 002c 3000 0000 		.long	0x30
  36 0030 02        		.uleb128 0x2
  37 0031 01        		.byte	0x1
  38 0032 08        		.byte	0x8
  39 0033 0000 0000 		.long	.LASF1
  40 0037 04        		.uleb128 0x4
  41 0038 02        		.byte	0x2
  42 0039 05        		.byte	0x5
  43 003a 696E 7400 		.string	"int"
  44 003e 03        		.uleb128 0x3
  45 003f 0000 0000 		.long	.LASF3
  46 0043 01        		.byte	0x1
  47 0044 80        		.byte	0x80
  48 0045 16        		.byte	0x16
  49 0046 4A00 0000 		.long	0x4a
  50 004a 02        		.uleb128 0x2
  51 004b 02        		.byte	0x2
  52 004c 07        		.byte	0x7
  53 004d 0000 0000 		.long	.LASF4
  54 0051 02        		.uleb128 0x2
  55 0052 04        		.byte	0x4
  56 0053 05        		.byte	0x5
  57 0054 0000 0000 		.long	.LASF5
  58 0058 03        		.uleb128 0x3
  59 0059 0000 0000 		.long	.LASF6
  60 005d 01        		.byte	0x1
  61 005e 82        		.byte	0x82
  62 005f 16        		.byte	0x16
  63 0060 6400 0000 		.long	0x64
  64 0064 02        		.uleb128 0x2
  65 0065 04        		.byte	0x4
  66 0066 07        		.byte	0x7
  67 0067 0000 0000 		.long	.LASF7
  68 006b 02        		.uleb128 0x2
  69 006c 08        		.byte	0x8
  70 006d 05        		.byte	0x5
  71 006e 0000 0000 		.long	.LASF8
  72 0072 02        		.uleb128 0x2
  73 0073 08        		.byte	0x8
  74 0074 07        		.byte	0x7
  75 0075 0000 0000 		.long	.LASF9
  76 0079 05        		.uleb128 0x5
  77 007a 03        		.byte	0x3
  78 007b 02        		.byte	0x2
  79 007c 2E        		.byte	0x2e
  80 007d 09        		.byte	0x9
  81 007e AA00 0000 		.long	0xaa
  82 0082 06        		.uleb128 0x6
  83 0083 6700      		.string	"g"
  84 0085 02        		.byte	0x2
  85 0086 30        		.byte	0x30
  86 0087 0D        		.byte	0xd
  87 0088 2400 0000 		.long	0x24
  88 008c 02        		.byte	0x2
  89 008d 23        		.byte	0x23
  90 008e 00        		.uleb128 0
  91 008f 06        		.uleb128 0x6
  92 0090 7200      		.string	"r"
  93 0092 02        		.byte	0x2
  94 0093 31        		.byte	0x31
  95 0094 0D        		.byte	0xd
  96 0095 2400 0000 		.long	0x24
  97 0099 02        		.byte	0x2
  98 009a 23        		.byte	0x23
  99 009b 01        		.uleb128 0x1
 100 009c 06        		.uleb128 0x6
 101 009d 6200      		.string	"b"
 102 009f 02        		.byte	0x2
 103 00a0 32        		.byte	0x32
 104 00a1 0D        		.byte	0xd
 105 00a2 2400 0000 		.long	0x24
 106 00a6 02        		.byte	0x2
 107 00a7 23        		.byte	0x23
 108 00a8 02        		.uleb128 0x2
 109 00a9 00        		.byte	0
 110 00aa 03        		.uleb128 0x3
 111 00ab 0000 0000 		.long	.LASF10
 112 00af 02        		.byte	0x2
 113 00b0 3C        		.byte	0x3c
 114 00b1 03        		.byte	0x3
 115 00b2 7900 0000 		.long	0x79
 116 00b6 07        		.uleb128 0x7
 117 00b7 5247 4200 		.string	"RGB"
 118 00bb 02        		.byte	0x2
 119 00bc 3E        		.byte	0x3e
 120 00bd 0E        		.byte	0xe
 121 00be AA00 0000 		.long	0xaa
 122 00c2 08        		.uleb128 0x8
 123 00c3 0000 0000 		.long	.LASF19
 124 00c7 03        		.byte	0x3
 125 00c8 6F        		.byte	0x6f
 126 00c9 14        		.byte	0x14
 127 00ca 01        		.byte	0x1
 128 00cb 2401 0000 		.long	0x124
 129 00cf 09        		.uleb128 0x9
 130 00d0 0000 0000 		.long	.LASF11
 131 00d4 03        		.byte	0x3
 132 00d5 6F        		.byte	0x6f
 133 00d6 33        		.byte	0x33
 134 00d7 2401 0000 		.long	0x124
 135 00db 09        		.uleb128 0x9
 136 00dc 0000 0000 		.long	.LASF12
 137 00e0 03        		.byte	0x3
 138 00e1 6F        		.byte	0x6f
 139 00e2 42        		.byte	0x42
 140 00e3 3E00 0000 		.long	0x3e
 141 00e7 09        		.uleb128 0x9
 142 00e8 0000 0000 		.long	.LASF13
 143 00ec 03        		.byte	0x3
 144 00ed 6F        		.byte	0x6f
 145 00ee 52        		.byte	0x52
 146 00ef 2400 0000 		.long	0x24
 147 00f3 09        		.uleb128 0x9
 148 00f4 0000 0000 		.long	.LASF14
 149 00f8 03        		.byte	0x3
 150 00f9 6F        		.byte	0x6f
 151 00fa 62        		.byte	0x62
 152 00fb 2400 0000 		.long	0x24
 153 00ff 0A        		.uleb128 0xa
 154 0100 0000 0000 		.long	.LASF15
 155 0104 03        		.byte	0x3
 156 0105 70        		.byte	0x70
 157 0106 0D        		.byte	0xd
 158 0107 2400 0000 		.long	0x24
 159 010b 0B        		.uleb128 0xb
 160 010c 6374 7200 		.string	"ctr"
 161 0110 03        		.byte	0x3
 162 0111 70        		.byte	0x70
 163 0112 16        		.byte	0x16
 164 0113 2400 0000 		.long	0x24
 165 0117 0A        		.uleb128 0xa
 166 0118 0000 0000 		.long	.LASF16
 167 011c 03        		.byte	0x3
 168 011d 70        		.byte	0x70
 169 011e 1B        		.byte	0x1b
 170 011f 2400 0000 		.long	0x24
 171 0123 00        		.byte	0
 172 0124 0C        		.uleb128 0xc
 173 0125 02        		.byte	0x2
 174 0126 2400 0000 		.long	0x24
 175 012a 0D        		.uleb128 0xd
 176 012b 01        		.byte	0x1
 177 012c 0000 0000 		.long	.LASF24
 178 0130 03        		.byte	0x3
 179 0131 27        		.byte	0x27
 180 0132 06        		.byte	0x6
 181 0133 01        		.byte	0x1
 182 0134 6901 0000 		.long	0x169
 183 0138 09        		.uleb128 0x9
 184 0139 0000 0000 		.long	.LASF17
 185 013d 03        		.byte	0x3
 186 013e 27        		.byte	0x27
 187 013f 1F        		.byte	0x1f
 188 0140 6901 0000 		.long	0x169
 189 0144 09        		.uleb128 0x9
 190 0145 0000 0000 		.long	.LASF18
 191 0149 03        		.byte	0x3
 192 014a 27        		.byte	0x27
 193 014b 32        		.byte	0x32
 194 014c 3E00 0000 		.long	0x3e
 195 0150 0A        		.uleb128 0xa
 196 0151 0000 0000 		.long	.LASF13
 197 0155 03        		.byte	0x3
 198 0156 2A        		.byte	0x2a
 199 0157 0D        		.byte	0xd
 200 0158 2400 0000 		.long	0x24
 201 015c 0A        		.uleb128 0xa
 202 015d 0000 0000 		.long	.LASF14
 203 0161 03        		.byte	0x3
 204 0162 2B        		.byte	0x2b
 205 0163 0D        		.byte	0xd
 206 0164 2400 0000 		.long	0x24
 207 0168 00        		.byte	0
 208 0169 0C        		.uleb128 0xc
 209 016a 02        		.byte	0x2
 210 016b B600 0000 		.long	0xb6
 211 016f 08        		.uleb128 0x8
 212 0170 0000 0000 		.long	.LASF20
 213 0174 04        		.byte	0x4
 214 0175 FF        		.byte	0xff
 215 0176 01        		.byte	0x1
 216 0177 01        		.byte	0x1
 217 0178 B501 0000 		.long	0x1b5
 218 017c 09        		.uleb128 0x9
 219 017d 0000 0000 		.long	.LASF21
 220 0181 04        		.byte	0x4
 221 0182 FF        		.byte	0xff
 222 0183 12        		.byte	0x12
 223 0184 B501 0000 		.long	0x1b5
 224 0188 0E        		.uleb128 0xe
 225 0189 0000 0000 		.long	.LASF22
 226 018d 04        		.byte	0x4
 227 018e 0101      		.word	0x101
 228 0190 09        		.byte	0x9
 229 0191 B501 0000 		.long	0x1b5
 230 0195 0E        		.uleb128 0xe
 231 0196 0000 0000 		.long	.LASF23
 232 019a 04        		.byte	0x4
 233 019b 0501      		.word	0x105
 234 019d 0B        		.byte	0xb
 235 019e 5800 0000 		.long	0x58
 236 01a2 0F        		.uleb128 0xf
 237 01a3 01        		.byte	0x1
 238 01a4 0000 0000 		.long	.LASF25
 239 01a8 04        		.byte	0x4
 240 01a9 0601      		.word	0x106
 241 01ab 0E        		.byte	0xe
 242 01ac 01        		.byte	0x1
 243 01ad 01        		.byte	0x1
 244 01ae 10        		.uleb128 0x10
 245 01af 6400 0000 		.long	0x64
 246 01b3 00        		.byte	0
 247 01b4 00        		.byte	0
 248 01b5 02        		.uleb128 0x2
 249 01b6 04        		.byte	0x4
 250 01b7 04        		.byte	0x4
 251 01b8 0000 0000 		.long	.LASF26
 252 01bc 00        		.byte	0
 253               		.section	.gnu.debuglto_.debug_abbrev,"",@progbits
 254               	.Ldebug_abbrev0:
 255 0000 01        		.uleb128 0x1
 256 0001 11        		.uleb128 0x11
 257 0002 01        		.byte	0x1
 258 0003 25        		.uleb128 0x25
 259 0004 0E        		.uleb128 0xe
 260 0005 13        		.uleb128 0x13
 261 0006 0B        		.uleb128 0xb
 262 0007 03        		.uleb128 0x3
 263 0008 0E        		.uleb128 0xe
 264 0009 1B        		.uleb128 0x1b
 265 000a 0E        		.uleb128 0xe
 266 000b 10        		.uleb128 0x10
 267 000c 06        		.uleb128 0x6
 268 000d 00        		.byte	0
 269 000e 00        		.byte	0
 270 000f 02        		.uleb128 0x2
 271 0010 24        		.uleb128 0x24
 272 0011 00        		.byte	0
 273 0012 0B        		.uleb128 0xb
 274 0013 0B        		.uleb128 0xb
 275 0014 3E        		.uleb128 0x3e
 276 0015 0B        		.uleb128 0xb
 277 0016 03        		.uleb128 0x3
 278 0017 0E        		.uleb128 0xe
 279 0018 00        		.byte	0
 280 0019 00        		.byte	0
 281 001a 03        		.uleb128 0x3
 282 001b 16        		.uleb128 0x16
 283 001c 00        		.byte	0
 284 001d 03        		.uleb128 0x3
 285 001e 0E        		.uleb128 0xe
 286 001f 3A        		.uleb128 0x3a
 287 0020 0B        		.uleb128 0xb
 288 0021 3B        		.uleb128 0x3b
 289 0022 0B        		.uleb128 0xb
 290 0023 39        		.uleb128 0x39
 291 0024 0B        		.uleb128 0xb
 292 0025 49        		.uleb128 0x49
 293 0026 13        		.uleb128 0x13
 294 0027 00        		.byte	0
 295 0028 00        		.byte	0
 296 0029 04        		.uleb128 0x4
 297 002a 24        		.uleb128 0x24
 298 002b 00        		.byte	0
 299 002c 0B        		.uleb128 0xb
 300 002d 0B        		.uleb128 0xb
 301 002e 3E        		.uleb128 0x3e
 302 002f 0B        		.uleb128 0xb
 303 0030 03        		.uleb128 0x3
 304 0031 08        		.uleb128 0x8
 305 0032 00        		.byte	0
 306 0033 00        		.byte	0
 307 0034 05        		.uleb128 0x5
 308 0035 13        		.uleb128 0x13
 309 0036 01        		.byte	0x1
 310 0037 0B        		.uleb128 0xb
 311 0038 0B        		.uleb128 0xb
 312 0039 3A        		.uleb128 0x3a
 313 003a 0B        		.uleb128 0xb
 314 003b 3B        		.uleb128 0x3b
 315 003c 0B        		.uleb128 0xb
 316 003d 39        		.uleb128 0x39
 317 003e 0B        		.uleb128 0xb
 318 003f 01        		.uleb128 0x1
 319 0040 13        		.uleb128 0x13
 320 0041 00        		.byte	0
 321 0042 00        		.byte	0
 322 0043 06        		.uleb128 0x6
 323 0044 0D        		.uleb128 0xd
 324 0045 00        		.byte	0
 325 0046 03        		.uleb128 0x3
 326 0047 08        		.uleb128 0x8
 327 0048 3A        		.uleb128 0x3a
 328 0049 0B        		.uleb128 0xb
 329 004a 3B        		.uleb128 0x3b
 330 004b 0B        		.uleb128 0xb
 331 004c 39        		.uleb128 0x39
 332 004d 0B        		.uleb128 0xb
 333 004e 49        		.uleb128 0x49
 334 004f 13        		.uleb128 0x13
 335 0050 38        		.uleb128 0x38
 336 0051 0A        		.uleb128 0xa
 337 0052 00        		.byte	0
 338 0053 00        		.byte	0
 339 0054 07        		.uleb128 0x7
 340 0055 16        		.uleb128 0x16
 341 0056 00        		.byte	0
 342 0057 03        		.uleb128 0x3
 343 0058 08        		.uleb128 0x8
 344 0059 3A        		.uleb128 0x3a
 345 005a 0B        		.uleb128 0xb
 346 005b 3B        		.uleb128 0x3b
 347 005c 0B        		.uleb128 0xb
 348 005d 39        		.uleb128 0x39
 349 005e 0B        		.uleb128 0xb
 350 005f 49        		.uleb128 0x49
 351 0060 13        		.uleb128 0x13
 352 0061 00        		.byte	0
 353 0062 00        		.byte	0
 354 0063 08        		.uleb128 0x8
 355 0064 2E        		.uleb128 0x2e
 356 0065 01        		.byte	0x1
 357 0066 03        		.uleb128 0x3
 358 0067 0E        		.uleb128 0xe
 359 0068 3A        		.uleb128 0x3a
 360 0069 0B        		.uleb128 0xb
 361 006a 3B        		.uleb128 0x3b
 362 006b 0B        		.uleb128 0xb
 363 006c 39        		.uleb128 0x39
 364 006d 0B        		.uleb128 0xb
 365 006e 27        		.uleb128 0x27
 366 006f 0C        		.uleb128 0xc
 367 0070 01        		.uleb128 0x1
 368 0071 13        		.uleb128 0x13
 369 0072 00        		.byte	0
 370 0073 00        		.byte	0
 371 0074 09        		.uleb128 0x9
 372 0075 05        		.uleb128 0x5
 373 0076 00        		.byte	0
 374 0077 03        		.uleb128 0x3
 375 0078 0E        		.uleb128 0xe
 376 0079 3A        		.uleb128 0x3a
 377 007a 0B        		.uleb128 0xb
 378 007b 3B        		.uleb128 0x3b
 379 007c 0B        		.uleb128 0xb
 380 007d 39        		.uleb128 0x39
 381 007e 0B        		.uleb128 0xb
 382 007f 49        		.uleb128 0x49
 383 0080 13        		.uleb128 0x13
 384 0081 00        		.byte	0
 385 0082 00        		.byte	0
 386 0083 0A        		.uleb128 0xa
 387 0084 34        		.uleb128 0x34
 388 0085 00        		.byte	0
 389 0086 03        		.uleb128 0x3
 390 0087 0E        		.uleb128 0xe
 391 0088 3A        		.uleb128 0x3a
 392 0089 0B        		.uleb128 0xb
 393 008a 3B        		.uleb128 0x3b
 394 008b 0B        		.uleb128 0xb
 395 008c 39        		.uleb128 0x39
 396 008d 0B        		.uleb128 0xb
 397 008e 49        		.uleb128 0x49
 398 008f 13        		.uleb128 0x13
 399 0090 00        		.byte	0
 400 0091 00        		.byte	0
 401 0092 0B        		.uleb128 0xb
 402 0093 34        		.uleb128 0x34
 403 0094 00        		.byte	0
 404 0095 03        		.uleb128 0x3
 405 0096 08        		.uleb128 0x8
 406 0097 3A        		.uleb128 0x3a
 407 0098 0B        		.uleb128 0xb
 408 0099 3B        		.uleb128 0x3b
 409 009a 0B        		.uleb128 0xb
 410 009b 39        		.uleb128 0x39
 411 009c 0B        		.uleb128 0xb
 412 009d 49        		.uleb128 0x49
 413 009e 13        		.uleb128 0x13
 414 009f 00        		.byte	0
 415 00a0 00        		.byte	0
 416 00a1 0C        		.uleb128 0xc
 417 00a2 0F        		.uleb128 0xf
 418 00a3 00        		.byte	0
 419 00a4 0B        		.uleb128 0xb
 420 00a5 0B        		.uleb128 0xb
 421 00a6 49        		.uleb128 0x49
 422 00a7 13        		.uleb128 0x13
 423 00a8 00        		.byte	0
 424 00a9 00        		.byte	0
 425 00aa 0D        		.uleb128 0xd
 426 00ab 2E        		.uleb128 0x2e
 427 00ac 01        		.byte	0x1
 428 00ad 3F        		.uleb128 0x3f
 429 00ae 0C        		.uleb128 0xc
 430 00af 03        		.uleb128 0x3
 431 00b0 0E        		.uleb128 0xe
 432 00b1 3A        		.uleb128 0x3a
 433 00b2 0B        		.uleb128 0xb
 434 00b3 3B        		.uleb128 0x3b
 435 00b4 0B        		.uleb128 0xb
 436 00b5 39        		.uleb128 0x39
 437 00b6 0B        		.uleb128 0xb
 438 00b7 27        		.uleb128 0x27
 439 00b8 0C        		.uleb128 0xc
 440 00b9 01        		.uleb128 0x1
 441 00ba 13        		.uleb128 0x13
 442 00bb 00        		.byte	0
 443 00bc 00        		.byte	0
 444 00bd 0E        		.uleb128 0xe
 445 00be 34        		.uleb128 0x34
 446 00bf 00        		.byte	0
 447 00c0 03        		.uleb128 0x3
 448 00c1 0E        		.uleb128 0xe
 449 00c2 3A        		.uleb128 0x3a
 450 00c3 0B        		.uleb128 0xb
 451 00c4 3B        		.uleb128 0x3b
 452 00c5 05        		.uleb128 0x5
 453 00c6 39        		.uleb128 0x39
 454 00c7 0B        		.uleb128 0xb
 455 00c8 49        		.uleb128 0x49
 456 00c9 13        		.uleb128 0x13
 457 00ca 00        		.byte	0
 458 00cb 00        		.byte	0
 459 00cc 0F        		.uleb128 0xf
 460 00cd 2E        		.uleb128 0x2e
 461 00ce 01        		.byte	0x1
 462 00cf 3F        		.uleb128 0x3f
 463 00d0 0C        		.uleb128 0xc
 464 00d1 03        		.uleb128 0x3
 465 00d2 0E        		.uleb128 0xe
 466 00d3 3A        		.uleb128 0x3a
 467 00d4 0B        		.uleb128 0xb
 468 00d5 3B        		.uleb128 0x3b
 469 00d6 05        		.uleb128 0x5
 470 00d7 39        		.uleb128 0x39
 471 00d8 0B        		.uleb128 0xb
 472 00d9 27        		.uleb128 0x27
 473 00da 0C        		.uleb128 0xc
 474 00db 3C        		.uleb128 0x3c
 475 00dc 0C        		.uleb128 0xc
 476 00dd 00        		.byte	0
 477 00de 00        		.byte	0
 478 00df 10        		.uleb128 0x10
 479 00e0 05        		.uleb128 0x5
 480 00e1 00        		.byte	0
 481 00e2 49        		.uleb128 0x49
 482 00e3 13        		.uleb128 0x13
 483 00e4 00        		.byte	0
 484 00e5 00        		.byte	0
 485 00e6 00        		.byte	0
 486               		.section	.gnu.debuglto_.debug_line,"",@progbits
 487               	.Ldebug_line0:
 488 0000 C100 0000 		.long	.LELT0-.LSLT0
 489               	.LSLT0:
 490 0004 0200      		.word	0x2
 491 0006 BB00 0000 		.long	.LELTP0-.LASLTP0
 492               	.LASLTP0:
 493 000a 01        		.byte	0x1
 494 000b 01        		.byte	0x1
 495 000c F6        		.byte	0xf6
 496 000d F2        		.byte	0xf2
 497 000e 0D        		.byte	0xd
 498 000f 00        		.byte	0
 499 0010 01        		.byte	0x1
 500 0011 01        		.byte	0x1
 501 0012 01        		.byte	0x1
 502 0013 01        		.byte	0x1
 503 0014 00        		.byte	0
 504 0015 00        		.byte	0
 505 0016 00        		.byte	0
 506 0017 01        		.byte	0x1
 507 0018 00        		.byte	0
 508 0019 00        		.byte	0
 509 001a 01        		.byte	0x1
 510 001b 633A 5C70 		.ascii	"c:\\program files\\qmk_msys\\mingw64\\avr\\include"
 510      726F 6772 
 510      616D 2066 
 510      696C 6573 
 510      5C71 6D6B 
 511 0048 00        		.byte	0
 512 0049 633A 5C70 		.ascii	"c:\\program files\\qmk_msys\\mingw64\\avr\\include\\util"
 512      726F 6772 
 512      616D 2066 
 512      696C 6573 
 512      5C71 6D6B 
 513 007b 00        		.byte	0
 514 007c 6472 6976 		.ascii	"drivers/avr"
 514      6572 732F 
 514      6176 72
 515 0087 00        		.byte	0
 516 0088 7175 616E 		.ascii	"quantum"
 516      7475 6D
 517 008f 00        		.byte	0
 518 0090 00        		.byte	0
 519 0091 7374 6469 		.string	"stdint.h"
 519      6E74 2E68 
 519      00
 520 009a 01        		.uleb128 0x1
 521 009b 00        		.uleb128 0
 522 009c 00        		.uleb128 0
 523 009d 636F 6C6F 		.string	"color.h"
 523      722E 6800 
 524 00a5 04        		.uleb128 0x4
 525 00a6 00        		.uleb128 0
 526 00a7 00        		.uleb128 0
 527 00a8 7773 3238 		.string	"ws2812.c"
 527      3132 2E63 
 527      00
 528 00b1 03        		.uleb128 0x3
 529 00b2 00        		.uleb128 0
 530 00b3 00        		.uleb128 0
 531 00b4 7574 696C 		.string	"util\\delay.h"
 531      5C64 656C 
 531      6179 2E68 
 531      00
 532 00c1 01        		.uleb128 0x1
 533 00c2 00        		.uleb128 0
 534 00c3 00        		.uleb128 0
 535 00c4 00        		.byte	0
 536               	.LELTP0:
 537               	.LELT0:
 538               		.section	.gnu.debuglto_.debug_str,"MS",@progbits,1
 539               	.LASF17:
 540 0000 6C65 6461 		.string	"ledarray"
 540      7272 6179 
 540      00
 541               	.LASF4:
 542 0009 756E 7369 		.string	"unsigned int"
 542      676E 6564 
 542      2069 6E74 
 542      00
 543               	.LASF21:
 544 0016 5F5F 7573 		.string	"__us"
 544      00
 545               	.LASF25:
 546 001b 5F5F 6275 		.string	"__builtin_avr_delay_cycles"
 546      696C 7469 
 546      6E5F 6176 
 546      725F 6465 
 546      6C61 795F 
 547               	.LASF24:
 548 0036 7773 3238 		.string	"ws2812_setleds"
 548      3132 5F73 
 548      6574 6C65 
 548      6473 00
 549               	.LASF11:
 550 0045 6461 7461 		.string	"data"
 550      00
 551               	.LASF1:
 552 004a 756E 7369 		.string	"unsigned char"
 552      676E 6564 
 552      2063 6861 
 552      7200 
 553               	.LASF18:
 554 0058 6E75 6D62 		.string	"number_of_leds"
 554      6572 5F6F 
 554      665F 6C65 
 554      6473 00
 555               	.LASF7:
 556 0067 6C6F 6E67 		.string	"long unsigned int"
 556      2075 6E73 
 556      6967 6E65 
 556      6420 696E 
 556      7400 
 557               	.LASF15:
 558 0079 6375 7262 		.string	"curbyte"
 558      7974 6500 
 559               	.LASF27:
 560 0081 474E 5520 		.string	"GNU C99 8.4.0 -mn-flash=1 -mno-skip-bug -mmcu=avr5 -gdwarf-2 -Os -std=gnu99 -funsigned-ch
 560      4339 3920 
 560      382E 342E 
 560      3020 2D6D 
 560      6E2D 666C 
 561               	.LASF26:
 562 0169 646F 7562 		.string	"double"
 562      6C65 00
 563               	.LASF14:
 564 0170 6D61 736B 		.string	"maskhi"
 564      6869 00
 565               	.LASF22:
 566 0177 5F5F 746D 		.string	"__tmp"
 566      7000 
 567               	.LASF29:
 568 017d 433A 5C55 		.string	"C:\\Users\\gazed\\qmk_firmware"
 568      7365 7273 
 568      5C67 617A 
 568      6564 5C71 
 568      6D6B 5F66 
 569               	.LASF28:
 570 0199 6472 6976 		.string	"drivers/avr/ws2812.c"
 570      6572 732F 
 570      6176 722F 
 570      7773 3238 
 570      3132 2E63 
 571               	.LASF20:
 572 01ae 5F64 656C 		.string	"_delay_us"
 572      6179 5F75 
 572      7300 
 573               	.LASF9:
 574 01b8 6C6F 6E67 		.string	"long long unsigned int"
 574      206C 6F6E 
 574      6720 756E 
 574      7369 676E 
 574      6564 2069 
 575               	.LASF2:
 576 01cf 7569 6E74 		.string	"uint8_t"
 576      385F 7400 
 577               	.LASF13:
 578 01d7 6D61 736B 		.string	"masklo"
 578      6C6F 00
 579               	.LASF12:
 580 01de 6461 746C 		.string	"datlen"
 580      656E 00
 581               	.LASF8:
 582 01e5 6C6F 6E67 		.string	"long long int"
 582      206C 6F6E 
 582      6720 696E 
 582      7400 
 583               	.LASF16:
 584 01f3 7372 6567 		.string	"sreg_prev"
 584      5F70 7265 
 584      7600 
 585               	.LASF23:
 586 01fd 5F5F 7469 		.string	"__ticks_dc"
 586      636B 735F 
 586      6463 00
 587               	.LASF3:
 588 0208 7569 6E74 		.string	"uint16_t"
 588      3136 5F74 
 588      00
 589               	.LASF19:
 590 0211 7773 3238 		.string	"ws2812_sendarray_mask"
 590      3132 5F73 
 590      656E 6461 
 590      7272 6179 
 590      5F6D 6173 
 591               	.LASF6:
 592 0227 7569 6E74 		.string	"uint32_t"
 592      3332 5F74 
 592      00
 593               	.LASF5:
 594 0230 6C6F 6E67 		.string	"long int"
 594      2069 6E74 
 594      00
 595               	.LASF10:
 596 0239 6352 4742 		.string	"cRGB"
 596      00
 597               	.LASF0:
 598 023e 7369 676E 		.string	"signed char"
 598      6564 2063 
 598      6861 7200 
 599               		.text
 600               		.section	.gnu.lto_.profile.98e08a5f,"",@progbits
 601 0000 789C 6367 		.string	"x\234cg`f`d"
 601      6066 6064 
 601      00
 602 0009 0200      		.string	"\002"
 603 000b 00        		.string	""
 604 000c 6200      		.string	"b"
 605 000e 0C        		.ascii	"\f"
 606               		.text
 607               		.section	.gnu.lto_.icf.98e08a5f,"",@progbits
 608 0000 789C 6367 		.string	"x\234cg`f\340c@"
 608      6066 E063 
 608      4000 
 609 000a 2686 93D3 		.string	"&\206\223\323Nmed|u\374c#7\003"
 609      4E6D 6564 
 609      7C75 FC63 
 609      2337 0300 
 610 001a 2FB6 0629 		.ascii	"/\266\006)"
 611               		.text
 612               		.section	.gnu.lto_.jmpfuncs.98e08a5f,"",@progbits
 613 0000 789C 558E 		.ascii	"x\234U\216\275\016\001A\024\205\357\271wbU\326\003l\347i\274"
 613      BD0E 0141 
 613      1485 EFB9 
 613      7762 55D6 
 613      036C E769 
 614 0015 94BF 4422 		.ascii	"\224\277D\"\032t&\022J\032\245(X\266\341\001t\236@I4\312u\306"
 614      1A74 2612 
 614      4A1A A528 
 614      58B6 E101 
 614      749E 4049 
 615 002d 141B 3739 		.ascii	"\024\03379\223\311\311\367\335\231DL\036R\215\212\003'\355z\023"
 615      93C9 C9F7 
 615      DD99 444C 
 615      1E52 8D8A 
 615      0327 ED7A 
 616 0042 068C 8640 		.ascii	"\006\214\206@\001\2037\013\245bf\270\336V\01372o\016\275\026"
 616      0183 370B 
 616      A562 66B8 
 616      DE56 0B37 
 616      326F 0EBD 
 617 0057 0EC8 0405 		.ascii	"\016\310\004\005x\345!R\327\016\227\205B\230\2624\3216\235\341"
 617      78E5 2152 
 617      D70E 9785 
 617      4298 B234 
 617      D136 9DE1 
 618 006b FBBE 6E04 		.ascii	"\373\276n\004',;\"\303\037R\tO~\201x\1772\335\246\001W\20292"
 618      272C 3B22 
 618      C31F 5209 
 618      4F7E 8178 
 618      7F32 DDA6 
 619 0084 56FE B39B 		.ascii	"V\376\263\233k\254\b\235\370j\265\"J\373\345fP\213D\023\347\237"
 619      6BAC 089D 
 619      F86A B522 
 619      4AFB E566 
 619      508B 4413 
 620 009a 948F 2FAF 		.ascii	"\224\217/\257$V\204\nJ_\250c9-"
 620      2456 840A 
 620      4A5F A863 
 620      392D 
 621               		.text
 622               		.section	.gnu.lto_.inline.98e08a5f,"",@progbits
 623 0000 789C 6367 		.string	"x\234cg`f(b@"
 623      6066 2862 
 623      4000 
 624 000a 2606 0699 		.string	"&\006\006\231\206\206\206\007li\214\214\214\002\214@\001# w\001[\032\003\003\033\220\321\
 624      8686 8607 
 624      6C69 8C8C 
 624      8C02 8C40 
 624      0123 2077 
 625 0055 B389 17C9 		.ascii	"\263\211\027\311"
 626               		.text
 627               		.section	.gnu.lto_.pureconst.98e08a5f,"",@progbits
 628 0000 789C 6367 		.string	"x\234cg`f`g```b\330\305\3128\213\005"
 628      6066 6067 
 628      6060 6062 
 628      D8C5 CA38 
 628      8B05 00
 629 0013 05EB 0172 		.ascii	"\005\353\001r"
 630               		.text
 631               		.section	.gnu.lto_ws2812_sendarray_mask.98e08a5f,"",@progbits
 632 0000 789C 8554 		.string	"x\234\205TkL\\E\024\2363s\357\276W\324\304\246VH6$\020R\t\005\252\001Mj\324\304\037\376\3
 632      6B4C 5C45 
 632      149E 3373 
 632      EFBE 57D4 
 632      C4A6 5648 
 633 00a8 B0B6 C68C 		.string	"\260\266\306\214\027\321\237J\366\t\203\271\205C\327\235\333[\020\303\003Z\267\271\225\00
 633      17D1 9F4A 
 633      F609 83B9 
 633      8543 D79D 
 633      DB5B 10C3 
 634 00d7 8ACB C191 		.string	"\212\313\301\221\231y\213XRx\024\227\307\346\373O\001\333\n\004\355\236\363_\r\332\343\23
 634      9979 8B58 
 634      5278 1497 
 634      C7E6 FB4F 
 634      01DB 0A04 
 635 0169 FA5F 44FF 		.string	"\372_D\377\004qD`\356~qf\302\312^\321\263_(kt\3046J|_\335\226^\316k\270\"(\372\326Q\020\0
 635      0471 4460 
 635      EE7E 7166 
 635      C2CA 5ED1 
 635      B35F 286B 
 636 01d3 7FFD 106B 		.ascii	"\177\375\020k\024\033~\021\355F\b\013\337k\033T\003|u\255\234"
 636      141B 7E11 
 636      ED46 080B 
 636      DF6B 1B54 
 636      037C 75AD 
 637 01e8 0756 A346 		.ascii	"\007V\243F{o\034\247\021z\325\250\274{\354,\2141\201\360\230"
 637      7B6F 1CA7 
 637      117A D5A8 
 637      BC7B EC2C 
 637      8C31 81F0 
 638 01fd 4178 2CD2 		.ascii	"Ax,\322o\22516\"\230\354 n\312\001\342\266\235D\360\022R\312"
 638      6F95 3136 
 638      2298 EC20 
 638      6ECA 01E2 
 638      B69D 44F0 
 639 0214 C8DF 4B2D 		.ascii	"\310\337K-\251\300\003\244\214Qi\026\007\3104\360\303\r\325\252"
 639      A9C0 03A4 
 639      8C51 6916 
 639      07C8 34F0 
 639      C30D D5AA 
 640 0228 CC43      		.ascii	"\314C"
 641 022a D847 22A4 		.string	"\330G\"\244y\023N\037\254Zd\302\326\230\202\022\374\325\037\177#[\321$\0255\215\335)\266\
 641      7913 4E1F 
 641      AC5A 64C2 
 641      D698 8212 
 641      FCD5 1F7F 
 642 032b DB44 68DF 		.string	"\333Dh\337\310\376JE\202\207\r\360\344`\373\274M\200G\004\330\206;\227%\270\353Jy\213I\b\
 642      C8FE 4A45 
 642      8287 0DF0 
 642      E460 FBBC 
 642      4D80 4704 
 643 03d4 8D99 28C1 		.ascii	"\215\231(\301\306b\243\313g\331\034P\215\231\305\332\302:\226"
 643      C662 A3CB 
 643      67D9 1C50 
 643      8D99 C5DA 
 643      C23A 96
 644 03e7 8314 9355 		.ascii	"\203\024\223U\303\347\257MSCCW3\260M\230\033'j\313\372y\272\201"
 644      C3E7 AF4D 
 644      5343 4357 
 644      33B0 4D98 
 644      1B27 6ACB 
 645 03ff 0D27 26E8 		.ascii	"\r'&\3506\366\334\267\032\030\003 F\034$/^\340\023\031\336\254"
 645      36F6 DCB7 
 645      1A18 0320 
 645      461C 242F 
 645      5EE0 1319 
 646 0415 02B7 D7B7 		.ascii	"\002\267\327\267#\255\300\273\343\003_rjRrB:Q2\322\362\323\036"
 646      23AD C0BB 
 646      E303 5F72 
 646      6A52 7242 
 646      3A51 32D2 
 647 042c 0F2D 139E 		.ascii	"\017-\023\236KNIy69-\231\230\320\357q\347\230\262\323|\357{r"
 647      4B4E 4979 
 647      3639 2D99 
 647      98D0 EF71 
 647      E798 B2D3 
 648 0444 E52B 33CB 		.ascii	"\345+3\313\352\363\272\337};\317\353.`\351\371^s\372\036\357"
 648      EAF3 BADF 
 648      7D3B CFEB 
 648      2E60 E9F9 
 648      5E73 FA1E 
 649 0459 EEBD F96E 		.ascii	"\356\275\371n%\335\223E\314\331\356\354\\\357^RE]\372\343\311"
 649      25DD 9345 
 649      CCD9 EEEC 
 649      5CEF 5E52 
 649      455D FAE3 
 650 046e C8C2 FF98 		.ascii	"\310\302\377\230\304\370T\227\313f\365\344\346\346\305\354z\336"
 650      C4F8 5497 
 650      CB66 F5E4 
 650      E6E6 C5EC 
 650      7ADE 
 651 0480 15F6 D8AC 		.ascii	"\025\366\330\254\206\221\273'_D&\307\307\354DgNn^h\337\373^v"
 651      8691 BB27 
 651      5F44 26C7 
 651      C7EC 4467 
 651      4E6E 5E68 
 652 0498 9E2B E1E9 		.ascii	"\236+\341\351\304\373\241\276\335^\037\206&\305\247l\212\177"
 652      C4FB A1BE 
 652      DD5E 1F86 
 652      26C5 A76C 
 652      8A7F 
 653 04aa E6BE D3E3 		.ascii	"\346\276\323\343\363\bg\222\316\2649\351\346\346\246\254\017"
 653      F308 6792 
 653      CEB4 39E9 
 653      E6E6 A6AC 
 653      0F
 654 04bb EE67 B8D3 		.ascii	"\356g\270\323\245\276uRv{s\334x\266\024k\263\022eWl\006\241^"
 654      A5BE 7552 
 654      767B 73DC 
 654      78B6 146B 
 654      B312 6557 
 655 04d3 425F 25FF 		.ascii	"B_%\377\001z1X\276"
 655      017A 3158 
 655      BE
 656               		.text
 657               		.section	.gnu.lto_ws2812_setleds.98e08a5f,"",@progbits
 658 0000 789C 7D55 		.string	"x\234}UkL\223W\030>\357w\276\336)\020\223-[\302\fd\013!\374@E7\335\226,&\313\376\354\337\
 658      6B4C 9357 
 658      183E EF77 
 658      BEDE 2910 
 658      932D 5BC2 
 659 0088 1FD3 4314 		.string	"\037\323C\024\376^j\370\331\232\335\211o\230\022n~\221u*\020\241\204\204\360\253~\340\034
 659      FE5E 6AF8 
 659      D99A DD89 
 659      6F98 126E 
 659      7E91 752A 
 660 00b1 12AA 23E3 		.string	"\022\252#\343\277.\032\271*A*\252M\363g&\364\364\005 (\377u\350\353!}\326a\306\002LYy\237
 660      BF2E 1AB9 
 660      2A41 2AAA 
 660      4DF3 6726 
 660      F4F4 0520 
 661 0164 2152 F4F9 		.string	"!R\364\371\211\021\235\302V\327\312\231\262\332\016\365\247OC2`\370z\211\037\224\0372?tx\
 661      8911 9DC2 
 661      56D7 CA99 
 661      B2DA 0EF5 
 661      A74F 4332 
 662 018f 2F10 2165 		.string	"/\020!e\224\004\260?20\205\034\244\222_\310\245\n\231\007\326\372S\266\360\371\033\\\250\
 662      9404 B03F 
 662      3230 851C 
 662      A492 5FC8 
 662      A50A 9907 
 663 022d 1842 E379 		.ascii	"\030B\343y\b\244s\023^V4\023\001,\304\0050\240\005 ?\333\343"
 663      08A4 7313 
 663      5E56 3413 
 663      012C C405 
 663      30A0 0520 
 664 0244 8FB1 8244 		.ascii	"\217\261\202D=\232\020#J\020\363p\221{0\t\017KQ\017\245]\007"
 664      3D9A 1023 
 664      4A10 F370 
 664      917B 3009 
 664      0F4B 510F 
 665 025b B50A EAC2 		.ascii	"\265\n\352\302\324\214>\312\236L\034I\346\021\312@a\030\341\367"
 665      D48C 3ECA 
 665      9E4C 1C49 
 665      E611 CA40 
 665      6118 E1F7 
 666 026f A15C C079 		.ascii	"\241\\\300y\203\232:\007\327L"
 666      839A 3A07 
 666      D74C 
 667 0279 4108 F88D 		.string	"A\b\370\215\021j\016Q\234!\270\001A aj\021\004\230\245)B-\302\305?\222@E\275#\372qK\3312U
 667      116A 0E51 
 667      9C21 B801 
 667      4120 616A 
 667      1104 98A5 
 668 037a 9200      		.string	"\222"
 669 037c 20F1 37CB 		.string	" \3617\3134\336 \223\274\024X\001\230\301*\020q\362\0018\333.\305\344\356WbbOT\f|\265\203
 669      34DE 2093 
 669      BC14 5801 
 669      98C1 2A10 
 669      71F2 0138 
 670 03ce EE43 305D 		.ascii	"\356C0]\b\t\023\234\034\302K\237w\016\346\370\020s\\\204\246"
 670      0809 139C 
 670      1CC2 4B9F 
 670      770E E6F8 
 670      1073 5C84 
 671 03e3 70F2 D9CA 		.ascii	"p\362\331\312\031\263X\031\336\345\377\026h\362)m\232k\177`$"
 671      19B3 5819 
 671      DEE5 FF16 
 671      68F2 296D 
 671      9A6B 7F60 
 672 03f8 6D62 45C5 		.ascii	"mbE\305\377P\031\336i\342\342\303\241x.\337\353\332\347\364\372"
 672      FF50 19DE 
 672      69E2 E2C3 
 672      A178 2EDF 
 672      EBDA E7F4 
 673 040d 3638 F679 		.ascii	"68\366y7\354\367\345n\333\224\233\223G\214ng\276\303\353u\224"
 673      37EC F7E5 
 673      6EDB 949B 
 673      9347 8C6E 
 673      67BE C3EB 
 674 0423 AC8B 3ECA 		.ascii	"\254\213>\312y=w\353\326Ws\035\271$\271\260\330\263\303\351\265"
 674      793D 77EB 
 674      D657 731D 
 674      B924 B9B0 
 674      D8B3 C3E9 
 675 0438 17ED B4A3 		.ascii	"\027\355\264\243\225O\357q\370\nv\273\304\217\273H\266\333\213"
 675      954F EF71 
 675      F80A 76BB 
 675      C48F BB48 
 675      B6DB 8B
 676 044b 7D6F E6BD 		.ascii	"}o\346\275a\333\343-\332\345ux\322w\272\334N\237\355CO\201\335"
 676      61DB E32D 
 676      DAE5 7578 
 676      D277 BADC 
 676      4E9F ED43 
 677 0462 E32B F1D9 		.ascii	"\343+\361\331<\256\302]\373_\333bCo6Wa\236\2738\337i+\336\353"
 677      3CAE C25D 
 677      FB5F DB62 
 677      436F 3657 
 677      619E BB38 
 678 047b 72DB F29D 		.ascii	"r\333\362\235nGI\316nb\266\333\367\272\362\n|\366\374<\035\212"
 678      6E47 49CE 
 678      6E62 B6DB 
 678      F7BA F20A 
 678      7CF6 FC3C 
 679 0491 9E3D FF02 		.ascii	"\236=\377\002s\353S\022"
 679      73EB 5312 
 680               		.text
 681               		.section	.gnu.lto_.symbol_nodes.98e08a5f,"",@progbits
 682 0000 789C 6367 		.string	"x\234cg`fHa"
 682      6066 4861 
 682      00
 683 0009 0226 F67A 		.string	"\002&\366z\206\217\277VX0N8\307\300P\317\300\260\263\341`\003\033\003#H\206\255\236\261\2
 683      868F BF56 
 683      5830 4E38 
 683      C7C0 50CF 
 683      C0B0 B3E1 
 684 0054 40D3 1F3B 		.ascii	"@\323\037;"
 685               		.text
 686               		.section	.gnu.lto_.refs.98e08a5f,"",@progbits
 687 0000 789C 6367 		.string	"x\234cg`f`d"
 687      6066 6064 
 687      00
 688 0009 0200      		.string	"\002"
 689 000b 00        		.string	""
 690 000c 6200      		.string	"b"
 691 000e 0C        		.ascii	"\f"
 692               		.text
 693               		.section	.gnu.lto_.decls.98e08a5f,"",@progbits
 694 0000 789C 8D56 		.string	"x\234\215VmLSW\030>\357\275\245\205+USu!\013?\2328b\374\003\210\233\237\373\265-\272_3Y\2
 694      6D4C 5357 
 694      183E EFBD 
 694      A585 2B55 
 694      5375 210B 
 695 00a8 E237 2BB1 		.string	"\3427+\261\240p\317\276z\361\301\302Y\234=a\234\261\204s\004\270\001\361^\0347)\272\005\2
 695      A070 CFBE 
 695      7AF1 C1C2 
 695      599C 3D61 
 695      9CB1 8473 
 696 0143 B170 1162 		.ascii	"\261p\021b)\276\266\377\334\220*z/\305\267\311\262\024\003\315"
 696      29BE B6FF 
 696      DC90 2A7A 
 696      2FC5 B7C9 
 696      B214 03CD 
 697 0157 2041 3D3E 		.ascii	" A=>\277\200\317\t\264@4[U\034i\t\305UcT\363f\324\354\027\303"
 697      BF80 CF09 
 697      B440 345B 
 697      551C 6909 
 697      C555 6354 
 698 0171 446F E6A2 		.ascii	"Do\346\242\033\362{\007$q=\273\367\272r=\021\\\b#&AV\370\023"
 698      1BF2 7B07 
 698      2471 3DBB 
 698      F7BA 723D 
 698      115C 0823 
 699 018a 5804 9372 		.ascii	"X\004\223r\031\235\227\250\363\nH\030\325y\266\025\237~\301\030"
 699      199D 97A8 
 699      F30A 4818 
 699      D579 B615 
 699      9F7E C118 
 700 019e 5A2A EF74 		.ascii	"Z*\357t\252\305\r\354\376\267\2267=\321\342\227\354\276\346\320"
 700      AAC5 0DEC 
 700      FEB7 9637 
 700      3DD1 E297 
 700      ECBE E6D0 
 701 01b2 9B7B 924A 		.ascii	"\233{\222J \320\312V\001=\207\273&\\Z\276\322TU\245\347\324T"
 701      20D0 CA56 
 701      013D 87BB 
 701      265C 5ABE 
 701      D254 55A5 
 702 01c9 045F E918 		.ascii	"\004_\351\030\234\226\270\252\036\213\342&\032\033qn\362\370"
 702      9C96 B8AA 
 702      1E8B E226 
 702      1A1B 716E 
 702      F2F8 
 703 01db 2A58 1417 		.ascii	"*X\024\027\027\267<\237\256\245G\006\024v\0035\\G\273\006*\002"
 703      17B7 3C9F 
 703      AEA5 4706 
 703      1476 0335 
 703      5C47 BB06 
 704 01f1 B760 1155 		.ascii	"\267`\021U\006\267a9\264A\034t\240\265C\034]\205clUo\025\351"
 704      06B7 6139 
 704      B441 1C74 
 704      A0B5 431C 
 704      5D85 636C 
 705 0209 BB72 B2E4 		.ascii	"\273r\262\344\232o\331R]\305Zh\b_e\002\t\364kEl\020\335\261A"
 705      9A6F D952 
 705      5DC5 5A68 
 705      085F 6502 
 705      09F4 6B45 
 706 0222 FE89 2FEA 		.ascii	"\376\211/\352\315YH\276\300a\320\326 \324=\013\232\030DVP\325"
 706      CD59 48BE 
 706      C061 D0D6 
 706      20D4 3D0B 
 706      9A18 4456 
 707 0238 4DA3 8522 		.ascii	"M\243\205\"\366\001\205\020\266\212\241\236{U8\370L#\246\320"
 707      F601 8510 
 707      B68A A19E 
 707      7B55 38F8 
 707      4C23 A6D0 
 708 024c 5A85 F60B 		.ascii	"Z\205\366\013\335-\",\232\243R\350\302\002\377\247X\236i`5M\324"
 708      DD2D 222C 
 708      9AA3 52E8 
 708      C202 FFA7 
 708      589E 6960 
 709 0263 89B0 BF50 		.ascii	"\211\260\277P\223\222\213%f\351\032\033\006\313\242E\013KW{\367"
 709      9392 8B25 
 709      66E9 1A1B 
 709      06CB A245 
 709      0B4B 577B 
 710 0278 58A1 76EE 		.ascii	"X\241v\356tw\336'\335\250\227\025\326\215"
 710      7477 DE27 
 710      DDA8 9715 
 710      D68D 
 711 0286 B8BF C3F2 		.string	"\270\277\303\362u\006\362\215V\237\360Ax\267Rd\250[{\224n\355a\335:|y\250N\203m\260\214v\
 711      7506 F28D 
 711      569F F041 
 711      78B7 5264 
 711      A85B 7B94 
 712 0387 1557 D2D9 		.ascii	"\025W\322\331\355\356U--\223\233<r\223\367\344\247\207\273\013"
 712      EDEE 552D 
 712      2D93 9B3C 
 712      7293 F7E4 
 712      A787 BB0B 
 713 039b 64D9 8571 		.ascii	"d\331\205q\330\240\210\204\007aM\367\200\235.\320\217\277\264"
 713      D8A0 8884 
 713      0761 4DF7 
 713      809D 2ED0 
 713      8FBF B4
 714 03ae BE19 AB7B 		.ascii	"\276\031\253{\002K\351\261}\254\347\231$\226\003\253\345\306"
 714      024B E9B1 
 714      7DAC E799 
 714      2496 03AB 
 714      E5C6 
 715 03c0 D4AB E742 		.ascii	"\324\253\347BP\"\257\30572Y\305ec\027\302?\\\341\323=]9\3329"
 715      5022 AFC5 
 715      3732 59C5 
 715      6563 17C2 
 715      3F5C E1D3 
 716 03d9 143E 670A 		.ascii	"\024>g\n\237\005\0246N\037\274\253E\205GQ\341tJ\256\334\224\205"
 716      9F05 1436 
 716      4E1F BCAB 
 716      4585 4751 
 716      E174 4AAE 
 717 03f0 4102 45C1 		.ascii	"A\002E\301\3230uO\303\324U\341Y8\310\324\311c\317\213%\261\226"
 717      D330 754F 
 717      C3D4 55E1 
 717      5938 C8D4 
 717      C963 CF8B 
 718 0407 AB3B 5D3D 		.ascii	"\253;]=Q#1%\313\002\342\016t\266UIs\350\3601\035\303\001\035"
 718      5123 3125 
 718      CB02 E20E 
 718      74B6 5549 
 718      73E8 F031 
 719 041f 15BB 2BB3 		.ascii	"\025\273+\263\242P\207\007\241\336\363\353\334\365\005r\236K"
 719      A250 8707 
 719      A1DE F3EB 
 719      DCF5 0572 
 719      9E4B 
 720 0431 D6CB 5114 		.ascii	"\326\313Q\024\bCaR\206\224\227\021\201\027L\304>\177\375^\r\335"
 720      0843 6152 
 720      8694 9711 
 720      8117 4CC4 
 720      3E7F FD5E 
 721 0447 2B39 EFF7 		.ascii	"+9\357\367\n\312\257\236\354\215\n\337\324/g\274\202F\224M=\302"
 721      0ACA AF9E 
 721      EC8D 0ADF 
 721      D42F 67BC 
 721      8246 944D 
 722 045d 36F5 D13D 		.ascii	"6\365\321=\217\246\201oS5\335au\273\033\330[FVbu\341\241\257"
 722      8FA6 816F 
 722      5335 DD61 
 722      75BB 1BD8 
 722      5B46 5662 
 723 0475 4162 4732 		.ascii	"AbG2\274\342\231\\\2777\2715<X\203\323\272\202\354=\363\371\036"
 723      BCE2 995C 
 723      BF37 B935 
 723      3C58 83D3 
 723      BA82 EC3D 
 724 048c 5F43 7BE3 		.ascii	"_C{\343\355\305\361h1\217\275s\305\306\246\366\\-H\261\200d\360"
 724      EDC5 F168 
 724      318F BD73 
 724      C5C6 A6F6 
 724      5C2D 48B1 
 725 04a3 8ED7 E95B 		.ascii	"\216\327\351[\254e\214\321O b\034\371\213d\204\371\276g\336\""
 725      AC65 8CD1 
 725      4F20 621C 
 725      F98B 6484 
 725      F9BE 67DE 
 726 04b8 3CC4 E888 		.ascii	"<\304\350\210\254\365g\352<\222n?UH\277p\207\340\003x\203A\243"
 726      ACF5 67EA 
 726      3C92 6E3F 
 726      5548 BF70 
 726      87E0 0378 
 727 04cf 4CE3 24E8 		.ascii	"L\343$\350\002J\331\204\026U\360\360\220f\316\242\246\002E]\347"
 727      024A D984 
 727      1655 F0F0 
 727      9066 CEA2 
 727      A602 455D 
 728 04e4 4595 544C 		.ascii	"E\225TL\f\250x\002_(A\340x\"0\315\022L\361\004\323,AI\253<\b"
 728      0CA8 7802 
 728      5F28 41E0 
 728      7822 30CD 
 728      124C F104 
 729 04ff 7326 F007 		.ascii	"s&\360\007\022$2\376\213\277\264\236\211\344\374m!\376\020\\"
 729      1224 32FE 
 729      8BBF B49E 
 729      89E4 FC6D 
 729      21FE 105C 
 730 0513 1674 8120 		.ascii	"\026t\201 6\301\220\327\303\345\217#\302\177Q\272\267B\021Y\002"
 730      36C1 90D7 
 730      C3E5 8F23 
 730      C27F 51BA 
 730      B742 1159 
 731 0528 FF45 7144 		.ascii	"\377EqDp\363\361\332\302\031g\272o\0068[\001g3peU\343MA\334\307"
 731      70F3 F1DA 
 731      C219 67BA 
 731      6F06 385B 
 731      0167 3370 
 732 0543 FF17 559D 		.ascii	"\377\027U\235:R3_<\310'?6\267\224\250\351\277\202\037\004\345"
 732      3A52 335F 
 732      3CC8 273F 
 732      36B7 94A8 
 732      E9BF 821F 
 733 0559 5F41 A8FF 		.ascii	"_A\250\3777\315{\217\376\337-\320\376w\tJ\377_\253\033t\253\225"
 733      37CD 7B8F 
 733      FEDF 2DD0 
 733      FE77 094A 
 733      FF5F AB1B 
 734 0570 9362 BA51 		.ascii	"\223b\272Q\340\033\261L\2420\310\021\224\356\207\\A\005y\302"
 734      E01B B14C 
 734      A230 C811 
 734      94EE 875C 
 734      4105 79C2 
 735 0584 52EA 096E 		.ascii	"R\352\tn\307a\024\201>\2628\305n\3110\333\035\t\306\f{\302.G"
 735      C761 1481 
 735      3EB2 38C5 
 735      6EC9 30DB 
 735      1D09 C60C 
 736 059c D29A 1549 		.ascii	"\322\232\025I\361\246\310\215_}\243\377|\355Z\242\013x\342\327"
 736      F1A6 C88D 
 736      5F7D A3FF 
 736      7CED 5AA2 
 736      0B78 E2D7 
 737 05b0 26AD 5EFD 		.ascii	"&\255^\375I\2221\211h\322-6\347\032\2033\222\216+V\031\234`\207"
 737      4992 3189 
 737      68D2 2D36 
 737      E71A 8333 
 737      928E 2B56 
 738 05c8 ADEA 1D46 		.ascii	"\255\352\035F\3236s\nl\321\305'\354L7\332\234\351i\t\246\355"
 738      D336 730A 
 738      6CD1 C527 
 738      EC4C 37DA 
 738      9CE9 6909 
 739 05de D6ED F6F8 		.ascii	"\326\355\366\370T\2422}\275\3613\021\215E\254L28\227pV\203\303"
 739      54A2 327D 
 739      BDF1 3311 
 739      8D45 AC4C 
 739      3238 9770 
 740 05f5 6C4B 31DA 		.ascii	"lK1\332\355\306LC\232\321\261m\311\273\224\220\371A\254\323j"
 740      EDC6 4C43 
 740      9AD1 B16D 
 740      C9BB 9490 
 740      F941 ACD3 
 741 060a 4E71 7C68 		.ascii	"Nq|h0lI\267X\235\026\233\001a\206\024\263\025\243M\231&\253\331"
 741      306C 49B7 
 741      589D 169B 
 741      0161 8614 
 741      B315 A34D 
 742 0622 B1DE B42E 		.ascii	"\261\336\264.y\207}\373V\2731M\377\235\005\035\311;\323\266\031"
 742      7987 7DFB 
 742      56BB 314D 
 742      FF9D 051D 
 742      C93B D3B6 
 743 0637 D21C 998E 		.ascii	"\322\034\231\216\3444\213m\353\256U\037'cH\262\305f\262\246\247"
 743      E434 8B6D 
 743      EBAE 551F 
 743      2763 48B2 
 743      C566 B2A6 
 744 064c 9893 D39D 		.ascii	"\230\223\323\235\026k2\213g\032S\215\366(\205.\335\2415Zw\031"
 744      166B 328B 
 744      671A 538D 
 744      F628 852E 
 744      DDA1 355A 
 745 0662 331D 068B 		.ascii	"3\035\006\213\315j\261\231\377\005\267\237*\203"
 745      CD6A B199 
 745      FF05 B79F 
 745      2A83 
 746               		.text
 747               		.section	.gnu.lto_.symtab.98e08a5f,"",@progbits
 748 0000 7773 3238 		.string	"ws2812_setleds"
 748      3132 5F73 
 748      6574 6C65 
 748      6473 00
 749 000f 00        		.string	""
 750 0010 00        		.string	""
 751 0011 00        		.string	""
 752 0012 00        		.string	""
 753 0013 00        		.string	""
 754 0014 00        		.string	""
 755 0015 00        		.string	""
 756 0016 00        		.string	""
 757 0017 00        		.string	""
 758 0018 00        		.string	""
 759 0019 00        		.string	""
 760 001a ED00      		.string	"\355"
 761 001c 00        		.string	""
 762 001d 00        		.string	""
 763               		.text
 764               		.section	.gnu.lto_.opts,"",@progbits
 765 0000 272D 666E 		.string	"'-fno-openmp' '-fno-openacc' '-fno-pie' '-mn-flash=1' '-mno-skip-bug' '-mmcu=avr5' '-Os' 
 765      6F2D 6F70 
 765      656E 6D70 
 765      2720 272D 
 765      666E 6F2D 
 766               		.text
 767               		.comm	__gnu_lto_v1,1,1
 768               		.comm	__gnu_lto_slim,1,1
 769               		.ident	"GCC: (GNU) 8.4.0"
DEFINED SYMBOLS
                            *ABS*:0000000000000000 ws2812.c
C:\Users\gazed\AppData\Local\Temp\ccWsWhVn.s:2      *ABS*:000000000000003e __SP_H__
C:\Users\gazed\AppData\Local\Temp\ccWsWhVn.s:3      *ABS*:000000000000003d __SP_L__
C:\Users\gazed\AppData\Local\Temp\ccWsWhVn.s:4      *ABS*:000000000000003f __SREG__
C:\Users\gazed\AppData\Local\Temp\ccWsWhVn.s:5      *ABS*:0000000000000000 __tmp_reg__
C:\Users\gazed\AppData\Local\Temp\ccWsWhVn.s:6      *ABS*:0000000000000001 __zero_reg__
C:\Users\gazed\AppData\Local\Temp\ccWsWhVn.s:15     .gnu.debuglto_.debug_info:0000000000000000 ws2812.c.927752a2
                            *COM*:0000000000000001 __gnu_lto_v1
                            *COM*:0000000000000001 __gnu_lto_slim

NO UNDEFINED SYMBOLS
