   1               		.file	"Events.c"
   2               	__SP_H__ = 0x3e
   3               	__SP_L__ = 0x3d
   4               	__SREG__ = 0x3f
   5               	__tmp_reg__ = 0
   6               	__zero_reg__ = 1
   7               		.file 1 "lib/lufa/LUFA/Drivers/USB/Core/Events.c"
   8               		.file 2 "c:\\program files\\qmk_msys\\mingw64\\avr\\include\\stdint.h"
   9               		.section	.gnu.debuglto_.debug_info,"",@progbits
  10               	.Ldebug_info0:
  11               		.hidden	Events.c.373295e8
  12               		.weak	Events.c.373295e8
  13               	Events.c.373295e8:
  14 0000 AC00 0000 		.long	0xac
  15 0004 0200      		.word	0x2
  16 0006 0000 0000 		.long	.Ldebug_abbrev0
  17 000a 04        		.byte	0x4
  18 000b 01        		.uleb128 0x1
  19 000c 0000 0000 		.long	.LASF9
  20 0010 0C        		.byte	0xc
  21 0011 0000 0000 		.long	.LASF10
  22 0015 0000 0000 		.long	.LASF11
  23 0019 0000 0000 		.long	.Ldebug_line0
  24 001d 02        		.uleb128 0x2
  25 001e 01        		.byte	0x1
  26 001f 06        		.byte	0x6
  27 0020 0000 0000 		.long	.LASF0
  28 0024 03        		.uleb128 0x3
  29 0025 0000 0000 		.long	.LASF12
  30 0029 02        		.byte	0x2
  31 002a 7E        		.byte	0x7e
  32 002b 16        		.byte	0x16
  33 002c 3500 0000 		.long	0x35
  34 0030 04        		.uleb128 0x4
  35 0031 2400 0000 		.long	0x24
  36 0035 02        		.uleb128 0x2
  37 0036 01        		.byte	0x1
  38 0037 08        		.byte	0x8
  39 0038 0000 0000 		.long	.LASF1
  40 003c 05        		.uleb128 0x5
  41 003d 02        		.byte	0x2
  42 003e 05        		.byte	0x5
  43 003f 696E 7400 		.string	"int"
  44 0043 02        		.uleb128 0x2
  45 0044 02        		.byte	0x2
  46 0045 07        		.byte	0x7
  47 0046 0000 0000 		.long	.LASF2
  48 004a 02        		.uleb128 0x2
  49 004b 04        		.byte	0x4
  50 004c 05        		.byte	0x5
  51 004d 0000 0000 		.long	.LASF3
  52 0051 02        		.uleb128 0x2
  53 0052 04        		.byte	0x4
  54 0053 07        		.byte	0x7
  55 0054 0000 0000 		.long	.LASF4
  56 0058 02        		.uleb128 0x2
  57 0059 08        		.byte	0x8
  58 005a 05        		.byte	0x5
  59 005b 0000 0000 		.long	.LASF5
  60 005f 02        		.uleb128 0x2
  61 0060 08        		.byte	0x8
  62 0061 07        		.byte	0x7
  63 0062 0000 0000 		.long	.LASF6
  64 0066 06        		.uleb128 0x6
  65 0067 01        		.byte	0x1
  66 0068 0000 0000 		.long	.LASF7
  67 006c 01        		.byte	0x1
  68 006d 2E        		.byte	0x2e
  69 006e 06        		.byte	0x6
  70 006f 01        		.byte	0x1
  71 0070 8B00 0000 		.long	0x8b
  72 0074 07        		.uleb128 0x7
  73 0075 5F31 00   		.string	"_1"
  74 0078 01        		.byte	0x1
  75 0079 2E        		.byte	0x2e
  76 007a 25        		.byte	0x25
  77 007b 3000 0000 		.long	0x30
  78 007f 07        		.uleb128 0x7
  79 0080 5F32 00   		.string	"_2"
  80 0083 01        		.byte	0x1
  81 0084 2E        		.byte	0x2e
  82 0085 37        		.byte	0x37
  83 0086 3000 0000 		.long	0x30
  84 008a 00        		.byte	0
  85 008b 06        		.uleb128 0x6
  86 008c 01        		.byte	0x1
  87 008d 0000 0000 		.long	.LASF8
  88 0091 01        		.byte	0x1
  89 0092 28        		.byte	0x28
  90 0093 06        		.byte	0x6
  91 0094 01        		.byte	0x1
  92 0095 A500 0000 		.long	0xa5
  93 0099 07        		.uleb128 0x7
  94 009a 5F31 00   		.string	"_1"
  95 009d 01        		.byte	0x1
  96 009e 28        		.byte	0x28
  97 009f 25        		.byte	0x25
  98 00a0 3000 0000 		.long	0x30
  99 00a4 00        		.byte	0
 100 00a5 08        		.uleb128 0x8
 101 00a6 01        		.byte	0x1
 102 00a7 0000 0000 		.long	.LASF13
 103 00ab 01        		.byte	0x1
 104 00ac 23        		.byte	0x23
 105 00ad 06        		.byte	0x6
 106 00ae 01        		.byte	0x1
 107 00af 00        		.byte	0
 108               		.section	.gnu.debuglto_.debug_abbrev,"",@progbits
 109               	.Ldebug_abbrev0:
 110 0000 01        		.uleb128 0x1
 111 0001 11        		.uleb128 0x11
 112 0002 01        		.byte	0x1
 113 0003 25        		.uleb128 0x25
 114 0004 0E        		.uleb128 0xe
 115 0005 13        		.uleb128 0x13
 116 0006 0B        		.uleb128 0xb
 117 0007 03        		.uleb128 0x3
 118 0008 0E        		.uleb128 0xe
 119 0009 1B        		.uleb128 0x1b
 120 000a 0E        		.uleb128 0xe
 121 000b 10        		.uleb128 0x10
 122 000c 06        		.uleb128 0x6
 123 000d 00        		.byte	0
 124 000e 00        		.byte	0
 125 000f 02        		.uleb128 0x2
 126 0010 24        		.uleb128 0x24
 127 0011 00        		.byte	0
 128 0012 0B        		.uleb128 0xb
 129 0013 0B        		.uleb128 0xb
 130 0014 3E        		.uleb128 0x3e
 131 0015 0B        		.uleb128 0xb
 132 0016 03        		.uleb128 0x3
 133 0017 0E        		.uleb128 0xe
 134 0018 00        		.byte	0
 135 0019 00        		.byte	0
 136 001a 03        		.uleb128 0x3
 137 001b 16        		.uleb128 0x16
 138 001c 00        		.byte	0
 139 001d 03        		.uleb128 0x3
 140 001e 0E        		.uleb128 0xe
 141 001f 3A        		.uleb128 0x3a
 142 0020 0B        		.uleb128 0xb
 143 0021 3B        		.uleb128 0x3b
 144 0022 0B        		.uleb128 0xb
 145 0023 39        		.uleb128 0x39
 146 0024 0B        		.uleb128 0xb
 147 0025 49        		.uleb128 0x49
 148 0026 13        		.uleb128 0x13
 149 0027 00        		.byte	0
 150 0028 00        		.byte	0
 151 0029 04        		.uleb128 0x4
 152 002a 26        		.uleb128 0x26
 153 002b 00        		.byte	0
 154 002c 49        		.uleb128 0x49
 155 002d 13        		.uleb128 0x13
 156 002e 00        		.byte	0
 157 002f 00        		.byte	0
 158 0030 05        		.uleb128 0x5
 159 0031 24        		.uleb128 0x24
 160 0032 00        		.byte	0
 161 0033 0B        		.uleb128 0xb
 162 0034 0B        		.uleb128 0xb
 163 0035 3E        		.uleb128 0x3e
 164 0036 0B        		.uleb128 0xb
 165 0037 03        		.uleb128 0x3
 166 0038 08        		.uleb128 0x8
 167 0039 00        		.byte	0
 168 003a 00        		.byte	0
 169 003b 06        		.uleb128 0x6
 170 003c 2E        		.uleb128 0x2e
 171 003d 01        		.byte	0x1
 172 003e 3F        		.uleb128 0x3f
 173 003f 0C        		.uleb128 0xc
 174 0040 03        		.uleb128 0x3
 175 0041 0E        		.uleb128 0xe
 176 0042 3A        		.uleb128 0x3a
 177 0043 0B        		.uleb128 0xb
 178 0044 3B        		.uleb128 0x3b
 179 0045 0B        		.uleb128 0xb
 180 0046 39        		.uleb128 0x39
 181 0047 0B        		.uleb128 0xb
 182 0048 27        		.uleb128 0x27
 183 0049 0C        		.uleb128 0xc
 184 004a 01        		.uleb128 0x1
 185 004b 13        		.uleb128 0x13
 186 004c 00        		.byte	0
 187 004d 00        		.byte	0
 188 004e 07        		.uleb128 0x7
 189 004f 05        		.uleb128 0x5
 190 0050 00        		.byte	0
 191 0051 03        		.uleb128 0x3
 192 0052 08        		.uleb128 0x8
 193 0053 3A        		.uleb128 0x3a
 194 0054 0B        		.uleb128 0xb
 195 0055 3B        		.uleb128 0x3b
 196 0056 0B        		.uleb128 0xb
 197 0057 39        		.uleb128 0x39
 198 0058 0B        		.uleb128 0xb
 199 0059 49        		.uleb128 0x49
 200 005a 13        		.uleb128 0x13
 201 005b 00        		.byte	0
 202 005c 00        		.byte	0
 203 005d 08        		.uleb128 0x8
 204 005e 2E        		.uleb128 0x2e
 205 005f 00        		.byte	0
 206 0060 3F        		.uleb128 0x3f
 207 0061 0C        		.uleb128 0xc
 208 0062 03        		.uleb128 0x3
 209 0063 0E        		.uleb128 0xe
 210 0064 3A        		.uleb128 0x3a
 211 0065 0B        		.uleb128 0xb
 212 0066 3B        		.uleb128 0x3b
 213 0067 0B        		.uleb128 0xb
 214 0068 39        		.uleb128 0x39
 215 0069 0B        		.uleb128 0xb
 216 006a 27        		.uleb128 0x27
 217 006b 0C        		.uleb128 0xc
 218 006c 00        		.byte	0
 219 006d 00        		.byte	0
 220 006e 00        		.byte	0
 221               		.section	.gnu.debuglto_.debug_line,"",@progbits
 222               	.Ldebug_line0:
 223 0000 7E00 0000 		.long	.LELT0-.LSLT0
 224               	.LSLT0:
 225 0004 0200      		.word	0x2
 226 0006 7800 0000 		.long	.LELTP0-.LASLTP0
 227               	.LASLTP0:
 228 000a 01        		.byte	0x1
 229 000b 01        		.byte	0x1
 230 000c F6        		.byte	0xf6
 231 000d F2        		.byte	0xf2
 232 000e 0D        		.byte	0xd
 233 000f 00        		.byte	0
 234 0010 01        		.byte	0x1
 235 0011 01        		.byte	0x1
 236 0012 01        		.byte	0x1
 237 0013 01        		.byte	0x1
 238 0014 00        		.byte	0
 239 0015 00        		.byte	0
 240 0016 00        		.byte	0
 241 0017 01        		.byte	0x1
 242 0018 00        		.byte	0
 243 0019 00        		.byte	0
 244 001a 01        		.byte	0x1
 245 001b 633A 5C70 		.ascii	"c:\\program files\\qmk_msys\\mingw64\\avr\\include"
 245      726F 6772 
 245      616D 2066 
 245      696C 6573 
 245      5C71 6D6B 
 246 0048 00        		.byte	0
 247 0049 6C69 622F 		.ascii	"lib/lufa/LUFA/Drivers/USB/Core"
 247      6C75 6661 
 247      2F4C 5546 
 247      412F 4472 
 247      6976 6572 
 248 0067 00        		.byte	0
 249 0068 00        		.byte	0
 250 0069 4576 656E 		.string	"Events.c"
 250      7473 2E63 
 250      00
 251 0072 02        		.uleb128 0x2
 252 0073 00        		.uleb128 0
 253 0074 00        		.uleb128 0
 254 0075 7374 6469 		.string	"stdint.h"
 254      6E74 2E68 
 254      00
 255 007e 01        		.uleb128 0x1
 256 007f 00        		.uleb128 0
 257 0080 00        		.uleb128 0
 258 0081 00        		.byte	0
 259               	.LELTP0:
 260               	.LELT0:
 261               		.section	.gnu.debuglto_.debug_str,"MS",@progbits,1
 262               	.LASF8:
 263 0000 5553 425F 		.string	"USB_Event_Stub_2"
 263      4576 656E 
 263      745F 5374 
 263      7562 5F32 
 263      00
 264               	.LASF7:
 265 0011 5553 425F 		.string	"USB_Event_Stub_3"
 265      4576 656E 
 265      745F 5374 
 265      7562 5F33 
 265      00
 266               	.LASF1:
 267 0022 756E 7369 		.string	"unsigned char"
 267      676E 6564 
 267      2063 6861 
 267      7200 
 268               	.LASF4:
 269 0030 6C6F 6E67 		.string	"long unsigned int"
 269      2075 6E73 
 269      6967 6E65 
 269      6420 696E 
 269      7400 
 270               	.LASF9:
 271 0042 474E 5520 		.string	"GNU C99 8.4.0 -mn-flash=1 -mno-skip-bug -mmcu=avr5 -gdwarf-2 -Os -std=gnu99 -funsigned-ch
 271      4339 3920 
 271      382E 342E 
 271      3020 2D6D 
 271      6E2D 666C 
 272               	.LASF10:
 273 012a 6C69 622F 		.string	"lib/lufa/LUFA/Drivers/USB/Core/Events.c"
 273      6C75 6661 
 273      2F4C 5546 
 273      412F 4472 
 273      6976 6572 
 274               	.LASF11:
 275 0152 433A 5C55 		.string	"C:\\Users\\gazed\\qmk_firmware"
 275      7365 7273 
 275      5C67 617A 
 275      6564 5C71 
 275      6D6B 5F66 
 276               	.LASF2:
 277 016e 756E 7369 		.string	"unsigned int"
 277      676E 6564 
 277      2069 6E74 
 277      00
 278               	.LASF6:
 279 017b 6C6F 6E67 		.string	"long long unsigned int"
 279      206C 6F6E 
 279      6720 756E 
 279      7369 676E 
 279      6564 2069 
 280               	.LASF12:
 281 0192 7569 6E74 		.string	"uint8_t"
 281      385F 7400 
 282               	.LASF13:
 283 019a 5553 425F 		.string	"USB_Event_Stub"
 283      4576 656E 
 283      745F 5374 
 283      7562 00
 284               	.LASF5:
 285 01a9 6C6F 6E67 		.string	"long long int"
 285      206C 6F6E 
 285      6720 696E 
 285      7400 
 286               	.LASF3:
 287 01b7 6C6F 6E67 		.string	"long int"
 287      2069 6E74 
 287      00
 288               	.LASF0:
 289 01c0 7369 676E 		.string	"signed char"
 289      6564 2063 
 289      6861 7200 
 290               		.text
 291               		.section	.gnu.lto_.profile.98cb2ac6,"",@progbits
 292 0000 789C 6367 		.string	"x\234cg`f`d"
 292      6066 6064 
 292      00
 293 0009 0200      		.string	"\002"
 294 000b 00        		.string	""
 295 000c 6200      		.string	"b"
 296 000e 0C        		.ascii	"\f"
 297               		.text
 298               		.section	.gnu.lto_.icf.98cb2ac6,"",@progbits
 299 0000 789C 6367 		.string	"x\234cg`f\020a@"
 299      6066 1061 
 299      4000 
 300 000a 6686 E95D 		.string	"f\206\351]'z\27187m\376\271\234\215\353\303\322\233{\371\030"
 300      277A B938 
 300      376D FEB9 
 300      9C8D EBC3 
 300      D29B 7BF9 
 301 0020 5C76 08F9 		.ascii	"\\v\b\371"
 302               		.text
 303               		.section	.gnu.lto_.jmpfuncs.98cb2ac6,"",@progbits
 304 0000 789C 6367 		.string	"x\234cg`f\220b@"
 304      6066 9062 
 304      4000 
 305 000a 6620 E664 		.string	"f \346ddd`\230\311\314\300\305\004e\2001"
 305      6464 6098 
 305      C9CC C0C5 
 305      0465 8031 
 305      00
 306 001b 1941 0215 		.ascii	"\031A\002\025"
 307               		.text
 308               		.section	.gnu.lto_.inline.98cb2ac6,"",@progbits
 309 0000 789C 6367 		.string	"x\234cg`f\310f@"
 309      6066 C866 
 309      4000 
 310 000a 6620 6A00 		.string	"f j"
 311 000e 0296 6446 		.string	"\002\226dF\006&\006\206F \263\216\201\201\r\"\304\004\022b`\340$\254\204\213\260\022\006"
 311      0626 0686 
 311      4620 B38E 
 311      8181 0D22 
 311      C404 1262 
 312 002c 0FAA 16A3 		.ascii	"\017\252\026\243"
 313               		.text
 314               		.section	.gnu.lto_.pureconst.98cb2ac6,"",@progbits
 315 0000 789C 05C1 		.string	"x\234\005\301\207\021"
 315      8711 00
 316 0007 200C 0331 		.ascii	" \f\0031C\f\241,\360\307\264\031\035)\025z\222\256\312\215N`"
 316      430C A12C 
 316      F0C7 B419 
 316      1D29 157A 
 316      92AE CA8D 
 317 001d 0693 64B1 		.ascii	"\006\223d\261\313\247\374\001\"&\002\263"
 317      CBA7 FC01 
 317      2226 02B3 
 318               		.text
 319               		.section	.gnu.lto_USB_Event_Stub.98cb2ac6,"",@progbits
 320 0000 789C 6367 		.string	"x\234cg`f\230\300\300\300\240\005\304\262@\314\310\314\300\310\324\320\320\340\300\336\31
 320      6066 98C0 
 320      C0C0 A005 
 320      C4B2 40CC 
 320      C8CC C0C8 
 321 004b E36E 46A0 		.string	"\343nF\240i@\225\2176\376\233\312\313\306\002\225b\334\303\310\306\300\bd\254\277\304z\24
 321      6940 958F 
 321      36FE 9BCA 
 321      CBC6 0295 
 321      62DC C3C8 
 322 0096 8156 6646 		.string	"\201VfF\210\n\240N\215\234\314$\375\234\322\264D}\237P7G}\227\242\314\262\324\242b\375\32
 322      880A A04E 
 322      8D9C CC24 
 322      FD9C D2B4 
 322      447D 9F50 
 323 00c8 00        		.string	""
 324 00c9 013E 02   		.ascii	"\001>\002"
 325               		.text
 326               		.section	.gnu.lto_USB_Event_Stub_2.98cb2ac6,"",@progbits
 327 0000 789C 6367 		.string	"x\234cg`f\270\315\300\300\340"
 327      6066 B8CD 
 327      C0C0 E000 
 328 000c C4B2 40CC 		.string	"\304\262@\314\310\314\300\310\324\320\320\340\300\336\310\301\304\310\bb\2614p02\32431\32
 328      C8CC C0C8 
 328      D4D0 D0E0 
 328      C0DE C8C1 
 328      C4C8 0862 
 329 004b E36E 462D 		.string	"\343nF-\240\272\335G\267532k32"
 329      A0BA DD47 
 329      B735 3332 
 329      6B33 3200 
 330 005b D9B3 9A8F 		.string	"\331\263\232\217\177\340\320X\3260\241\251\341\300\033\227\006\236\231\314\214\214{\030\2
 330      7FE0 D058 
 330      D630 A1A9 
 330      E1C0 1B97 
 330      069E 99CC 
 331 00e0 3448 2327 		.string	"4H#'3I?\2474-Q\337'\324\315Q\337\245(\263,\265\250X?4\330I\3379\277(U\337\265,5\257\244X/
 331      3349 3FA7 
 331      342D 51DF 
 331      27D4 CD51 
 331      DFA5 28B3 
 332 011b 00        		.string	""
 333 011c 547B 5BC0 		.ascii	"T{[\300"
 334               		.text
 335               		.section	.gnu.lto_USB_Event_Stub_3.98cb2ac6,"",@progbits
 336 0000 789C 658F 		.string	"x\234e\217\301K\002Q\020\207\347\267o\323\005\363Rt(\f:.\006n)Q\3352\315S\267\360\034\025
 336      C14B 0251 
 336      1087 E7B7 
 336      6FD3 05F3 
 336      5274 280C 
 337 00a4 2301 2259 		.ascii	"#\001\"Y\t\345\b\327\320\345x\253\374\366\250\262\250\243\236"
 337      09E5 08D7 
 337      D0E5 78AB 
 337      FCF6 A8B2 
 337      A8A3 9E
 338 00b7 8BD7 2B5F 		.ascii	"\213\327+_G\375J\270\352\315?\325\"\334B'[x\272h\357\372=jg!"
 338      47FD 4AB8 
 338      EACD 3FD5 
 338      22DC 4227 
 338      5B78 BA68 
 339 00d1 0878 48DE 		.ascii	"\bxH\336G\265\207.\301\333\337\033\\\264\373\336\007\024\242"
 339      47B5 872E 
 339      C1DB DF1B 
 339      5CB4 FBDE 
 339      0714 A2
 340 00e4 32A3 A2BC 		.ascii	"2\243\242\274A\005\027\264\316\224\202\303%A\317\340G\307\275"
 340      4105 17B4 
 340      CE94 82C3 
 340      2541 CFE0 
 340      47C7 BD
 341 00f7 8E67 E309 		.ascii	"\216g\343\t\373\3033\027\233(\036\326|\016\332Qfp]\371\247\236"
 341      FBC3 3317 
 341      9B28 1ED6 
 341      7C0E DA51 
 341      6670 5DF9 
 342 010d 4E2D 1AE9 		.ascii	"N-\032\351\265\345\005c6\231\210\032\361L*of\262Frn\332\210\255"
 342      B5E5 0563 
 342      3699 881A 
 342      F14C 2A6F 
 342      66B2 4672 
 343 0125 664C 6326 		.ascii	"fLc&o\256\344\262\241%R\346G{~\037\241\310x$<9fN\310j\370\007"
 343      6FAE E4B2 
 343      A125 52E6 
 343      477B 7E1F 
 343      A1C8 7824 
 344 0141 2692 70BD 		.ascii	"&\222p\275"
 345               		.text
 346               		.section	.gnu.lto_.symbol_nodes.98cb2ac6,"",@progbits
 347 0000 789C 75D0 		.string	"x\234u\320\267\r\200@\020D\3219\356\260\021\336%TA\001H\3645+B\"\352\241\bZ\002\t\223\261
 347      B70D 8040 
 347      1044 D139 
 347      EEB0 11DE 
 347      2554 4101 
 348 002a 5E4B 2C22 		.string	"^K,\"\342\314v"
 348      E2CC 7600 
 349 0032 0476 9970 		.ascii	"\004v\231pCJs\276\r\037\2562?\230\321\3231\247\325\261\240\323"
 349      434A 73BE 
 349      0D1F AE32 
 349      3F98 D1D3 
 349      31A7 D5B1 
 350 0048 B1A4 AF63 		.ascii	"\261\244\257c\305@\307\232\241\216\r#\035;\306\377\003z&\277"
 350      C540 C79A 
 350      A18E 0D23 
 350      1D3B C6FF 
 350      037A 26BF 
 351 005c 800B 200A 		.ascii	"\200\013 \nq*"
 351      712A 
 352               		.text
 353               		.section	.gnu.lto_.refs.98cb2ac6,"",@progbits
 354 0000 789C 15C4 		.string	"x\234\025\304\261\001"
 354      B101 00
 355 0007 2008 C0B0 		.string	" \b\300\260\"*\274\342\377\017J3\244H\036\020\221\323\262\264m\307\256\225\365\304\007\01
 355      222A BCE2 
 355      FF0F 4A33 
 355      A448 1E10 
 355      91D3 B2B4 
 356 0025 78        		.ascii	"x"
 357               		.text
 358               		.section	.gnu.lto_.decls.98cb2ac6,"",@progbits
 359 0000 789C 9D95 		.ascii	"x\234\235\225kL\024W\024\307\357\231\031pY\330\305\220\306\322"
 359      6B4C 1457 
 359      14C7 EF99 
 359      1970 59D8 
 359      C590 C6D2 
 360 0014 94A6 44D3 		.ascii	"\224\246D\323\350\207\3065n\232\352\307\026\264I\323\330DK\233"
 360      E887 C635 
 360      6E9A EAC7 
 360      16B4 49D3 
 360      D844 4B9B 
 361 0028 346D C88A 		.ascii	"4m\310\212\203l\244\213\335]\350\307\016\312\323G\225F\253\210"
 361      836C A48B 
 361      DD5D E8C7 
 361      0ECA D347 
 361      9546 AB88 
 362 003c 117C D5A2 		.ascii	"\021|\325\242X\266&%UjY\267\213\"\370\340\241\025-\b\n\b\242"
 362      58B6 2625 
 362      556A 59B7 
 362      8B22 F8E0 
 362      A115 2D08 
 363 0053 08C5 E203 		.ascii	"\b\305\342\003\255\364\334{g\207A\206\306r\303\235\331\363\270"
 363      ADF4 DC7B 
 363      6787 4186 
 363      C672 C39D 
 363      D9F3 B8
 364 0066 FFFB 3BE7 		.ascii	"\377\373;\347N\2703\210H\336\217 \244\t\b\271D\b\031\303!\341"
 364      4EB8 3388 
 364      48DE 8F20 
 364      A409 08B9 
 364      4408 19C3 
 365 007c BB09 27BA 		.ascii	"\273\t'\272\210\237\360\021\2113\210\363\n\316v\234]8o\343\034"
 365      889F F011 
 365      8933 88F3 
 365      0ACE 769C 
 365      5D38 6FE3 
 366 0091 C439 82F3 		.ascii	"\3049\202\363\t\315\307\005\3418\243\200L\032\205\300\365\322"
 366      09CD C705 
 366      E138 A380 
 366      4C1A 85C0 
 366      F5D2 
 367 00a3 541B 54BD 		.ascii	"T\033T\275\347\207E DP\363\374\272\334p\003\315W\246\3105\332"
 367      E787 4520 
 367      4450 F3FC 
 367      BADC 7003 
 367      CD57 A6C8 
 368 00b9 BF48 84BC 		.ascii	"\277H\204\274\352\275\355R\201\bqf\030\003\264\267fwtEq\233\206"
 368      EABD ED52 
 368      8108 7166 
 368      1803 B4B7 
 368      6677 7445 
 369 00d0 3B5A CF1D 		.ascii	";Z\317\035\262\212\002\373]ud\177\243u\301\217\n\037\246O\t\234"
 369      B28A 02FB 
 369      5D75 647F 
 369      A375 C18F 
 369      0A1F A64F 
 370 00e6 0491 E9D8 		.ascii	"\004\221\351\330#i\274\274\364\207\240E\\\312r\237=>\\/\232\013"
 370      2369 BCBC 
 370      F487 A045 
 370      5CCA 729F 
 370      3D3E 5C2F 
 371 00fc 1465 9DE2 		.ascii	"\024e\235\342/+\b\217%`\217\203\005q\004j\200i\377\006\013\b"
 371      2F2B 088F 
 371      2560 8F83 
 371      0571 046A 
 371      8069 FF06 
 372 0112 FC0A 7150 		.ascii	"\374\nqP\r\350\364\203\031\327\370*|\273\244\016h\007Am\213\332"
 372      0DE8 F483 
 372      19D7 F82A 
 372      7CBB A40E 
 372      6807 416D 
 373 0128 3DF6 0236 		.ascii	"=\366\0026\271\r\314\304\267\300_\252\013\3244\022\372\255fq"
 373      B90D CCC4 
 373      B7C0 5FAA 
 373      0BD4 3412 
 373      FAAD 6671 
 374 013c BF30 2EC8 		.ascii	"\2770.\310\376\200\250zc\241\301\265\325\224qA\352\023B\035\343"
 374      FE80 A87A 
 374      63A1 C1B5 
 374      D594 7141 
 374      EA13 421D 
 375 0151 FA6A 1A3E 		.ascii	"\372j\032>\004\372\320)p]\035\300\204 \337X\027\326W"
 375      04FA D029 
 375      705D 1DC0 
 375      8420 DF58 
 375      17D6 57
 376 0164 09A1 2369 		.string	"\t\241#i(<Zi\026\227\261>\366_\r\356\263\306~G\033\356W\224x\200\264Yj'\t\374\016\261\370
 376      283C 5A69 
 376      1697 B13E 
 376      F65F 0DEE 
 376      B3C6 7E47 
 377 0265 E771 D139 		.ascii	"\347q\3219\006\331\f1!T\326\235\212\316\362\310\331\345P\246"
 377      06D9 0C31 
 377      2154 D69D 
 377      8ACE F2C8 
 377      D9E5 50A6 
 378 0279 EC8C 6731 		.ascii	"\354\214g1\364\r\037:R*a\223\b\264\300l\226U^\323\2623L<\316"
 378      F40D 1F3A 
 378      522A 6193 
 378      08B4 C06C 
 378      9655 5ED3 
 379 0292 7B58 D17B 		.ascii	"{X\321{\354p4\355\341ed\272\004\022\234\001\211%\025\335\177"
 379      EC70 34ED 
 379      E165 64BA 
 379      0412 9C01 
 379      8925 15DD 
 380 02a7 1681 8756 		.ascii	"\026\201\207V\346W\374c\225\363\332\252\266)J\236\304\216\026"
 380      E657 FC63 
 380      95F3 DAAA 
 380      B629 4A9E 
 380      C48E 16
 381 02ba 6A43 6706 		.ascii	"jCg\006\177`25\325\217\345\n;\260\223\303{\252\314b\337Tg\364"
 381      7F60 3235 
 381      D58F E50A 
 381      3BB0 93C3 
 381      7BAA CC62 
 382 02d2 DF90 D754 		.ascii	"\337\220\327T\310\t\\\177\"\327U\316\0258\330\365\213U\345\272"
 382      C809 5C7F 
 382      22D7 55CE 
 382      1538 D8F5 
 382      8B55 E5BA 
 383 02e6 F659 AEE2 		.ascii	"\366Y\256\342\317\006\306\324\2521\265Q\246V\215\251\2351\265"
 383      CF06 C6D4 
 383      AA31 B551 
 383      A656 8DA9 
 383      9D31 B5
 384 02f9 8D6E 381A 		.ascii	"\215n8\032.\346\b\323b\3524b\272\201L\035\234i\24088\022\256"
 384      2EE6 08D3 
 384      62EA 3462 
 384      BA81 4C1D 
 384      9C69 A038 
 385 0310 32DD D431 		.ascii	"2\335\3241]\327\230nR\246\353\032S\027c\272]wa{\264x`zL\267\214"
 385      5DD7 986E 
 385      52A6 EB1A 
 385      5317 63BA 
 385      5D77 617B 
 386 032b 987A 91A9 		.ascii	"\230z\221\251\2073\375\274\357a Re\352\3271ukL}\224\251[c\272"
 386      8733 FDBC 
 386      EF61 2052 
 386      65EA D731 
 386      756B 4C7D 
 387 0344 CD98 B6EC 		.ascii	"\315\230\266\354-?%\210\365\323c\272k\3044\200Lw8S\363\236\\"
 387      2D3F 2588 
 387      F5D3 63BA 
 387      6BC4 3480 
 387      4C77 3853 
 388 035b AD4F C33A 		.ascii	"\255O\303:\246~\215\351\036e\352\327\230\006\031\223\257\272"
 388      A67E 8DE9 
 388      1E65 EAD7 
 388      9806 1993 
 388      AFBA 
 389 036d 64B3 2476 		.ascii	"d\263$vM\217i\330\210\351>2\375\305\231\006\357\025\332U\244"
 389      4D8F 69D8 
 389      88E9 3E32 
 389      FDC5 9906 
 389      EF15 DA55 
 390 0382 511D D290 		.ascii	"Q\035\322\220\206\3647E\032\322\220F\030RiN\213/Z|2=\244GFH\217"
 390      86F4 3745 
 390      1AD2 9046 
 390      1852 694E 
 390      8B2F 5A7C 
 391 039d 11E9 2147 		.ascii	"\021\351!G\272s\361^C\224\312\024\370|\234\351\201\3064J\231"
 391      BA73 F15E 
 391      4394 CA14 
 391      F87C 9CE9 
 391      81C6 344A 
 392 03b2 1E68 4C4F 		.ascii	"\036hLO\030S\3317#c\026\361[qZL\317\214\230\306\220\351\037\316"
 392      1853 D937 
 392      2363 16F1 
 392      5B71 5A4C 
 392      CF8C 98C6 
 393 03ca 5453 B539 		.ascii	"TS\2659hR\231\352uLO5&E@\246\247\032S\266\300\230\362\257\355"
 393      6852 99EA 
 393      754C 4F35 
 393      2645 40A6 
 393      A71A 53B6 
 394 03e3 06D1 C799 		.ascii	"\006\321\307\231\256\366\336\330j2\033\374;4\272y\351\321\334"
 394      AEF6 DED8 
 394      6A32 1BFC 
 394      3B34 BA79 
 394      E9D1 DC
 395 03f6 1AAD 8B60 		.ascii	"\032\255\213`t\353\0053\275M\250F\177p\247e\212['W\240\267N\216"
 395      74EB 0533 
 395      BD4D A846 
 395      7F70 A765 
 395      8A5B 2757 
 396 040e A05E 3BB5 		.ascii	"\240^;\265\265?m\241m\364\261k'\276G\273v0\017\326\t\343\327"
 396      B53F 6DA1 
 396      6DF4 B16B 
 396      27BE 47BB 
 396      7630 0FD6 
 397 0425 0EFE D6AE 		.ascii	"\016\376\326\256\235\215x\355\3441\364\326;w\367\315\020OqtC"
 397      9D8D 78ED 
 397      E431 F4D6 
 397      3B77 F7CD 
 397      104F 7174 
 398 043a 94FF 594E 		.ascii	"\224\377YNSo]I\030\323(D\215\002\201\211\234h\350\251\026\247"
 398      536F 5D49 
 398      18D3 2844 
 398      8D02 8189 
 398      9C68 E8A9 
 399 0450 A867 23AB 		.ascii	"\250g#\253gC\250\236\323\201\226bP\353\031NR6\341\222\2314\007"
 399      6743 A89E 
 399      D381 9662 
 399      50EB 194E 
 399      5236 E192 
 400 0467 F275 B5E4 		.ascii	"\362u\265\344\353jI%\260I\230C\346\246;W\332\3223S\035\266\017"
 400      EB6A 4925 
 400      B049 9843 
 400      E6A6 3B57 
 400      DAD2 3353 
 401 047e 9296 BE63 		.ascii	"\222\226\276cKt;\263d\267\307\226\264\342][B\206[\266-\311\222"
 401      4B74 3BB3 
 401      64B7 C796 
 401      B4E2 5D5B 
 401      4286 5BB6 
 402 0495 5D5E CFFC 		.ascii	"]^\317\374\024\323{\313\222\342\023\026/&1!\317|\373\333\366"
 402      14D3 7BCB 
 402      92E2 1316 
 402      2F26 3121 
 402      CF7C FBDB 
 403 04aa 858B DF92 		.ascii	"\205\213\337\222\027\221\031\231N\227wQ\262\327\212\253\222Y"
 403      1791 1999 
 403      4E97 7751 
 403      B2D7 8AAB 
 403      9259 
 404 04bc 3879 8537 		.ascii	"8y\2057s\345\274\027\224&\261K>^\262\354\243d\272:Q\316r\246"
 404      73E5 BC17 
 404      9426 B14B 
 404      3E5E B2EC 
 404      A364 BA3A 
 405 04d4 C8C9 0919 		.ascii	"\310\311\t\031.\227\234\342\225\276\222\035k\244\2244\207;z\242"
 405      2E97 9CE2 
 405      95BE 921D 
 405      6BA4 9434 
 405      873B 7AA2 
 406 04e8 3409 73A4 		.ascii	"4\ts\244;\035\236\027\334!\215\274:i\207D\247'\205o\362\272\321"
 406      3B1D 9E17 
 406      DC21 8DBC 
 406      3A69 8744 
 406      A727 856F 
 407 04ff EE5E 7746 		.ascii	"\356^wF\372r\371\313L\331\343}\303(\236\352\\\235\351vx\235\031"
 407      FA72 F9CB 
 407      4CD9 E37D 
 407      C328 9EEA 
 407      5C9D E976 
 408 0516 AE84 3487 		.ascii	"\256\2044\207k\265\274jr\r+2=ke\327\252\227'\005>q\254\221\223"
 408      6BB5 BC6A 
 408      720D 2B32 
 408      3D6B 65D7 
 408      AA97 2705 
 409 052f D6CE 9AE4 		.ascii	"\326\316\232\344_.{d\357k\223u\274\016\267\367\303\324\245n\307"
 409      5F2E 7B64 
 409      EF6B 9375 
 409      BC0E B7F7 
 409      C3D4 A56E 
 410 0544 17F2 CC89 		.ascii	"\027\362\314\211mH^\370\274\303\376/\234D4\304"
 410      6D48 5EF8 
 410      BCC3 FE2F 
 410      9C44 34C4 
 411               		.text
 412               		.section	.gnu.lto_.symtab.98cb2ac6,"",@progbits
 413 0000 5553 425F 		.string	"USB_Event_Stub"
 413      4576 656E 
 413      745F 5374 
 413      7562 00
 414 000f 00        		.string	""
 415 0010 00        		.string	""
 416 0011 00        		.string	""
 417 0012 00        		.string	""
 418 0013 00        		.string	""
 419 0014 00        		.string	""
 420 0015 00        		.string	""
 421 0016 00        		.string	""
 422 0017 00        		.string	""
 423 0018 00        		.string	""
 424 0019 00        		.string	""
 425 001a C400      		.string	"\304"
 426 001c 00        		.string	""
 427 001d 00        		.string	""
 428 001e 4556 454E 		.string	"EVENT_USB_Device_Connect"
 428      545F 5553 
 428      425F 4465 
 428      7669 6365 
 428      5F43 6F6E 
 429 0037 00        		.string	""
 430 0038 01        		.ascii	"\001"
 431 0039 00        		.string	""
 432 003a 00        		.string	""
 433 003b 00        		.string	""
 434 003c 00        		.string	""
 435 003d 00        		.string	""
 436 003e 00        		.string	""
 437 003f 00        		.string	""
 438 0040 00        		.string	""
 439 0041 00        		.string	""
 440 0042 D700      		.string	"\327"
 441 0044 00        		.string	""
 442 0045 00        		.string	""
 443 0046 4556 454E 		.string	"EVENT_USB_Device_Disconnect"
 443      545F 5553 
 443      425F 4465 
 443      7669 6365 
 443      5F44 6973 
 444 0062 00        		.string	""
 445 0063 01        		.ascii	"\001"
 446 0064 00        		.string	""
 447 0065 00        		.string	""
 448 0066 00        		.string	""
 449 0067 00        		.string	""
 450 0068 00        		.string	""
 451 0069 00        		.string	""
 452 006a 00        		.string	""
 453 006b 00        		.string	""
 454 006c 00        		.string	""
 455 006d DD00      		.string	"\335"
 456 006f 00        		.string	""
 457 0070 00        		.string	""
 458 0071 4556 454E 		.string	"EVENT_USB_Device_ControlRequest"
 458      545F 5553 
 458      425F 4465 
 458      7669 6365 
 458      5F43 6F6E 
 459 0091 00        		.string	""
 460 0092 01        		.ascii	"\001"
 461 0093 00        		.string	""
 462 0094 00        		.string	""
 463 0095 00        		.string	""
 464 0096 00        		.string	""
 465 0097 00        		.string	""
 466 0098 00        		.string	""
 467 0099 00        		.string	""
 468 009a 00        		.string	""
 469 009b 00        		.string	""
 470 009c E300      		.string	"\343"
 471 009e 00        		.string	""
 472 009f 00        		.string	""
 473 00a0 4556 454E 		.string	"EVENT_USB_Device_ConfigurationChanged"
 473      545F 5553 
 473      425F 4465 
 473      7669 6365 
 473      5F43 6F6E 
 474 00c6 00        		.string	""
 475 00c7 01        		.ascii	"\001"
 476 00c8 00        		.string	""
 477 00c9 00        		.string	""
 478 00ca 00        		.string	""
 479 00cb 00        		.string	""
 480 00cc 00        		.string	""
 481 00cd 00        		.string	""
 482 00ce 00        		.string	""
 483 00cf 00        		.string	""
 484 00d0 00        		.string	""
 485 00d1 E900      		.string	"\351"
 486 00d3 00        		.string	""
 487 00d4 00        		.string	""
 488 00d5 4556 454E 		.string	"EVENT_USB_Device_Suspend"
 488      545F 5553 
 488      425F 4465 
 488      7669 6365 
 488      5F53 7573 
 489 00ee 00        		.string	""
 490 00ef 01        		.ascii	"\001"
 491 00f0 00        		.string	""
 492 00f1 00        		.string	""
 493 00f2 00        		.string	""
 494 00f3 00        		.string	""
 495 00f4 00        		.string	""
 496 00f5 00        		.string	""
 497 00f6 00        		.string	""
 498 00f7 00        		.string	""
 499 00f8 00        		.string	""
 500 00f9 EF00      		.string	"\357"
 501 00fb 00        		.string	""
 502 00fc 00        		.string	""
 503 00fd 4556 454E 		.string	"EVENT_USB_Device_WakeUp"
 503      545F 5553 
 503      425F 4465 
 503      7669 6365 
 503      5F57 616B 
 504 0115 00        		.string	""
 505 0116 01        		.ascii	"\001"
 506 0117 00        		.string	""
 507 0118 00        		.string	""
 508 0119 00        		.string	""
 509 011a 00        		.string	""
 510 011b 00        		.string	""
 511 011c 00        		.string	""
 512 011d 00        		.string	""
 513 011e 00        		.string	""
 514 011f 00        		.string	""
 515 0120 F500      		.string	"\365"
 516 0122 00        		.string	""
 517 0123 00        		.string	""
 518 0124 4556 454E 		.string	"EVENT_USB_Device_Reset"
 518      545F 5553 
 518      425F 4465 
 518      7669 6365 
 518      5F52 6573 
 519 013b 00        		.string	""
 520 013c 01        		.ascii	"\001"
 521 013d 00        		.string	""
 522 013e 00        		.string	""
 523 013f 00        		.string	""
 524 0140 00        		.string	""
 525 0141 00        		.string	""
 526 0142 00        		.string	""
 527 0143 00        		.string	""
 528 0144 00        		.string	""
 529 0145 00        		.string	""
 530 0146 FB00      		.string	"\373"
 531 0148 00        		.string	""
 532 0149 00        		.string	""
 533 014a 4556 454E 		.string	"EVENT_USB_Device_StartOfFrame"
 533      545F 5553 
 533      425F 4465 
 533      7669 6365 
 533      5F53 7461 
 534 0168 00        		.string	""
 535 0169 01        		.ascii	"\001"
 536 016a 00        		.string	""
 537 016b 00        		.string	""
 538 016c 00        		.string	""
 539 016d 00        		.string	""
 540 016e 00        		.string	""
 541 016f 00        		.string	""
 542 0170 00        		.string	""
 543 0171 00        		.string	""
 544 0172 00        		.string	""
 545 0173 0101 00   		.string	"\001\001"
 546 0176 00        		.string	""
 547 0177 5553 425F 		.string	"USB_Event_Stub_2"
 547      4576 656E 
 547      745F 5374 
 547      7562 5F32 
 547      00
 548 0188 00        		.string	""
 549 0189 00        		.string	""
 550 018a 00        		.string	""
 551 018b 00        		.string	""
 552 018c 00        		.string	""
 553 018d 00        		.string	""
 554 018e 00        		.string	""
 555 018f 00        		.string	""
 556 0190 00        		.string	""
 557 0191 00        		.string	""
 558 0192 00        		.string	""
 559 0193 0601 00   		.string	"\006\001"
 560 0196 00        		.string	""
 561 0197 5553 425F 		.string	"USB_Event_Stub_3"
 561      4576 656E 
 561      745F 5374 
 561      7562 5F33 
 561      00
 562 01a8 00        		.string	""
 563 01a9 00        		.string	""
 564 01aa 00        		.string	""
 565 01ab 00        		.string	""
 566 01ac 00        		.string	""
 567 01ad 00        		.string	""
 568 01ae 00        		.string	""
 569 01af 00        		.string	""
 570 01b0 00        		.string	""
 571 01b1 00        		.string	""
 572 01b2 00        		.string	""
 573 01b3 0C01 00   		.string	"\f\001"
 574 01b6 00        		.string	""
 575               		.text
 576               		.section	.gnu.lto_.opts,"",@progbits
 577 0000 272D 666E 		.string	"'-fno-openmp' '-fno-openacc' '-fno-pie' '-mn-flash=1' '-mno-skip-bug' '-mmcu=avr5' '-Os' 
 577      6F2D 6F70 
 577      656E 6D70 
 577      2720 272D 
 577      666E 6F2D 
 578               		.text
 579               		.comm	__gnu_lto_v1,1,1
 580               		.comm	__gnu_lto_slim,1,1
 581               		.ident	"GCC: (GNU) 8.4.0"
DEFINED SYMBOLS
                            *ABS*:0000000000000000 Events.c
C:\Users\gazed\AppData\Local\Temp\ccZnDL5t.s:2      *ABS*:000000000000003e __SP_H__
C:\Users\gazed\AppData\Local\Temp\ccZnDL5t.s:3      *ABS*:000000000000003d __SP_L__
C:\Users\gazed\AppData\Local\Temp\ccZnDL5t.s:4      *ABS*:000000000000003f __SREG__
C:\Users\gazed\AppData\Local\Temp\ccZnDL5t.s:5      *ABS*:0000000000000000 __tmp_reg__
C:\Users\gazed\AppData\Local\Temp\ccZnDL5t.s:6      *ABS*:0000000000000001 __zero_reg__
C:\Users\gazed\AppData\Local\Temp\ccZnDL5t.s:13     .gnu.debuglto_.debug_info:0000000000000000 Events.c.373295e8
                            *COM*:0000000000000001 __gnu_lto_v1
                            *COM*:0000000000000001 __gnu_lto_slim

NO UNDEFINED SYMBOLS
