   1               		.file	"debug.c"
   2               	__SP_H__ = 0x3e
   3               	__SP_L__ = 0x3d
   4               	__SREG__ = 0x3f
   5               	__tmp_reg__ = 0
   6               	__zero_reg__ = 1
   7               		.file 1 "tmk_core/common/debug.h"
   8               		.file 2 "c:\\program files\\qmk_msys\\mingw64\\avr\\include\\stdint.h"
   9               		.file 3 "tmk_core/common/avr/xprintf.h"
  10               		.file 4 "tmk_core/common/debug.c"
  11               		.section	.gnu.debuglto_.debug_info,"",@progbits
  12               	.Ldebug_info0:
  13               		.hidden	debug.c.39a0a231
  14               		.weak	debug.c.39a0a231
  15               	debug.c.39a0a231:
  16 0000 2601 0000 		.long	0x126
  17 0004 0200      		.word	0x2
  18 0006 0000 0000 		.long	.Ldebug_abbrev0
  19 000a 04        		.byte	0x4
  20 000b 01        		.uleb128 0x1
  21 000c 0000 0000 		.long	.LASF17
  22 0010 0C        		.byte	0xc
  23 0011 0000 0000 		.long	.LASF18
  24 0015 0000 0000 		.long	.LASF19
  25 0019 0000 0000 		.long	.Ldebug_line0
  26 001d 02        		.uleb128 0x2
  27 001e 01        		.byte	0x1
  28 001f 06        		.byte	0x6
  29 0020 0000 0000 		.long	.LASF0
  30 0024 03        		.uleb128 0x3
  31 0025 0000 0000 		.long	.LASF13
  32 0029 02        		.byte	0x2
  33 002a 7E        		.byte	0x7e
  34 002b 16        		.byte	0x16
  35 002c 3000 0000 		.long	0x30
  36 0030 02        		.uleb128 0x2
  37 0031 01        		.byte	0x1
  38 0032 08        		.byte	0x8
  39 0033 0000 0000 		.long	.LASF1
  40 0037 04        		.uleb128 0x4
  41 0038 02        		.byte	0x2
  42 0039 05        		.byte	0x5
  43 003a 696E 7400 		.string	"int"
  44 003e 02        		.uleb128 0x2
  45 003f 02        		.byte	0x2
  46 0040 07        		.byte	0x7
  47 0041 0000 0000 		.long	.LASF2
  48 0045 02        		.uleb128 0x2
  49 0046 04        		.byte	0x4
  50 0047 05        		.byte	0x5
  51 0048 0000 0000 		.long	.LASF3
  52 004c 02        		.uleb128 0x2
  53 004d 04        		.byte	0x4
  54 004e 07        		.byte	0x7
  55 004f 0000 0000 		.long	.LASF4
  56 0053 02        		.uleb128 0x2
  57 0054 08        		.byte	0x8
  58 0055 05        		.byte	0x5
  59 0056 0000 0000 		.long	.LASF5
  60 005a 02        		.uleb128 0x2
  61 005b 08        		.byte	0x8
  62 005c 07        		.byte	0x7
  63 005d 0000 0000 		.long	.LASF6
  64 0061 05        		.uleb128 0x5
  65 0062 01        		.byte	0x1
  66 0063 6D00 0000 		.long	0x6d
  67 0067 06        		.uleb128 0x6
  68 0068 2400 0000 		.long	0x24
  69 006c 00        		.byte	0
  70 006d 07        		.uleb128 0x7
  71 006e 0000 0000 		.long	.LASF15
  72 0072 03        		.byte	0x3
  73 0073 0E        		.byte	0xe
  74 0074 0F        		.byte	0xf
  75 0075 7B00 0000 		.long	0x7b
  76 0079 01        		.byte	0x1
  77 007a 01        		.byte	0x1
  78 007b 08        		.uleb128 0x8
  79 007c 02        		.byte	0x2
  80 007d 6100 0000 		.long	0x61
  81 0081 09        		.uleb128 0x9
  82 0082 01        		.byte	0x1
  83 0083 01        		.byte	0x1
  84 0084 1F        		.byte	0x1f
  85 0085 05        		.byte	0x5
  86 0086 E500 0000 		.long	0xe5
  87 008a 0A        		.uleb128 0xa
  88 008b 0000 0000 		.long	.LASF7
  89 008f 01        		.byte	0x1
  90 0090 20        		.byte	0x20
  91 0091 11        		.byte	0x11
  92 0092 E500 0000 		.long	0xe5
  93 0096 01        		.byte	0x1
  94 0097 01        		.byte	0x1
  95 0098 07        		.byte	0x7
  96 0099 02        		.byte	0x2
  97 009a 23        		.byte	0x23
  98 009b 00        		.uleb128 0
  99 009c 0A        		.uleb128 0xa
 100 009d 0000 0000 		.long	.LASF8
 101 00a1 01        		.byte	0x1
 102 00a2 21        		.byte	0x21
 103 00a3 11        		.byte	0x11
 104 00a4 E500 0000 		.long	0xe5
 105 00a8 01        		.byte	0x1
 106 00a9 01        		.byte	0x1
 107 00aa 06        		.byte	0x6
 108 00ab 02        		.byte	0x2
 109 00ac 23        		.byte	0x23
 110 00ad 00        		.uleb128 0
 111 00ae 0A        		.uleb128 0xa
 112 00af 0000 0000 		.long	.LASF9
 113 00b3 01        		.byte	0x1
 114 00b4 22        		.byte	0x22
 115 00b5 11        		.byte	0x11
 116 00b6 E500 0000 		.long	0xe5
 117 00ba 01        		.byte	0x1
 118 00bb 01        		.byte	0x1
 119 00bc 05        		.byte	0x5
 120 00bd 02        		.byte	0x2
 121 00be 23        		.byte	0x23
 122 00bf 00        		.uleb128 0
 123 00c0 0A        		.uleb128 0xa
 124 00c1 0000 0000 		.long	.LASF10
 125 00c5 01        		.byte	0x1
 126 00c6 23        		.byte	0x23
 127 00c7 11        		.byte	0x11
 128 00c8 E500 0000 		.long	0xe5
 129 00cc 01        		.byte	0x1
 130 00cd 01        		.byte	0x1
 131 00ce 04        		.byte	0x4
 132 00cf 02        		.byte	0x2
 133 00d0 23        		.byte	0x23
 134 00d1 00        		.uleb128 0
 135 00d2 0A        		.uleb128 0xa
 136 00d3 0000 0000 		.long	.LASF11
 137 00d7 01        		.byte	0x1
 138 00d8 24        		.byte	0x24
 139 00d9 11        		.byte	0x11
 140 00da 2400 0000 		.long	0x24
 141 00de 01        		.byte	0x1
 142 00df 04        		.byte	0x4
 143 00e0 00        		.byte	0
 144 00e1 02        		.byte	0x2
 145 00e2 23        		.byte	0x23
 146 00e3 00        		.uleb128 0
 147 00e4 00        		.byte	0
 148 00e5 02        		.uleb128 0x2
 149 00e6 01        		.byte	0x1
 150 00e7 02        		.byte	0x2
 151 00e8 0000 0000 		.long	.LASF12
 152 00ec 0B        		.uleb128 0xb
 153 00ed 01        		.byte	0x1
 154 00ee 01        		.byte	0x1
 155 00ef 1E        		.byte	0x1e
 156 00f0 09        		.byte	0x9
 157 00f1 0701 0000 		.long	0x107
 158 00f5 0C        		.uleb128 0xc
 159 00f6 8100 0000 		.long	0x81
 160 00fa 0D        		.uleb128 0xd
 161 00fb 7261 7700 		.string	"raw"
 162 00ff 01        		.byte	0x1
 163 0100 26        		.byte	0x26
 164 0101 0D        		.byte	0xd
 165 0102 2400 0000 		.long	0x24
 166 0106 00        		.byte	0
 167 0107 03        		.uleb128 0x3
 168 0108 0000 0000 		.long	.LASF14
 169 010c 01        		.byte	0x1
 170 010d 27        		.byte	0x27
 171 010e 03        		.byte	0x3
 172 010f EC00 0000 		.long	0xec
 173 0113 07        		.uleb128 0x7
 174 0114 0000 0000 		.long	.LASF16
 175 0118 01        		.byte	0x1
 176 0119 29        		.byte	0x29
 177 011a 17        		.byte	0x17
 178 011b 0701 0000 		.long	0x107
 179 011f 01        		.byte	0x1
 180 0120 01        		.byte	0x1
 181 0121 0E        		.uleb128 0xe
 182 0122 1301 0000 		.long	0x113
 183 0126 04        		.byte	0x4
 184 0127 06        		.byte	0x6
 185 0128 10        		.byte	0x10
 186 0129 00        		.byte	0
 187               		.section	.gnu.debuglto_.debug_abbrev,"",@progbits
 188               	.Ldebug_abbrev0:
 189 0000 01        		.uleb128 0x1
 190 0001 11        		.uleb128 0x11
 191 0002 01        		.byte	0x1
 192 0003 25        		.uleb128 0x25
 193 0004 0E        		.uleb128 0xe
 194 0005 13        		.uleb128 0x13
 195 0006 0B        		.uleb128 0xb
 196 0007 03        		.uleb128 0x3
 197 0008 0E        		.uleb128 0xe
 198 0009 1B        		.uleb128 0x1b
 199 000a 0E        		.uleb128 0xe
 200 000b 10        		.uleb128 0x10
 201 000c 06        		.uleb128 0x6
 202 000d 00        		.byte	0
 203 000e 00        		.byte	0
 204 000f 02        		.uleb128 0x2
 205 0010 24        		.uleb128 0x24
 206 0011 00        		.byte	0
 207 0012 0B        		.uleb128 0xb
 208 0013 0B        		.uleb128 0xb
 209 0014 3E        		.uleb128 0x3e
 210 0015 0B        		.uleb128 0xb
 211 0016 03        		.uleb128 0x3
 212 0017 0E        		.uleb128 0xe
 213 0018 00        		.byte	0
 214 0019 00        		.byte	0
 215 001a 03        		.uleb128 0x3
 216 001b 16        		.uleb128 0x16
 217 001c 00        		.byte	0
 218 001d 03        		.uleb128 0x3
 219 001e 0E        		.uleb128 0xe
 220 001f 3A        		.uleb128 0x3a
 221 0020 0B        		.uleb128 0xb
 222 0021 3B        		.uleb128 0x3b
 223 0022 0B        		.uleb128 0xb
 224 0023 39        		.uleb128 0x39
 225 0024 0B        		.uleb128 0xb
 226 0025 49        		.uleb128 0x49
 227 0026 13        		.uleb128 0x13
 228 0027 00        		.byte	0
 229 0028 00        		.byte	0
 230 0029 04        		.uleb128 0x4
 231 002a 24        		.uleb128 0x24
 232 002b 00        		.byte	0
 233 002c 0B        		.uleb128 0xb
 234 002d 0B        		.uleb128 0xb
 235 002e 3E        		.uleb128 0x3e
 236 002f 0B        		.uleb128 0xb
 237 0030 03        		.uleb128 0x3
 238 0031 08        		.uleb128 0x8
 239 0032 00        		.byte	0
 240 0033 00        		.byte	0
 241 0034 05        		.uleb128 0x5
 242 0035 15        		.uleb128 0x15
 243 0036 01        		.byte	0x1
 244 0037 27        		.uleb128 0x27
 245 0038 0C        		.uleb128 0xc
 246 0039 01        		.uleb128 0x1
 247 003a 13        		.uleb128 0x13
 248 003b 00        		.byte	0
 249 003c 00        		.byte	0
 250 003d 06        		.uleb128 0x6
 251 003e 05        		.uleb128 0x5
 252 003f 00        		.byte	0
 253 0040 49        		.uleb128 0x49
 254 0041 13        		.uleb128 0x13
 255 0042 00        		.byte	0
 256 0043 00        		.byte	0
 257 0044 07        		.uleb128 0x7
 258 0045 34        		.uleb128 0x34
 259 0046 00        		.byte	0
 260 0047 03        		.uleb128 0x3
 261 0048 0E        		.uleb128 0xe
 262 0049 3A        		.uleb128 0x3a
 263 004a 0B        		.uleb128 0xb
 264 004b 3B        		.uleb128 0x3b
 265 004c 0B        		.uleb128 0xb
 266 004d 39        		.uleb128 0x39
 267 004e 0B        		.uleb128 0xb
 268 004f 49        		.uleb128 0x49
 269 0050 13        		.uleb128 0x13
 270 0051 3F        		.uleb128 0x3f
 271 0052 0C        		.uleb128 0xc
 272 0053 3C        		.uleb128 0x3c
 273 0054 0C        		.uleb128 0xc
 274 0055 00        		.byte	0
 275 0056 00        		.byte	0
 276 0057 08        		.uleb128 0x8
 277 0058 0F        		.uleb128 0xf
 278 0059 00        		.byte	0
 279 005a 0B        		.uleb128 0xb
 280 005b 0B        		.uleb128 0xb
 281 005c 49        		.uleb128 0x49
 282 005d 13        		.uleb128 0x13
 283 005e 00        		.byte	0
 284 005f 00        		.byte	0
 285 0060 09        		.uleb128 0x9
 286 0061 13        		.uleb128 0x13
 287 0062 01        		.byte	0x1
 288 0063 0B        		.uleb128 0xb
 289 0064 0B        		.uleb128 0xb
 290 0065 3A        		.uleb128 0x3a
 291 0066 0B        		.uleb128 0xb
 292 0067 3B        		.uleb128 0x3b
 293 0068 0B        		.uleb128 0xb
 294 0069 39        		.uleb128 0x39
 295 006a 0B        		.uleb128 0xb
 296 006b 01        		.uleb128 0x1
 297 006c 13        		.uleb128 0x13
 298 006d 00        		.byte	0
 299 006e 00        		.byte	0
 300 006f 0A        		.uleb128 0xa
 301 0070 0D        		.uleb128 0xd
 302 0071 00        		.byte	0
 303 0072 03        		.uleb128 0x3
 304 0073 0E        		.uleb128 0xe
 305 0074 3A        		.uleb128 0x3a
 306 0075 0B        		.uleb128 0xb
 307 0076 3B        		.uleb128 0x3b
 308 0077 0B        		.uleb128 0xb
 309 0078 39        		.uleb128 0x39
 310 0079 0B        		.uleb128 0xb
 311 007a 49        		.uleb128 0x49
 312 007b 13        		.uleb128 0x13
 313 007c 0B        		.uleb128 0xb
 314 007d 0B        		.uleb128 0xb
 315 007e 0D        		.uleb128 0xd
 316 007f 0B        		.uleb128 0xb
 317 0080 0C        		.uleb128 0xc
 318 0081 0B        		.uleb128 0xb
 319 0082 38        		.uleb128 0x38
 320 0083 0A        		.uleb128 0xa
 321 0084 00        		.byte	0
 322 0085 00        		.byte	0
 323 0086 0B        		.uleb128 0xb
 324 0087 17        		.uleb128 0x17
 325 0088 01        		.byte	0x1
 326 0089 0B        		.uleb128 0xb
 327 008a 0B        		.uleb128 0xb
 328 008b 3A        		.uleb128 0x3a
 329 008c 0B        		.uleb128 0xb
 330 008d 3B        		.uleb128 0x3b
 331 008e 0B        		.uleb128 0xb
 332 008f 39        		.uleb128 0x39
 333 0090 0B        		.uleb128 0xb
 334 0091 01        		.uleb128 0x1
 335 0092 13        		.uleb128 0x13
 336 0093 00        		.byte	0
 337 0094 00        		.byte	0
 338 0095 0C        		.uleb128 0xc
 339 0096 0D        		.uleb128 0xd
 340 0097 00        		.byte	0
 341 0098 49        		.uleb128 0x49
 342 0099 13        		.uleb128 0x13
 343 009a 00        		.byte	0
 344 009b 00        		.byte	0
 345 009c 0D        		.uleb128 0xd
 346 009d 0D        		.uleb128 0xd
 347 009e 00        		.byte	0
 348 009f 03        		.uleb128 0x3
 349 00a0 08        		.uleb128 0x8
 350 00a1 3A        		.uleb128 0x3a
 351 00a2 0B        		.uleb128 0xb
 352 00a3 3B        		.uleb128 0x3b
 353 00a4 0B        		.uleb128 0xb
 354 00a5 39        		.uleb128 0x39
 355 00a6 0B        		.uleb128 0xb
 356 00a7 49        		.uleb128 0x49
 357 00a8 13        		.uleb128 0x13
 358 00a9 00        		.byte	0
 359 00aa 00        		.byte	0
 360 00ab 0E        		.uleb128 0xe
 361 00ac 34        		.uleb128 0x34
 362 00ad 00        		.byte	0
 363 00ae 47        		.uleb128 0x47
 364 00af 13        		.uleb128 0x13
 365 00b0 3A        		.uleb128 0x3a
 366 00b1 0B        		.uleb128 0xb
 367 00b2 3B        		.uleb128 0x3b
 368 00b3 0B        		.uleb128 0xb
 369 00b4 39        		.uleb128 0x39
 370 00b5 0B        		.uleb128 0xb
 371 00b6 00        		.byte	0
 372 00b7 00        		.byte	0
 373 00b8 00        		.byte	0
 374               		.section	.gnu.debuglto_.debug_line,"",@progbits
 375               	.Ldebug_line0:
 376 0000 9E00 0000 		.long	.LELT0-.LSLT0
 377               	.LSLT0:
 378 0004 0200      		.word	0x2
 379 0006 9800 0000 		.long	.LELTP0-.LASLTP0
 380               	.LASLTP0:
 381 000a 01        		.byte	0x1
 382 000b 01        		.byte	0x1
 383 000c F6        		.byte	0xf6
 384 000d F2        		.byte	0xf2
 385 000e 0D        		.byte	0xd
 386 000f 00        		.byte	0
 387 0010 01        		.byte	0x1
 388 0011 01        		.byte	0x1
 389 0012 01        		.byte	0x1
 390 0013 01        		.byte	0x1
 391 0014 00        		.byte	0
 392 0015 00        		.byte	0
 393 0016 00        		.byte	0
 394 0017 01        		.byte	0x1
 395 0018 00        		.byte	0
 396 0019 00        		.byte	0
 397 001a 01        		.byte	0x1
 398 001b 633A 5C70 		.ascii	"c:\\program files\\qmk_msys\\mingw64\\avr\\include"
 398      726F 6772 
 398      616D 2066 
 398      696C 6573 
 398      5C71 6D6B 
 399 0048 00        		.byte	0
 400 0049 746D 6B5F 		.ascii	"tmk_core/common"
 400      636F 7265 
 400      2F63 6F6D 
 400      6D6F 6E
 401 0058 00        		.byte	0
 402 0059 746D 6B5F 		.ascii	"tmk_core/common/avr"
 402      636F 7265 
 402      2F63 6F6D 
 402      6D6F 6E2F 
 402      6176 72
 403 006c 00        		.byte	0
 404 006d 00        		.byte	0
 405 006e 6465 6275 		.string	"debug.h"
 405      672E 6800 
 406 0076 02        		.uleb128 0x2
 407 0077 00        		.uleb128 0
 408 0078 00        		.uleb128 0
 409 0079 7374 6469 		.string	"stdint.h"
 409      6E74 2E68 
 409      00
 410 0082 01        		.uleb128 0x1
 411 0083 00        		.uleb128 0
 412 0084 00        		.uleb128 0
 413 0085 6176 722F 		.string	"avr/xprintf.h"
 413      7870 7269 
 413      6E74 662E 
 413      6800 
 414 0093 02        		.uleb128 0x2
 415 0094 00        		.uleb128 0
 416 0095 00        		.uleb128 0
 417 0096 6465 6275 		.string	"debug.c"
 417      672E 6300 
 418 009e 02        		.uleb128 0x2
 419 009f 00        		.uleb128 0
 420 00a0 00        		.uleb128 0
 421 00a1 00        		.byte	0
 422               	.LELTP0:
 423               	.LELT0:
 424               		.section	.gnu.debuglto_.debug_str,"MS",@progbits,1
 425               	.LASF10:
 426 0000 6D6F 7573 		.string	"mouse"
 426      6500 
 427               	.LASF11:
 428 0006 7265 7365 		.string	"reserved"
 428      7276 6564 
 428      00
 429               	.LASF7:
 430 000f 656E 6162 		.string	"enable"
 430      6C65 00
 431               	.LASF16:
 432 0016 6465 6275 		.string	"debug_config"
 432      675F 636F 
 432      6E66 6967 
 432      00
 433               	.LASF1:
 434 0023 756E 7369 		.string	"unsigned char"
 434      676E 6564 
 434      2063 6861 
 434      7200 
 435               	.LASF4:
 436 0031 6C6F 6E67 		.string	"long unsigned int"
 436      2075 6E73 
 436      6967 6E65 
 436      6420 696E 
 436      7400 
 437               	.LASF17:
 438 0043 474E 5520 		.string	"GNU C99 8.4.0 -mn-flash=1 -mno-skip-bug -mmcu=avr5 -gdwarf-2 -Os -std=gnu99 -funsigned-ch
 438      4339 3920 
 438      382E 342E 
 438      3020 2D6D 
 438      6E2D 666C 
 439               	.LASF15:
 440 012b 7866 756E 		.string	"xfunc_out"
 440      635F 6F75 
 440      7400 
 441               	.LASF9:
 442 0135 6B65 7962 		.string	"keyboard"
 442      6F61 7264 
 442      00
 443               	.LASF19:
 444 013e 433A 5C55 		.string	"C:\\Users\\gazed\\qmk_firmware"
 444      7365 7273 
 444      5C67 617A 
 444      6564 5C71 
 444      6D6B 5F66 
 445               	.LASF2:
 446 015a 756E 7369 		.string	"unsigned int"
 446      676E 6564 
 446      2069 6E74 
 446      00
 447               	.LASF18:
 448 0167 746D 6B5F 		.string	"tmk_core/common/debug.c"
 448      636F 7265 
 448      2F63 6F6D 
 448      6D6F 6E2F 
 448      6465 6275 
 449               	.LASF6:
 450 017f 6C6F 6E67 		.string	"long long unsigned int"
 450      206C 6F6E 
 450      6720 756E 
 450      7369 676E 
 450      6564 2069 
 451               	.LASF13:
 452 0196 7569 6E74 		.string	"uint8_t"
 452      385F 7400 
 453               	.LASF5:
 454 019e 6C6F 6E67 		.string	"long long int"
 454      206C 6F6E 
 454      6720 696E 
 454      7400 
 455               	.LASF14:
 456 01ac 6465 6275 		.string	"debug_config_t"
 456      675F 636F 
 456      6E66 6967 
 456      5F74 00
 457               	.LASF8:
 458 01bb 6D61 7472 		.string	"matrix"
 458      6978 00
 459               	.LASF3:
 460 01c2 6C6F 6E67 		.string	"long int"
 460      2069 6E74 
 460      00
 461               	.LASF0:
 462 01cb 7369 676E 		.string	"signed char"
 462      6564 2063 
 462      6861 7200 
 463               	.LASF12:
 464 01d7 5F42 6F6F 		.string	"_Bool"
 464      6C00 
 465               		.text
 466               		.section	.gnu.lto_.profile.59ac9eca,"",@progbits
 467 0000 789C 6367 		.string	"x\234cg`f`d"
 467      6066 6064 
 467      00
 468 0009 0200      		.string	"\002"
 469 000b 00        		.string	""
 470 000c 6200      		.string	"b"
 471 000e 0C        		.ascii	"\f"
 472               		.text
 473               		.section	.gnu.lto_.icf.59ac9eca,"",@progbits
 474 0000 789C 6367 		.string	"x\234cg`f\340`@"
 474      6066 E060 
 474      4000 
 475 000a 4686 CD8B 		.string	"F\206\315\213?\355dd"
 475      3FED 6464 
 475      00
 476 0013 00        		.string	""
 477 0014 0F00      		.string	"\017"
 478 0016 0316      		.ascii	"\003\026"
 479               		.text
 480               		.section	.gnu.lto_.jmpfuncs.59ac9eca,"",@progbits
 481 0000 789C 6367 		.string	"x\234cg`f`b@\006"
 481      6066 6062 
 481      4006 00
 482 000b 00        		.string	""
 483 000c DC00      		.string	"\334"
 484 000e 0D        		.ascii	"\r"
 485               		.text
 486               		.section	.gnu.lto_.inline.59ac9eca,"",@progbits
 487 0000 789C 6367 		.string	"x\234cg`f`b@\006"
 487      6066 6062 
 487      4006 00
 488 000b 00        		.string	""
 489 000c DC00      		.string	"\334"
 490 000e 0D        		.ascii	"\r"
 491               		.text
 492               		.section	.gnu.lto_.pureconst.59ac9eca,"",@progbits
 493 0000 789C 6367 		.string	"x\234cg`f`d"
 493      6066 6064 
 493      00
 494 0009 0200      		.string	"\002"
 495 000b 00        		.string	""
 496 000c 6200      		.string	"b"
 497 000e 0C        		.ascii	"\f"
 498               		.text
 499               		.section	.gnu.lto_debug_config.59ac9eca,"",@progbits
 500 0000 789C 6367 		.string	"x\234cg`f(b```d\200\200\211\314\214\215\375\023\326\362w0\317d\006\n\"s\031\301\334\237/^
 500      6066 2862 
 500      6060 6064 
 500      8080 89CC 
 500      8C8D FD13 
 501 0061 168D 218D 		.ascii	"\026\215!\215"
 502               		.text
 503               		.section	.gnu.lto_.symbol_nodes.59ac9eca,"",@progbits
 504 0000 789C 6367 		.string	"x\234cg`f\340b"
 504      6066 E062 
 504      00
 505 0009 0256 4686 		.string	"\002VF\206F%\020\003"
 505      4625 1003 
 505      00
 506 0012 0531 00   		.string	"\0051"
 507 0015 BE        		.ascii	"\276"
 508               		.text
 509               		.section	.gnu.lto_.refs.59ac9eca,"",@progbits
 510 0000 789C 6367 		.string	"x\234cg`f`d"
 510      6066 6064 
 510      00
 511 0009 0200      		.string	"\002"
 512 000b 00        		.string	""
 513 000c 6200      		.string	"b"
 514 000e 0C        		.ascii	"\f"
 515               		.text
 516               		.section	.gnu.lto_.decls.59ac9eca,"",@progbits
 517 0000 789C 7553 		.ascii	"x\234uSKLSA\024\235\333)\355\243\002\325@b\023\272\300EI\210"
 517      4B4C 5341 
 517      149D DB29 
 517      EDA3 02D5 
 517      4062 13BA 
 518 0018 0914 7021 		.ascii	"\t\024p![$1q\241"
 518      5B24 3171 
 518      A1
 519 0021 0B74 E1C6 		.string	"\013t\341\306\246\300\023\b\224gJ\361\263{@\213H\214\202\260P\214|\202\n\370[\031\215\"P\
 519      A6C0 1308 
 519      9467 4AF1 
 519      B37B 408B 
 519      488C 82B0 
 520 0122 B7FB B1BA 		.ascii	"\267\373\261\272^F\314\017\312W\353e\201\277\221\361\306\344"
 520      5E46 CC0F 
 520      CA57 EB65 
 520      81BF 91F1 
 520      C6E4 
 521 0134 AF8A 48C5 		.ascii	"\257\212H\305;\305t\270\177\374\252\226fr\001\247k\3712'\017"
 521      3BC5 74B8 
 521      7FFC AA96 
 521      6672 01A7 
 521      6BF9 3227 
 522 0149 C7E0 E53B 		.ascii	"\307\340\345;a\b\302\311yE\253)\316\257\005/\321.\333\"\360\n"
 522      6108 C2C9 
 522      7945 AB29 
 522      CEAF 052F 
 522      D12E DB22 
 523 015f 0B06 B99C 		.ascii	"\013\006\271\234\300W\220\363\202\347V{\024=\316\017<\350\275"
 523      C057 90F3 
 523      82E7 567B 
 523      143D CE0F 
 523      3CE8 BD
 524 0172 7E5B AFC8 		.ascii	"~[\257\310\2510\275\377u\341\t\245\026\245\343\345\035=a4\217"
 524      A930 BDFF 
 524      75E1 09A5 
 524      16A5 E3E5 
 524      1D3D 6134 
 525 0187 CFCB 67C6 		.ascii	"\317\313g\306\036\013Tbs\301;\342z(\200\tG\264\311\224\320\302"
 525      1E0B 5462 
 525      73C1 3BE2 
 525      7A28 8009 
 525      47B4 C994 
 526 019d C5D7 1BE2 		.ascii	"\305\327\033\342\352\\\245\356%\r\323\200\021T\367@4\244\370"
 526      EA5C A5EE 
 526      250D D380 
 526      1154 F740 
 526      34A4 F8
 527 01b0 0E9E 64E4 		.ascii	"\016\236d\344\313c`\202d\314I\013\2736\367\367\243N\2712\026"
 527      CB63 6082 
 527      64CC 490B 
 527      BB36 F7F7 
 527      A34E B932 
 528 01c5 BB4A 3838 		.ascii	"\273J88\325\017\306\307\026\f\251'\353\302\234rU,gx\023\232x"
 528      D50F C6C7 
 528      160C A927 
 528      EBC2 9C72 
 528      552C 6778 
 529 01dc 1802 2533 		.ascii	"\030\002%3\031#^\340;\257C\027\274\340\0055\334\212\f\206\300"
 529      1923 5EE0 
 529      3BAF 4317 
 529      BCE0 0535 
 529      DC8A 0C86 
 530 01f1 3531 3CDE 		.ascii	"51<\3363x!\001F\0218\2111\2161\2011\005&\342\227\031\362\313"
 530      3378 2101 
 530      4611 3889 
 530      318E 3181 
 530      3105 26E2 
 531 0209 BC0D 2D93 		.ascii	"\274\r-\223\022\260\265\304\361x\317\320\353\303wA\240\3409\256"
 531      12B0 B5C4 
 531      F178 CFD0 
 531      EBC3 7741 
 531      A0E0 39AE 
 532 021d B382 2EEE 		.ascii	"\263\202.\356\253\225\373\332\310\304\317\233!\t\377\362\002"
 532      AB95 FBDA 
 532      C8C4 CF9B 
 532      2109 FFF2 
 532      02
 533 022e 7F86 ABE7 		.ascii	"\177\206\253\347\333\035\025\305\257\001\023\365\354\335\365"
 533      DB1D 15C5 
 533      AF01 13F5 
 533      ECDD F5
 534 023d BD60 4A30 		.ascii	"\275`J0\305(}\375\222!_4(Es\020\023\244\257\n\367Z-e\344\b\331"
 534      C528 7DFD 
 534      9221 5F34 
 534      2845 7310 
 534      13A4 AF0A 
 535 0258 46AE 585D 		.ascii	"F\256X]\233\240N\331]J\271\253it\033\234\351\312\377\335c@\326"
 535      9BA0 4ED9 
 535      5D4A B9AB 
 535      6974 1B9C 
 535      E9CA FFDD 
 536 026f BD59 ECDE 		.ascii	"\275Y\354\336\f\036\347\235\3221\364\274\372\351R_\004\255\345"
 536      0C1E E79D 
 536      D231 F4BC 
 536      FAE9 525F 
 536      04AD E5
 537 0282 9E55 BFAF 		.ascii	"\236U\277\257-5\353!!\306w\316}\314\312\002\226\276G-\237\033"
 537      2D35 EB21 
 537      21C6 77CE 
 537      7DCC CA02 
 537      96BE 472D 
 538 0298 6E2D 8806 		.ascii	"n-\210\006\314#uh\231\256G5\236\250\370\233r\223[vO\3353\264"
 538      CC23 7568 
 538      99AE 4735 
 538      9EA8 F89B 
 538      7293 5B76 
 539 02b0 E16F 4239 		.ascii	"\341oB9u\207B\355w\312\362\023*s\263\212\300\"\304\223\210\034"
 539      7587 42ED 
 539      77CA F213 
 539      2A73 B38A 
 539      C022 C493 
 540 02c6 31AB 24D7 		.ascii	"1\253$\327\222-\025\235\314\317\335\355\260\025\340\324.&eK6"
 540      922D 159D 
 540      CCCF DDED 
 540      B015 E0D4 
 540      2E26 654B 
 541 02db 9B54 94C4 		.ascii	"\233T\224\3047\023\263\205\203\207\217\305\035HK#\273|\013\211"
 541      3713 B385 
 541      8387 8FC5 
 541      1D48 4B23 
 541      BB7C 0B89 
 542 02ef A969 56B3 		.ascii	"\251iV\2635%5\231hK\362\213\034\373-\016\301.\026\213\366\323"
 542      3525 3599 
 542      684B F28B 
 542      1CFB 2D0E 
 542      C12E 168B 
 543 0305 624E 9825 		.ascii	"bN\230%]\222\n\303lRI\261(\024\210\347\262$\253=Gc\263:\354\371"
 543      5D92 0AC3 
 543      6C52 49B1 
 543      2814 88E7 
 543      B224 AB3D 
 544 031f 6735 6291 		.ascii	"g5b\2215\253P4\004\227\311#\324n=\023\365\267!\213#\0046\233"
 544      35AB 5034 
 544      0497 C923 
 544      D46E 3D13 
 544      F5B7 218B 
 545 0337 FC01 9FF7 		.ascii	"\374\001\237\367}\215"
 545      7D8D 
 546               		.text
 547               		.section	.gnu.lto_.symtab.59ac9eca,"",@progbits
 548 0000 6465 6275 		.string	"debug_config"
 548      675F 636F 
 548      6E66 6967 
 548      00
 549 000d 00        		.string	""
 550 000e 00        		.string	""
 551 000f 00        		.string	""
 552 0010 00        		.string	""
 553 0011 00        		.string	""
 554 0012 00        		.string	""
 555 0013 00        		.string	""
 556 0014 00        		.string	""
 557 0015 00        		.string	""
 558 0016 00        		.string	""
 559 0017 00        		.string	""
 560 0018 E100      		.string	"\341"
 561 001a 00        		.string	""
 562 001b 00        		.string	""
 563               		.text
 564               		.section	.gnu.lto_.opts,"",@progbits
 565 0000 272D 666E 		.string	"'-fno-openmp' '-fno-openacc' '-fno-pie' '-mn-flash=1' '-mno-skip-bug' '-mmcu=avr5' '-Os' 
 565      6F2D 6F70 
 565      656E 6D70 
 565      2720 272D 
 565      666E 6F2D 
 566               		.text
 567               		.comm	__gnu_lto_v1,1,1
 568               		.comm	__gnu_lto_slim,1,1
 569               		.ident	"GCC: (GNU) 8.4.0"
DEFINED SYMBOLS
                            *ABS*:0000000000000000 debug.c
C:\Users\gazed\AppData\Local\Temp\ccZjYhLn.s:2      *ABS*:000000000000003e __SP_H__
C:\Users\gazed\AppData\Local\Temp\ccZjYhLn.s:3      *ABS*:000000000000003d __SP_L__
C:\Users\gazed\AppData\Local\Temp\ccZjYhLn.s:4      *ABS*:000000000000003f __SREG__
C:\Users\gazed\AppData\Local\Temp\ccZjYhLn.s:5      *ABS*:0000000000000000 __tmp_reg__
C:\Users\gazed\AppData\Local\Temp\ccZjYhLn.s:6      *ABS*:0000000000000001 __zero_reg__
C:\Users\gazed\AppData\Local\Temp\ccZjYhLn.s:15     .gnu.debuglto_.debug_info:0000000000000000 debug.c.39a0a231
                            *COM*:0000000000000001 __gnu_lto_v1
                            *COM*:0000000000000001 __gnu_lto_slim

NO UNDEFINED SYMBOLS
