   1               		.file	"magic.c"
   2               	__SP_H__ = 0x3e
   3               	__SP_L__ = 0x3d
   4               	__SREG__ = 0x3f
   5               	__tmp_reg__ = 0
   6               	__zero_reg__ = 1
   7               		.file 1 "c:\\program files\\qmk_msys\\mingw64\\avr\\include\\stdint.h"
   8               		.file 2 "tmk_core/common/debug.h"
   9               		.file 3 "tmk_core/common/avr/xprintf.h"
  10               		.file 4 "tmk_core/common/action.h"
  11               		.file 5 "lib/lufa/LUFA/Drivers/USB/Core/AVR8/../StdRequestType.h"
  12               		.file 6 "lib/lufa/LUFA/Drivers/USB/Core/AVR8/../DeviceStandardReq.h"
  13               		.file 7 "lib/lufa/LUFA/Drivers/USB/Core/USBTask.h"
  14               		.file 8 "lib/lufa/LUFA/Drivers/USB/Core/HostStandardReq.h"
  15               		.file 9 "c:\\program files\\qmk_msys\\mingw64\\avr\\include\\stdio.h"
  16               		.file 10 "tmk_core/common/host.h"
  17               		.file 11 "quantum/keycode_config.h"
  18               		.file 12 "quantum/keymap.h"
  19               		.file 13 "tmk_core/common/action_layer.h"
  20               		.file 14 "tmk_core/common/magic.c"
  21               		.section	.gnu.debuglto_.debug_info,"",@progbits
  22               	.Ldebug_info0:
  23               		.hidden	magic.c.3531c6cb
  24               		.weak	magic.c.3531c6cb
  25               	magic.c.3531c6cb:
  26 0000 9F04 0000 		.long	0x49f
  27 0004 0200      		.word	0x2
  28 0006 0000 0000 		.long	.Ldebug_abbrev0
  29 000a 04        		.byte	0x4
  30 000b 01        		.uleb128 0x1
  31 000c 0000 0000 		.long	.LASF58
  32 0010 0C        		.byte	0xc
  33 0011 0000 0000 		.long	.LASF59
  34 0015 0000 0000 		.long	.LASF60
  35 0019 0000 0000 		.long	.Ldebug_line0
  36 001d 02        		.uleb128 0x2
  37 001e 01        		.byte	0x1
  38 001f 06        		.byte	0x6
  39 0020 0000 0000 		.long	.LASF0
  40 0024 03        		.uleb128 0x3
  41 0025 0000 0000 		.long	.LASF2
  42 0029 01        		.byte	0x1
  43 002a 7E        		.byte	0x7e
  44 002b 16        		.byte	0x16
  45 002c 3500 0000 		.long	0x35
  46 0030 04        		.uleb128 0x4
  47 0031 2400 0000 		.long	0x24
  48 0035 02        		.uleb128 0x2
  49 0036 01        		.byte	0x1
  50 0037 08        		.byte	0x8
  51 0038 0000 0000 		.long	.LASF1
  52 003c 05        		.uleb128 0x5
  53 003d 02        		.byte	0x2
  54 003e 05        		.byte	0x5
  55 003f 696E 7400 		.string	"int"
  56 0043 03        		.uleb128 0x3
  57 0044 0000 0000 		.long	.LASF3
  58 0048 01        		.byte	0x1
  59 0049 80        		.byte	0x80
  60 004a 16        		.byte	0x16
  61 004b 5400 0000 		.long	0x54
  62 004f 06        		.uleb128 0x6
  63 0050 4300 0000 		.long	0x43
  64 0054 02        		.uleb128 0x2
  65 0055 02        		.byte	0x2
  66 0056 07        		.byte	0x7
  67 0057 0000 0000 		.long	.LASF4
  68 005b 02        		.uleb128 0x2
  69 005c 04        		.byte	0x4
  70 005d 05        		.byte	0x5
  71 005e 0000 0000 		.long	.LASF5
  72 0062 03        		.uleb128 0x3
  73 0063 0000 0000 		.long	.LASF6
  74 0067 01        		.byte	0x1
  75 0068 82        		.byte	0x82
  76 0069 16        		.byte	0x16
  77 006a 6E00 0000 		.long	0x6e
  78 006e 02        		.uleb128 0x2
  79 006f 04        		.byte	0x4
  80 0070 07        		.byte	0x7
  81 0071 0000 0000 		.long	.LASF7
  82 0075 02        		.uleb128 0x2
  83 0076 08        		.byte	0x8
  84 0077 05        		.byte	0x5
  85 0078 0000 0000 		.long	.LASF8
  86 007c 02        		.uleb128 0x2
  87 007d 08        		.byte	0x8
  88 007e 07        		.byte	0x7
  89 007f 0000 0000 		.long	.LASF9
  90 0083 07        		.uleb128 0x7
  91 0084 01        		.byte	0x1
  92 0085 8F00 0000 		.long	0x8f
  93 0089 08        		.uleb128 0x8
  94 008a 2400 0000 		.long	0x24
  95 008e 00        		.byte	0
  96 008f 09        		.uleb128 0x9
  97 0090 0000 0000 		.long	.LASF17
  98 0094 03        		.byte	0x3
  99 0095 0E        		.byte	0xe
 100 0096 0F        		.byte	0xf
 101 0097 9D00 0000 		.long	0x9d
 102 009b 01        		.byte	0x1
 103 009c 01        		.byte	0x1
 104 009d 0A        		.uleb128 0xa
 105 009e 02        		.byte	0x2
 106 009f 8300 0000 		.long	0x83
 107 00a3 0B        		.uleb128 0xb
 108 00a4 01        		.byte	0x1
 109 00a5 02        		.byte	0x2
 110 00a6 1F        		.byte	0x1f
 111 00a7 05        		.byte	0x5
 112 00a8 0701 0000 		.long	0x107
 113 00ac 0C        		.uleb128 0xc
 114 00ad 0000 0000 		.long	.LASF10
 115 00b1 02        		.byte	0x2
 116 00b2 20        		.byte	0x20
 117 00b3 11        		.byte	0x11
 118 00b4 0701 0000 		.long	0x107
 119 00b8 01        		.byte	0x1
 120 00b9 01        		.byte	0x1
 121 00ba 07        		.byte	0x7
 122 00bb 02        		.byte	0x2
 123 00bc 23        		.byte	0x23
 124 00bd 00        		.uleb128 0
 125 00be 0C        		.uleb128 0xc
 126 00bf 0000 0000 		.long	.LASF11
 127 00c3 02        		.byte	0x2
 128 00c4 21        		.byte	0x21
 129 00c5 11        		.byte	0x11
 130 00c6 0701 0000 		.long	0x107
 131 00ca 01        		.byte	0x1
 132 00cb 01        		.byte	0x1
 133 00cc 06        		.byte	0x6
 134 00cd 02        		.byte	0x2
 135 00ce 23        		.byte	0x23
 136 00cf 00        		.uleb128 0
 137 00d0 0C        		.uleb128 0xc
 138 00d1 0000 0000 		.long	.LASF12
 139 00d5 02        		.byte	0x2
 140 00d6 22        		.byte	0x22
 141 00d7 11        		.byte	0x11
 142 00d8 0701 0000 		.long	0x107
 143 00dc 01        		.byte	0x1
 144 00dd 01        		.byte	0x1
 145 00de 05        		.byte	0x5
 146 00df 02        		.byte	0x2
 147 00e0 23        		.byte	0x23
 148 00e1 00        		.uleb128 0
 149 00e2 0C        		.uleb128 0xc
 150 00e3 0000 0000 		.long	.LASF13
 151 00e7 02        		.byte	0x2
 152 00e8 23        		.byte	0x23
 153 00e9 11        		.byte	0x11
 154 00ea 0701 0000 		.long	0x107
 155 00ee 01        		.byte	0x1
 156 00ef 01        		.byte	0x1
 157 00f0 04        		.byte	0x4
 158 00f1 02        		.byte	0x2
 159 00f2 23        		.byte	0x23
 160 00f3 00        		.uleb128 0
 161 00f4 0C        		.uleb128 0xc
 162 00f5 0000 0000 		.long	.LASF14
 163 00f9 02        		.byte	0x2
 164 00fa 24        		.byte	0x24
 165 00fb 11        		.byte	0x11
 166 00fc 2400 0000 		.long	0x24
 167 0100 01        		.byte	0x1
 168 0101 04        		.byte	0x4
 169 0102 00        		.byte	0
 170 0103 02        		.byte	0x2
 171 0104 23        		.byte	0x23
 172 0105 00        		.uleb128 0
 173 0106 00        		.byte	0
 174 0107 02        		.uleb128 0x2
 175 0108 01        		.byte	0x1
 176 0109 02        		.byte	0x2
 177 010a 0000 0000 		.long	.LASF15
 178 010e 04        		.uleb128 0x4
 179 010f 0701 0000 		.long	0x107
 180 0113 0D        		.uleb128 0xd
 181 0114 01        		.byte	0x1
 182 0115 02        		.byte	0x2
 183 0116 1E        		.byte	0x1e
 184 0117 09        		.byte	0x9
 185 0118 2E01 0000 		.long	0x12e
 186 011c 0E        		.uleb128 0xe
 187 011d A300 0000 		.long	0xa3
 188 0121 0F        		.uleb128 0xf
 189 0122 7261 7700 		.string	"raw"
 190 0126 02        		.byte	0x2
 191 0127 26        		.byte	0x26
 192 0128 0D        		.byte	0xd
 193 0129 2400 0000 		.long	0x24
 194 012d 00        		.byte	0
 195 012e 03        		.uleb128 0x3
 196 012f 0000 0000 		.long	.LASF16
 197 0133 02        		.byte	0x2
 198 0134 27        		.byte	0x27
 199 0135 03        		.byte	0x3
 200 0136 1301 0000 		.long	0x113
 201 013a 09        		.uleb128 0x9
 202 013b 0000 0000 		.long	.LASF18
 203 013f 02        		.byte	0x2
 204 0140 29        		.byte	0x29
 205 0141 17        		.byte	0x17
 206 0142 2E01 0000 		.long	0x12e
 207 0146 01        		.byte	0x1
 208 0147 01        		.byte	0x1
 209 0148 09        		.uleb128 0x9
 210 0149 0000 0000 		.long	.LASF19
 211 014d 04        		.byte	0x4
 212 014e 4B        		.byte	0x4b
 213 014f 0D        		.byte	0xd
 214 0150 0701 0000 		.long	0x107
 215 0154 01        		.byte	0x1
 216 0155 01        		.byte	0x1
 217 0156 0B        		.uleb128 0xb
 218 0157 08        		.byte	0x8
 219 0158 05        		.byte	0x5
 220 0159 A3        		.byte	0xa3
 221 015a 0C        		.byte	0xc
 222 015b AB01 0000 		.long	0x1ab
 223 015f 10        		.uleb128 0x10
 224 0160 0000 0000 		.long	.LASF20
 225 0164 05        		.byte	0x5
 226 0165 A5        		.byte	0xa5
 227 0166 0E        		.byte	0xe
 228 0167 2400 0000 		.long	0x24
 229 016b 02        		.byte	0x2
 230 016c 23        		.byte	0x23
 231 016d 00        		.uleb128 0
 232 016e 10        		.uleb128 0x10
 233 016f 0000 0000 		.long	.LASF21
 234 0173 05        		.byte	0x5
 235 0174 A6        		.byte	0xa6
 236 0175 0E        		.byte	0xe
 237 0176 2400 0000 		.long	0x24
 238 017a 02        		.byte	0x2
 239 017b 23        		.byte	0x23
 240 017c 01        		.uleb128 0x1
 241 017d 10        		.uleb128 0x10
 242 017e 0000 0000 		.long	.LASF22
 243 0182 05        		.byte	0x5
 244 0183 A7        		.byte	0xa7
 245 0184 0E        		.byte	0xe
 246 0185 4300 0000 		.long	0x43
 247 0189 02        		.byte	0x2
 248 018a 23        		.byte	0x23
 249 018b 02        		.uleb128 0x2
 250 018c 10        		.uleb128 0x10
 251 018d 0000 0000 		.long	.LASF23
 252 0191 05        		.byte	0x5
 253 0192 A8        		.byte	0xa8
 254 0193 0E        		.byte	0xe
 255 0194 4300 0000 		.long	0x43
 256 0198 02        		.byte	0x2
 257 0199 23        		.byte	0x23
 258 019a 04        		.uleb128 0x4
 259 019b 10        		.uleb128 0x10
 260 019c 0000 0000 		.long	.LASF24
 261 01a0 05        		.byte	0x5
 262 01a1 A9        		.byte	0xa9
 263 01a2 0E        		.byte	0xe
 264 01a3 4300 0000 		.long	0x43
 265 01a7 02        		.byte	0x2
 266 01a8 23        		.byte	0x23
 267 01a9 06        		.uleb128 0x6
 268 01aa 00        		.byte	0
 269 01ab 03        		.uleb128 0x3
 270 01ac 0000 0000 		.long	.LASF25
 271 01b0 05        		.byte	0x5
 272 01b1 AA        		.byte	0xaa
 273 01b2 12        		.byte	0x12
 274 01b3 5601 0000 		.long	0x156
 275 01b7 09        		.uleb128 0x9
 276 01b8 0000 0000 		.long	.LASF26
 277 01bc 06        		.byte	0x6
 278 01bd 5E        		.byte	0x5e
 279 01be 13        		.byte	0x13
 280 01bf 2400 0000 		.long	0x24
 281 01c3 01        		.byte	0x1
 282 01c4 01        		.byte	0x1
 283 01c5 09        		.uleb128 0x9
 284 01c6 0000 0000 		.long	.LASF27
 285 01ca 06        		.byte	0x6
 286 01cb 6E        		.byte	0x6e
 287 01cc 11        		.byte	0x11
 288 01cd 0701 0000 		.long	0x107
 289 01d1 01        		.byte	0x1
 290 01d2 01        		.byte	0x1
 291 01d3 09        		.uleb128 0x9
 292 01d4 0000 0000 		.long	.LASF28
 293 01d8 06        		.byte	0x6
 294 01d9 78        		.byte	0x78
 295 01da 11        		.byte	0x11
 296 01db 0701 0000 		.long	0x107
 297 01df 01        		.byte	0x1
 298 01e0 01        		.byte	0x1
 299 01e1 09        		.uleb128 0x9
 300 01e2 0000 0000 		.long	.LASF29
 301 01e6 07        		.byte	0x7
 302 01e7 51        		.byte	0x51
 303 01e8 19        		.byte	0x19
 304 01e9 0E01 0000 		.long	0x10e
 305 01ed 01        		.byte	0x1
 306 01ee 01        		.byte	0x1
 307 01ef 09        		.uleb128 0x9
 308 01f0 0000 0000 		.long	.LASF30
 309 01f4 07        		.byte	0x7
 310 01f5 5B        		.byte	0x5b
 311 01f6 21        		.byte	0x21
 312 01f7 AB01 0000 		.long	0x1ab
 313 01fb 01        		.byte	0x1
 314 01fc 01        		.byte	0x1
 315 01fd 09        		.uleb128 0x9
 316 01fe 0000 0000 		.long	.LASF31
 317 0202 07        		.byte	0x7
 318 0203 90        		.byte	0x90
 319 0204 1E        		.byte	0x1e
 320 0205 3000 0000 		.long	0x30
 321 0209 01        		.byte	0x1
 322 020a 01        		.byte	0x1
 323 020b 09        		.uleb128 0x9
 324 020c 0000 0000 		.long	.LASF32
 325 0210 08        		.byte	0x8
 326 0211 67        		.byte	0x67
 327 0212 13        		.byte	0x13
 328 0213 2400 0000 		.long	0x24
 329 0217 01        		.byte	0x1
 330 0218 01        		.byte	0x1
 331 0219 11        		.uleb128 0x11
 332 021a 02        		.byte	0x2
 333 021b 12        		.uleb128 0x12
 334 021c 0000 0000 		.long	.LASF61
 335 0220 0E        		.byte	0xe
 336 0221 09        		.byte	0x9
 337 0222 F4        		.byte	0xf4
 338 0223 08        		.byte	0x8
 339 0224 A602 0000 		.long	0x2a6
 340 0228 13        		.uleb128 0x13
 341 0229 6275 6600 		.string	"buf"
 342 022d 09        		.byte	0x9
 343 022e F5        		.byte	0xf5
 344 022f 08        		.byte	0x8
 345 0230 A602 0000 		.long	0x2a6
 346 0234 02        		.byte	0x2
 347 0235 23        		.byte	0x23
 348 0236 00        		.uleb128 0
 349 0237 10        		.uleb128 0x10
 350 0238 0000 0000 		.long	.LASF33
 351 023c 09        		.byte	0x9
 352 023d F6        		.byte	0xf6
 353 023e 10        		.byte	0x10
 354 023f 3500 0000 		.long	0x35
 355 0243 02        		.byte	0x2
 356 0244 23        		.byte	0x23
 357 0245 02        		.uleb128 0x2
 358 0246 10        		.uleb128 0x10
 359 0247 0000 0000 		.long	.LASF34
 360 024b 09        		.byte	0x9
 361 024c F7        		.byte	0xf7
 362 024d 0A        		.byte	0xa
 363 024e 2400 0000 		.long	0x24
 364 0252 02        		.byte	0x2
 365 0253 23        		.byte	0x23
 366 0254 03        		.uleb128 0x3
 367 0255 14        		.uleb128 0x14
 368 0256 0000 0000 		.long	.LASF35
 369 025a 09        		.byte	0x9
 370 025b 0701      		.word	0x107
 371 025d 06        		.byte	0x6
 372 025e 3C00 0000 		.long	0x3c
 373 0262 02        		.byte	0x2
 374 0263 23        		.byte	0x23
 375 0264 04        		.uleb128 0x4
 376 0265 15        		.uleb128 0x15
 377 0266 6C65 6E00 		.string	"len"
 378 026a 09        		.byte	0x9
 379 026b 0801      		.word	0x108
 380 026d 06        		.byte	0x6
 381 026e 3C00 0000 		.long	0x3c
 382 0272 02        		.byte	0x2
 383 0273 23        		.byte	0x23
 384 0274 06        		.uleb128 0x6
 385 0275 15        		.uleb128 0x15
 386 0276 7075 7400 		.string	"put"
 387 027a 09        		.byte	0x9
 388 027b 0901      		.word	0x109
 389 027d 08        		.byte	0x8
 390 027e CE02 0000 		.long	0x2ce
 391 0282 02        		.byte	0x2
 392 0283 23        		.byte	0x23
 393 0284 08        		.uleb128 0x8
 394 0285 15        		.uleb128 0x15
 395 0286 6765 7400 		.string	"get"
 396 028a 09        		.byte	0x9
 397 028b 0A01      		.word	0x10a
 398 028d 08        		.byte	0x8
 399 028e E402 0000 		.long	0x2e4
 400 0292 02        		.byte	0x2
 401 0293 23        		.byte	0x23
 402 0294 0A        		.uleb128 0xa
 403 0295 14        		.uleb128 0x14
 404 0296 0000 0000 		.long	.LASF36
 405 029a 09        		.byte	0x9
 406 029b 0B01      		.word	0x10b
 407 029d 08        		.byte	0x8
 408 029e 1902 0000 		.long	0x219
 409 02a2 02        		.byte	0x2
 410 02a3 23        		.byte	0x23
 411 02a4 0C        		.uleb128 0xc
 412 02a5 00        		.byte	0
 413 02a6 0A        		.uleb128 0xa
 414 02a7 02        		.byte	0x2
 415 02a8 AC02 0000 		.long	0x2ac
 416 02ac 02        		.uleb128 0x2
 417 02ad 01        		.byte	0x1
 418 02ae 08        		.byte	0x8
 419 02af 0000 0000 		.long	.LASF37
 420 02b3 16        		.uleb128 0x16
 421 02b4 01        		.byte	0x1
 422 02b5 3C00 0000 		.long	0x3c
 423 02b9 C802 0000 		.long	0x2c8
 424 02bd 08        		.uleb128 0x8
 425 02be AC02 0000 		.long	0x2ac
 426 02c2 08        		.uleb128 0x8
 427 02c3 C802 0000 		.long	0x2c8
 428 02c7 00        		.byte	0
 429 02c8 0A        		.uleb128 0xa
 430 02c9 02        		.byte	0x2
 431 02ca 1B02 0000 		.long	0x21b
 432 02ce 0A        		.uleb128 0xa
 433 02cf 02        		.byte	0x2
 434 02d0 B302 0000 		.long	0x2b3
 435 02d4 16        		.uleb128 0x16
 436 02d5 01        		.byte	0x1
 437 02d6 3C00 0000 		.long	0x3c
 438 02da E402 0000 		.long	0x2e4
 439 02de 08        		.uleb128 0x8
 440 02df C802 0000 		.long	0x2c8
 441 02e3 00        		.byte	0
 442 02e4 0A        		.uleb128 0xa
 443 02e5 02        		.byte	0x2
 444 02e6 D402 0000 		.long	0x2d4
 445 02ea 17        		.uleb128 0x17
 446 02eb C802 0000 		.long	0x2c8
 447 02ef F502 0000 		.long	0x2f5
 448 02f3 18        		.uleb128 0x18
 449 02f4 00        		.byte	0
 450 02f5 19        		.uleb128 0x19
 451 02f6 0000 0000 		.long	.LASF38
 452 02fa 09        		.byte	0x9
 453 02fb 9701      		.word	0x197
 454 02fd 17        		.byte	0x17
 455 02fe EA02 0000 		.long	0x2ea
 456 0302 01        		.byte	0x1
 457 0303 01        		.byte	0x1
 458 0304 09        		.uleb128 0x9
 459 0305 0000 0000 		.long	.LASF39
 460 0309 0A        		.byte	0xa
 461 030a 24        		.byte	0x24
 462 030b 10        		.byte	0x10
 463 030c 2400 0000 		.long	0x24
 464 0310 01        		.byte	0x1
 465 0311 01        		.byte	0x1
 466 0312 09        		.uleb128 0x9
 467 0313 0000 0000 		.long	.LASF40
 468 0317 0A        		.byte	0xa
 469 0318 25        		.byte	0x25
 470 0319 10        		.byte	0x10
 471 031a 2400 0000 		.long	0x24
 472 031e 01        		.byte	0x1
 473 031f 01        		.byte	0x1
 474 0320 0B        		.uleb128 0xb
 475 0321 02        		.byte	0x2
 476 0322 0B        		.byte	0xb
 477 0323 1D        		.byte	0x1d
 478 0324 05        		.byte	0x5
 479 0325 DE03 0000 		.long	0x3de
 480 0329 0C        		.uleb128 0xc
 481 032a 0000 0000 		.long	.LASF41
 482 032e 0B        		.byte	0xb
 483 032f 1E        		.byte	0x1e
 484 0330 0E        		.byte	0xe
 485 0331 0701 0000 		.long	0x107
 486 0335 01        		.byte	0x1
 487 0336 01        		.byte	0x1
 488 0337 07        		.byte	0x7
 489 0338 02        		.byte	0x2
 490 0339 23        		.byte	0x23
 491 033a 00        		.uleb128 0
 492 033b 0C        		.uleb128 0xc
 493 033c 0000 0000 		.long	.LASF42
 494 0340 0B        		.byte	0xb
 495 0341 1F        		.byte	0x1f
 496 0342 0E        		.byte	0xe
 497 0343 0701 0000 		.long	0x107
 498 0347 01        		.byte	0x1
 499 0348 01        		.byte	0x1
 500 0349 06        		.byte	0x6
 501 034a 02        		.byte	0x2
 502 034b 23        		.byte	0x23
 503 034c 00        		.uleb128 0
 504 034d 0C        		.uleb128 0xc
 505 034e 0000 0000 		.long	.LASF43
 506 0352 0B        		.byte	0xb
 507 0353 20        		.byte	0x20
 508 0354 0E        		.byte	0xe
 509 0355 0701 0000 		.long	0x107
 510 0359 01        		.byte	0x1
 511 035a 01        		.byte	0x1
 512 035b 05        		.byte	0x5
 513 035c 02        		.byte	0x2
 514 035d 23        		.byte	0x23
 515 035e 00        		.uleb128 0
 516 035f 0C        		.uleb128 0xc
 517 0360 0000 0000 		.long	.LASF44
 518 0364 0B        		.byte	0xb
 519 0365 21        		.byte	0x21
 520 0366 0E        		.byte	0xe
 521 0367 0701 0000 		.long	0x107
 522 036b 01        		.byte	0x1
 523 036c 01        		.byte	0x1
 524 036d 04        		.byte	0x4
 525 036e 02        		.byte	0x2
 526 036f 23        		.byte	0x23
 527 0370 00        		.uleb128 0
 528 0371 0C        		.uleb128 0xc
 529 0372 0000 0000 		.long	.LASF45
 530 0376 0B        		.byte	0xb
 531 0377 22        		.byte	0x22
 532 0378 0E        		.byte	0xe
 533 0379 0701 0000 		.long	0x107
 534 037d 01        		.byte	0x1
 535 037e 01        		.byte	0x1
 536 037f 03        		.byte	0x3
 537 0380 02        		.byte	0x2
 538 0381 23        		.byte	0x23
 539 0382 00        		.uleb128 0
 540 0383 0C        		.uleb128 0xc
 541 0384 0000 0000 		.long	.LASF46
 542 0388 0B        		.byte	0xb
 543 0389 23        		.byte	0x23
 544 038a 0E        		.byte	0xe
 545 038b 0701 0000 		.long	0x107
 546 038f 01        		.byte	0x1
 547 0390 01        		.byte	0x1
 548 0391 02        		.byte	0x2
 549 0392 02        		.byte	0x2
 550 0393 23        		.byte	0x23
 551 0394 00        		.uleb128 0
 552 0395 0C        		.uleb128 0xc
 553 0396 0000 0000 		.long	.LASF47
 554 039a 0B        		.byte	0xb
 555 039b 24        		.byte	0x24
 556 039c 0E        		.byte	0xe
 557 039d 0701 0000 		.long	0x107
 558 03a1 01        		.byte	0x1
 559 03a2 01        		.byte	0x1
 560 03a3 01        		.byte	0x1
 561 03a4 02        		.byte	0x2
 562 03a5 23        		.byte	0x23
 563 03a6 00        		.uleb128 0
 564 03a7 0C        		.uleb128 0xc
 565 03a8 0000 0000 		.long	.LASF48
 566 03ac 0B        		.byte	0xb
 567 03ad 25        		.byte	0x25
 568 03ae 0E        		.byte	0xe
 569 03af 0701 0000 		.long	0x107
 570 03b3 01        		.byte	0x1
 571 03b4 01        		.byte	0x1
 572 03b5 00        		.byte	0
 573 03b6 02        		.byte	0x2
 574 03b7 23        		.byte	0x23
 575 03b8 00        		.uleb128 0
 576 03b9 0C        		.uleb128 0xc
 577 03ba 0000 0000 		.long	.LASF49
 578 03be 0B        		.byte	0xb
 579 03bf 26        		.byte	0x26
 580 03c0 0E        		.byte	0xe
 581 03c1 0701 0000 		.long	0x107
 582 03c5 01        		.byte	0x1
 583 03c6 01        		.byte	0x1
 584 03c7 07        		.byte	0x7
 585 03c8 02        		.byte	0x2
 586 03c9 23        		.byte	0x23
 587 03ca 01        		.uleb128 0x1
 588 03cb 0C        		.uleb128 0xc
 589 03cc 0000 0000 		.long	.LASF50
 590 03d0 0B        		.byte	0xb
 591 03d1 27        		.byte	0x27
 592 03d2 0E        		.byte	0xe
 593 03d3 0701 0000 		.long	0x107
 594 03d7 01        		.byte	0x1
 595 03d8 01        		.byte	0x1
 596 03d9 06        		.byte	0x6
 597 03da 02        		.byte	0x2
 598 03db 23        		.byte	0x23
 599 03dc 01        		.uleb128 0x1
 600 03dd 00        		.byte	0
 601 03de 0D        		.uleb128 0xd
 602 03df 02        		.byte	0x2
 603 03e0 0B        		.byte	0xb
 604 03e1 1B        		.byte	0x1b
 605 03e2 09        		.byte	0x9
 606 03e3 F903 0000 		.long	0x3f9
 607 03e7 0F        		.uleb128 0xf
 608 03e8 7261 7700 		.string	"raw"
 609 03ec 0B        		.byte	0xb
 610 03ed 1C        		.byte	0x1c
 611 03ee 0E        		.byte	0xe
 612 03ef 4300 0000 		.long	0x43
 613 03f3 0E        		.uleb128 0xe
 614 03f4 2003 0000 		.long	0x320
 615 03f8 00        		.byte	0
 616 03f9 03        		.uleb128 0x3
 617 03fa 0000 0000 		.long	.LASF51
 618 03fe 0B        		.byte	0xb
 619 03ff 29        		.byte	0x29
 620 0400 03        		.byte	0x3
 621 0401 DE03 0000 		.long	0x3de
 622 0405 09        		.uleb128 0x9
 623 0406 0000 0000 		.long	.LASF52
 624 040a 0B        		.byte	0xb
 625 040b 2B        		.byte	0x2b
 626 040c 18        		.byte	0x18
 627 040d F903 0000 		.long	0x3f9
 628 0411 01        		.byte	0x1
 629 0412 01        		.byte	0x1
 630 0413 17        		.uleb128 0x17
 631 0414 4F00 0000 		.long	0x4f
 632 0418 2A04 0000 		.long	0x42a
 633 041c 18        		.uleb128 0x18
 634 041d 1A        		.uleb128 0x1a
 635 041e 5400 0000 		.long	0x54
 636 0422 01        		.byte	0x1
 637 0423 1A        		.uleb128 0x1a
 638 0424 5400 0000 		.long	0x54
 639 0428 0B        		.byte	0xb
 640 0429 00        		.byte	0
 641 042a 06        		.uleb128 0x6
 642 042b 1304 0000 		.long	0x413
 643 042f 09        		.uleb128 0x9
 644 0430 0000 0000 		.long	.LASF53
 645 0434 0C        		.byte	0xc
 646 0435 37        		.byte	0x37
 647 0436 17        		.byte	0x17
 648 0437 2A04 0000 		.long	0x42a
 649 043b 01        		.byte	0x1
 650 043c 01        		.byte	0x1
 651 043d 17        		.uleb128 0x17
 652 043e 4F00 0000 		.long	0x4f
 653 0442 4804 0000 		.long	0x448
 654 0446 18        		.uleb128 0x18
 655 0447 00        		.byte	0
 656 0448 06        		.uleb128 0x6
 657 0449 3D04 0000 		.long	0x43d
 658 044d 09        		.uleb128 0x9
 659 044e 0000 0000 		.long	.LASF54
 660 0452 0C        		.byte	0xc
 661 0453 38        		.byte	0x38
 662 0454 17        		.byte	0x17
 663 0455 4804 0000 		.long	0x448
 664 0459 01        		.byte	0x1
 665 045a 01        		.byte	0x1
 666 045b 03        		.uleb128 0x3
 667 045c 0000 0000 		.long	.LASF55
 668 0460 0D        		.byte	0xd
 669 0461 27        		.byte	0x27
 670 0462 12        		.byte	0x12
 671 0463 6200 0000 		.long	0x62
 672 0467 09        		.uleb128 0x9
 673 0468 0000 0000 		.long	.LASF56
 674 046c 0D        		.byte	0xd
 675 046d 32        		.byte	0x32
 676 046e 16        		.byte	0x16
 677 046f 5B04 0000 		.long	0x45b
 678 0473 01        		.byte	0x1
 679 0474 01        		.byte	0x1
 680 0475 09        		.uleb128 0x9
 681 0476 0000 0000 		.long	.LASF57
 682 047a 0D        		.byte	0xd
 683 047b 48        		.byte	0x48
 684 047c 16        		.byte	0x16
 685 047d 5B04 0000 		.long	0x45b
 686 0481 01        		.byte	0x1
 687 0482 01        		.byte	0x1
 688 0483 1B        		.uleb128 0x1b
 689 0484 0504 0000 		.long	0x405
 690 0488 0E        		.byte	0xe
 691 0489 0F        		.byte	0xf
 692 048a 11        		.byte	0x11
 693 048b 1C        		.uleb128 0x1c
 694 048c 01        		.byte	0x1
 695 048d 0000 0000 		.long	.LASF62
 696 0491 0E        		.byte	0xe
 697 0492 15        		.byte	0x15
 698 0493 06        		.byte	0x6
 699 0494 01        		.byte	0x1
 700 0495 1D        		.uleb128 0x1d
 701 0496 0000 0000 		.long	.LASF63
 702 049a 0E        		.byte	0xe
 703 049b 21        		.byte	0x21
 704 049c 0D        		.byte	0xd
 705 049d 2400 0000 		.long	0x24
 706 04a1 00        		.byte	0
 707 04a2 00        		.byte	0
 708               		.section	.gnu.debuglto_.debug_abbrev,"",@progbits
 709               	.Ldebug_abbrev0:
 710 0000 01        		.uleb128 0x1
 711 0001 11        		.uleb128 0x11
 712 0002 01        		.byte	0x1
 713 0003 25        		.uleb128 0x25
 714 0004 0E        		.uleb128 0xe
 715 0005 13        		.uleb128 0x13
 716 0006 0B        		.uleb128 0xb
 717 0007 03        		.uleb128 0x3
 718 0008 0E        		.uleb128 0xe
 719 0009 1B        		.uleb128 0x1b
 720 000a 0E        		.uleb128 0xe
 721 000b 10        		.uleb128 0x10
 722 000c 06        		.uleb128 0x6
 723 000d 00        		.byte	0
 724 000e 00        		.byte	0
 725 000f 02        		.uleb128 0x2
 726 0010 24        		.uleb128 0x24
 727 0011 00        		.byte	0
 728 0012 0B        		.uleb128 0xb
 729 0013 0B        		.uleb128 0xb
 730 0014 3E        		.uleb128 0x3e
 731 0015 0B        		.uleb128 0xb
 732 0016 03        		.uleb128 0x3
 733 0017 0E        		.uleb128 0xe
 734 0018 00        		.byte	0
 735 0019 00        		.byte	0
 736 001a 03        		.uleb128 0x3
 737 001b 16        		.uleb128 0x16
 738 001c 00        		.byte	0
 739 001d 03        		.uleb128 0x3
 740 001e 0E        		.uleb128 0xe
 741 001f 3A        		.uleb128 0x3a
 742 0020 0B        		.uleb128 0xb
 743 0021 3B        		.uleb128 0x3b
 744 0022 0B        		.uleb128 0xb
 745 0023 39        		.uleb128 0x39
 746 0024 0B        		.uleb128 0xb
 747 0025 49        		.uleb128 0x49
 748 0026 13        		.uleb128 0x13
 749 0027 00        		.byte	0
 750 0028 00        		.byte	0
 751 0029 04        		.uleb128 0x4
 752 002a 35        		.uleb128 0x35
 753 002b 00        		.byte	0
 754 002c 49        		.uleb128 0x49
 755 002d 13        		.uleb128 0x13
 756 002e 00        		.byte	0
 757 002f 00        		.byte	0
 758 0030 05        		.uleb128 0x5
 759 0031 24        		.uleb128 0x24
 760 0032 00        		.byte	0
 761 0033 0B        		.uleb128 0xb
 762 0034 0B        		.uleb128 0xb
 763 0035 3E        		.uleb128 0x3e
 764 0036 0B        		.uleb128 0xb
 765 0037 03        		.uleb128 0x3
 766 0038 08        		.uleb128 0x8
 767 0039 00        		.byte	0
 768 003a 00        		.byte	0
 769 003b 06        		.uleb128 0x6
 770 003c 26        		.uleb128 0x26
 771 003d 00        		.byte	0
 772 003e 49        		.uleb128 0x49
 773 003f 13        		.uleb128 0x13
 774 0040 00        		.byte	0
 775 0041 00        		.byte	0
 776 0042 07        		.uleb128 0x7
 777 0043 15        		.uleb128 0x15
 778 0044 01        		.byte	0x1
 779 0045 27        		.uleb128 0x27
 780 0046 0C        		.uleb128 0xc
 781 0047 01        		.uleb128 0x1
 782 0048 13        		.uleb128 0x13
 783 0049 00        		.byte	0
 784 004a 00        		.byte	0
 785 004b 08        		.uleb128 0x8
 786 004c 05        		.uleb128 0x5
 787 004d 00        		.byte	0
 788 004e 49        		.uleb128 0x49
 789 004f 13        		.uleb128 0x13
 790 0050 00        		.byte	0
 791 0051 00        		.byte	0
 792 0052 09        		.uleb128 0x9
 793 0053 34        		.uleb128 0x34
 794 0054 00        		.byte	0
 795 0055 03        		.uleb128 0x3
 796 0056 0E        		.uleb128 0xe
 797 0057 3A        		.uleb128 0x3a
 798 0058 0B        		.uleb128 0xb
 799 0059 3B        		.uleb128 0x3b
 800 005a 0B        		.uleb128 0xb
 801 005b 39        		.uleb128 0x39
 802 005c 0B        		.uleb128 0xb
 803 005d 49        		.uleb128 0x49
 804 005e 13        		.uleb128 0x13
 805 005f 3F        		.uleb128 0x3f
 806 0060 0C        		.uleb128 0xc
 807 0061 3C        		.uleb128 0x3c
 808 0062 0C        		.uleb128 0xc
 809 0063 00        		.byte	0
 810 0064 00        		.byte	0
 811 0065 0A        		.uleb128 0xa
 812 0066 0F        		.uleb128 0xf
 813 0067 00        		.byte	0
 814 0068 0B        		.uleb128 0xb
 815 0069 0B        		.uleb128 0xb
 816 006a 49        		.uleb128 0x49
 817 006b 13        		.uleb128 0x13
 818 006c 00        		.byte	0
 819 006d 00        		.byte	0
 820 006e 0B        		.uleb128 0xb
 821 006f 13        		.uleb128 0x13
 822 0070 01        		.byte	0x1
 823 0071 0B        		.uleb128 0xb
 824 0072 0B        		.uleb128 0xb
 825 0073 3A        		.uleb128 0x3a
 826 0074 0B        		.uleb128 0xb
 827 0075 3B        		.uleb128 0x3b
 828 0076 0B        		.uleb128 0xb
 829 0077 39        		.uleb128 0x39
 830 0078 0B        		.uleb128 0xb
 831 0079 01        		.uleb128 0x1
 832 007a 13        		.uleb128 0x13
 833 007b 00        		.byte	0
 834 007c 00        		.byte	0
 835 007d 0C        		.uleb128 0xc
 836 007e 0D        		.uleb128 0xd
 837 007f 00        		.byte	0
 838 0080 03        		.uleb128 0x3
 839 0081 0E        		.uleb128 0xe
 840 0082 3A        		.uleb128 0x3a
 841 0083 0B        		.uleb128 0xb
 842 0084 3B        		.uleb128 0x3b
 843 0085 0B        		.uleb128 0xb
 844 0086 39        		.uleb128 0x39
 845 0087 0B        		.uleb128 0xb
 846 0088 49        		.uleb128 0x49
 847 0089 13        		.uleb128 0x13
 848 008a 0B        		.uleb128 0xb
 849 008b 0B        		.uleb128 0xb
 850 008c 0D        		.uleb128 0xd
 851 008d 0B        		.uleb128 0xb
 852 008e 0C        		.uleb128 0xc
 853 008f 0B        		.uleb128 0xb
 854 0090 38        		.uleb128 0x38
 855 0091 0A        		.uleb128 0xa
 856 0092 00        		.byte	0
 857 0093 00        		.byte	0
 858 0094 0D        		.uleb128 0xd
 859 0095 17        		.uleb128 0x17
 860 0096 01        		.byte	0x1
 861 0097 0B        		.uleb128 0xb
 862 0098 0B        		.uleb128 0xb
 863 0099 3A        		.uleb128 0x3a
 864 009a 0B        		.uleb128 0xb
 865 009b 3B        		.uleb128 0x3b
 866 009c 0B        		.uleb128 0xb
 867 009d 39        		.uleb128 0x39
 868 009e 0B        		.uleb128 0xb
 869 009f 01        		.uleb128 0x1
 870 00a0 13        		.uleb128 0x13
 871 00a1 00        		.byte	0
 872 00a2 00        		.byte	0
 873 00a3 0E        		.uleb128 0xe
 874 00a4 0D        		.uleb128 0xd
 875 00a5 00        		.byte	0
 876 00a6 49        		.uleb128 0x49
 877 00a7 13        		.uleb128 0x13
 878 00a8 00        		.byte	0
 879 00a9 00        		.byte	0
 880 00aa 0F        		.uleb128 0xf
 881 00ab 0D        		.uleb128 0xd
 882 00ac 00        		.byte	0
 883 00ad 03        		.uleb128 0x3
 884 00ae 08        		.uleb128 0x8
 885 00af 3A        		.uleb128 0x3a
 886 00b0 0B        		.uleb128 0xb
 887 00b1 3B        		.uleb128 0x3b
 888 00b2 0B        		.uleb128 0xb
 889 00b3 39        		.uleb128 0x39
 890 00b4 0B        		.uleb128 0xb
 891 00b5 49        		.uleb128 0x49
 892 00b6 13        		.uleb128 0x13
 893 00b7 00        		.byte	0
 894 00b8 00        		.byte	0
 895 00b9 10        		.uleb128 0x10
 896 00ba 0D        		.uleb128 0xd
 897 00bb 00        		.byte	0
 898 00bc 03        		.uleb128 0x3
 899 00bd 0E        		.uleb128 0xe
 900 00be 3A        		.uleb128 0x3a
 901 00bf 0B        		.uleb128 0xb
 902 00c0 3B        		.uleb128 0x3b
 903 00c1 0B        		.uleb128 0xb
 904 00c2 39        		.uleb128 0x39
 905 00c3 0B        		.uleb128 0xb
 906 00c4 49        		.uleb128 0x49
 907 00c5 13        		.uleb128 0x13
 908 00c6 38        		.uleb128 0x38
 909 00c7 0A        		.uleb128 0xa
 910 00c8 00        		.byte	0
 911 00c9 00        		.byte	0
 912 00ca 11        		.uleb128 0x11
 913 00cb 0F        		.uleb128 0xf
 914 00cc 00        		.byte	0
 915 00cd 0B        		.uleb128 0xb
 916 00ce 0B        		.uleb128 0xb
 917 00cf 00        		.byte	0
 918 00d0 00        		.byte	0
 919 00d1 12        		.uleb128 0x12
 920 00d2 13        		.uleb128 0x13
 921 00d3 01        		.byte	0x1
 922 00d4 03        		.uleb128 0x3
 923 00d5 0E        		.uleb128 0xe
 924 00d6 0B        		.uleb128 0xb
 925 00d7 0B        		.uleb128 0xb
 926 00d8 3A        		.uleb128 0x3a
 927 00d9 0B        		.uleb128 0xb
 928 00da 3B        		.uleb128 0x3b
 929 00db 0B        		.uleb128 0xb
 930 00dc 39        		.uleb128 0x39
 931 00dd 0B        		.uleb128 0xb
 932 00de 01        		.uleb128 0x1
 933 00df 13        		.uleb128 0x13
 934 00e0 00        		.byte	0
 935 00e1 00        		.byte	0
 936 00e2 13        		.uleb128 0x13
 937 00e3 0D        		.uleb128 0xd
 938 00e4 00        		.byte	0
 939 00e5 03        		.uleb128 0x3
 940 00e6 08        		.uleb128 0x8
 941 00e7 3A        		.uleb128 0x3a
 942 00e8 0B        		.uleb128 0xb
 943 00e9 3B        		.uleb128 0x3b
 944 00ea 0B        		.uleb128 0xb
 945 00eb 39        		.uleb128 0x39
 946 00ec 0B        		.uleb128 0xb
 947 00ed 49        		.uleb128 0x49
 948 00ee 13        		.uleb128 0x13
 949 00ef 38        		.uleb128 0x38
 950 00f0 0A        		.uleb128 0xa
 951 00f1 00        		.byte	0
 952 00f2 00        		.byte	0
 953 00f3 14        		.uleb128 0x14
 954 00f4 0D        		.uleb128 0xd
 955 00f5 00        		.byte	0
 956 00f6 03        		.uleb128 0x3
 957 00f7 0E        		.uleb128 0xe
 958 00f8 3A        		.uleb128 0x3a
 959 00f9 0B        		.uleb128 0xb
 960 00fa 3B        		.uleb128 0x3b
 961 00fb 05        		.uleb128 0x5
 962 00fc 39        		.uleb128 0x39
 963 00fd 0B        		.uleb128 0xb
 964 00fe 49        		.uleb128 0x49
 965 00ff 13        		.uleb128 0x13
 966 0100 38        		.uleb128 0x38
 967 0101 0A        		.uleb128 0xa
 968 0102 00        		.byte	0
 969 0103 00        		.byte	0
 970 0104 15        		.uleb128 0x15
 971 0105 0D        		.uleb128 0xd
 972 0106 00        		.byte	0
 973 0107 03        		.uleb128 0x3
 974 0108 08        		.uleb128 0x8
 975 0109 3A        		.uleb128 0x3a
 976 010a 0B        		.uleb128 0xb
 977 010b 3B        		.uleb128 0x3b
 978 010c 05        		.uleb128 0x5
 979 010d 39        		.uleb128 0x39
 980 010e 0B        		.uleb128 0xb
 981 010f 49        		.uleb128 0x49
 982 0110 13        		.uleb128 0x13
 983 0111 38        		.uleb128 0x38
 984 0112 0A        		.uleb128 0xa
 985 0113 00        		.byte	0
 986 0114 00        		.byte	0
 987 0115 16        		.uleb128 0x16
 988 0116 15        		.uleb128 0x15
 989 0117 01        		.byte	0x1
 990 0118 27        		.uleb128 0x27
 991 0119 0C        		.uleb128 0xc
 992 011a 49        		.uleb128 0x49
 993 011b 13        		.uleb128 0x13
 994 011c 01        		.uleb128 0x1
 995 011d 13        		.uleb128 0x13
 996 011e 00        		.byte	0
 997 011f 00        		.byte	0
 998 0120 17        		.uleb128 0x17
 999 0121 01        		.uleb128 0x1
 1000 0122 01        		.byte	0x1
 1001 0123 49        		.uleb128 0x49
 1002 0124 13        		.uleb128 0x13
 1003 0125 01        		.uleb128 0x1
 1004 0126 13        		.uleb128 0x13
 1005 0127 00        		.byte	0
 1006 0128 00        		.byte	0
 1007 0129 18        		.uleb128 0x18
 1008 012a 21        		.uleb128 0x21
 1009 012b 00        		.byte	0
 1010 012c 00        		.byte	0
 1011 012d 00        		.byte	0
 1012 012e 19        		.uleb128 0x19
 1013 012f 34        		.uleb128 0x34
 1014 0130 00        		.byte	0
 1015 0131 03        		.uleb128 0x3
 1016 0132 0E        		.uleb128 0xe
 1017 0133 3A        		.uleb128 0x3a
 1018 0134 0B        		.uleb128 0xb
 1019 0135 3B        		.uleb128 0x3b
 1020 0136 05        		.uleb128 0x5
 1021 0137 39        		.uleb128 0x39
 1022 0138 0B        		.uleb128 0xb
 1023 0139 49        		.uleb128 0x49
 1024 013a 13        		.uleb128 0x13
 1025 013b 3F        		.uleb128 0x3f
 1026 013c 0C        		.uleb128 0xc
 1027 013d 3C        		.uleb128 0x3c
 1028 013e 0C        		.uleb128 0xc
 1029 013f 00        		.byte	0
 1030 0140 00        		.byte	0
 1031 0141 1A        		.uleb128 0x1a
 1032 0142 21        		.uleb128 0x21
 1033 0143 00        		.byte	0
 1034 0144 49        		.uleb128 0x49
 1035 0145 13        		.uleb128 0x13
 1036 0146 2F        		.uleb128 0x2f
 1037 0147 0B        		.uleb128 0xb
 1038 0148 00        		.byte	0
 1039 0149 00        		.byte	0
 1040 014a 1B        		.uleb128 0x1b
 1041 014b 34        		.uleb128 0x34
 1042 014c 00        		.byte	0
 1043 014d 47        		.uleb128 0x47
 1044 014e 13        		.uleb128 0x13
 1045 014f 3A        		.uleb128 0x3a
 1046 0150 0B        		.uleb128 0xb
 1047 0151 3B        		.uleb128 0x3b
 1048 0152 0B        		.uleb128 0xb
 1049 0153 39        		.uleb128 0x39
 1050 0154 0B        		.uleb128 0xb
 1051 0155 00        		.byte	0
 1052 0156 00        		.byte	0
 1053 0157 1C        		.uleb128 0x1c
 1054 0158 2E        		.uleb128 0x2e
 1055 0159 01        		.byte	0x1
 1056 015a 3F        		.uleb128 0x3f
 1057 015b 0C        		.uleb128 0xc
 1058 015c 03        		.uleb128 0x3
 1059 015d 0E        		.uleb128 0xe
 1060 015e 3A        		.uleb128 0x3a
 1061 015f 0B        		.uleb128 0xb
 1062 0160 3B        		.uleb128 0x3b
 1063 0161 0B        		.uleb128 0xb
 1064 0162 39        		.uleb128 0x39
 1065 0163 0B        		.uleb128 0xb
 1066 0164 27        		.uleb128 0x27
 1067 0165 0C        		.uleb128 0xc
 1068 0166 00        		.byte	0
 1069 0167 00        		.byte	0
 1070 0168 1D        		.uleb128 0x1d
 1071 0169 34        		.uleb128 0x34
 1072 016a 00        		.byte	0
 1073 016b 03        		.uleb128 0x3
 1074 016c 0E        		.uleb128 0xe
 1075 016d 3A        		.uleb128 0x3a
 1076 016e 0B        		.uleb128 0xb
 1077 016f 3B        		.uleb128 0x3b
 1078 0170 0B        		.uleb128 0xb
 1079 0171 39        		.uleb128 0x39
 1080 0172 0B        		.uleb128 0xb
 1081 0173 49        		.uleb128 0x49
 1082 0174 13        		.uleb128 0x13
 1083 0175 00        		.byte	0
 1084 0176 00        		.byte	0
 1085 0177 00        		.byte	0
 1086               		.section	.gnu.debuglto_.debug_line,"",@progbits
 1087               	.Ldebug_line0:
 1088 0000 9C01 0000 		.long	.LELT0-.LSLT0
 1089               	.LSLT0:
 1090 0004 0200      		.word	0x2
 1091 0006 9601 0000 		.long	.LELTP0-.LASLTP0
 1092               	.LASLTP0:
 1093 000a 01        		.byte	0x1
 1094 000b 01        		.byte	0x1
 1095 000c F6        		.byte	0xf6
 1096 000d F2        		.byte	0xf2
 1097 000e 0D        		.byte	0xd
 1098 000f 00        		.byte	0
 1099 0010 01        		.byte	0x1
 1100 0011 01        		.byte	0x1
 1101 0012 01        		.byte	0x1
 1102 0013 01        		.byte	0x1
 1103 0014 00        		.byte	0
 1104 0015 00        		.byte	0
 1105 0016 00        		.byte	0
 1106 0017 01        		.byte	0x1
 1107 0018 00        		.byte	0
 1108 0019 00        		.byte	0
 1109 001a 01        		.byte	0x1
 1110 001b 633A 5C70 		.ascii	"c:\\program files\\qmk_msys\\mingw64\\avr\\include"
 1110      726F 6772 
 1110      616D 2066 
 1110      696C 6573 
 1110      5C71 6D6B 
 1111 0048 00        		.byte	0
 1112 0049 6C69 622F 		.ascii	"lib/lufa/LUFA/Drivers/USB/Core"
 1112      6C75 6661 
 1112      2F4C 5546 
 1112      412F 4472 
 1112      6976 6572 
 1113 0067 00        		.byte	0
 1114 0068 6C69 622F 		.ascii	"lib/lufa/LUFA/Drivers/USB/Core/AVR8/.."
 1114      6C75 6661 
 1114      2F4C 5546 
 1114      412F 4472 
 1114      6976 6572 
 1115 008e 00        		.byte	0
 1116 008f 746D 6B5F 		.ascii	"tmk_core/common"
 1116      636F 7265 
 1116      2F63 6F6D 
 1116      6D6F 6E
 1117 009e 00        		.byte	0
 1118 009f 746D 6B5F 		.ascii	"tmk_core/common/avr"
 1118      636F 7265 
 1118      2F63 6F6D 
 1118      6D6F 6E2F 
 1118      6176 72
 1119 00b2 00        		.byte	0
 1120 00b3 7175 616E 		.ascii	"quantum"
 1120      7475 6D
 1121 00ba 00        		.byte	0
 1122 00bb 00        		.byte	0
 1123 00bc 7374 6469 		.string	"stdint.h"
 1123      6E74 2E68 
 1123      00
 1124 00c5 01        		.uleb128 0x1
 1125 00c6 00        		.uleb128 0
 1126 00c7 00        		.uleb128 0
 1127 00c8 6465 6275 		.string	"debug.h"
 1127      672E 6800 
 1128 00d0 04        		.uleb128 0x4
 1129 00d1 00        		.uleb128 0
 1130 00d2 00        		.uleb128 0
 1131 00d3 6176 722F 		.string	"avr/xprintf.h"
 1131      7870 7269 
 1131      6E74 662E 
 1131      6800 
 1132 00e1 04        		.uleb128 0x4
 1133 00e2 00        		.uleb128 0
 1134 00e3 00        		.uleb128 0
 1135 00e4 6163 7469 		.string	"action.h"
 1135      6F6E 2E68 
 1135      00
 1136 00ed 04        		.uleb128 0x4
 1137 00ee 00        		.uleb128 0
 1138 00ef 00        		.uleb128 0
 1139 00f0 4156 5238 		.string	"AVR8/../StdRequestType.h"
 1139      2F2E 2E2F 
 1139      5374 6452 
 1139      6571 7565 
 1139      7374 5479 
 1140 0109 02        		.uleb128 0x2
 1141 010a 00        		.uleb128 0
 1142 010b 00        		.uleb128 0
 1143 010c 4156 5238 		.string	"AVR8/../DeviceStandardReq.h"
 1143      2F2E 2E2F 
 1143      4465 7669 
 1143      6365 5374 
 1143      616E 6461 
 1144 0128 02        		.uleb128 0x2
 1145 0129 00        		.uleb128 0
 1146 012a 00        		.uleb128 0
 1147 012b 5553 4254 		.string	"USBTask.h"
 1147      6173 6B2E 
 1147      6800 
 1148 0135 02        		.uleb128 0x2
 1149 0136 00        		.uleb128 0
 1150 0137 00        		.uleb128 0
 1151 0138 486F 7374 		.string	"HostStandardReq.h"
 1151      5374 616E 
 1151      6461 7264 
 1151      5265 712E 
 1151      6800 
 1152 014a 02        		.uleb128 0x2
 1153 014b 00        		.uleb128 0
 1154 014c 00        		.uleb128 0
 1155 014d 7374 6469 		.string	"stdio.h"
 1155      6F2E 6800 
 1156 0155 01        		.uleb128 0x1
 1157 0156 00        		.uleb128 0
 1158 0157 00        		.uleb128 0
 1159 0158 686F 7374 		.string	"host.h"
 1159      2E68 00
 1160 015f 04        		.uleb128 0x4
 1161 0160 00        		.uleb128 0
 1162 0161 00        		.uleb128 0
 1163 0162 6B65 7963 		.string	"keycode_config.h"
 1163      6F64 655F 
 1163      636F 6E66 
 1163      6967 2E68 
 1163      00
 1164 0173 06        		.uleb128 0x6
 1165 0174 00        		.uleb128 0
 1166 0175 00        		.uleb128 0
 1167 0176 6B65 796D 		.string	"keymap.h"
 1167      6170 2E68 
 1167      00
 1168 017f 06        		.uleb128 0x6
 1169 0180 00        		.uleb128 0
 1170 0181 00        		.uleb128 0
 1171 0182 6163 7469 		.string	"action_layer.h"
 1171      6F6E 5F6C 
 1171      6179 6572 
 1171      2E68 00
 1172 0191 04        		.uleb128 0x4
 1173 0192 00        		.uleb128 0
 1174 0193 00        		.uleb128 0
 1175 0194 6D61 6769 		.string	"magic.c"
 1175      632E 6300 
 1176 019c 04        		.uleb128 0x4
 1177 019d 00        		.uleb128 0
 1178 019e 00        		.uleb128 0
 1179 019f 00        		.byte	0
 1180               	.LELTP0:
 1181               	.LELT0:
 1182               		.section	.gnu.debuglto_.debug_str,"MS",@progbits,1
 1183               	.LASF44:
 1184 0000 7377 6170 		.string	"swap_ralt_rgui"
 1184      5F72 616C 
 1184      745F 7267 
 1184      7569 00
 1185               	.LASF21:
 1186 000f 6252 6571 		.string	"bRequest"
 1186      7565 7374 
 1186      00
 1187               	.LASF42:
 1188 0018 6361 7073 		.string	"capslock_to_control"
 1188      6C6F 636B 
 1188      5F74 6F5F 
 1188      636F 6E74 
 1188      726F 6C00 
 1189               	.LASF52:
 1190 002c 6B65 796D 		.string	"keymap_config"
 1190      6170 5F63 
 1190      6F6E 6669 
 1190      6700 
 1191               	.LASF16:
 1192 003a 6465 6275 		.string	"debug_config_t"
 1192      675F 636F 
 1192      6E66 6967 
 1192      5F74 00
 1193               	.LASF58:
 1194 0049 474E 5520 		.string	"GNU C99 8.4.0 -mn-flash=1 -mno-skip-bug -mmcu=avr5 -gdwarf-2 -Os -std=gnu99 -funsigned-ch
 1194      4339 3920 
 1194      382E 342E 
 1194      3020 2D6D 
 1194      6E2D 666C 
 1195               	.LASF55:
 1196 0131 6C61 7965 		.string	"layer_state_t"
 1196      725F 7374 
 1196      6174 655F 
 1196      7400 
 1197               	.LASF32:
 1198 013f 5553 425F 		.string	"USB_Host_ConfigurationNumber"
 1198      486F 7374 
 1198      5F43 6F6E 
 1198      6669 6775 
 1198      7261 7469 
 1199               	.LASF38:
 1200 015c 5F5F 696F 		.string	"__iob"
 1200      6200 
 1201               	.LASF10:
 1202 0162 656E 6162 		.string	"enable"
 1202      6C65 00
 1203               	.LASF26:
 1204 0169 5553 425F 		.string	"USB_Device_ConfigurationNumber"
 1204      4465 7669 
 1204      6365 5F43 
 1204      6F6E 6669 
 1204      6775 7261 
 1205               	.LASF51:
 1206 0188 6B65 796D 		.string	"keymap_config_t"
 1206      6170 5F63 
 1206      6F6E 6669 
 1206      675F 7400 
 1207               	.LASF43:
 1208 0198 7377 6170 		.string	"swap_lalt_lgui"
 1208      5F6C 616C 
 1208      745F 6C67 
 1208      7569 00
 1209               	.LASF47:
 1210 01a7 7377 6170 		.string	"swap_backslash_backspace"
 1210      5F62 6163 
 1210      6B73 6C61 
 1210      7368 5F62 
 1210      6163 6B73 
 1211               	.LASF8:
 1212 01c0 6C6F 6E67 		.string	"long long int"
 1212      206C 6F6E 
 1212      6720 696E 
 1212      7400 
 1213               	.LASF9:
 1214 01ce 6C6F 6E67 		.string	"long long unsigned int"
 1214      206C 6F6E 
 1214      6720 756E 
 1214      7369 676E 
 1214      6564 2069 
 1215               	.LASF30:
 1216 01e5 5553 425F 		.string	"USB_ControlRequest"
 1216      436F 6E74 
 1216      726F 6C52 
 1216      6571 7565 
 1216      7374 00
 1217               	.LASF5:
 1218 01f8 6C6F 6E67 		.string	"long int"
 1218      2069 6E74 
 1218      00
 1219               	.LASF59:
 1220 0201 746D 6B5F 		.string	"tmk_core/common/magic.c"
 1220      636F 7265 
 1220      2F63 6F6D 
 1220      6D6F 6E2F 
 1220      6D61 6769 
 1221               	.LASF31:
 1222 0219 5553 425F 		.string	"USB_DeviceState"
 1222      4465 7669 
 1222      6365 5374 
 1222      6174 6500 
 1223               	.LASF17:
 1224 0229 7866 756E 		.string	"xfunc_out"
 1224      635F 6F75 
 1224      7400 
 1225               	.LASF46:
 1226 0233 7377 6170 		.string	"swap_grave_esc"
 1226      5F67 7261 
 1226      7665 5F65 
 1226      7363 00
 1227               	.LASF63:
 1228 0242 6465 6661 		.string	"default_layer"
 1228      756C 745F 
 1228      6C61 7965 
 1228      7200 
 1229               	.LASF29:
 1230 0250 5553 425F 		.string	"USB_IsInitialized"
 1230      4973 496E 
 1230      6974 6961 
 1230      6C69 7A65 
 1230      6400 
 1231               	.LASF22:
 1232 0262 7756 616C 		.string	"wValue"
 1232      7565 00
 1233               	.LASF25:
 1234 0269 5553 425F 		.string	"USB_Request_Header_t"
 1234      5265 7175 
 1234      6573 745F 
 1234      4865 6164 
 1234      6572 5F74 
 1235               	.LASF27:
 1236 027e 5553 425F 		.string	"USB_Device_RemoteWakeupEnabled"
 1236      4465 7669 
 1236      6365 5F52 
 1236      656D 6F74 
 1236      6557 616B 
 1237               	.LASF1:
 1238 029d 756E 7369 		.string	"unsigned char"
 1238      676E 6564 
 1238      2063 6861 
 1238      7200 
 1239               	.LASF39:
 1240 02ab 6B65 7962 		.string	"keyboard_idle"
 1240      6F61 7264 
 1240      5F69 646C 
 1240      6500 
 1241               	.LASF61:
 1242 02b9 5F5F 6669 		.string	"__file"
 1242      6C65 00
 1243               	.LASF0:
 1244 02c0 7369 676E 		.string	"signed char"
 1244      6564 2063 
 1244      6861 7200 
 1245               	.LASF34:
 1246 02cc 666C 6167 		.string	"flags"
 1246      7300 
 1247               	.LASF14:
 1248 02d2 7265 7365 		.string	"reserved"
 1248      7276 6564 
 1248      00
 1249               	.LASF6:
 1250 02db 7569 6E74 		.string	"uint32_t"
 1250      3332 5F74 
 1250      00
 1251               	.LASF4:
 1252 02e4 756E 7369 		.string	"unsigned int"
 1252      676E 6564 
 1252      2069 6E74 
 1252      00
 1253               	.LASF3:
 1254 02f1 7569 6E74 		.string	"uint16_t"
 1254      3136 5F74 
 1254      00
 1255               	.LASF33:
 1256 02fa 756E 6765 		.string	"unget"
 1256      7400 
 1257               	.LASF13:
 1258 0300 6D6F 7573 		.string	"mouse"
 1258      6500 
 1259               	.LASF54:
 1260 0306 666E 5F61 		.string	"fn_actions"
 1260      6374 696F 
 1260      6E73 00
 1261               	.LASF36:
 1262 0311 7564 6174 		.string	"udata"
 1262      6100 
 1263               	.LASF56:
 1264 0317 6465 6661 		.string	"default_layer_state"
 1264      756C 745F 
 1264      6C61 7965 
 1264      725F 7374 
 1264      6174 6500 
 1265               	.LASF37:
 1266 032b 6368 6172 		.string	"char"
 1266      00
 1267               	.LASF40:
 1268 0330 6B65 7962 		.string	"keyboard_protocol"
 1268      6F61 7264 
 1268      5F70 726F 
 1268      746F 636F 
 1268      6C00 
 1269               	.LASF12:
 1270 0342 6B65 7962 		.string	"keyboard"
 1270      6F61 7264 
 1270      00
 1271               	.LASF50:
 1272 034b 7377 6170 		.string	"swap_rctl_rgui"
 1272      5F72 6374 
 1272      6C5F 7267 
 1272      7569 00
 1273               	.LASF48:
 1274 035a 6E6B 726F 		.string	"nkro"
 1274      00
 1275               	.LASF53:
 1276 035f 6B65 796D 		.string	"keymaps"
 1276      6170 7300 
 1277               	.LASF15:
 1278 0367 5F42 6F6F 		.string	"_Bool"
 1278      6C00 
 1279               	.LASF20:
 1280 036d 626D 5265 		.string	"bmRequestType"
 1280      7175 6573 
 1280      7454 7970 
 1280      6500 
 1281               	.LASF18:
 1282 037b 6465 6275 		.string	"debug_config"
 1282      675F 636F 
 1282      6E66 6967 
 1282      00
 1283               	.LASF19:
 1284 0388 6469 7361 		.string	"disable_action_cache"
 1284      626C 655F 
 1284      6163 7469 
 1284      6F6E 5F63 
 1284      6163 6865 
 1285               	.LASF7:
 1286 039d 6C6F 6E67 		.string	"long unsigned int"
 1286      2075 6E73 
 1286      6967 6E65 
 1286      6420 696E 
 1286      7400 
 1287               	.LASF35:
 1288 03af 7369 7A65 		.string	"size"
 1288      00
 1289               	.LASF28:
 1290 03b4 5553 425F 		.string	"USB_Device_CurrentlySelfPowered"
 1290      4465 7669 
 1290      6365 5F43 
 1290      7572 7265 
 1290      6E74 6C79 
 1291               	.LASF2:
 1292 03d4 7569 6E74 		.string	"uint8_t"
 1292      385F 7400 
 1293               	.LASF45:
 1294 03dc 6E6F 5F67 		.string	"no_gui"
 1294      7569 00
 1295               	.LASF41:
 1296 03e3 7377 6170 		.string	"swap_control_capslock"
 1296      5F63 6F6E 
 1296      7472 6F6C 
 1296      5F63 6170 
 1296      736C 6F63 
 1297               	.LASF49:
 1298 03f9 7377 6170 		.string	"swap_lctl_lgui"
 1298      5F6C 6374 
 1298      6C5F 6C67 
 1298      7569 00
 1299               	.LASF62:
 1300 0408 6D61 6769 		.string	"magic"
 1300      6300 
 1301               	.LASF60:
 1302 040e 433A 5C55 		.string	"C:\\Users\\gazed\\qmk_firmware"
 1302      7365 7273 
 1302      5C67 617A 
 1302      6564 5C71 
 1302      6D6B 5F66 
 1303               	.LASF24:
 1304 042a 774C 656E 		.string	"wLength"
 1304      6774 6800 
 1305               	.LASF57:
 1306 0432 6C61 7965 		.string	"layer_state"
 1306      725F 7374 
 1306      6174 6500 
 1307               	.LASF11:
 1308 043e 6D61 7472 		.string	"matrix"
 1308      6978 00
 1309               	.LASF23:
 1310 0445 7749 6E64 		.string	"wIndex"
 1310      6578 00
 1311               		.text
 1312               		.section	.gnu.lto_.profile.59acd893,"",@progbits
 1313 0000 789C 6367 		.string	"x\234cg`f`d"
 1313      6066 6064 
 1313      00
 1314 0009 0200      		.string	"\002"
 1315 000b 00        		.string	""
 1316 000c 6200      		.string	"b"
 1317 000e 0C        		.ascii	"\f"
 1318               		.text
 1319               		.section	.gnu.lto_.icf.59acd893,"",@progbits
 1320 0000 789C 6367 		.string	"x\234cg`f\340c@"
 1320      6066 E063 
 1320      4000 
 1321 000a 2686 A957 		.string	"&\206\251W\367/ee:\363\365\322f\016\006"
 1321      F72F 6565 
 1321      3AF3 F5D2 
 1321      660E 0600 
 1322 001a 2F6A 063E 		.ascii	"/j\006>"
 1323               		.text
 1324               		.section	.gnu.lto_.jmpfuncs.59acd893,"",@progbits
 1325 0000 789C 6367 		.string	"x\234cg`f\bd@"
 1325      6066 0864 
 1325      4000 
 1326 000a 4620 6602 		.string	"F f\002R\007\030\031\031\200\370?\020\360\243\b022Ndfl\354\237\260\226\277\203y&3P\003\34
 1326      5207 1819 
 1326      1980 F83F 
 1326      10F0 A308 
 1326      3032 324E 
 1327 0042 489D 1404 		.ascii	"H\235\024\004"
 1328               		.text
 1329               		.section	.gnu.lto_.inline.59acd893,"",@progbits
 1330 0000 789C 6367 		.string	"x\234cg`f\bf@"
 1330      6066 0866 
 1330      4000 
 1331 000a 4606 0689 		.string	"F\006\006\211\26337\377b\311`d`\342i"
 1331      B333 37FF 
 1331      62C9 6064 
 1331      60E2 6900 
 1332 001a 02B6 1406 		.string	"\002\266\024\006\0066\020\203%\231\211\201\t\244\206\231\007\244p\202\037\214f\342\006\21
 1332      0636 1083 
 1332      2599 8981 
 1332      09A4 8699 
 1332      07A4 7082 
 1333 003c B482 0AFB 		.ascii	"\264\202\n\373"
 1334               		.text
 1335               		.section	.gnu.lto_.pureconst.59acd893,"",@progbits
 1336 0000 789C 6367 		.string	"x\234cg`f`a```d\230\301\002"
 1336      6066 6061 
 1336      6060 6064 
 1336      98C1 0200 
 1337 0010 01D6 00   		.string	"\001\326"
 1338 0013 AC        		.ascii	"\254"
 1339               		.text
 1340               		.section	.gnu.lto_magic.59acd893,"",@progbits
 1341 0000 789C 7592 		.string	"x\234u\222\317O\023A\024\307\347\2733\333_\266\026P\224D\016\\$\241\007\220\020=\350\305\
 1341      CF4F 1341 
 1341      14C7 E7BB 
 1341      33DB 5FB6 
 1341      1650 9444 
 1342 0045 6890 1843 		.string	"h\220\030C\242\301\250\204\372f\266\025hq\223\235}\231y\373\375~\346\275\347f\234\355\025
 1342      A2C1 A884 
 1342      FA66 B615 
 1342      6871 939D 
 1342      7D99 79FB 
 1343 0087 7424 3D60 		.ascii	"t$=`\355\006\027h\307E~\205\343\307\317\353\237\002\2414\235"
 1343      ED06 1768 
 1343      C745 7E85 
 1343      E3C7 CFEB 
 1343      9F02 A134 
 1344 009c 49        		.ascii	"I"
 1345 009d BBEF 4385 		.string	"\273\357C\205L\333Hr\306,z\235\007\217\020b\2142\377\304W&\374|\017T<\232\316\016{\252oI\
 1345      4CDB 4872 
 1345      C62C 7A9D 
 1345      078F 1062 
 1345      8C32 FFC4 
 1346 019e E3A4 8331 		.ascii	"\343\244\2031u!:\261\263\235\227\334\365#\252\365\375\267\241"
 1346      7521 3AB1 
 1346      B39D 97DC 
 1346      F523 AAF5 
 1346      FDB7 A1
 1347 01b1 DAF7 1C83 		.ascii	"\332\367\034\203\270\352\364\347\005\352\211Fcf\3271?\3470y\201"
 1347      B8EA F4E7 
 1347      05EA 8946 
 1347      6366 D731 
 1347      3FE7 3079 
 1348 01c6 DB76 8BD3 		.ascii	"\333v\213\323Lb\302\301\f:\230\277\2120K\2120KR\252\025\2331"
 1348      4C62 C2C1 
 1348      0C3A 98BF 
 1348      8A30 4B8A 
 1348      304B 52AA 
 1349 01dd 4B31 A930 		.ascii	"K1\2510_n\2019D\307ex\2451\2410_+L\2561\357\2044\346\002\342"
 1349      5F6E 8139 
 1349      44C7 6578 
 1349      A531 A130 
 1349      5F2B 4CAE 
 1350 01f8 FD67 55A4 		.ascii	"\375gU\244&e\2439\250\227S\244\251r\357\206\376]i%w\245`q\345"
 1350      2665 A339 
 1350      A897 53A4 
 1350      A972 EF86 
 1350      FE5D 6925 
 1351 0211 4D32 7893 		.ascii	"M2x\223\257<\351V\345e)[\313\21482t\333\325\256\234\214PgKHl"
 1351      AF3C E956 
 1351      E565 295B 
 1351      CB8C 3832 
 1351      74DB D5AE 
 1352 022c 3912 3B2C 		.ascii	"9\022;,\356\"\315i\245I\251I\276S\313<4\3622\327\274\216\212"
 1352      EE22 CD69 
 1352      A549 A949 
 1352      BE53 CB3C 
 1352      34F2 32D7 
 1353 0243 B911 BCBC 		.ascii	"\271\021\274\274\250j\345)5Z\233\253\266\013\357T\325\336\252"
 1353      A86A E529 
 1353      355A 9BAB 
 1353      B60B EF54 
 1353      D5DE AA
 1354 0256 AA61 862A 		.ascii	"\252a\206*\364_\212\335\026\315<\303\254Ca&y\005\373JE\313\370"
 1354      F45F 8ADD 
 1354      16CD 3CC3 
 1354      AC43 6126 
 1354      7905 FB4A 
 1355 026d 74B2 7A3A 		.ascii	"t\262z:\311]\017*\271T\264EN5\206\243\255\315u\341h$\022=]\027"
 1355      C95D 0F2A 
 1355      B954 B445 
 1355      4E35 86A3 
 1355      ADCD 75E1 
 1356 0287 693A 7E22 		.ascii	"i:~\"\\\033f\201\243\315\307\232\316\264\2645\2664\235kn-\315"
 1356      5C1B 6681 
 1356      A3CD C79A 
 1356      CEB4 B435 
 1356      B634 9D6B 
 1357 029e 6DD7 36EC 		.ascii	"m\3276\354o\250\017\037\b\037a\177\001\370\375Z/"
 1357      6FA8 0F1F 
 1357      081F 617F 
 1357      01F8 FD5A 
 1357      2F
 1358               		.text
 1359               		.section	.gnu.lto_.symbol_nodes.59acd893,"",@progbits
 1360 0000 789C 6D8F 		.ascii	"x\234m\217\273\021\302@\f\005W\226\355\003S\004\fM\220\302\f"
 1360      BB11 C240 
 1360      0C05 5796 
 1360      ED03 5304 
 1360      0C4D 90C2 
 1361 0015 7DE9 4C05 		.ascii	"}\351L\005\024A@\r\304\304\004\324@\302\337@F\002>\373\302S\242"
 1361      1441 400D 
 1361      C4C4 04D4 
 1361      40C2 DF40 
 1361      4602 3EFB 
 1362 002c 9DB7 52F0 		.ascii	"\235\267R\360\034\312L\200\354\202\261\362\336\347\262>\3202"
 1362      1CCA 4C80 
 1362      EC82 B1F2 
 1362      DEE7 B23E 
 1362      D032 
 1363 003e 3BBF 2098 		.ascii	";\277 \230\342\001\223\260\317H=\r\360&\013\201|0\371\305\031"
 1363      E201 93B0 
 1363      CF48 3D0D 
 1363      F026 0B81 
 1363      7C30 F9C5 
 1364 0053 776F E0FD 		.ascii	"wo\340\375\2745/,K\233\006\323\264yby\332\334\261\"mnX\2316W"
 1364      BC35 2F2C 
 1364      4B9B 06D3 
 1364      B479 6279 
 1364      DADC B122 
 1365 006d CC25 8D52 		.ascii	"\314%\215R\325]\315\2452<6\337\255\310F\224A\037\236Zt=\356K"
 1365      D55D CDA5 
 1365      323C 36DF 
 1365      ADC8 4694 
 1365      411F 9E5A 
 1366 0085 A58C A953 		.ascii	"\245\214\251S\212\210\225\222\307\203\021\177uJt\371"
 1366      8A88 9592 
 1366      C783 117F 
 1366      754A 74F9 
 1367               		.text
 1368               		.section	.gnu.lto_.refs.59acd893,"",@progbits
 1369 0000 789C 6367 		.string	"x\234cg`f\340a`"
 1369      6066 E061 
 1369      6000 
 1370 000a 928C 8C1C 		.string	"\222\214\214\034\214L\334\f\314\242\f"
 1370      8C4C DC0C 
 1370      CCA2 0C00 
 1371 0016 028A 00   		.string	"\002\212"
 1372 0019 4A        		.ascii	"J"
 1373               		.text
 1374               		.section	.gnu.lto_.decls.59acd893,"",@progbits
 1375 0000 789C 8557 		.string	"x\234\205WkPTG\026\276\347\366\3140\342\f\030ewII\325\262E&\t\345\256\342\2636[\273\177\3
 1375      6B50 5447 
 1375      16BE E7F6 
 1375      CC30 E20C 
 1375      1865 7749 
 1376 0097 6510 E501 		.string	"e\020\345\001\nA1\241Q<\312\002\020t\237m\250\277\217\343Z\2246\024?J\f\312*\224\217P~\21
 1376      0A41 31A1 
 1376      513C CA02 
 1376      1074 9F6D 
 1376      A8BF 8FE3 
 1377 0162 9780 ED7D 		.string	"\227\200\355}\021\022\004\270\200\223\347\351d\035\204\243U\325\261\252\"C?\364\001\272#(
 1377      1112 04B8 
 1377      8093 E7E9 
 1377      641D 84A3 
 1377      55D5 B1AA 
 1378 0180 2803 30E1 		.ascii	"(\0030\341:0\025G\221\017\312\024(0!\360\254\240\370\274\030"
 1378      3A30 1547 
 1378      910F CA14 
 1378      2830 21F0 
 1378      ACA0 F8BC 
 1379 0195 2464 7F20 		.ascii	"$d\177 (|\257\003\037\316\255@\202\204tN\f$\225\363+0\374\022"
 1379      287C AF03 
 1379      1FCE AD40 
 1379      8284 744E 
 1379      0C24 95F3 
 1380 01ad 41A9 3C85 		.ascii	"A\251<\205\201\363j\034\320-\362\2155\313\332(!pj\273\267\356"
 1380      81F3 6A1C 
 1380      D02D F28D 
 1380      35CB DA28 
 1380      2170 6ABB 
 1381 01c3 DD63 222B 		.ascii	"\335c\"+Y\236G\272\353K#\242\013\350\201\324\310r,\300\332_\303"
 1381      599E 47BA 
 1381      EB4B 23A2 
 1381      0BE8 81D4 
 1381      C872 2CC0 
 1382 01da D218 48C0 		.ascii	"\322\030H\300\002\204\006\210\306\357\365\006nU5\330Xk\216; "
 1382      0284 0688 
 1382      C6EF F506 
 1382      6E55 35D8 
 1382      586B 8E3B 
 1383 01ef 970C C835 		.ascii	"\227\f\3105\327\n\227\rn\226\345L\2642P\030\324c\326i\312\351"
 1383      D70A 970D 
 1383      6E96 E54C 
 1383      B432 5018 
 1383      D463 D669 
 1384 0205 36F5 EC50 		.ascii	"6\365\354P\341\007\350\207\270-\263\004\270\fqh\336\374\242\257"
 1384      E107 E887 
 1384      B82D B304 
 1384      B80C 7168 
 1384      DEFC A2AF 
 1385 0219 C140 12D9 		.ascii	"\301@\022\331\246\317\217L\345\232\r\0303=\030\272\001\316\275"
 1385      A6CF 8F4C 
 1385      E59A 0D18 
 1385      333D 18BA 
 1385      01CE BD
 1386 022c 3832 FC5A 		.ascii	"82\374Z\347\b]\nx\322\310<\371\021\024W\316\216M\035\234\205"
 1386      E708 5D0A 
 1386      78D2 C83C 
 1386      F911 1457 
 1386      CE8E 4D1D 
 1387 0242 AE0C 2076 		.ascii	"\256\f vt\337\007\305\027w\3119&\206\202+\032G\256(\325%@\023"
 1387      74DF 07C5 
 1387      1777 C939 
 1387      2686 822B 
 1387      1A47 AE28 
 1388 025a 7361 DBC9 		.ascii	"sa\333\311\241\216\331d7\204\364\241\2474\273,,D2\232\231\013"
 1388      A18E D964 
 1388      3784 F4A1 
 1388      A734 BB2C 
 1388      2C44 329A 
 1389 0270 3F05 5C38 		.ascii	"?\005\\8Q8v!Rq\301\3577\372\344:\240\020"
 1389      5138 7621 
 1389      5271 C1EF 
 1389      37FA E43A 
 1389      A010 
 1390 0282 B8AA D9FF 		.string	"\270\252\331\377\252\272\177\013\333\177c\315w\367,\244\202\357\237}\376@\237\001+:\006[\
 1390      AABA 7F0B 
 1390      DB7F 63CD 
 1390      77F7 2CA4 
 1390      82EF 9F7D 
 1391 0383 23E8 2C3D 		.string	"#\350,==b$\205\234`\353\245\3437\003\036\264\024ZX\325\320\366\271\243!\270\243\022\f2\20
 1391      3D62 2485 
 1391      9C60 EBA5 
 1391      E337 031E 
 1391      B414 5A58 
 1392 03b9 6602 66A1 		.string	"f\002f\241\024\311\230\2659\340\207Y\302FV(rI,\250\205r\0277\240K\002\f\243\301=L]\221lf3
 1392      14C9 98B5 
 1392      39E0 8759 
 1392      C246 5628 
 1392      7249 2CA8 
 1393 0434 1033 46D8 		.string	"\0203F\330,\r\206\216H\271\267s:[yS\320R\334\324Q~8\202\334\024u\265\027\305k\357\370\303
 1393      2C0D 868E 
 1393      48B9 B773 
 1393      3A5B 7953 
 1393      D052 DCD4 
 1394 04ad 86D4 9DBB 		.string	"\206\324\235\273\214Y\362\346\371\214a<4\361S\b\232\364|\332\332\305O\355Ih\2031f\220\307
 1394      8C59 F2E6 
 1394      F98C 613C 
 1394      34F1 5308 
 1394      9AF4 7CDA 
 1395 0521 5BBC 2D8A 		.ascii	"[\274-\212\347u\344Syk47\332 F\275#\257\234{r'\241\344\b\321"
 1395      E775 E453 
 1395      796B 3437 
 1395      DA20 46BD 
 1395      23AF 9C7B 
 1396 053b 9173 5727 		.ascii	"\221sW'\333I\226\\\223A\230W3\350\355\273\231\362\337\316\036"
 1396      DB49 965C 
 1396      9341 9857 
 1396      33E8 EDBB 
 1396      99F2 DFCE 
 1397 0550 05D2 ECC9 		.ascii	"\005\322\354\311b<^\3446\310\020m\212"
 1397      623C 5EE4 
 1397      36C8 106D 
 1397      8A
 1398 055d CFE3 FEED 		.string	"\317\343\376\355\365\026Z\203\250\210\257\n\007\017DB|\224\022\3472\352\212\017M3\305`\34
 1398      F516 5A83 
 1398      A888 AF0A 
 1398      070F 4442 
 1398      7C94 12E7 
 1399 065e 6537 CA7E 		.ascii	"e7\312~\224B\224oP\366\210\201\016\241o\225\317|\264\305W\205"
 1399      9442 946F 
 1399      50F6 8881 
 1399      0EA1 6F95 
 1399      CF7C B4C5 
 1400 0674 739E 20EB 		.ascii	"s\236 \353\233M>s\227\250M\236\363\206\237\tA?5\3154\2426\337"
 1400      9B4D 3E73 
 1400      97A8 4D9E 
 1400      F386 9F09 
 1400      413F 35CD 
 1401 068c 96D0 716D 		.ascii	"\226\320qm\026\203\365\376\230\365\022\002\337U\356C\301\355"
 1401      1683 F5FE 
 1401      98F5 1202 
 1401      DF55 EE43 
 1401      C1ED 
 1402 069e 7785 A6D3 		.ascii	"w\205\246\3238\374T\335~Shw5\370\340]\221\027\232\177Ls\207\275"
 1402      38FC 54DD 
 1402      7E53 6877 
 1402      35F8 E05D 
 1402      9117 9A7F 
 1403 06b6 5C19 30D8 		.ascii	"\\\0310\330\031\332\340\255\313\205.l\013\215\337*\006\r\352"
 1403      19DA E0AD 
 1403      CB85 2E6C 
 1403      0B8D DF2A 
 1403      060D EA
 1404 06c9 5483 FCD0 		.ascii	"T\203\374\320\006\332[\365\206j\220\033\332\200\337^x)={\231"
 1404      06DA 5BF5 
 1404      866A 901B 
 1404      DA80 DF5E 
 1404      7829 3D7B 
 1405 06de DF66 8228 		.ascii	"\337f\202(,\310\374w\225U\251\322\277eXV\345hw\220\227\r?\252"
 1405      2CC8 FC77 
 1405      9555 A9D2 
 1405      BF65 5856 
 1405      E568 7790 
 1406 06f6 DBFC 6A2A 		.ascii	"\333\374j*}\373jRj\212\336L\354$)M\350\252\362\017\021\216\275"
 1406      7DFB 6A52 
 1406      6A8A DE4C 
 1406      EC24 294D 
 1406      E8AA F20F 
 1407 070d A5DC 62A1 		.ascii	"\245\334b\241\340\330Q\375\005\371/\255d\220u\22489\336\337`"
 1407      E0D8 51FD 
 1407      05F9 2FAD 
 1407      6490 7594 
 1407      3839 DEDF 
 1408 0722 546F A796 		.ascii	"To\247\226\345\324\233Ch\373\255\346v*\r\336N\372\340\240\002"
 1408      E5D4 9B43 
 1408      68FB ADE6 
 1408      762A 0DDE 
 1408      4EFA E0A0 
 1409 0737 630A 111F 		.ascii	"c\n\021\037nt\255xg\016\273\237j\350\377\r\177\316+\317\220\253"
 1409      6E74 AD78 
 1409      670E BB9F 
 1409      6AE8 FF0D 
 1409      7FCE 2BCF 
 1410 074d 6460 F41B 		.ascii	"d`\364\0339\275\306E\234\021\3422\361\237\206\303\354\216\252"
 1410      39BD C645 
 1410      9C11 E232 
 1410      F19F 86C3 
 1410      EC8E AA
 1411 0760 DF9F 79D4 		.ascii	"\337\237y\324J\236\362;\240rcY\205\225\022m\240\277\372c\013"
 1411      4A9E F23B 
 1411      A072 6359 
 1411      8595 126D 
 1411      A0BF FA63 
 1412 0775 6F7D 23E7 		.ascii	"o}#\347d\317a?\337\217(D\201\377\002\005:#\304M\230\0058\312"
 1412      64CF 613F 
 1412      DF8F 2844 
 1412      81FF 0205 
 1412      3A23 C44D 
 1413 078d 8826 C633 		.ascii	"\210&\30636\231-\233\325\337\225\354WKp\333c\242\205\305\210"
 1413      3699 2D9B 
 1413      D5DF 95EC 
 1413      574B 70DB 
 1413      63A2 85C5 
 1414 07a2 2382 B77C 		.ascii	"#\202\267|\335,Gj\301\r:\360q\005|\234\201w\265L\370-Zp\273\016"
 1414      DD2C 476A 
 1414      C10D 3AF0 
 1414      7105 7C9C 
 1414      8177 B54C 
 1415 07bc 5CA9 802B 		.ascii	"\\\251\200+\031\270h\364Qu\204\026\354\323\035\320\t\005|\202"
 1415      19B8 68F4 
 1415      5175 8416 
 1415      ECD3 1DD0 
 1415      0905 7C82 
 1416 07d0 81E5 6DC5 		.ascii	"\201\345m\305\013\264\330>\035q\225\202\255b\3303\323{\217\352"
 1416      0BB4 D83E 
 1416      1D71 9582 
 1416      AD62 D833 
 1416      D37B 8FEA 
 1417 07e4 BC38 A423 		.ascii	"\2748\244#>\251\200O2pek\323n\242\0057\353\230\253\025p5O\306"
 1417      3EA9 804F 
 1417      3270 656B 
 1417      D36E A205 
 1417      37EB 98AB 
 1418 07fd C48D 615D 		.ascii	"\304\215a]\346h\276\203\340S\n\370\024\003\177\227\321\230?["
 1418      E668 BE83 
 1418      E053 0AF8 
 1418      1403 7F97 
 1418      D198 3F5B 
 1419 0811 0B6E D431 		.ascii	"\013n\3241\237V\300t\374\2157%Yr\270=\316E\016wJ\212;uQ\212}"
 1419      9F56 C074 
 1419      FC8D 3725 
 1419      5972 B83D 
 1419      CE45 0E77 
 1420 082c 4D92 63A1 		.ascii	"M\222c\241\303\374\267\277\177\026\273\362\223O\204\367\224\211"
 1420      C3FC B7BF 
 1420      7F16 BBF2 
 1420      934F 84F7 
 1420      9489 
 1421 083e 854B 972F 		.ascii	"\205K\227/]\354X\341H\024\254.\373WN\217\224\346\265{\235"
 1421      5DEC 58E1 
 1421      4814 AC2E 
 1421      FB57 4E8F 
 1421      94E6 B57B 
 1422 0853 92D7 C8D6 		.string	"\222\327\310\326\243C\320\bs\265\3404\247WJN\374\355\233X\273\303\233\344N\225\030r\341Z\
 1422      A343 D008 
 1422      73B5 E034 
 1422      A757 4A4E 
 1422      FCED 9B58 
 1423 0954 E0FD 2FD2 		.ascii	"\340\375/\322\355\251\336\364\224E\350\257\303\275\332)\251\251"
 1423      EDA9 DEF4 
 1423      9445 E8AF 
 1423      C3BD DA29 
 1423      A9A9 
 1424 0966 8FD4 4520 		.ascii	"\217\324E ygk\352\341\177\304\232`D"
 1424      7967 6BEA 
 1424      E17F C49A 
 1424      6044 
 1425               		.text
 1426               		.section	.gnu.lto_.symtab.59acd893,"",@progbits
 1427 0000 6D61 6769 		.string	"magic"
 1427      6300 
 1428 0006 00        		.string	""
 1429 0007 00        		.string	""
 1430 0008 00        		.string	""
 1431 0009 00        		.string	""
 1432 000a 00        		.string	""
 1433 000b 00        		.string	""
 1434 000c 00        		.string	""
 1435 000d 00        		.string	""
 1436 000e 00        		.string	""
 1437 000f 00        		.string	""
 1438 0010 00        		.string	""
 1439 0011 C600      		.string	"\306"
 1440 0013 00        		.string	""
 1441 0014 00        		.string	""
 1442 0015 6B65 796D 		.string	"keymap_config"
 1442      6170 5F63 
 1442      6F6E 6669 
 1442      6700 
 1443 0023 00        		.string	""
 1444 0024 04        		.ascii	"\004"
 1445 0025 00        		.string	""
 1446 0026 0200      		.string	"\002"
 1447 0028 00        		.string	""
 1448 0029 00        		.string	""
 1449 002a 00        		.string	""
 1450 002b 00        		.string	""
 1451 002c 00        		.string	""
 1452 002d 00        		.string	""
 1453 002e 2901 00   		.string	")\001"
 1454 0031 00        		.string	""
 1455 0032 6465 6275 		.string	"debug_config"
 1455      675F 636F 
 1455      6E66 6967 
 1455      00
 1456 003f 00        		.string	""
 1457 0040 02        		.ascii	"\002"
 1458 0041 00        		.string	""
 1459 0042 00        		.string	""
 1460 0043 00        		.string	""
 1461 0044 00        		.string	""
 1462 0045 00        		.string	""
 1463 0046 00        		.string	""
 1464 0047 00        		.string	""
 1465 0048 00        		.string	""
 1466 0049 00        		.string	""
 1467 004a 0601 00   		.string	"\006\001"
 1468 004d 00        		.string	""
 1469 004e 6C61 7965 		.string	"layer_state"
 1469      725F 7374 
 1469      6174 6500 
 1470 005a 00        		.string	""
 1471 005b 02        		.ascii	"\002"
 1472 005c 00        		.string	""
 1473 005d 00        		.string	""
 1474 005e 00        		.string	""
 1475 005f 00        		.string	""
 1476 0060 00        		.string	""
 1477 0061 00        		.string	""
 1478 0062 00        		.string	""
 1479 0063 00        		.string	""
 1480 0064 00        		.string	""
 1481 0065 2B01 00   		.string	"+\001"
 1482 0068 00        		.string	""
 1483 0069 6C61 7965 		.string	"layer_state_set_kb"
 1483      725F 7374 
 1483      6174 655F 
 1483      7365 745F 
 1483      6B62 00
 1484 007c 00        		.string	""
 1485 007d 02        		.ascii	"\002"
 1486 007e 00        		.string	""
 1487 007f 00        		.string	""
 1488 0080 00        		.string	""
 1489 0081 00        		.string	""
 1490 0082 00        		.string	""
 1491 0083 00        		.string	""
 1492 0084 00        		.string	""
 1493 0085 00        		.string	""
 1494 0086 00        		.string	""
 1495 0087 CA00      		.string	"\312"
 1496 0089 00        		.string	""
 1497 008a 00        		.string	""
 1498 008b 6465 6661 		.string	"default_layer_set"
 1498      756C 745F 
 1498      6C61 7965 
 1498      725F 7365 
 1498      7400 
 1499 009d 00        		.string	""
 1500 009e 02        		.ascii	"\002"
 1501 009f 00        		.string	""
 1502 00a0 00        		.string	""
 1503 00a1 00        		.string	""
 1504 00a2 00        		.string	""
 1505 00a3 00        		.string	""
 1506 00a4 00        		.string	""
 1507 00a5 00        		.string	""
 1508 00a6 00        		.string	""
 1509 00a7 00        		.string	""
 1510 00a8 CE00      		.string	"\316"
 1511 00aa 00        		.string	""
 1512 00ab 00        		.string	""
 1513 00ac 6565 636F 		.string	"eeconfig_read_default_layer"
 1513      6E66 6967 
 1513      5F72 6561 
 1513      645F 6465 
 1513      6661 756C 
 1514 00c8 00        		.string	""
 1515 00c9 02        		.ascii	"\002"
 1516 00ca 00        		.string	""
 1517 00cb 00        		.string	""
 1518 00cc 00        		.string	""
 1519 00cd 00        		.string	""
 1520 00ce 00        		.string	""
 1521 00cf 00        		.string	""
 1522 00d0 00        		.string	""
 1523 00d1 00        		.string	""
 1524 00d2 00        		.string	""
 1525 00d3 D500      		.string	"\325"
 1526 00d5 00        		.string	""
 1527 00d6 00        		.string	""
 1528 00d7 6565 636F 		.string	"eeconfig_read_keymap"
 1528      6E66 6967 
 1528      5F72 6561 
 1528      645F 6B65 
 1528      796D 6170 
 1529 00ec 00        		.string	""
 1530 00ed 02        		.ascii	"\002"
 1531 00ee 00        		.string	""
 1532 00ef 00        		.string	""
 1533 00f0 00        		.string	""
 1534 00f1 00        		.string	""
 1535 00f2 00        		.string	""
 1536 00f3 00        		.string	""
 1537 00f4 00        		.string	""
 1538 00f5 00        		.string	""
 1539 00f6 00        		.string	""
 1540 00f7 DE00      		.string	"\336"
 1541 00f9 00        		.string	""
 1542 00fa 00        		.string	""
 1543 00fb 6565 636F 		.string	"eeconfig_read_debug"
 1543      6E66 6967 
 1543      5F72 6561 
 1543      645F 6465 
 1543      6275 6700 
 1544 010f 00        		.string	""
 1545 0110 02        		.ascii	"\002"
 1546 0111 00        		.string	""
 1547 0112 00        		.string	""
 1548 0113 00        		.string	""
 1549 0114 00        		.string	""
 1550 0115 00        		.string	""
 1551 0116 00        		.string	""
 1552 0117 00        		.string	""
 1553 0118 00        		.string	""
 1554 0119 00        		.string	""
 1555 011a E000      		.string	"\340"
 1556 011c 00        		.string	""
 1557 011d 00        		.string	""
 1558 011e 6565 636F 		.string	"eeconfig_init"
 1558      6E66 6967 
 1558      5F69 6E69 
 1558      7400 
 1559 012c 00        		.string	""
 1560 012d 02        		.ascii	"\002"
 1561 012e 00        		.string	""
 1562 012f 00        		.string	""
 1563 0130 00        		.string	""
 1564 0131 00        		.string	""
 1565 0132 00        		.string	""
 1566 0133 00        		.string	""
 1567 0134 00        		.string	""
 1568 0135 00        		.string	""
 1569 0136 00        		.string	""
 1570 0137 E200      		.string	"\342"
 1571 0139 00        		.string	""
 1572 013a 00        		.string	""
 1573 013b 6565 636F 		.string	"eeconfig_is_enabled"
 1573      6E66 6967 
 1573      5F69 735F 
 1573      656E 6162 
 1573      6C65 6400 
 1574 014f 00        		.string	""
 1575 0150 02        		.ascii	"\002"
 1576 0151 00        		.string	""
 1577 0152 00        		.string	""
 1578 0153 00        		.string	""
 1579 0154 00        		.string	""
 1580 0155 00        		.string	""
 1581 0156 00        		.string	""
 1582 0157 00        		.string	""
 1583 0158 00        		.string	""
 1584 0159 00        		.string	""
 1585 015a E900      		.string	"\351"
 1586 015c 00        		.string	""
 1587 015d 00        		.string	""
 1588               		.text
 1589               		.section	.gnu.lto_.opts,"",@progbits
 1590 0000 272D 666E 		.string	"'-fno-openmp' '-fno-openacc' '-fno-pie' '-mn-flash=1' '-mno-skip-bug' '-mmcu=avr5' '-Os' 
 1590      6F2D 6F70 
 1590      656E 6D70 
 1590      2720 272D 
 1590      666E 6F2D 
 1591               		.text
 1592               		.comm	__gnu_lto_v1,1,1
 1593               		.comm	__gnu_lto_slim,1,1
 1594               		.ident	"GCC: (GNU) 8.4.0"
DEFINED SYMBOLS
                            *ABS*:0000000000000000 magic.c
C:\Users\gazed\AppData\Local\Temp\cc1TtRD9.s:2      *ABS*:000000000000003e __SP_H__
C:\Users\gazed\AppData\Local\Temp\cc1TtRD9.s:3      *ABS*:000000000000003d __SP_L__
C:\Users\gazed\AppData\Local\Temp\cc1TtRD9.s:4      *ABS*:000000000000003f __SREG__
C:\Users\gazed\AppData\Local\Temp\cc1TtRD9.s:5      *ABS*:0000000000000000 __tmp_reg__
C:\Users\gazed\AppData\Local\Temp\cc1TtRD9.s:6      *ABS*:0000000000000001 __zero_reg__
C:\Users\gazed\AppData\Local\Temp\cc1TtRD9.s:25     .gnu.debuglto_.debug_info:0000000000000000 magic.c.3531c6cb
                            *COM*:0000000000000001 __gnu_lto_v1
                            *COM*:0000000000000001 __gnu_lto_slim

NO UNDEFINED SYMBOLS
