   1               		.file	"magic.c"
   2               	__SP_H__ = 0x3e
   3               	__SP_L__ = 0x3d
   4               	__SREG__ = 0x3f
   5               	__tmp_reg__ = 0
   6               	__zero_reg__ = 1
   7               		.file 1 "c:\\program files\\qmk_msys\\mingw64\\avr\\include\\stdint.h"
   8               		.file 2 "tmk_core/common/debug.h"
   9               		.file 3 "tmk_core/common/action.h"
  10               		.file 4 "lib/lufa/LUFA/Drivers/USB/Core/AVR8/../StdRequestType.h"
  11               		.file 5 "lib/lufa/LUFA/Drivers/USB/Core/AVR8/../DeviceStandardReq.h"
  12               		.file 6 "lib/lufa/LUFA/Drivers/USB/Core/USBTask.h"
  13               		.file 7 "lib/lufa/LUFA/Drivers/USB/Core/HostStandardReq.h"
  14               		.file 8 "c:\\program files\\qmk_msys\\mingw64\\avr\\include\\stdio.h"
  15               		.file 9 "tmk_core/common/host.h"
  16               		.file 10 "quantum/keycode_config.h"
  17               		.file 11 "quantum/keymap.h"
  18               		.file 12 "tmk_core/common/action_layer.h"
  19               		.file 13 "tmk_core/common/magic.c"
  20               		.section	.gnu.debuglto_.debug_info,"",@progbits
  21               	.Ldebug_info0:
  22               		.hidden	magic.c.e1fc6b7b
  23               		.weak	magic.c.e1fc6b7b
  24               	magic.c.e1fc6b7b:
  25 0000 7F04 0000 		.long	0x47f
  26 0004 0200      		.word	0x2
  27 0006 0000 0000 		.long	.Ldebug_abbrev0
  28 000a 04        		.byte	0x4
  29 000b 01        		.uleb128 0x1
  30 000c 0000 0000 		.long	.LASF57
  31 0010 0C        		.byte	0xc
  32 0011 0000 0000 		.long	.LASF58
  33 0015 0000 0000 		.long	.LASF59
  34 0019 0000 0000 		.long	.Ldebug_line0
  35 001d 02        		.uleb128 0x2
  36 001e 01        		.byte	0x1
  37 001f 06        		.byte	0x6
  38 0020 0000 0000 		.long	.LASF0
  39 0024 03        		.uleb128 0x3
  40 0025 0000 0000 		.long	.LASF2
  41 0029 01        		.byte	0x1
  42 002a 7E        		.byte	0x7e
  43 002b 16        		.byte	0x16
  44 002c 3500 0000 		.long	0x35
  45 0030 04        		.uleb128 0x4
  46 0031 2400 0000 		.long	0x24
  47 0035 02        		.uleb128 0x2
  48 0036 01        		.byte	0x1
  49 0037 08        		.byte	0x8
  50 0038 0000 0000 		.long	.LASF1
  51 003c 05        		.uleb128 0x5
  52 003d 02        		.byte	0x2
  53 003e 05        		.byte	0x5
  54 003f 696E 7400 		.string	"int"
  55 0043 03        		.uleb128 0x3
  56 0044 0000 0000 		.long	.LASF3
  57 0048 01        		.byte	0x1
  58 0049 80        		.byte	0x80
  59 004a 16        		.byte	0x16
  60 004b 5400 0000 		.long	0x54
  61 004f 06        		.uleb128 0x6
  62 0050 4300 0000 		.long	0x43
  63 0054 02        		.uleb128 0x2
  64 0055 02        		.byte	0x2
  65 0056 07        		.byte	0x7
  66 0057 0000 0000 		.long	.LASF4
  67 005b 02        		.uleb128 0x2
  68 005c 04        		.byte	0x4
  69 005d 05        		.byte	0x5
  70 005e 0000 0000 		.long	.LASF5
  71 0062 03        		.uleb128 0x3
  72 0063 0000 0000 		.long	.LASF6
  73 0067 01        		.byte	0x1
  74 0068 82        		.byte	0x82
  75 0069 16        		.byte	0x16
  76 006a 6E00 0000 		.long	0x6e
  77 006e 02        		.uleb128 0x2
  78 006f 04        		.byte	0x4
  79 0070 07        		.byte	0x7
  80 0071 0000 0000 		.long	.LASF7
  81 0075 02        		.uleb128 0x2
  82 0076 08        		.byte	0x8
  83 0077 05        		.byte	0x5
  84 0078 0000 0000 		.long	.LASF8
  85 007c 02        		.uleb128 0x2
  86 007d 08        		.byte	0x8
  87 007e 07        		.byte	0x7
  88 007f 0000 0000 		.long	.LASF9
  89 0083 07        		.uleb128 0x7
  90 0084 01        		.byte	0x1
  91 0085 02        		.byte	0x2
  92 0086 1F        		.byte	0x1f
  93 0087 05        		.byte	0x5
  94 0088 E700 0000 		.long	0xe7
  95 008c 08        		.uleb128 0x8
  96 008d 0000 0000 		.long	.LASF10
  97 0091 02        		.byte	0x2
  98 0092 20        		.byte	0x20
  99 0093 11        		.byte	0x11
 100 0094 E700 0000 		.long	0xe7
 101 0098 01        		.byte	0x1
 102 0099 01        		.byte	0x1
 103 009a 07        		.byte	0x7
 104 009b 02        		.byte	0x2
 105 009c 23        		.byte	0x23
 106 009d 00        		.uleb128 0
 107 009e 08        		.uleb128 0x8
 108 009f 0000 0000 		.long	.LASF11
 109 00a3 02        		.byte	0x2
 110 00a4 21        		.byte	0x21
 111 00a5 11        		.byte	0x11
 112 00a6 E700 0000 		.long	0xe7
 113 00aa 01        		.byte	0x1
 114 00ab 01        		.byte	0x1
 115 00ac 06        		.byte	0x6
 116 00ad 02        		.byte	0x2
 117 00ae 23        		.byte	0x23
 118 00af 00        		.uleb128 0
 119 00b0 08        		.uleb128 0x8
 120 00b1 0000 0000 		.long	.LASF12
 121 00b5 02        		.byte	0x2
 122 00b6 22        		.byte	0x22
 123 00b7 11        		.byte	0x11
 124 00b8 E700 0000 		.long	0xe7
 125 00bc 01        		.byte	0x1
 126 00bd 01        		.byte	0x1
 127 00be 05        		.byte	0x5
 128 00bf 02        		.byte	0x2
 129 00c0 23        		.byte	0x23
 130 00c1 00        		.uleb128 0
 131 00c2 08        		.uleb128 0x8
 132 00c3 0000 0000 		.long	.LASF13
 133 00c7 02        		.byte	0x2
 134 00c8 23        		.byte	0x23
 135 00c9 11        		.byte	0x11
 136 00ca E700 0000 		.long	0xe7
 137 00ce 01        		.byte	0x1
 138 00cf 01        		.byte	0x1
 139 00d0 04        		.byte	0x4
 140 00d1 02        		.byte	0x2
 141 00d2 23        		.byte	0x23
 142 00d3 00        		.uleb128 0
 143 00d4 08        		.uleb128 0x8
 144 00d5 0000 0000 		.long	.LASF14
 145 00d9 02        		.byte	0x2
 146 00da 24        		.byte	0x24
 147 00db 11        		.byte	0x11
 148 00dc 2400 0000 		.long	0x24
 149 00e0 01        		.byte	0x1
 150 00e1 04        		.byte	0x4
 151 00e2 00        		.byte	0
 152 00e3 02        		.byte	0x2
 153 00e4 23        		.byte	0x23
 154 00e5 00        		.uleb128 0
 155 00e6 00        		.byte	0
 156 00e7 02        		.uleb128 0x2
 157 00e8 01        		.byte	0x1
 158 00e9 02        		.byte	0x2
 159 00ea 0000 0000 		.long	.LASF15
 160 00ee 04        		.uleb128 0x4
 161 00ef E700 0000 		.long	0xe7
 162 00f3 09        		.uleb128 0x9
 163 00f4 01        		.byte	0x1
 164 00f5 02        		.byte	0x2
 165 00f6 1E        		.byte	0x1e
 166 00f7 09        		.byte	0x9
 167 00f8 0E01 0000 		.long	0x10e
 168 00fc 0A        		.uleb128 0xa
 169 00fd 8300 0000 		.long	0x83
 170 0101 0B        		.uleb128 0xb
 171 0102 7261 7700 		.string	"raw"
 172 0106 02        		.byte	0x2
 173 0107 26        		.byte	0x26
 174 0108 0D        		.byte	0xd
 175 0109 2400 0000 		.long	0x24
 176 010d 00        		.byte	0
 177 010e 03        		.uleb128 0x3
 178 010f 0000 0000 		.long	.LASF16
 179 0113 02        		.byte	0x2
 180 0114 27        		.byte	0x27
 181 0115 03        		.byte	0x3
 182 0116 F300 0000 		.long	0xf3
 183 011a 0C        		.uleb128 0xc
 184 011b 0000 0000 		.long	.LASF17
 185 011f 02        		.byte	0x2
 186 0120 29        		.byte	0x29
 187 0121 17        		.byte	0x17
 188 0122 0E01 0000 		.long	0x10e
 189 0126 01        		.byte	0x1
 190 0127 01        		.byte	0x1
 191 0128 0C        		.uleb128 0xc
 192 0129 0000 0000 		.long	.LASF18
 193 012d 03        		.byte	0x3
 194 012e 4B        		.byte	0x4b
 195 012f 0D        		.byte	0xd
 196 0130 E700 0000 		.long	0xe7
 197 0134 01        		.byte	0x1
 198 0135 01        		.byte	0x1
 199 0136 07        		.uleb128 0x7
 200 0137 08        		.byte	0x8
 201 0138 04        		.byte	0x4
 202 0139 A3        		.byte	0xa3
 203 013a 0C        		.byte	0xc
 204 013b 8B01 0000 		.long	0x18b
 205 013f 0D        		.uleb128 0xd
 206 0140 0000 0000 		.long	.LASF19
 207 0144 04        		.byte	0x4
 208 0145 A5        		.byte	0xa5
 209 0146 0E        		.byte	0xe
 210 0147 2400 0000 		.long	0x24
 211 014b 02        		.byte	0x2
 212 014c 23        		.byte	0x23
 213 014d 00        		.uleb128 0
 214 014e 0D        		.uleb128 0xd
 215 014f 0000 0000 		.long	.LASF20
 216 0153 04        		.byte	0x4
 217 0154 A6        		.byte	0xa6
 218 0155 0E        		.byte	0xe
 219 0156 2400 0000 		.long	0x24
 220 015a 02        		.byte	0x2
 221 015b 23        		.byte	0x23
 222 015c 01        		.uleb128 0x1
 223 015d 0D        		.uleb128 0xd
 224 015e 0000 0000 		.long	.LASF21
 225 0162 04        		.byte	0x4
 226 0163 A7        		.byte	0xa7
 227 0164 0E        		.byte	0xe
 228 0165 4300 0000 		.long	0x43
 229 0169 02        		.byte	0x2
 230 016a 23        		.byte	0x23
 231 016b 02        		.uleb128 0x2
 232 016c 0D        		.uleb128 0xd
 233 016d 0000 0000 		.long	.LASF22
 234 0171 04        		.byte	0x4
 235 0172 A8        		.byte	0xa8
 236 0173 0E        		.byte	0xe
 237 0174 4300 0000 		.long	0x43
 238 0178 02        		.byte	0x2
 239 0179 23        		.byte	0x23
 240 017a 04        		.uleb128 0x4
 241 017b 0D        		.uleb128 0xd
 242 017c 0000 0000 		.long	.LASF23
 243 0180 04        		.byte	0x4
 244 0181 A9        		.byte	0xa9
 245 0182 0E        		.byte	0xe
 246 0183 4300 0000 		.long	0x43
 247 0187 02        		.byte	0x2
 248 0188 23        		.byte	0x23
 249 0189 06        		.uleb128 0x6
 250 018a 00        		.byte	0
 251 018b 03        		.uleb128 0x3
 252 018c 0000 0000 		.long	.LASF24
 253 0190 04        		.byte	0x4
 254 0191 AA        		.byte	0xaa
 255 0192 12        		.byte	0x12
 256 0193 3601 0000 		.long	0x136
 257 0197 0C        		.uleb128 0xc
 258 0198 0000 0000 		.long	.LASF25
 259 019c 05        		.byte	0x5
 260 019d 5E        		.byte	0x5e
 261 019e 13        		.byte	0x13
 262 019f 2400 0000 		.long	0x24
 263 01a3 01        		.byte	0x1
 264 01a4 01        		.byte	0x1
 265 01a5 0C        		.uleb128 0xc
 266 01a6 0000 0000 		.long	.LASF26
 267 01aa 05        		.byte	0x5
 268 01ab 6E        		.byte	0x6e
 269 01ac 11        		.byte	0x11
 270 01ad E700 0000 		.long	0xe7
 271 01b1 01        		.byte	0x1
 272 01b2 01        		.byte	0x1
 273 01b3 0C        		.uleb128 0xc
 274 01b4 0000 0000 		.long	.LASF27
 275 01b8 05        		.byte	0x5
 276 01b9 78        		.byte	0x78
 277 01ba 11        		.byte	0x11
 278 01bb E700 0000 		.long	0xe7
 279 01bf 01        		.byte	0x1
 280 01c0 01        		.byte	0x1
 281 01c1 0C        		.uleb128 0xc
 282 01c2 0000 0000 		.long	.LASF28
 283 01c6 06        		.byte	0x6
 284 01c7 51        		.byte	0x51
 285 01c8 19        		.byte	0x19
 286 01c9 EE00 0000 		.long	0xee
 287 01cd 01        		.byte	0x1
 288 01ce 01        		.byte	0x1
 289 01cf 0C        		.uleb128 0xc
 290 01d0 0000 0000 		.long	.LASF29
 291 01d4 06        		.byte	0x6
 292 01d5 5B        		.byte	0x5b
 293 01d6 21        		.byte	0x21
 294 01d7 8B01 0000 		.long	0x18b
 295 01db 01        		.byte	0x1
 296 01dc 01        		.byte	0x1
 297 01dd 0C        		.uleb128 0xc
 298 01de 0000 0000 		.long	.LASF30
 299 01e2 06        		.byte	0x6
 300 01e3 90        		.byte	0x90
 301 01e4 1E        		.byte	0x1e
 302 01e5 3000 0000 		.long	0x30
 303 01e9 01        		.byte	0x1
 304 01ea 01        		.byte	0x1
 305 01eb 0C        		.uleb128 0xc
 306 01ec 0000 0000 		.long	.LASF31
 307 01f0 07        		.byte	0x7
 308 01f1 67        		.byte	0x67
 309 01f2 13        		.byte	0x13
 310 01f3 2400 0000 		.long	0x24
 311 01f7 01        		.byte	0x1
 312 01f8 01        		.byte	0x1
 313 01f9 0E        		.uleb128 0xe
 314 01fa 02        		.byte	0x2
 315 01fb 0F        		.uleb128 0xf
 316 01fc 0000 0000 		.long	.LASF60
 317 0200 0E        		.byte	0xe
 318 0201 08        		.byte	0x8
 319 0202 F4        		.byte	0xf4
 320 0203 08        		.byte	0x8
 321 0204 8602 0000 		.long	0x286
 322 0208 10        		.uleb128 0x10
 323 0209 6275 6600 		.string	"buf"
 324 020d 08        		.byte	0x8
 325 020e F5        		.byte	0xf5
 326 020f 08        		.byte	0x8
 327 0210 8602 0000 		.long	0x286
 328 0214 02        		.byte	0x2
 329 0215 23        		.byte	0x23
 330 0216 00        		.uleb128 0
 331 0217 0D        		.uleb128 0xd
 332 0218 0000 0000 		.long	.LASF32
 333 021c 08        		.byte	0x8
 334 021d F6        		.byte	0xf6
 335 021e 10        		.byte	0x10
 336 021f 3500 0000 		.long	0x35
 337 0223 02        		.byte	0x2
 338 0224 23        		.byte	0x23
 339 0225 02        		.uleb128 0x2
 340 0226 0D        		.uleb128 0xd
 341 0227 0000 0000 		.long	.LASF33
 342 022b 08        		.byte	0x8
 343 022c F7        		.byte	0xf7
 344 022d 0A        		.byte	0xa
 345 022e 2400 0000 		.long	0x24
 346 0232 02        		.byte	0x2
 347 0233 23        		.byte	0x23
 348 0234 03        		.uleb128 0x3
 349 0235 11        		.uleb128 0x11
 350 0236 0000 0000 		.long	.LASF34
 351 023a 08        		.byte	0x8
 352 023b 0701      		.word	0x107
 353 023d 06        		.byte	0x6
 354 023e 3C00 0000 		.long	0x3c
 355 0242 02        		.byte	0x2
 356 0243 23        		.byte	0x23
 357 0244 04        		.uleb128 0x4
 358 0245 12        		.uleb128 0x12
 359 0246 6C65 6E00 		.string	"len"
 360 024a 08        		.byte	0x8
 361 024b 0801      		.word	0x108
 362 024d 06        		.byte	0x6
 363 024e 3C00 0000 		.long	0x3c
 364 0252 02        		.byte	0x2
 365 0253 23        		.byte	0x23
 366 0254 06        		.uleb128 0x6
 367 0255 12        		.uleb128 0x12
 368 0256 7075 7400 		.string	"put"
 369 025a 08        		.byte	0x8
 370 025b 0901      		.word	0x109
 371 025d 08        		.byte	0x8
 372 025e AE02 0000 		.long	0x2ae
 373 0262 02        		.byte	0x2
 374 0263 23        		.byte	0x23
 375 0264 08        		.uleb128 0x8
 376 0265 12        		.uleb128 0x12
 377 0266 6765 7400 		.string	"get"
 378 026a 08        		.byte	0x8
 379 026b 0A01      		.word	0x10a
 380 026d 08        		.byte	0x8
 381 026e C402 0000 		.long	0x2c4
 382 0272 02        		.byte	0x2
 383 0273 23        		.byte	0x23
 384 0274 0A        		.uleb128 0xa
 385 0275 11        		.uleb128 0x11
 386 0276 0000 0000 		.long	.LASF35
 387 027a 08        		.byte	0x8
 388 027b 0B01      		.word	0x10b
 389 027d 08        		.byte	0x8
 390 027e F901 0000 		.long	0x1f9
 391 0282 02        		.byte	0x2
 392 0283 23        		.byte	0x23
 393 0284 0C        		.uleb128 0xc
 394 0285 00        		.byte	0
 395 0286 13        		.uleb128 0x13
 396 0287 02        		.byte	0x2
 397 0288 8C02 0000 		.long	0x28c
 398 028c 02        		.uleb128 0x2
 399 028d 01        		.byte	0x1
 400 028e 08        		.byte	0x8
 401 028f 0000 0000 		.long	.LASF36
 402 0293 14        		.uleb128 0x14
 403 0294 01        		.byte	0x1
 404 0295 3C00 0000 		.long	0x3c
 405 0299 A802 0000 		.long	0x2a8
 406 029d 15        		.uleb128 0x15
 407 029e 8C02 0000 		.long	0x28c
 408 02a2 15        		.uleb128 0x15
 409 02a3 A802 0000 		.long	0x2a8
 410 02a7 00        		.byte	0
 411 02a8 13        		.uleb128 0x13
 412 02a9 02        		.byte	0x2
 413 02aa FB01 0000 		.long	0x1fb
 414 02ae 13        		.uleb128 0x13
 415 02af 02        		.byte	0x2
 416 02b0 9302 0000 		.long	0x293
 417 02b4 14        		.uleb128 0x14
 418 02b5 01        		.byte	0x1
 419 02b6 3C00 0000 		.long	0x3c
 420 02ba C402 0000 		.long	0x2c4
 421 02be 15        		.uleb128 0x15
 422 02bf A802 0000 		.long	0x2a8
 423 02c3 00        		.byte	0
 424 02c4 13        		.uleb128 0x13
 425 02c5 02        		.byte	0x2
 426 02c6 B402 0000 		.long	0x2b4
 427 02ca 16        		.uleb128 0x16
 428 02cb A802 0000 		.long	0x2a8
 429 02cf D502 0000 		.long	0x2d5
 430 02d3 17        		.uleb128 0x17
 431 02d4 00        		.byte	0
 432 02d5 18        		.uleb128 0x18
 433 02d6 0000 0000 		.long	.LASF37
 434 02da 08        		.byte	0x8
 435 02db 9701      		.word	0x197
 436 02dd 17        		.byte	0x17
 437 02de CA02 0000 		.long	0x2ca
 438 02e2 01        		.byte	0x1
 439 02e3 01        		.byte	0x1
 440 02e4 0C        		.uleb128 0xc
 441 02e5 0000 0000 		.long	.LASF38
 442 02e9 09        		.byte	0x9
 443 02ea 24        		.byte	0x24
 444 02eb 10        		.byte	0x10
 445 02ec 2400 0000 		.long	0x24
 446 02f0 01        		.byte	0x1
 447 02f1 01        		.byte	0x1
 448 02f2 0C        		.uleb128 0xc
 449 02f3 0000 0000 		.long	.LASF39
 450 02f7 09        		.byte	0x9
 451 02f8 25        		.byte	0x25
 452 02f9 10        		.byte	0x10
 453 02fa 2400 0000 		.long	0x24
 454 02fe 01        		.byte	0x1
 455 02ff 01        		.byte	0x1
 456 0300 07        		.uleb128 0x7
 457 0301 02        		.byte	0x2
 458 0302 0A        		.byte	0xa
 459 0303 1D        		.byte	0x1d
 460 0304 05        		.byte	0x5
 461 0305 BE03 0000 		.long	0x3be
 462 0309 08        		.uleb128 0x8
 463 030a 0000 0000 		.long	.LASF40
 464 030e 0A        		.byte	0xa
 465 030f 1E        		.byte	0x1e
 466 0310 0E        		.byte	0xe
 467 0311 E700 0000 		.long	0xe7
 468 0315 01        		.byte	0x1
 469 0316 01        		.byte	0x1
 470 0317 07        		.byte	0x7
 471 0318 02        		.byte	0x2
 472 0319 23        		.byte	0x23
 473 031a 00        		.uleb128 0
 474 031b 08        		.uleb128 0x8
 475 031c 0000 0000 		.long	.LASF41
 476 0320 0A        		.byte	0xa
 477 0321 1F        		.byte	0x1f
 478 0322 0E        		.byte	0xe
 479 0323 E700 0000 		.long	0xe7
 480 0327 01        		.byte	0x1
 481 0328 01        		.byte	0x1
 482 0329 06        		.byte	0x6
 483 032a 02        		.byte	0x2
 484 032b 23        		.byte	0x23
 485 032c 00        		.uleb128 0
 486 032d 08        		.uleb128 0x8
 487 032e 0000 0000 		.long	.LASF42
 488 0332 0A        		.byte	0xa
 489 0333 20        		.byte	0x20
 490 0334 0E        		.byte	0xe
 491 0335 E700 0000 		.long	0xe7
 492 0339 01        		.byte	0x1
 493 033a 01        		.byte	0x1
 494 033b 05        		.byte	0x5
 495 033c 02        		.byte	0x2
 496 033d 23        		.byte	0x23
 497 033e 00        		.uleb128 0
 498 033f 08        		.uleb128 0x8
 499 0340 0000 0000 		.long	.LASF43
 500 0344 0A        		.byte	0xa
 501 0345 21        		.byte	0x21
 502 0346 0E        		.byte	0xe
 503 0347 E700 0000 		.long	0xe7
 504 034b 01        		.byte	0x1
 505 034c 01        		.byte	0x1
 506 034d 04        		.byte	0x4
 507 034e 02        		.byte	0x2
 508 034f 23        		.byte	0x23
 509 0350 00        		.uleb128 0
 510 0351 08        		.uleb128 0x8
 511 0352 0000 0000 		.long	.LASF44
 512 0356 0A        		.byte	0xa
 513 0357 22        		.byte	0x22
 514 0358 0E        		.byte	0xe
 515 0359 E700 0000 		.long	0xe7
 516 035d 01        		.byte	0x1
 517 035e 01        		.byte	0x1
 518 035f 03        		.byte	0x3
 519 0360 02        		.byte	0x2
 520 0361 23        		.byte	0x23
 521 0362 00        		.uleb128 0
 522 0363 08        		.uleb128 0x8
 523 0364 0000 0000 		.long	.LASF45
 524 0368 0A        		.byte	0xa
 525 0369 23        		.byte	0x23
 526 036a 0E        		.byte	0xe
 527 036b E700 0000 		.long	0xe7
 528 036f 01        		.byte	0x1
 529 0370 01        		.byte	0x1
 530 0371 02        		.byte	0x2
 531 0372 02        		.byte	0x2
 532 0373 23        		.byte	0x23
 533 0374 00        		.uleb128 0
 534 0375 08        		.uleb128 0x8
 535 0376 0000 0000 		.long	.LASF46
 536 037a 0A        		.byte	0xa
 537 037b 24        		.byte	0x24
 538 037c 0E        		.byte	0xe
 539 037d E700 0000 		.long	0xe7
 540 0381 01        		.byte	0x1
 541 0382 01        		.byte	0x1
 542 0383 01        		.byte	0x1
 543 0384 02        		.byte	0x2
 544 0385 23        		.byte	0x23
 545 0386 00        		.uleb128 0
 546 0387 08        		.uleb128 0x8
 547 0388 0000 0000 		.long	.LASF47
 548 038c 0A        		.byte	0xa
 549 038d 25        		.byte	0x25
 550 038e 0E        		.byte	0xe
 551 038f E700 0000 		.long	0xe7
 552 0393 01        		.byte	0x1
 553 0394 01        		.byte	0x1
 554 0395 00        		.byte	0
 555 0396 02        		.byte	0x2
 556 0397 23        		.byte	0x23
 557 0398 00        		.uleb128 0
 558 0399 08        		.uleb128 0x8
 559 039a 0000 0000 		.long	.LASF48
 560 039e 0A        		.byte	0xa
 561 039f 26        		.byte	0x26
 562 03a0 0E        		.byte	0xe
 563 03a1 E700 0000 		.long	0xe7
 564 03a5 01        		.byte	0x1
 565 03a6 01        		.byte	0x1
 566 03a7 07        		.byte	0x7
 567 03a8 02        		.byte	0x2
 568 03a9 23        		.byte	0x23
 569 03aa 01        		.uleb128 0x1
 570 03ab 08        		.uleb128 0x8
 571 03ac 0000 0000 		.long	.LASF49
 572 03b0 0A        		.byte	0xa
 573 03b1 27        		.byte	0x27
 574 03b2 0E        		.byte	0xe
 575 03b3 E700 0000 		.long	0xe7
 576 03b7 01        		.byte	0x1
 577 03b8 01        		.byte	0x1
 578 03b9 06        		.byte	0x6
 579 03ba 02        		.byte	0x2
 580 03bb 23        		.byte	0x23
 581 03bc 01        		.uleb128 0x1
 582 03bd 00        		.byte	0
 583 03be 09        		.uleb128 0x9
 584 03bf 02        		.byte	0x2
 585 03c0 0A        		.byte	0xa
 586 03c1 1B        		.byte	0x1b
 587 03c2 09        		.byte	0x9
 588 03c3 D903 0000 		.long	0x3d9
 589 03c7 0B        		.uleb128 0xb
 590 03c8 7261 7700 		.string	"raw"
 591 03cc 0A        		.byte	0xa
 592 03cd 1C        		.byte	0x1c
 593 03ce 0E        		.byte	0xe
 594 03cf 4300 0000 		.long	0x43
 595 03d3 0A        		.uleb128 0xa
 596 03d4 0003 0000 		.long	0x300
 597 03d8 00        		.byte	0
 598 03d9 03        		.uleb128 0x3
 599 03da 0000 0000 		.long	.LASF50
 600 03de 0A        		.byte	0xa
 601 03df 29        		.byte	0x29
 602 03e0 03        		.byte	0x3
 603 03e1 BE03 0000 		.long	0x3be
 604 03e5 0C        		.uleb128 0xc
 605 03e6 0000 0000 		.long	.LASF51
 606 03ea 0A        		.byte	0xa
 607 03eb 2B        		.byte	0x2b
 608 03ec 18        		.byte	0x18
 609 03ed D903 0000 		.long	0x3d9
 610 03f1 01        		.byte	0x1
 611 03f2 01        		.byte	0x1
 612 03f3 16        		.uleb128 0x16
 613 03f4 4F00 0000 		.long	0x4f
 614 03f8 0A04 0000 		.long	0x40a
 615 03fc 17        		.uleb128 0x17
 616 03fd 19        		.uleb128 0x19
 617 03fe 5400 0000 		.long	0x54
 618 0402 01        		.byte	0x1
 619 0403 19        		.uleb128 0x19
 620 0404 5400 0000 		.long	0x54
 621 0408 0B        		.byte	0xb
 622 0409 00        		.byte	0
 623 040a 06        		.uleb128 0x6
 624 040b F303 0000 		.long	0x3f3
 625 040f 0C        		.uleb128 0xc
 626 0410 0000 0000 		.long	.LASF52
 627 0414 0B        		.byte	0xb
 628 0415 37        		.byte	0x37
 629 0416 17        		.byte	0x17
 630 0417 0A04 0000 		.long	0x40a
 631 041b 01        		.byte	0x1
 632 041c 01        		.byte	0x1
 633 041d 16        		.uleb128 0x16
 634 041e 4F00 0000 		.long	0x4f
 635 0422 2804 0000 		.long	0x428
 636 0426 17        		.uleb128 0x17
 637 0427 00        		.byte	0
 638 0428 06        		.uleb128 0x6
 639 0429 1D04 0000 		.long	0x41d
 640 042d 0C        		.uleb128 0xc
 641 042e 0000 0000 		.long	.LASF53
 642 0432 0B        		.byte	0xb
 643 0433 38        		.byte	0x38
 644 0434 17        		.byte	0x17
 645 0435 2804 0000 		.long	0x428
 646 0439 01        		.byte	0x1
 647 043a 01        		.byte	0x1
 648 043b 03        		.uleb128 0x3
 649 043c 0000 0000 		.long	.LASF54
 650 0440 0C        		.byte	0xc
 651 0441 27        		.byte	0x27
 652 0442 12        		.byte	0x12
 653 0443 6200 0000 		.long	0x62
 654 0447 0C        		.uleb128 0xc
 655 0448 0000 0000 		.long	.LASF55
 656 044c 0C        		.byte	0xc
 657 044d 32        		.byte	0x32
 658 044e 16        		.byte	0x16
 659 044f 3B04 0000 		.long	0x43b
 660 0453 01        		.byte	0x1
 661 0454 01        		.byte	0x1
 662 0455 0C        		.uleb128 0xc
 663 0456 0000 0000 		.long	.LASF56
 664 045a 0C        		.byte	0xc
 665 045b 48        		.byte	0x48
 666 045c 16        		.byte	0x16
 667 045d 3B04 0000 		.long	0x43b
 668 0461 01        		.byte	0x1
 669 0462 01        		.byte	0x1
 670 0463 1A        		.uleb128 0x1a
 671 0464 E503 0000 		.long	0x3e5
 672 0468 0D        		.byte	0xd
 673 0469 0F        		.byte	0xf
 674 046a 11        		.byte	0x11
 675 046b 1B        		.uleb128 0x1b
 676 046c 01        		.byte	0x1
 677 046d 0000 0000 		.long	.LASF61
 678 0471 0D        		.byte	0xd
 679 0472 15        		.byte	0x15
 680 0473 06        		.byte	0x6
 681 0474 01        		.byte	0x1
 682 0475 1C        		.uleb128 0x1c
 683 0476 0000 0000 		.long	.LASF62
 684 047a 0D        		.byte	0xd
 685 047b 21        		.byte	0x21
 686 047c 0D        		.byte	0xd
 687 047d 2400 0000 		.long	0x24
 688 0481 00        		.byte	0
 689 0482 00        		.byte	0
 690               		.section	.gnu.debuglto_.debug_abbrev,"",@progbits
 691               	.Ldebug_abbrev0:
 692 0000 01        		.uleb128 0x1
 693 0001 11        		.uleb128 0x11
 694 0002 01        		.byte	0x1
 695 0003 25        		.uleb128 0x25
 696 0004 0E        		.uleb128 0xe
 697 0005 13        		.uleb128 0x13
 698 0006 0B        		.uleb128 0xb
 699 0007 03        		.uleb128 0x3
 700 0008 0E        		.uleb128 0xe
 701 0009 1B        		.uleb128 0x1b
 702 000a 0E        		.uleb128 0xe
 703 000b 10        		.uleb128 0x10
 704 000c 06        		.uleb128 0x6
 705 000d 00        		.byte	0
 706 000e 00        		.byte	0
 707 000f 02        		.uleb128 0x2
 708 0010 24        		.uleb128 0x24
 709 0011 00        		.byte	0
 710 0012 0B        		.uleb128 0xb
 711 0013 0B        		.uleb128 0xb
 712 0014 3E        		.uleb128 0x3e
 713 0015 0B        		.uleb128 0xb
 714 0016 03        		.uleb128 0x3
 715 0017 0E        		.uleb128 0xe
 716 0018 00        		.byte	0
 717 0019 00        		.byte	0
 718 001a 03        		.uleb128 0x3
 719 001b 16        		.uleb128 0x16
 720 001c 00        		.byte	0
 721 001d 03        		.uleb128 0x3
 722 001e 0E        		.uleb128 0xe
 723 001f 3A        		.uleb128 0x3a
 724 0020 0B        		.uleb128 0xb
 725 0021 3B        		.uleb128 0x3b
 726 0022 0B        		.uleb128 0xb
 727 0023 39        		.uleb128 0x39
 728 0024 0B        		.uleb128 0xb
 729 0025 49        		.uleb128 0x49
 730 0026 13        		.uleb128 0x13
 731 0027 00        		.byte	0
 732 0028 00        		.byte	0
 733 0029 04        		.uleb128 0x4
 734 002a 35        		.uleb128 0x35
 735 002b 00        		.byte	0
 736 002c 49        		.uleb128 0x49
 737 002d 13        		.uleb128 0x13
 738 002e 00        		.byte	0
 739 002f 00        		.byte	0
 740 0030 05        		.uleb128 0x5
 741 0031 24        		.uleb128 0x24
 742 0032 00        		.byte	0
 743 0033 0B        		.uleb128 0xb
 744 0034 0B        		.uleb128 0xb
 745 0035 3E        		.uleb128 0x3e
 746 0036 0B        		.uleb128 0xb
 747 0037 03        		.uleb128 0x3
 748 0038 08        		.uleb128 0x8
 749 0039 00        		.byte	0
 750 003a 00        		.byte	0
 751 003b 06        		.uleb128 0x6
 752 003c 26        		.uleb128 0x26
 753 003d 00        		.byte	0
 754 003e 49        		.uleb128 0x49
 755 003f 13        		.uleb128 0x13
 756 0040 00        		.byte	0
 757 0041 00        		.byte	0
 758 0042 07        		.uleb128 0x7
 759 0043 13        		.uleb128 0x13
 760 0044 01        		.byte	0x1
 761 0045 0B        		.uleb128 0xb
 762 0046 0B        		.uleb128 0xb
 763 0047 3A        		.uleb128 0x3a
 764 0048 0B        		.uleb128 0xb
 765 0049 3B        		.uleb128 0x3b
 766 004a 0B        		.uleb128 0xb
 767 004b 39        		.uleb128 0x39
 768 004c 0B        		.uleb128 0xb
 769 004d 01        		.uleb128 0x1
 770 004e 13        		.uleb128 0x13
 771 004f 00        		.byte	0
 772 0050 00        		.byte	0
 773 0051 08        		.uleb128 0x8
 774 0052 0D        		.uleb128 0xd
 775 0053 00        		.byte	0
 776 0054 03        		.uleb128 0x3
 777 0055 0E        		.uleb128 0xe
 778 0056 3A        		.uleb128 0x3a
 779 0057 0B        		.uleb128 0xb
 780 0058 3B        		.uleb128 0x3b
 781 0059 0B        		.uleb128 0xb
 782 005a 39        		.uleb128 0x39
 783 005b 0B        		.uleb128 0xb
 784 005c 49        		.uleb128 0x49
 785 005d 13        		.uleb128 0x13
 786 005e 0B        		.uleb128 0xb
 787 005f 0B        		.uleb128 0xb
 788 0060 0D        		.uleb128 0xd
 789 0061 0B        		.uleb128 0xb
 790 0062 0C        		.uleb128 0xc
 791 0063 0B        		.uleb128 0xb
 792 0064 38        		.uleb128 0x38
 793 0065 0A        		.uleb128 0xa
 794 0066 00        		.byte	0
 795 0067 00        		.byte	0
 796 0068 09        		.uleb128 0x9
 797 0069 17        		.uleb128 0x17
 798 006a 01        		.byte	0x1
 799 006b 0B        		.uleb128 0xb
 800 006c 0B        		.uleb128 0xb
 801 006d 3A        		.uleb128 0x3a
 802 006e 0B        		.uleb128 0xb
 803 006f 3B        		.uleb128 0x3b
 804 0070 0B        		.uleb128 0xb
 805 0071 39        		.uleb128 0x39
 806 0072 0B        		.uleb128 0xb
 807 0073 01        		.uleb128 0x1
 808 0074 13        		.uleb128 0x13
 809 0075 00        		.byte	0
 810 0076 00        		.byte	0
 811 0077 0A        		.uleb128 0xa
 812 0078 0D        		.uleb128 0xd
 813 0079 00        		.byte	0
 814 007a 49        		.uleb128 0x49
 815 007b 13        		.uleb128 0x13
 816 007c 00        		.byte	0
 817 007d 00        		.byte	0
 818 007e 0B        		.uleb128 0xb
 819 007f 0D        		.uleb128 0xd
 820 0080 00        		.byte	0
 821 0081 03        		.uleb128 0x3
 822 0082 08        		.uleb128 0x8
 823 0083 3A        		.uleb128 0x3a
 824 0084 0B        		.uleb128 0xb
 825 0085 3B        		.uleb128 0x3b
 826 0086 0B        		.uleb128 0xb
 827 0087 39        		.uleb128 0x39
 828 0088 0B        		.uleb128 0xb
 829 0089 49        		.uleb128 0x49
 830 008a 13        		.uleb128 0x13
 831 008b 00        		.byte	0
 832 008c 00        		.byte	0
 833 008d 0C        		.uleb128 0xc
 834 008e 34        		.uleb128 0x34
 835 008f 00        		.byte	0
 836 0090 03        		.uleb128 0x3
 837 0091 0E        		.uleb128 0xe
 838 0092 3A        		.uleb128 0x3a
 839 0093 0B        		.uleb128 0xb
 840 0094 3B        		.uleb128 0x3b
 841 0095 0B        		.uleb128 0xb
 842 0096 39        		.uleb128 0x39
 843 0097 0B        		.uleb128 0xb
 844 0098 49        		.uleb128 0x49
 845 0099 13        		.uleb128 0x13
 846 009a 3F        		.uleb128 0x3f
 847 009b 0C        		.uleb128 0xc
 848 009c 3C        		.uleb128 0x3c
 849 009d 0C        		.uleb128 0xc
 850 009e 00        		.byte	0
 851 009f 00        		.byte	0
 852 00a0 0D        		.uleb128 0xd
 853 00a1 0D        		.uleb128 0xd
 854 00a2 00        		.byte	0
 855 00a3 03        		.uleb128 0x3
 856 00a4 0E        		.uleb128 0xe
 857 00a5 3A        		.uleb128 0x3a
 858 00a6 0B        		.uleb128 0xb
 859 00a7 3B        		.uleb128 0x3b
 860 00a8 0B        		.uleb128 0xb
 861 00a9 39        		.uleb128 0x39
 862 00aa 0B        		.uleb128 0xb
 863 00ab 49        		.uleb128 0x49
 864 00ac 13        		.uleb128 0x13
 865 00ad 38        		.uleb128 0x38
 866 00ae 0A        		.uleb128 0xa
 867 00af 00        		.byte	0
 868 00b0 00        		.byte	0
 869 00b1 0E        		.uleb128 0xe
 870 00b2 0F        		.uleb128 0xf
 871 00b3 00        		.byte	0
 872 00b4 0B        		.uleb128 0xb
 873 00b5 0B        		.uleb128 0xb
 874 00b6 00        		.byte	0
 875 00b7 00        		.byte	0
 876 00b8 0F        		.uleb128 0xf
 877 00b9 13        		.uleb128 0x13
 878 00ba 01        		.byte	0x1
 879 00bb 03        		.uleb128 0x3
 880 00bc 0E        		.uleb128 0xe
 881 00bd 0B        		.uleb128 0xb
 882 00be 0B        		.uleb128 0xb
 883 00bf 3A        		.uleb128 0x3a
 884 00c0 0B        		.uleb128 0xb
 885 00c1 3B        		.uleb128 0x3b
 886 00c2 0B        		.uleb128 0xb
 887 00c3 39        		.uleb128 0x39
 888 00c4 0B        		.uleb128 0xb
 889 00c5 01        		.uleb128 0x1
 890 00c6 13        		.uleb128 0x13
 891 00c7 00        		.byte	0
 892 00c8 00        		.byte	0
 893 00c9 10        		.uleb128 0x10
 894 00ca 0D        		.uleb128 0xd
 895 00cb 00        		.byte	0
 896 00cc 03        		.uleb128 0x3
 897 00cd 08        		.uleb128 0x8
 898 00ce 3A        		.uleb128 0x3a
 899 00cf 0B        		.uleb128 0xb
 900 00d0 3B        		.uleb128 0x3b
 901 00d1 0B        		.uleb128 0xb
 902 00d2 39        		.uleb128 0x39
 903 00d3 0B        		.uleb128 0xb
 904 00d4 49        		.uleb128 0x49
 905 00d5 13        		.uleb128 0x13
 906 00d6 38        		.uleb128 0x38
 907 00d7 0A        		.uleb128 0xa
 908 00d8 00        		.byte	0
 909 00d9 00        		.byte	0
 910 00da 11        		.uleb128 0x11
 911 00db 0D        		.uleb128 0xd
 912 00dc 00        		.byte	0
 913 00dd 03        		.uleb128 0x3
 914 00de 0E        		.uleb128 0xe
 915 00df 3A        		.uleb128 0x3a
 916 00e0 0B        		.uleb128 0xb
 917 00e1 3B        		.uleb128 0x3b
 918 00e2 05        		.uleb128 0x5
 919 00e3 39        		.uleb128 0x39
 920 00e4 0B        		.uleb128 0xb
 921 00e5 49        		.uleb128 0x49
 922 00e6 13        		.uleb128 0x13
 923 00e7 38        		.uleb128 0x38
 924 00e8 0A        		.uleb128 0xa
 925 00e9 00        		.byte	0
 926 00ea 00        		.byte	0
 927 00eb 12        		.uleb128 0x12
 928 00ec 0D        		.uleb128 0xd
 929 00ed 00        		.byte	0
 930 00ee 03        		.uleb128 0x3
 931 00ef 08        		.uleb128 0x8
 932 00f0 3A        		.uleb128 0x3a
 933 00f1 0B        		.uleb128 0xb
 934 00f2 3B        		.uleb128 0x3b
 935 00f3 05        		.uleb128 0x5
 936 00f4 39        		.uleb128 0x39
 937 00f5 0B        		.uleb128 0xb
 938 00f6 49        		.uleb128 0x49
 939 00f7 13        		.uleb128 0x13
 940 00f8 38        		.uleb128 0x38
 941 00f9 0A        		.uleb128 0xa
 942 00fa 00        		.byte	0
 943 00fb 00        		.byte	0
 944 00fc 13        		.uleb128 0x13
 945 00fd 0F        		.uleb128 0xf
 946 00fe 00        		.byte	0
 947 00ff 0B        		.uleb128 0xb
 948 0100 0B        		.uleb128 0xb
 949 0101 49        		.uleb128 0x49
 950 0102 13        		.uleb128 0x13
 951 0103 00        		.byte	0
 952 0104 00        		.byte	0
 953 0105 14        		.uleb128 0x14
 954 0106 15        		.uleb128 0x15
 955 0107 01        		.byte	0x1
 956 0108 27        		.uleb128 0x27
 957 0109 0C        		.uleb128 0xc
 958 010a 49        		.uleb128 0x49
 959 010b 13        		.uleb128 0x13
 960 010c 01        		.uleb128 0x1
 961 010d 13        		.uleb128 0x13
 962 010e 00        		.byte	0
 963 010f 00        		.byte	0
 964 0110 15        		.uleb128 0x15
 965 0111 05        		.uleb128 0x5
 966 0112 00        		.byte	0
 967 0113 49        		.uleb128 0x49
 968 0114 13        		.uleb128 0x13
 969 0115 00        		.byte	0
 970 0116 00        		.byte	0
 971 0117 16        		.uleb128 0x16
 972 0118 01        		.uleb128 0x1
 973 0119 01        		.byte	0x1
 974 011a 49        		.uleb128 0x49
 975 011b 13        		.uleb128 0x13
 976 011c 01        		.uleb128 0x1
 977 011d 13        		.uleb128 0x13
 978 011e 00        		.byte	0
 979 011f 00        		.byte	0
 980 0120 17        		.uleb128 0x17
 981 0121 21        		.uleb128 0x21
 982 0122 00        		.byte	0
 983 0123 00        		.byte	0
 984 0124 00        		.byte	0
 985 0125 18        		.uleb128 0x18
 986 0126 34        		.uleb128 0x34
 987 0127 00        		.byte	0
 988 0128 03        		.uleb128 0x3
 989 0129 0E        		.uleb128 0xe
 990 012a 3A        		.uleb128 0x3a
 991 012b 0B        		.uleb128 0xb
 992 012c 3B        		.uleb128 0x3b
 993 012d 05        		.uleb128 0x5
 994 012e 39        		.uleb128 0x39
 995 012f 0B        		.uleb128 0xb
 996 0130 49        		.uleb128 0x49
 997 0131 13        		.uleb128 0x13
 998 0132 3F        		.uleb128 0x3f
 999 0133 0C        		.uleb128 0xc
 1000 0134 3C        		.uleb128 0x3c
 1001 0135 0C        		.uleb128 0xc
 1002 0136 00        		.byte	0
 1003 0137 00        		.byte	0
 1004 0138 19        		.uleb128 0x19
 1005 0139 21        		.uleb128 0x21
 1006 013a 00        		.byte	0
 1007 013b 49        		.uleb128 0x49
 1008 013c 13        		.uleb128 0x13
 1009 013d 2F        		.uleb128 0x2f
 1010 013e 0B        		.uleb128 0xb
 1011 013f 00        		.byte	0
 1012 0140 00        		.byte	0
 1013 0141 1A        		.uleb128 0x1a
 1014 0142 34        		.uleb128 0x34
 1015 0143 00        		.byte	0
 1016 0144 47        		.uleb128 0x47
 1017 0145 13        		.uleb128 0x13
 1018 0146 3A        		.uleb128 0x3a
 1019 0147 0B        		.uleb128 0xb
 1020 0148 3B        		.uleb128 0x3b
 1021 0149 0B        		.uleb128 0xb
 1022 014a 39        		.uleb128 0x39
 1023 014b 0B        		.uleb128 0xb
 1024 014c 00        		.byte	0
 1025 014d 00        		.byte	0
 1026 014e 1B        		.uleb128 0x1b
 1027 014f 2E        		.uleb128 0x2e
 1028 0150 01        		.byte	0x1
 1029 0151 3F        		.uleb128 0x3f
 1030 0152 0C        		.uleb128 0xc
 1031 0153 03        		.uleb128 0x3
 1032 0154 0E        		.uleb128 0xe
 1033 0155 3A        		.uleb128 0x3a
 1034 0156 0B        		.uleb128 0xb
 1035 0157 3B        		.uleb128 0x3b
 1036 0158 0B        		.uleb128 0xb
 1037 0159 39        		.uleb128 0x39
 1038 015a 0B        		.uleb128 0xb
 1039 015b 27        		.uleb128 0x27
 1040 015c 0C        		.uleb128 0xc
 1041 015d 00        		.byte	0
 1042 015e 00        		.byte	0
 1043 015f 1C        		.uleb128 0x1c
 1044 0160 34        		.uleb128 0x34
 1045 0161 00        		.byte	0
 1046 0162 03        		.uleb128 0x3
 1047 0163 0E        		.uleb128 0xe
 1048 0164 3A        		.uleb128 0x3a
 1049 0165 0B        		.uleb128 0xb
 1050 0166 3B        		.uleb128 0x3b
 1051 0167 0B        		.uleb128 0xb
 1052 0168 39        		.uleb128 0x39
 1053 0169 0B        		.uleb128 0xb
 1054 016a 49        		.uleb128 0x49
 1055 016b 13        		.uleb128 0x13
 1056 016c 00        		.byte	0
 1057 016d 00        		.byte	0
 1058 016e 00        		.byte	0
 1059               		.section	.gnu.debuglto_.debug_line,"",@progbits
 1060               	.Ldebug_line0:
 1061 0000 7701 0000 		.long	.LELT0-.LSLT0
 1062               	.LSLT0:
 1063 0004 0200      		.word	0x2
 1064 0006 7101 0000 		.long	.LELTP0-.LASLTP0
 1065               	.LASLTP0:
 1066 000a 01        		.byte	0x1
 1067 000b 01        		.byte	0x1
 1068 000c F6        		.byte	0xf6
 1069 000d F2        		.byte	0xf2
 1070 000e 0D        		.byte	0xd
 1071 000f 00        		.byte	0
 1072 0010 01        		.byte	0x1
 1073 0011 01        		.byte	0x1
 1074 0012 01        		.byte	0x1
 1075 0013 01        		.byte	0x1
 1076 0014 00        		.byte	0
 1077 0015 00        		.byte	0
 1078 0016 00        		.byte	0
 1079 0017 01        		.byte	0x1
 1080 0018 00        		.byte	0
 1081 0019 00        		.byte	0
 1082 001a 01        		.byte	0x1
 1083 001b 633A 5C70 		.ascii	"c:\\program files\\qmk_msys\\mingw64\\avr\\include"
 1083      726F 6772 
 1083      616D 2066 
 1083      696C 6573 
 1083      5C71 6D6B 
 1084 0048 00        		.byte	0
 1085 0049 6C69 622F 		.ascii	"lib/lufa/LUFA/Drivers/USB/Core"
 1085      6C75 6661 
 1085      2F4C 5546 
 1085      412F 4472 
 1085      6976 6572 
 1086 0067 00        		.byte	0
 1087 0068 6C69 622F 		.ascii	"lib/lufa/LUFA/Drivers/USB/Core/AVR8/.."
 1087      6C75 6661 
 1087      2F4C 5546 
 1087      412F 4472 
 1087      6976 6572 
 1088 008e 00        		.byte	0
 1089 008f 746D 6B5F 		.ascii	"tmk_core/common"
 1089      636F 7265 
 1089      2F63 6F6D 
 1089      6D6F 6E
 1090 009e 00        		.byte	0
 1091 009f 7175 616E 		.ascii	"quantum"
 1091      7475 6D
 1092 00a6 00        		.byte	0
 1093 00a7 00        		.byte	0
 1094 00a8 7374 6469 		.string	"stdint.h"
 1094      6E74 2E68 
 1094      00
 1095 00b1 01        		.uleb128 0x1
 1096 00b2 00        		.uleb128 0
 1097 00b3 00        		.uleb128 0
 1098 00b4 6465 6275 		.string	"debug.h"
 1098      672E 6800 
 1099 00bc 04        		.uleb128 0x4
 1100 00bd 00        		.uleb128 0
 1101 00be 00        		.uleb128 0
 1102 00bf 6163 7469 		.string	"action.h"
 1102      6F6E 2E68 
 1102      00
 1103 00c8 04        		.uleb128 0x4
 1104 00c9 00        		.uleb128 0
 1105 00ca 00        		.uleb128 0
 1106 00cb 4156 5238 		.string	"AVR8/../StdRequestType.h"
 1106      2F2E 2E2F 
 1106      5374 6452 
 1106      6571 7565 
 1106      7374 5479 
 1107 00e4 02        		.uleb128 0x2
 1108 00e5 00        		.uleb128 0
 1109 00e6 00        		.uleb128 0
 1110 00e7 4156 5238 		.string	"AVR8/../DeviceStandardReq.h"
 1110      2F2E 2E2F 
 1110      4465 7669 
 1110      6365 5374 
 1110      616E 6461 
 1111 0103 02        		.uleb128 0x2
 1112 0104 00        		.uleb128 0
 1113 0105 00        		.uleb128 0
 1114 0106 5553 4254 		.string	"USBTask.h"
 1114      6173 6B2E 
 1114      6800 
 1115 0110 02        		.uleb128 0x2
 1116 0111 00        		.uleb128 0
 1117 0112 00        		.uleb128 0
 1118 0113 486F 7374 		.string	"HostStandardReq.h"
 1118      5374 616E 
 1118      6461 7264 
 1118      5265 712E 
 1118      6800 
 1119 0125 02        		.uleb128 0x2
 1120 0126 00        		.uleb128 0
 1121 0127 00        		.uleb128 0
 1122 0128 7374 6469 		.string	"stdio.h"
 1122      6F2E 6800 
 1123 0130 01        		.uleb128 0x1
 1124 0131 00        		.uleb128 0
 1125 0132 00        		.uleb128 0
 1126 0133 686F 7374 		.string	"host.h"
 1126      2E68 00
 1127 013a 04        		.uleb128 0x4
 1128 013b 00        		.uleb128 0
 1129 013c 00        		.uleb128 0
 1130 013d 6B65 7963 		.string	"keycode_config.h"
 1130      6F64 655F 
 1130      636F 6E66 
 1130      6967 2E68 
 1130      00
 1131 014e 05        		.uleb128 0x5
 1132 014f 00        		.uleb128 0
 1133 0150 00        		.uleb128 0
 1134 0151 6B65 796D 		.string	"keymap.h"
 1134      6170 2E68 
 1134      00
 1135 015a 05        		.uleb128 0x5
 1136 015b 00        		.uleb128 0
 1137 015c 00        		.uleb128 0
 1138 015d 6163 7469 		.string	"action_layer.h"
 1138      6F6E 5F6C 
 1138      6179 6572 
 1138      2E68 00
 1139 016c 04        		.uleb128 0x4
 1140 016d 00        		.uleb128 0
 1141 016e 00        		.uleb128 0
 1142 016f 6D61 6769 		.string	"magic.c"
 1142      632E 6300 
 1143 0177 04        		.uleb128 0x4
 1144 0178 00        		.uleb128 0
 1145 0179 00        		.uleb128 0
 1146 017a 00        		.byte	0
 1147               	.LELTP0:
 1148               	.LELT0:
 1149               		.section	.gnu.debuglto_.debug_str,"MS",@progbits,1
 1150               	.LASF43:
 1151 0000 7377 6170 		.string	"swap_ralt_rgui"
 1151      5F72 616C 
 1151      745F 7267 
 1151      7569 00
 1152               	.LASF20:
 1153 000f 6252 6571 		.string	"bRequest"
 1153      7565 7374 
 1153      00
 1154               	.LASF41:
 1155 0018 6361 7073 		.string	"capslock_to_control"
 1155      6C6F 636B 
 1155      5F74 6F5F 
 1155      636F 6E74 
 1155      726F 6C00 
 1156               	.LASF51:
 1157 002c 6B65 796D 		.string	"keymap_config"
 1157      6170 5F63 
 1157      6F6E 6669 
 1157      6700 
 1158               	.LASF16:
 1159 003a 6465 6275 		.string	"debug_config_t"
 1159      675F 636F 
 1159      6E66 6967 
 1159      5F74 00
 1160               	.LASF57:
 1161 0049 474E 5520 		.string	"GNU C99 8.4.0 -mn-flash=1 -mno-skip-bug -mmcu=avr5 -gdwarf-2 -Os -std=gnu99 -funsigned-ch
 1161      4339 3920 
 1161      382E 342E 
 1161      3020 2D6D 
 1161      6E2D 666C 
 1162               	.LASF54:
 1163 0131 6C61 7965 		.string	"layer_state_t"
 1163      725F 7374 
 1163      6174 655F 
 1163      7400 
 1164               	.LASF31:
 1165 013f 5553 425F 		.string	"USB_Host_ConfigurationNumber"
 1165      486F 7374 
 1165      5F43 6F6E 
 1165      6669 6775 
 1165      7261 7469 
 1166               	.LASF37:
 1167 015c 5F5F 696F 		.string	"__iob"
 1167      6200 
 1168               	.LASF10:
 1169 0162 656E 6162 		.string	"enable"
 1169      6C65 00
 1170               	.LASF25:
 1171 0169 5553 425F 		.string	"USB_Device_ConfigurationNumber"
 1171      4465 7669 
 1171      6365 5F43 
 1171      6F6E 6669 
 1171      6775 7261 
 1172               	.LASF50:
 1173 0188 6B65 796D 		.string	"keymap_config_t"
 1173      6170 5F63 
 1173      6F6E 6669 
 1173      675F 7400 
 1174               	.LASF42:
 1175 0198 7377 6170 		.string	"swap_lalt_lgui"
 1175      5F6C 616C 
 1175      745F 6C67 
 1175      7569 00
 1176               	.LASF46:
 1177 01a7 7377 6170 		.string	"swap_backslash_backspace"
 1177      5F62 6163 
 1177      6B73 6C61 
 1177      7368 5F62 
 1177      6163 6B73 
 1178               	.LASF8:
 1179 01c0 6C6F 6E67 		.string	"long long int"
 1179      206C 6F6E 
 1179      6720 696E 
 1179      7400 
 1180               	.LASF9:
 1181 01ce 6C6F 6E67 		.string	"long long unsigned int"
 1181      206C 6F6E 
 1181      6720 756E 
 1181      7369 676E 
 1181      6564 2069 
 1182               	.LASF29:
 1183 01e5 5553 425F 		.string	"USB_ControlRequest"
 1183      436F 6E74 
 1183      726F 6C52 
 1183      6571 7565 
 1183      7374 00
 1184               	.LASF5:
 1185 01f8 6C6F 6E67 		.string	"long int"
 1185      2069 6E74 
 1185      00
 1186               	.LASF58:
 1187 0201 746D 6B5F 		.string	"tmk_core/common/magic.c"
 1187      636F 7265 
 1187      2F63 6F6D 
 1187      6D6F 6E2F 
 1187      6D61 6769 
 1188               	.LASF30:
 1189 0219 5553 425F 		.string	"USB_DeviceState"
 1189      4465 7669 
 1189      6365 5374 
 1189      6174 6500 
 1190               	.LASF45:
 1191 0229 7377 6170 		.string	"swap_grave_esc"
 1191      5F67 7261 
 1191      7665 5F65 
 1191      7363 00
 1192               	.LASF62:
 1193 0238 6465 6661 		.string	"default_layer"
 1193      756C 745F 
 1193      6C61 7965 
 1193      7200 
 1194               	.LASF28:
 1195 0246 5553 425F 		.string	"USB_IsInitialized"
 1195      4973 496E 
 1195      6974 6961 
 1195      6C69 7A65 
 1195      6400 
 1196               	.LASF21:
 1197 0258 7756 616C 		.string	"wValue"
 1197      7565 00
 1198               	.LASF24:
 1199 025f 5553 425F 		.string	"USB_Request_Header_t"
 1199      5265 7175 
 1199      6573 745F 
 1199      4865 6164 
 1199      6572 5F74 
 1200               	.LASF26:
 1201 0274 5553 425F 		.string	"USB_Device_RemoteWakeupEnabled"
 1201      4465 7669 
 1201      6365 5F52 
 1201      656D 6F74 
 1201      6557 616B 
 1202               	.LASF1:
 1203 0293 756E 7369 		.string	"unsigned char"
 1203      676E 6564 
 1203      2063 6861 
 1203      7200 
 1204               	.LASF38:
 1205 02a1 6B65 7962 		.string	"keyboard_idle"
 1205      6F61 7264 
 1205      5F69 646C 
 1205      6500 
 1206               	.LASF60:
 1207 02af 5F5F 6669 		.string	"__file"
 1207      6C65 00
 1208               	.LASF0:
 1209 02b6 7369 676E 		.string	"signed char"
 1209      6564 2063 
 1209      6861 7200 
 1210               	.LASF33:
 1211 02c2 666C 6167 		.string	"flags"
 1211      7300 
 1212               	.LASF14:
 1213 02c8 7265 7365 		.string	"reserved"
 1213      7276 6564 
 1213      00
 1214               	.LASF6:
 1215 02d1 7569 6E74 		.string	"uint32_t"
 1215      3332 5F74 
 1215      00
 1216               	.LASF4:
 1217 02da 756E 7369 		.string	"unsigned int"
 1217      676E 6564 
 1217      2069 6E74 
 1217      00
 1218               	.LASF3:
 1219 02e7 7569 6E74 		.string	"uint16_t"
 1219      3136 5F74 
 1219      00
 1220               	.LASF32:
 1221 02f0 756E 6765 		.string	"unget"
 1221      7400 
 1222               	.LASF13:
 1223 02f6 6D6F 7573 		.string	"mouse"
 1223      6500 
 1224               	.LASF53:
 1225 02fc 666E 5F61 		.string	"fn_actions"
 1225      6374 696F 
 1225      6E73 00
 1226               	.LASF35:
 1227 0307 7564 6174 		.string	"udata"
 1227      6100 
 1228               	.LASF55:
 1229 030d 6465 6661 		.string	"default_layer_state"
 1229      756C 745F 
 1229      6C61 7965 
 1229      725F 7374 
 1229      6174 6500 
 1230               	.LASF36:
 1231 0321 6368 6172 		.string	"char"
 1231      00
 1232               	.LASF39:
 1233 0326 6B65 7962 		.string	"keyboard_protocol"
 1233      6F61 7264 
 1233      5F70 726F 
 1233      746F 636F 
 1233      6C00 
 1234               	.LASF12:
 1235 0338 6B65 7962 		.string	"keyboard"
 1235      6F61 7264 
 1235      00
 1236               	.LASF49:
 1237 0341 7377 6170 		.string	"swap_rctl_rgui"
 1237      5F72 6374 
 1237      6C5F 7267 
 1237      7569 00
 1238               	.LASF47:
 1239 0350 6E6B 726F 		.string	"nkro"
 1239      00
 1240               	.LASF52:
 1241 0355 6B65 796D 		.string	"keymaps"
 1241      6170 7300 
 1242               	.LASF15:
 1243 035d 5F42 6F6F 		.string	"_Bool"
 1243      6C00 
 1244               	.LASF19:
 1245 0363 626D 5265 		.string	"bmRequestType"
 1245      7175 6573 
 1245      7454 7970 
 1245      6500 
 1246               	.LASF17:
 1247 0371 6465 6275 		.string	"debug_config"
 1247      675F 636F 
 1247      6E66 6967 
 1247      00
 1248               	.LASF18:
 1249 037e 6469 7361 		.string	"disable_action_cache"
 1249      626C 655F 
 1249      6163 7469 
 1249      6F6E 5F63 
 1249      6163 6865 
 1250               	.LASF7:
 1251 0393 6C6F 6E67 		.string	"long unsigned int"
 1251      2075 6E73 
 1251      6967 6E65 
 1251      6420 696E 
 1251      7400 
 1252               	.LASF34:
 1253 03a5 7369 7A65 		.string	"size"
 1253      00
 1254               	.LASF27:
 1255 03aa 5553 425F 		.string	"USB_Device_CurrentlySelfPowered"
 1255      4465 7669 
 1255      6365 5F43 
 1255      7572 7265 
 1255      6E74 6C79 
 1256               	.LASF2:
 1257 03ca 7569 6E74 		.string	"uint8_t"
 1257      385F 7400 
 1258               	.LASF44:
 1259 03d2 6E6F 5F67 		.string	"no_gui"
 1259      7569 00
 1260               	.LASF40:
 1261 03d9 7377 6170 		.string	"swap_control_capslock"
 1261      5F63 6F6E 
 1261      7472 6F6C 
 1261      5F63 6170 
 1261      736C 6F63 
 1262               	.LASF48:
 1263 03ef 7377 6170 		.string	"swap_lctl_lgui"
 1263      5F6C 6374 
 1263      6C5F 6C67 
 1263      7569 00
 1264               	.LASF61:
 1265 03fe 6D61 6769 		.string	"magic"
 1265      6300 
 1266               	.LASF59:
 1267 0404 433A 5C55 		.string	"C:\\Users\\gazed\\qmk_firmware"
 1267      7365 7273 
 1267      5C67 617A 
 1267      6564 5C71 
 1267      6D6B 5F66 
 1268               	.LASF23:
 1269 0420 774C 656E 		.string	"wLength"
 1269      6774 6800 
 1270               	.LASF56:
 1271 0428 6C61 7965 		.string	"layer_state"
 1271      725F 7374 
 1271      6174 6500 
 1272               	.LASF11:
 1273 0434 6D61 7472 		.string	"matrix"
 1273      6978 00
 1274               	.LASF22:
 1275 043b 7749 6E64 		.string	"wIndex"
 1275      6578 00
 1276               		.text
 1277               		.section	.gnu.lto_.profile.98e0942d,"",@progbits
 1278 0000 789C 6367 		.string	"x\234cg`f`d"
 1278      6066 6064 
 1278      00
 1279 0009 0200      		.string	"\002"
 1280 000b 00        		.string	""
 1281 000c 6200      		.string	"b"
 1282 000e 0C        		.ascii	"\f"
 1283               		.text
 1284               		.section	.gnu.lto_.icf.98e0942d,"",@progbits
 1285 0000 789C 6367 		.string	"x\234cg`f\340c@"
 1285      6066 E063 
 1285      4000 
 1286 000a 2686 A957 		.string	"&\206\251W\367/ee:\363\365\322f\016\006"
 1286      F72F 6565 
 1286      3AF3 F5D2 
 1286      660E 0600 
 1287 001a 2F6A 063E 		.ascii	"/j\006>"
 1288               		.text
 1289               		.section	.gnu.lto_.jmpfuncs.98e0942d,"",@progbits
 1290 0000 789C 6367 		.string	"x\234cg`f\bd@"
 1290      6066 0864 
 1290      4000 
 1291 000a 4620 6602 		.string	"F f\002R\007\030\031\031\200\370?\020\360\243\b022Ndfl\354\237\260\226\277\203y&3P\003\34
 1291      5207 1819 
 1291      1980 F83F 
 1291      10F0 A308 
 1291      3032 324E 
 1292 0042 489D 1404 		.ascii	"H\235\024\004"
 1293               		.text
 1294               		.section	.gnu.lto_.inline.98e0942d,"",@progbits
 1295 0000 789C 6367 		.string	"x\234cg`f\bf@"
 1295      6066 0866 
 1295      4000 
 1296 000a 4606 0689 		.string	"F\006\006\211\26337\377b\311`d`\342i"
 1296      B333 37FF 
 1296      62C9 6064 
 1296      60E2 6900 
 1297 001a 02B6 1406 		.string	"\002\266\024\006\0066\020\203%\231\211\201\t\244\206\231\007\244p\202\037\214f\342\006\21
 1297      0636 1083 
 1297      2599 8981 
 1297      09A4 8699 
 1297      07A4 7082 
 1298 003c B482 0AFB 		.ascii	"\264\202\n\373"
 1299               		.text
 1300               		.section	.gnu.lto_.pureconst.98e0942d,"",@progbits
 1301 0000 789C 6367 		.string	"x\234cg`f`a```d\230\301\002"
 1301      6066 6061 
 1301      6060 6064 
 1301      98C1 0200 
 1302 0010 01D6 00   		.string	"\001\326"
 1303 0013 AC        		.ascii	"\254"
 1304               		.text
 1305               		.section	.gnu.lto_magic.98e0942d,"",@progbits
 1306 0000 789C 7592 		.string	"x\234u\222\301O\023A\024\306\347\333\231m\227\332Z@Q\0229p\221\204\036@b\242\211^\374O\b\
 1306      C14F 1341 
 1306      14C6 E7DB 
 1306      996D 97DA 
 1306      5A40 5112 
 1307 0087 1D49 0BAC 		.ascii	"\035I\013\254\335\340\002\355\270\300/s|\377y\375\243/\220\242"
 1307      DDE0 02ED 
 1307      B8C0 2F73 
 1307      7CFF 79FD 
 1307      A32F 90A2 
 1308 009b 3369 F7BE 		.ascii	"3i\367\276/\227)\033\t\316X\234^\347\301#\004\030\243\314?\321"
 1308      2F97 291B 
 1308      09CE 589C 
 1308      5EE7 C123 
 1308      0418 A3CC 
 1309 00b1 9571 2FDF 		.ascii	"\225q/\337\003\025\217\2442CV\325-)\243\322\236\232\3451iG*\023"
 1309      0315 8FA4 
 1309      3243 56D5 
 1309      2D29 A3D2 
 1309      9E9A E531 
 1310 00c9 1C78 0C4E 		.ascii	"\034x\fN\177b\177\005\366U\250\237\253\177X*}\356\376\332U\237"
 1310      7F62 7F05 
 1310      F655 A89F 
 1310      AB7F 582A 
 1310      7DEE FEDA 
 1311 00df 4B60 0455 		.ascii	"K`\004UYe<\201\213\201\276jox\306\264\345Z\246K\332_\373\321"
 1311      5965 3C81 
 1311      8B81 BE6A 
 1311      6F78 C6B4 
 1311      E55A A64B 
 1312 00f7 9FF6 9482 		.ascii	"\237\366\224\202%\270a\320\3029-B\320b\232j\3613\255\301:9\213"
 1312      25B8 61D0 
 1312      C239 2D42 
 1312      D062 9A6A 
 1312      F133 ADC1 
 1313 010e 12B1 80B4 		.ascii	"\022\261\200\264\3319nDt\334a\263\005\310\376t\265\026_BG\337"
 1313      D939 6E44 
 1313      74DC 61B3 
 1313      05C8 FE74 
 1313      B516 5F42 
 1314 0124 0915 F572 		.ascii	"\t\025\365r\020B25\231)\212!\032\261\022\334\025\347\312:\215"
 1314      1042 3235 
 1314      9929 8A21 
 1314      1AB1 12DC 
 1314      15E7 CA3A 
 1315 0139 9832 72B3 		.ascii	"\2302r\263y\304\026G\307\260\236\034\351\2714\344?\317\t\002"
 1315      79C4 1647 
 1315      C7B0 9E1C 
 1315      E9B9 34E4 
 1315      3FCF 0902 
 1316 014d 0C36 F455 		.ascii	"\f6\364U\310\207\317,\377N!\3473?\201\234Q\245\016\362\\\254"
 1316      C887 CF2C 
 1316      FF4E 21E7 
 1316      333F 819C 
 1316      51A5 0EF2 
 1317 0163 3837 C8E5 		.ascii	"87\310\345\251\343R\244\025\304&\322o\353\244sYw#O\304\023\247"
 1317      A9E3 52A4 
 1317      15C4 26D2 
 1317      6FEB A473 
 1317      5977 234F 
 1318 017a 1230 3C73 		.ascii	"\0220<sD\266\261ED?t\1776U\362FN/\362\335\275IUg\332\\\035|p"
 1318      44B6 B145 
 1318      443F 747F 
 1318      3655 F246 
 1318      4E2F F2DD 
 1319 0197 C333 809B 		.ascii	"\3033\200\233\324V\037\306H\007\243\352Btbg:/\272\353\206U\353"
 1319      D456 1FC6 
 1319      4807 A3EA 
 1319      4274 6267 
 1319      3A2F BAEB 
 1320 01ae FB6E 43B5 		.ascii	"\373nC\265\3579\006p\305\351\317\013\324\021\215\306\314\254"
 1320      EF39 0670 
 1320      C5E9 CF0B 
 1320      D411 8DC6 
 1320      CCAC 
 1321 01c0 637E CA62 		.ascii	"c~\312b\362<\267\355qN3\211q\007\323\357`\376*\300,.\300,N\252"
 1321      F23C B7ED 
 1321      714E 3389 
 1321      7107 D3EF 
 1321      60FE 2AC0 
 1322 01da 566C C62C 		.ascii	"Vl\306,\301\204\302|\271\005\346 \035\227\342\225\306\204\302"
 1322      C184 C27C 
 1322      B905 E620 
 1322      1D97 E295 
 1322      C684 C2
 1323 01ed 7CAD 30B9 		.ascii	"|\2550\271\306\274\023\320\230\013\210\366\235Q\221\232\224\215"
 1323      C6BC 13D0 
 1323      980B 88F6 
 1323      9D51 919A 
 1323      948D 
 1324 01ff E6A0 5E4E 		.ascii	"\346\240^N\222\246\312\275\033\370w\245\225\354\225\374\205\225"
 1324      92A6 CABD 
 1324      1BF8 77A5 
 1324      95EC 95FC 
 1324      8595 
 1325 0211 37C9 E04D 		.ascii	"7\311\340M\256\362\244[\231\223\245l-3\354\310\320mW\273\262"
 1325      AEF2 A45B 
 1325      9993 A56C 
 1325      2D33 ECC8 
 1325      D06D 57BB 
 1326 0226 3242 9D2D 		.ascii	"2B\235-!\266\345H\354\210s\027iN)MJM\360\235Z\346\241\221\223"
 1326      21B6 E548 
 1326      EC88 7317 
 1326      694E 294D 
 1326      4A4D F09D 
 1327 023f B956 E4A8 		.ascii	"\271V\344\250\230\033\301\313\n\252V\226T\243\265\271j\273\360"
 1327      981B C1CB 
 1327      0AAA 5696 
 1327      54A3 B5B9 
 1327      6ABB F0
 1328 0252 4E55 EDAD 		.ascii	"NU\355\255\252\032\246\251B\377\245\330\035\247\231g\230q(\314"
 1328      AA1A A6A9 
 1328      42FF A5D8 
 1328      1DA7 9967 
 1328      9871 28CC 
 1329 0266 042F 675F 		.ascii	"\004/g_\250hi\217NVO'\271\353A%\227\362\266\360\311\372`Kk\250"
 1329      A868 698F 
 1329      4E56 4F27 
 1329      B9EB 4125 
 1329      97F2 B6F0 
 1330 0280 36D8 120E 		.ascii	"6\330\022\016\267\234\252\r7\034;\036\254\t2\337\321PS\303\351"
 1330      B79C AA0D 
 1330      371C 3B1E 
 1330      AC09 32DF 
 1330      D150 53C3 
 1331 0295 E6B6 FAE6 		.ascii	"\346\266\372\346\206\263\241\326\222\354vM\250\256)x\240\361"
 1331      86B3 A1D6 
 1331      92EC 764D 
 1331      A8AE 2978 
 1331      A0F1 
 1332 02a7 6023 FB0B 		.ascii	"`#\373\013v\277Z\364"
 1332      76BF 5AF4 
 1333               		.text
 1334               		.section	.gnu.lto_.symbol_nodes.98e0942d,"",@progbits
 1335 0000 789C 6D8F 		.ascii	"x\234m\217\273\021\302@\f\005W\226\355\003S\004\fM\220\302\f"
 1335      BB11 C240 
 1335      0C05 5796 
 1335      ED03 5304 
 1335      0C4D 90C2 
 1336 0015 7DE9 4C05 		.ascii	"}\351L\005\024A@\r\304\304\004\324@\302\337@F\002>\373\302S\242"
 1336      1441 400D 
 1336      C4C4 04D4 
 1336      40C2 DF40 
 1336      4602 3EFB 
 1337 002c 9DB7 52F0 		.ascii	"\235\267R\360\034\312L\200\354\202\261\362\336\347\262>\3202"
 1337      1CCA 4C80 
 1337      EC82 B1F2 
 1337      DEE7 B23E 
 1337      D032 
 1338 003e 3BBF 2098 		.ascii	";\277 \230\342\001\223\260\317H=\r\360&\013\201|0\371\305\031"
 1338      E201 93B0 
 1338      CF48 3D0D 
 1338      F026 0B81 
 1338      7C30 F9C5 
 1339 0053 776F E0FD 		.ascii	"wo\340\375\2745/,K\233\006\323\264yby\332\334\261\"mnX\2316W"
 1339      BC35 2F2C 
 1339      4B9B 06D3 
 1339      B479 6279 
 1339      DADC B122 
 1340 006d CC25 8D52 		.ascii	"\314%\215R\325]\315\2452<6\337\255\310F\224A\037\236Zt=\356K"
 1340      D55D CDA5 
 1340      323C 36DF 
 1340      ADC8 4694 
 1340      411F 9E5A 
 1341 0085 A58C A953 		.ascii	"\245\214\251S\212\210\225\222\307\203\021\177uJt\371"
 1341      8A88 9592 
 1341      C783 117F 
 1341      754A 74F9 
 1342               		.text
 1343               		.section	.gnu.lto_.refs.98e0942d,"",@progbits
 1344 0000 789C 6367 		.string	"x\234cg`f\340a`"
 1344      6066 E061 
 1344      6000 
 1345 000a 928C 8C1C 		.string	"\222\214\214\034\214L\334\f\314\242\f"
 1345      8C4C DC0C 
 1345      CCA2 0C00 
 1346 0016 028A 00   		.string	"\002\212"
 1347 0019 4A        		.ascii	"J"
 1348               		.text
 1349               		.section	.gnu.lto_.decls.98e0942d,"",@progbits
 1350 0000 789C 8557 		.string	"x\234\205WkPT\311\025\276\347\366\3140\342\f\270J\022\266\244*\244\310\354\2062Q|\254\311
 1350      6B50 54C9 
 1350      15BE E7F6 
 1350      CC30 E20C 
 1350      B84A 12B6 
 1351 00cf F5A5 38FE 		.string	"\365\2458\376\006\345&>/\303\261\025\307\345\300\375\\\201c3\216\324\177\300g\033\004\375
 1351      06E5 263E 
 1351      2FC3 B115 
 1351      C7E5 C0FD 
 1351      5C81 6333 
 1352 0126 DF02 6154 		.string	"\337\002aTqs\351\372\366\255-C\021\344#\206}\274\3377M\220f~8\030P\355\333\367\272\303\21
 1352      7173 E9FA 
 1352      F6AD 2D43 
 1352      11E4 2386 
 1352      7DBC DF37 
 1353 016b E771 F21C 		.string	"\347q\362\034\235l\200p\264\2529ZSl\030\204\001@w\004%\030"
 1353      9D6C 8070 
 1353      B4AA 395A 
 1353      536C 1884 
 1353      0140 7704 
 1354 0182 6500      		.string	"e"
 1355 0184 265C 07A6 		.string	"&\\\007\246\342(\362A\231\002\005&\004\236\025\024\237\027\203\204\354\017\004\205\357u\3
 1355      E228 F241 
 1355      9902 0526 
 1355      049E 1514 
 1355      9F17 8384 
 1356 0282 0A81 2B9A 		.ascii	"\n\201+\232\375\257\250\373\267\261\3757\325}s\327B*\371\376"
 1356      FDAF A8FB 
 1356      B7B1 FD37 
 1356      D57D 73D7 
 1356      422A F9FE 
 1357 0296 39E7 0E0C 		.ascii	"9\347\016\f\030\260\242c\260u@\32371\274o\016\355\257j\264\222"
 1357      18B0 A263 
 1357      B075 40D3 
 1357      3731 BC6F 
 1357      0EED AF6A 
 1358 02ac EF38 B677 		.ascii	"\3578\266w\364v\236\231\227{]\251l\302r\347^\301u`\006\254\330"
 1358      F476 9E99 
 1358      977B 5DA9 
 1358      6CC2 72E7 
 1358      5EC1 7560 
 1359 02c3 AF61 B1B7 		.ascii	"\257a\261\267c\261#\376\365\321\263\373\214\3328:4\271\354\324"
 1359      63B1 23FE 
 1359      F5D1 B3FB 
 1359      8CDA 383A 
 1359      34B9 ECD4 
 1360 02d7 9DEA 9EB3 		.ascii	"\235\352\236\263\233\013#\2248\006\317\254(\256\345\251D\020"
 1360      9B0B 2394 
 1360      3806 CFAC 
 1360      28AE E5A9 
 1360      4410 
 1361 02e9 5CD5 8472 		.ascii	"\\\325\204rU\r\245\213\205\362\352"
 1361      550D A58B 
 1361      85F2 EA
 1362 02f4 D023 7F04 		.string	"\320#\177\004\031\345\356]/9<MCYMo\001\242\211e5\217\345B~\277?\234\274\342\340\346\236\2
 1362      19E5 EE5D 
 1362      2F39 3C4D 
 1362      4359 4D6F 
 1362      01A2 8965 
 1363 03f5 4FA2 99FF 		.ascii	"O\242\231\377\b\200\021\215\377#\252\377\367\231\377[f{\273L"
 1363      0880 118D 
 1363      FF23 AAFF 
 1363      F799 FF5B 
 1363      667B BB4C 
 1364 0409 A45E D45D 		.ascii	"\244^\324]\353Q\374Z\317+\3169`!m<\234\312\314\311{\221\020\036"
 1364      EB51 FC5A 
 1364      CF2B CE39 
 1364      6021 6D3C 
 1364      9CCA CCC9 
 1365 0421 C342 E2C5 		.ascii	"\303B\342\305.\313\277Rc\020\340!\204\343\3678.?b\001 f\202\260"
 1365      2ECB BF52 
 1365      6310 E021 
 1365      84E3 F738 
 1365      2E3F 6201 
 1366 0439 591A 0C1D 		.ascii	"Y\032\f\035\221ro\367L\216\362\246\240\245\270\271\253\342P\004"
 1366      9172 6FF7 
 1366      4C8E F2A6 
 1366      A0A5 B8B9 
 1366      ABE2 5004 
 1367 044d B921 EA6A 		.ascii	"\271!\352j/\212\327\336\261\007Cg\b\031\340k\227\262\316\325"
 1367      2F8A D7DE 
 1367      B107 4367 
 1367      0819 E06B 
 1367      97B2 CED5 
 1368 0461 1B89 9F2B 		.ascii	"\033\211\237+Y}\327O\233\311C\246\230{\332}\247\314`\303\317"
 1368      597D D74F 
 1368      9BC9 43A6 
 1368      987B DA7D 
 1368      A7CC 60C3 
 1369 0476 029B 2DBE 		.ascii	"\002\233-\276\23496z+v\227/\243n\330\304r\365\f\303\177\t\013"
 1369      9C39 367A 
 1369      2B76 972F 
 1369      A36E D8C4 
 1369      72F5 0CC3 
 1370 048d 6099 E2E8 		.ascii	"`\231\342\350\222\0306\375\034l\260\224\276\311\313Yj\037\375"
 1370      9218 36FD 
 1370      1C6C B094 
 1370      BEC9 CB59 
 1370      6A1F FD
 1371 04a0 235B CE5D 		.ascii	"#[\316]\210\375*0\360r\025\214_\001\030Rw\3572f\313[\0262\206"
 1371      88FD 2A30 
 1371      F072 158C 
 1371      5F01 1852 
 1371      77EF 3266 
 1372 04b9 C9D0 C44F 		.ascii	"\311\320\304O h\322\367I{\017?\265\307\241\r&\230A>?e\210\016"
 1372      2068 D2F7 
 1372      497B 0F3F 
 1372      B5C7 A10D 
 1372      2698 413E 
 1373 04d1 A695 E2F1 		.ascii	"\246\225\342\361\360\340'\210\207)\004\316\240\274@\231Fy\005"
 1373      F0E0 2788 
 1373      8729 04CE 
 1373      A0BC 4099 
 1373      4679 05
 1374 04e4 3641 DDA6 		.ascii	"6A\335\246E\335\346i\350m\226\005\335\032fx<\027\370Q\301?\200"
 1374      45DD E669 
 1374      E86D 9605 
 1374      DD1A 6678 
 1374      3C17 F851 
 1375 04fb A001 BD93 		.ascii	"\240\001\275\223\250\301\003\346W%\363k\366\357\370\273\200\""
 1375      A8C1 03E6 
 1375      5725 F36B 
 1375      F6EF F8BB 
 1375      8022 
 1376 050d 8540 3929 		.ascii	"\205@9)\257,_\375\217\207E\262\215\320\0031\364\037y\276\bl\361"
 1376      AF2C 5FFD 
 1376      8F87 45B2 
 1376      8DD0 0331 
 1376      F41F 79BE 
 1377 0524 B628 9ED7 		.ascii	"\266(\236\327\261O\344\255\321\334(S\214zG^9\367\324NB\311\021"
 1377      B14F E4AD 
 1377      D1DC 2853 
 1377      8C7A 475E 
 1377      39F7 D44E 
 1378 053b A223 E7AE 		.ascii	"\242#\347\256Nu\222l\271.\2030\257f\321\333w3\025\274\235=\n"
 1378      4E75 926C 
 1378      B92E 8330 
 1378      AF66 D1DB 
 1378      7733 15BC 
 1379 0552 A4D9 93C5 		.ascii	"\244\331\223\305x\274\310m\220!\332\024\237'\375\333\033-\264"
 1379      78BC C86D 
 1379      9021 DA14 
 1379      9F27 FDDB 
 1379      1B2D B4
 1380 0565 0651 115F 		.ascii	"\006Q\021_\025\r\037\210\204\370(%\316\025\324\025\037\232f\211"
 1380      150D 1F88 
 1380      84F8 2825 
 1380      CE15 D415 
 1380      1F9A 6689 
 1381 0579 C1CE A1AE 		.ascii	"\301\316\241\256\275c\017\310F\352\320\333\314V\314\344\211\037"
 1381      BD63 0FC8 
 1381      46EA D0DB 
 1381      CC56 CCE4 
 1381      891F 
 1382 058b 1C94 4BE9 		.ascii	"\034\224K\351\235\362\fk\247!\303\300\250\307xS\252\236\242."
 1382      9DF2 0C6B 
 1382      A721 C3C0 
 1382      A8C7 7853 
 1382      AA9E A22E 
 1383 059f C415 8B02 		.ascii	"\304\025\213\002\344\210\037\320\227\350\215||\303\2242\367\340"
 1383      E488 1FD0 
 1383      97E8 8D7C 
 1383      7CC3 9432 
 1383      F7E0 
 1384 05b1 48F5 99C5 		.ascii	"H\365\231\305\244\232?\027\326\356\231\026\311\267\\\3119]\367"
 1384      A49A 3F17 
 1384      D6EE 9916 
 1384      C9B7 5CC9 
 1384      395D F7
 1385 05c4 7D18 6F99 		.ascii	"}\030o\2310T\263\307\377\323d%?\360\265\322\315wf\201\257\231"
 1385      3054 B3C7 
 1385      FFD3 6425 
 1385      3FF0 B5D2 
 1385      CD77 6681 
 1386 05da E8CF BB13 		.ascii	"\350\317\273\023\305+\3115\276Tqy\244\303\300\227\214\364\026"
 1386      C52B C935 
 1386      BE54 7179 
 1386      A4C3 C097 
 1386      8CF4 16
 1387 05ed EDED A932 		.ascii	"\355\355\2512\2231\276\266\275\177\352h$\231\346\312\370\177"
 1387      9331 BEB6 
 1387      BD7F EA68 
 1387      2499 E6CA 
 1387      F87F 
 1388 05ff 4BB6 5B08 		.ascii	"K\266[\b\376\212\240J\371\331\027\343\221d\007W\032\237\376t"
 1388      FE8A A04A 
 1388      F9D9 17E3 
 1388      9164 0757 
 1388      1A9F FE74 
 1389 0613 0FC8 3EAE 		.ascii	"\017\310>\256l\352<Va!\265L\261\026>\356\350\306\206\304n\304"
 1389      6CEA 3C56 
 1389      6121 B54C 
 1389      B116 3EEE 
 1389      E8C6 86C4 
 1390 0629 22E0 1F7E 		.ascii	"\"\340\037~\212\227\213\310\225\363yr\225\213U\343\016Lm\241"
 1390      8A97 8BC8 
 1390      95F3 7972 
 1390      958B 55E3 
 1390      0E4C 6DA1 
 1391 063d F856 917E 		.ascii	"\370V\221~)\332`\273\250\366B;\313t\340-#0\013\232\265bLt\tB"
 1391      29DA 60BB 
 1391      A8F6 423B 
 1391      CB74 E02D 
 1391      2330 0B9A 
 1392 0657 F7A1 94A2 		.ascii	"\367\241\224\242\354E9\200\262\033e?J\021\312W({\304@\207\320"
 1392      EC45 3980 
 1392      B21B 653F 
 1392      4A11 CA57 
 1392      287B C440 
 1393 066d B7CA A73E 		.ascii	"\267\312\247>\332\342\253\3039O\220\365\315&\237\275C\324&\317"
 1393      DAE2 ABC3 
 1393      394F 90F5 
 1393      CD26 9FBD 
 1393      43D4 26CF 
 1394 0681 7DC3 CF84 		.ascii	"}\303\317\204\240\237\232f\032S\233\357\213\320qm\021\203\365"
 1394      A09F 9A66 
 1394      1A53 9BEF 
 1394      8BD0 716D 
 1394      1183 F5
 1395 0694 FE88 F512 		.ascii	"\376\210\365\022\002\337U\356#\301\355w\205\246\3238\374D\335"
 1395      02DF 55EE 
 1395      23C1 ED77 
 1395      85A6 D338 
 1395      FC44 DD
 1396 06a7 7E73 6877 		.ascii	"~shw5\370\340]\221\037\232\177Bs\207\275\\\0250\330\031\332\340"
 1396      35F8 E05D 
 1396      911F 9A7F 
 1396      4273 87BD 
 1396      5C15 30D8 
 1397 06be ADCB 852E 		.ascii	"\255\313\205.l\013\215\337*\006\r\032T\203\202\320\006\332[\365"
 1397      6C0B 8DDF 
 1397      2A06 0D1A 
 1397      5483 82D0 
 1397      06DA 5BF5 
 1398 06d2 BA6A 9017 		.ascii	"\272j\220\027\332\200\337^x)=}Y\320a\202(,\310\202w\225U\231"
 1398      DA80 DF5E 
 1398      7829 3D7D 
 1398      59D0 6182 
 1398      282C C882 
 1399 06ea D2BF E558 		.ascii	"\322\277\345XV\025hw\220\227\r?\252[\374j*{\373jRj\212\336L\354"
 1399      5615 6877 
 1399      9097 0D3F 
 1399      AA5B FC6A 
 1399      2A7B FB6A 
 1400 0704 2429 4DE8 		.ascii	"$)M\350\252\362\217\020\216\275\251\334b\241\340\330Q\203\205"
 1400      AAF2 8F10 
 1400      8EBD A9DC 
 1400      62A1 E0D8 
 1400      5183 85
 1401 0717 052F AD64 		.ascii	"\005/\255d\230u\224859\330dTo\247\266\217\2507Uh\373\265\346"
 1401      9875 9438 
 1401      3539 D864 
 1401      546F A7B6 
 1401      8FA8 3755 
 1402 072f 762A 0BDE 		.ascii	"v*\013\336N\372\340\240\022c\n\021\037nt\265dg.\273\237\352\350"
 1402      4EFA E0A0 
 1402      1263 0A11 
 1402      1F6E 74B5 
 1402      6467 2EBB 
 1403 0746 FF0D 7FCA 		.ascii	"\377\r\177\312\257\310\220kd`\364\2338\275\306E\234\021\342F"
 1403      AFC8 906B 
 1403      6460 F49B 
 1403      38BD C645 
 1403      9C11 E246 
 1404 075a F09F 8643 		.ascii	"\360\237\206C\354\216j\334\237u\304J\236\360;\240zSy\245\225"
 1404      EC8E 6ADC 
 1404      9F75 C44A 
 1404      9EF0 3BA0 
 1404      7A53 79A5 
 1405 076f 1265 D25F 		.ascii	"\022e\322_\375\261E7\277\222ss\346\261\237\357\207\025\242\300"
 1405      FDB1 4537 
 1405      BF92 7373 
 1405      E6B1 9FEF 
 1405      8715 A2C0 
 1406 0783 7F81 029D 		.ascii	"\177\201\002\235\021\342\272\220\350\b#z6\231\261\331l\331\242"
 1406      11E2 BA90 
 1406      E808 237A 
 1406      3699 B1D9 
 1406      6CD9 A2
 1407 0796 FEAE 64BF 		.ascii	"\376\256d\277Z\202\333\036\025-,F\034\021\374\305\227\255r\244"
 1407      5A82 DB1E 
 1407      152D 2C46 
 1407      1C11 FCC5 
 1407      97AD 72A4 
 1408 07aa 16DC A403 		.ascii	"\026\334\244\003\037S\300\307\030xW\3333\277E\013\356\324\201"
 1408      1F53 C0C7 
 1408      1878 57DB 
 1408      33BF 450B 
 1408      EED4 81
 1409 07bd AB15 7035 		.ascii	"\253\025p5\003\027\217?\254\215\320\202}\272\003:\256\200\217"
 1409      0317 8F3F 
 1409      AC8D D082 
 1409      7DBA 033A 
 1409      AE80 8F
 1410 07d0 33B0 BCAD 		.ascii	"3\260\274\255d\221\026;\240#\256Q\2605\f{zf\357\021\235\027U"
 1410      6491 163B 
 1410      A023 AE51 
 1410      B035 0C7B 
 1410      7A66 EF11 
 1411 07e7 3AE2 130A 		.ascii	":\342\023\n\370\004\003W\267\267\354&Zp\253\216\271V\001\327"
 1411      F804 0357 
 1411      B7B7 EC26 
 1411      5A70 AB8E 
 1411      B956 01D7 
 1412 07fb F264 3CBB 		.ascii	"\362d<\273>\252\313\034\315w\020|R\001\237d\340o2\232\013\346"
 1412      3EAA CB1C 
 1412      CD77 107C 
 1412      5201 9F64 
 1412      E06F 329A 
 1413 0811 6AC1 CD3A 		.ascii	"j\301\315:\346S\n\230\216\277\360\246$K\016\267\307\271\304\341"
 1413      E653 0A98 
 1413      8EBF F0A6 
 1413      244B 0EB7 
 1413      C7B9 C4E1 
 1414 0825 4E49 71A7 		.ascii	"NIq\247.I\261\257Kr,v\230\377\372\267OcW}\374\261\360\2362\261"
 1414      2E49 B1AF 
 1414      4B72 2C76 
 1414      98FF FAB7 
 1414      4F63 577D 
 1415 083f D8B9 74AD 		.ascii	"\330\271t\255ce\342\357\023\005\253\313\376\271\323#\245y\355"
 1415      6365 E2EF 
 1415      1305 ABCB 
 1415      FEB9 D323 
 1415      A579 ED
 1416 0852 5EA7      		.ascii	"^\247"
 1417 0854 E435 B2F5 		.string	"\3445\262\365\350\0204\302|-8\315\351\225\222\023\177\371&\326\356\360&\271S%\206\\\274^x
 1417      E810 34C2 
 1417      7C2D 38CD 
 1417      E995 9213 
 1417      7FF9 26D6 
 1418 0955 DEFF 67BA 		.ascii	"\336\377g\272=\325\233\236\262\004\375u\270\3278%5\365\221\272"
 1418      3DD5 9B9E 
 1418      B204 FD75 
 1418      B8D7 3825 
 1418      35F5 91BA 
 1419 0969 0824 EF5C 		.ascii	"\b$\357\\M=\374\017\325\242a("
 1419      4D3D FC0F 
 1419      D5A2 6128 
 1420               		.text
 1421               		.section	.gnu.lto_.symtab.98e0942d,"",@progbits
 1422 0000 6D61 6769 		.string	"magic"
 1422      6300 
 1423 0006 00        		.string	""
 1424 0007 00        		.string	""
 1425 0008 00        		.string	""
 1426 0009 00        		.string	""
 1427 000a 00        		.string	""
 1428 000b 00        		.string	""
 1429 000c 00        		.string	""
 1430 000d 00        		.string	""
 1431 000e 00        		.string	""
 1432 000f 00        		.string	""
 1433 0010 00        		.string	""
 1434 0011 C600      		.string	"\306"
 1435 0013 00        		.string	""
 1436 0014 00        		.string	""
 1437 0015 6B65 796D 		.string	"keymap_config"
 1437      6170 5F63 
 1437      6F6E 6669 
 1437      6700 
 1438 0023 00        		.string	""
 1439 0024 04        		.ascii	"\004"
 1440 0025 00        		.string	""
 1441 0026 0200      		.string	"\002"
 1442 0028 00        		.string	""
 1443 0029 00        		.string	""
 1444 002a 00        		.string	""
 1445 002b 00        		.string	""
 1446 002c 00        		.string	""
 1447 002d 00        		.string	""
 1448 002e 2901 00   		.string	")\001"
 1449 0031 00        		.string	""
 1450 0032 6465 6275 		.string	"debug_config"
 1450      675F 636F 
 1450      6E66 6967 
 1450      00
 1451 003f 00        		.string	""
 1452 0040 02        		.ascii	"\002"
 1453 0041 00        		.string	""
 1454 0042 00        		.string	""
 1455 0043 00        		.string	""
 1456 0044 00        		.string	""
 1457 0045 00        		.string	""
 1458 0046 00        		.string	""
 1459 0047 00        		.string	""
 1460 0048 00        		.string	""
 1461 0049 00        		.string	""
 1462 004a 0601 00   		.string	"\006\001"
 1463 004d 00        		.string	""
 1464 004e 6C61 7965 		.string	"layer_state"
 1464      725F 7374 
 1464      6174 6500 
 1465 005a 00        		.string	""
 1466 005b 02        		.ascii	"\002"
 1467 005c 00        		.string	""
 1468 005d 00        		.string	""
 1469 005e 00        		.string	""
 1470 005f 00        		.string	""
 1471 0060 00        		.string	""
 1472 0061 00        		.string	""
 1473 0062 00        		.string	""
 1474 0063 00        		.string	""
 1475 0064 00        		.string	""
 1476 0065 2B01 00   		.string	"+\001"
 1477 0068 00        		.string	""
 1478 0069 6C61 7965 		.string	"layer_state_set_kb"
 1478      725F 7374 
 1478      6174 655F 
 1478      7365 745F 
 1478      6B62 00
 1479 007c 00        		.string	""
 1480 007d 02        		.ascii	"\002"
 1481 007e 00        		.string	""
 1482 007f 00        		.string	""
 1483 0080 00        		.string	""
 1484 0081 00        		.string	""
 1485 0082 00        		.string	""
 1486 0083 00        		.string	""
 1487 0084 00        		.string	""
 1488 0085 00        		.string	""
 1489 0086 00        		.string	""
 1490 0087 CA00      		.string	"\312"
 1491 0089 00        		.string	""
 1492 008a 00        		.string	""
 1493 008b 6465 6661 		.string	"default_layer_set"
 1493      756C 745F 
 1493      6C61 7965 
 1493      725F 7365 
 1493      7400 
 1494 009d 00        		.string	""
 1495 009e 02        		.ascii	"\002"
 1496 009f 00        		.string	""
 1497 00a0 00        		.string	""
 1498 00a1 00        		.string	""
 1499 00a2 00        		.string	""
 1500 00a3 00        		.string	""
 1501 00a4 00        		.string	""
 1502 00a5 00        		.string	""
 1503 00a6 00        		.string	""
 1504 00a7 00        		.string	""
 1505 00a8 CE00      		.string	"\316"
 1506 00aa 00        		.string	""
 1507 00ab 00        		.string	""
 1508 00ac 6565 636F 		.string	"eeconfig_read_default_layer"
 1508      6E66 6967 
 1508      5F72 6561 
 1508      645F 6465 
 1508      6661 756C 
 1509 00c8 00        		.string	""
 1510 00c9 02        		.ascii	"\002"
 1511 00ca 00        		.string	""
 1512 00cb 00        		.string	""
 1513 00cc 00        		.string	""
 1514 00cd 00        		.string	""
 1515 00ce 00        		.string	""
 1516 00cf 00        		.string	""
 1517 00d0 00        		.string	""
 1518 00d1 00        		.string	""
 1519 00d2 00        		.string	""
 1520 00d3 D500      		.string	"\325"
 1521 00d5 00        		.string	""
 1522 00d6 00        		.string	""
 1523 00d7 6565 636F 		.string	"eeconfig_read_keymap"
 1523      6E66 6967 
 1523      5F72 6561 
 1523      645F 6B65 
 1523      796D 6170 
 1524 00ec 00        		.string	""
 1525 00ed 02        		.ascii	"\002"
 1526 00ee 00        		.string	""
 1527 00ef 00        		.string	""
 1528 00f0 00        		.string	""
 1529 00f1 00        		.string	""
 1530 00f2 00        		.string	""
 1531 00f3 00        		.string	""
 1532 00f4 00        		.string	""
 1533 00f5 00        		.string	""
 1534 00f6 00        		.string	""
 1535 00f7 DE00      		.string	"\336"
 1536 00f9 00        		.string	""
 1537 00fa 00        		.string	""
 1538 00fb 6565 636F 		.string	"eeconfig_read_debug"
 1538      6E66 6967 
 1538      5F72 6561 
 1538      645F 6465 
 1538      6275 6700 
 1539 010f 00        		.string	""
 1540 0110 02        		.ascii	"\002"
 1541 0111 00        		.string	""
 1542 0112 00        		.string	""
 1543 0113 00        		.string	""
 1544 0114 00        		.string	""
 1545 0115 00        		.string	""
 1546 0116 00        		.string	""
 1547 0117 00        		.string	""
 1548 0118 00        		.string	""
 1549 0119 00        		.string	""
 1550 011a E000      		.string	"\340"
 1551 011c 00        		.string	""
 1552 011d 00        		.string	""
 1553 011e 6565 636F 		.string	"eeconfig_init"
 1553      6E66 6967 
 1553      5F69 6E69 
 1553      7400 
 1554 012c 00        		.string	""
 1555 012d 02        		.ascii	"\002"
 1556 012e 00        		.string	""
 1557 012f 00        		.string	""
 1558 0130 00        		.string	""
 1559 0131 00        		.string	""
 1560 0132 00        		.string	""
 1561 0133 00        		.string	""
 1562 0134 00        		.string	""
 1563 0135 00        		.string	""
 1564 0136 00        		.string	""
 1565 0137 E200      		.string	"\342"
 1566 0139 00        		.string	""
 1567 013a 00        		.string	""
 1568 013b 6565 636F 		.string	"eeconfig_is_enabled"
 1568      6E66 6967 
 1568      5F69 735F 
 1568      656E 6162 
 1568      6C65 6400 
 1569 014f 00        		.string	""
 1570 0150 02        		.ascii	"\002"
 1571 0151 00        		.string	""
 1572 0152 00        		.string	""
 1573 0153 00        		.string	""
 1574 0154 00        		.string	""
 1575 0155 00        		.string	""
 1576 0156 00        		.string	""
 1577 0157 00        		.string	""
 1578 0158 00        		.string	""
 1579 0159 00        		.string	""
 1580 015a E900      		.string	"\351"
 1581 015c 00        		.string	""
 1582 015d 00        		.string	""
 1583               		.text
 1584               		.section	.gnu.lto_.opts,"",@progbits
 1585 0000 272D 666E 		.string	"'-fno-openmp' '-fno-openacc' '-fno-pie' '-mn-flash=1' '-mno-skip-bug' '-mmcu=avr5' '-Os' 
 1585      6F2D 6F70 
 1585      656E 6D70 
 1585      2720 272D 
 1585      666E 6F2D 
 1586               		.text
 1587               		.comm	__gnu_lto_v1,1,1
 1588               		.comm	__gnu_lto_slim,1,1
 1589               		.ident	"GCC: (GNU) 8.4.0"
DEFINED SYMBOLS
                            *ABS*:0000000000000000 magic.c
C:\Users\gazed\AppData\Local\Temp\ccTF3MGL.s:2      *ABS*:000000000000003e __SP_H__
C:\Users\gazed\AppData\Local\Temp\ccTF3MGL.s:3      *ABS*:000000000000003d __SP_L__
C:\Users\gazed\AppData\Local\Temp\ccTF3MGL.s:4      *ABS*:000000000000003f __SREG__
C:\Users\gazed\AppData\Local\Temp\ccTF3MGL.s:5      *ABS*:0000000000000000 __tmp_reg__
C:\Users\gazed\AppData\Local\Temp\ccTF3MGL.s:6      *ABS*:0000000000000001 __zero_reg__
C:\Users\gazed\AppData\Local\Temp\ccTF3MGL.s:24     .gnu.debuglto_.debug_info:0000000000000000 magic.c.e1fc6b7b
                            *COM*:0000000000000001 __gnu_lto_v1
                            *COM*:0000000000000001 __gnu_lto_slim

NO UNDEFINED SYMBOLS
