   1               		.file	"color.c"
   2               	__SP_H__ = 0x3e
   3               	__SP_L__ = 0x3d
   4               	__SREG__ = 0x3f
   5               	__tmp_reg__ = 0
   6               	__zero_reg__ = 1
   7               		.file 1 "c:\\program files\\qmk_msys\\mingw64\\avr\\include\\stdint.h"
   8               		.file 2 "quantum/color.h"
   9               		.file 3 "quantum/color.c"
  10               		.file 4 "quantum/led_tables.h"
  11               		.section	.gnu.debuglto_.debug_info,"",@progbits
  12               	.Ldebug_info0:
  13               		.hidden	color.c.3e4e72a5
  14               		.weak	color.c.3e4e72a5
  15               	color.c.3e4e72a5:
  16 0000 1B02 0000 		.long	0x21b
  17 0004 0200      		.word	0x2
  18 0006 0000 0000 		.long	.Ldebug_abbrev0
  19 000a 04        		.byte	0x4
  20 000b 01        		.uleb128 0x1
  21 000c 0000 0000 		.long	.LASF19
  22 0010 0C        		.byte	0xc
  23 0011 0000 0000 		.long	.LASF20
  24 0015 0000 0000 		.long	.LASF21
  25 0019 0000 0000 		.long	.Ldebug_line0
  26 001d 02        		.uleb128 0x2
  27 001e 01        		.byte	0x1
  28 001f 06        		.byte	0x6
  29 0020 0000 0000 		.long	.LASF0
  30 0024 03        		.uleb128 0x3
  31 0025 0000 0000 		.long	.LASF2
  32 0029 01        		.byte	0x1
  33 002a 7E        		.byte	0x7e
  34 002b 16        		.byte	0x16
  35 002c 3500 0000 		.long	0x35
  36 0030 04        		.uleb128 0x4
  37 0031 2400 0000 		.long	0x24
  38 0035 02        		.uleb128 0x2
  39 0036 01        		.byte	0x1
  40 0037 08        		.byte	0x8
  41 0038 0000 0000 		.long	.LASF1
  42 003c 05        		.uleb128 0x5
  43 003d 02        		.byte	0x2
  44 003e 05        		.byte	0x5
  45 003f 696E 7400 		.string	"int"
  46 0043 03        		.uleb128 0x3
  47 0044 0000 0000 		.long	.LASF3
  48 0048 01        		.byte	0x1
  49 0049 80        		.byte	0x80
  50 004a 16        		.byte	0x16
  51 004b 4F00 0000 		.long	0x4f
  52 004f 02        		.uleb128 0x2
  53 0050 02        		.byte	0x2
  54 0051 07        		.byte	0x7
  55 0052 0000 0000 		.long	.LASF4
  56 0056 02        		.uleb128 0x2
  57 0057 04        		.byte	0x4
  58 0058 05        		.byte	0x5
  59 0059 0000 0000 		.long	.LASF5
  60 005d 02        		.uleb128 0x2
  61 005e 04        		.byte	0x4
  62 005f 07        		.byte	0x7
  63 0060 0000 0000 		.long	.LASF6
  64 0064 02        		.uleb128 0x2
  65 0065 08        		.byte	0x8
  66 0066 05        		.byte	0x5
  67 0067 0000 0000 		.long	.LASF7
  68 006b 02        		.uleb128 0x2
  69 006c 08        		.byte	0x8
  70 006d 07        		.byte	0x7
  71 006e 0000 0000 		.long	.LASF8
  72 0072 06        		.uleb128 0x6
  73 0073 03        		.byte	0x3
  74 0074 02        		.byte	0x2
  75 0075 2E        		.byte	0x2e
  76 0076 09        		.byte	0x9
  77 0077 A300 0000 		.long	0xa3
  78 007b 07        		.uleb128 0x7
  79 007c 6700      		.string	"g"
  80 007e 02        		.byte	0x2
  81 007f 30        		.byte	0x30
  82 0080 0D        		.byte	0xd
  83 0081 2400 0000 		.long	0x24
  84 0085 02        		.byte	0x2
  85 0086 23        		.byte	0x23
  86 0087 00        		.uleb128 0
  87 0088 07        		.uleb128 0x7
  88 0089 7200      		.string	"r"
  89 008b 02        		.byte	0x2
  90 008c 31        		.byte	0x31
  91 008d 0D        		.byte	0xd
  92 008e 2400 0000 		.long	0x24
  93 0092 02        		.byte	0x2
  94 0093 23        		.byte	0x23
  95 0094 01        		.uleb128 0x1
  96 0095 07        		.uleb128 0x7
  97 0096 6200      		.string	"b"
  98 0098 02        		.byte	0x2
  99 0099 32        		.byte	0x32
 100 009a 0D        		.byte	0xd
 101 009b 2400 0000 		.long	0x24
 102 009f 02        		.byte	0x2
 103 00a0 23        		.byte	0x23
 104 00a1 02        		.uleb128 0x2
 105 00a2 00        		.byte	0
 106 00a3 03        		.uleb128 0x3
 107 00a4 0000 0000 		.long	.LASF9
 108 00a8 02        		.byte	0x2
 109 00a9 3C        		.byte	0x3c
 110 00aa 03        		.byte	0x3
 111 00ab 7200 0000 		.long	0x72
 112 00af 08        		.uleb128 0x8
 113 00b0 5247 4200 		.string	"RGB"
 114 00b4 02        		.byte	0x2
 115 00b5 3E        		.byte	0x3e
 116 00b6 0E        		.byte	0xe
 117 00b7 A300 0000 		.long	0xa3
 118 00bb 06        		.uleb128 0x6
 119 00bc 03        		.byte	0x3
 120 00bd 02        		.byte	0x2
 121 00be 52        		.byte	0x52
 122 00bf 09        		.byte	0x9
 123 00c0 EC00 0000 		.long	0xec
 124 00c4 07        		.uleb128 0x7
 125 00c5 6800      		.string	"h"
 126 00c7 02        		.byte	0x2
 127 00c8 53        		.byte	0x53
 128 00c9 0D        		.byte	0xd
 129 00ca 2400 0000 		.long	0x24
 130 00ce 02        		.byte	0x2
 131 00cf 23        		.byte	0x23
 132 00d0 00        		.uleb128 0
 133 00d1 07        		.uleb128 0x7
 134 00d2 7300      		.string	"s"
 135 00d4 02        		.byte	0x2
 136 00d5 54        		.byte	0x54
 137 00d6 0D        		.byte	0xd
 138 00d7 2400 0000 		.long	0x24
 139 00db 02        		.byte	0x2
 140 00dc 23        		.byte	0x23
 141 00dd 01        		.uleb128 0x1
 142 00de 07        		.uleb128 0x7
 143 00df 7600      		.string	"v"
 144 00e1 02        		.byte	0x2
 145 00e2 55        		.byte	0x55
 146 00e3 0D        		.byte	0xd
 147 00e4 2400 0000 		.long	0x24
 148 00e8 02        		.byte	0x2
 149 00e9 23        		.byte	0x23
 150 00ea 02        		.uleb128 0x2
 151 00eb 00        		.byte	0
 152 00ec 08        		.uleb128 0x8
 153 00ed 4853 5600 		.string	"HSV"
 154 00f1 02        		.byte	0x2
 155 00f2 56        		.byte	0x56
 156 00f3 03        		.byte	0x3
 157 00f4 BB00 0000 		.long	0xbb
 158 00f8 09        		.uleb128 0x9
 159 00f9 3000 0000 		.long	0x30
 160 00fd 0301 0000 		.long	0x103
 161 0101 0A        		.uleb128 0xa
 162 0102 00        		.byte	0
 163 0103 04        		.uleb128 0x4
 164 0104 F800 0000 		.long	0xf8
 165 0108 0B        		.uleb128 0xb
 166 0109 0000 0000 		.long	.LASF22
 167 010d 04        		.byte	0x4
 168 010e 16        		.byte	0x16
 169 010f 16        		.byte	0x16
 170 0110 0301 0000 		.long	0x103
 171 0114 01        		.byte	0x1
 172 0115 01        		.byte	0x1
 173 0116 0C        		.uleb128 0xc
 174 0117 01        		.byte	0x1
 175 0118 0000 0000 		.long	.LASF10
 176 011c 03        		.byte	0x3
 177 011d 6B        		.byte	0x6b
 178 011e 05        		.byte	0x5
 179 011f 01        		.byte	0x1
 180 0120 AF00 0000 		.long	0xaf
 181 0124 3501 0000 		.long	0x135
 182 0128 0D        		.uleb128 0xd
 183 0129 6873 7600 		.string	"hsv"
 184 012d 03        		.byte	0x3
 185 012e 6B        		.byte	0x6b
 186 012f 1A        		.byte	0x1a
 187 0130 EC00 0000 		.long	0xec
 188 0134 00        		.byte	0
 189 0135 0C        		.uleb128 0xc
 190 0136 01        		.byte	0x1
 191 0137 0000 0000 		.long	.LASF11
 192 013b 03        		.byte	0x3
 193 013c 63        		.byte	0x63
 194 013d 05        		.byte	0x5
 195 013e 01        		.byte	0x1
 196 013f AF00 0000 		.long	0xaf
 197 0143 5401 0000 		.long	0x154
 198 0147 0D        		.uleb128 0xd
 199 0148 6873 7600 		.string	"hsv"
 200 014c 03        		.byte	0x3
 201 014d 63        		.byte	0x63
 202 014e 14        		.byte	0x14
 203 014f EC00 0000 		.long	0xec
 204 0153 00        		.byte	0
 205 0154 0C        		.uleb128 0xc
 206 0155 01        		.byte	0x1
 207 0156 0000 0000 		.long	.LASF12
 208 015a 03        		.byte	0x3
 209 015b 15        		.byte	0x15
 210 015c 05        		.byte	0x5
 211 015d 01        		.byte	0x1
 212 015e AF00 0000 		.long	0xaf
 213 0162 1702 0000 		.long	0x217
 214 0166 0D        		.uleb128 0xd
 215 0167 6873 7600 		.string	"hsv"
 216 016b 03        		.byte	0x3
 217 016c 15        		.byte	0x15
 218 016d 19        		.byte	0x19
 219 016e EC00 0000 		.long	0xec
 220 0172 0E        		.uleb128 0xe
 221 0173 0000 0000 		.long	.LASF13
 222 0177 03        		.byte	0x3
 223 0178 15        		.byte	0x15
 224 0179 23        		.byte	0x23
 225 017a 1702 0000 		.long	0x217
 226 017e 0F        		.uleb128 0xf
 227 017f 7267 6200 		.string	"rgb"
 228 0183 03        		.byte	0x3
 229 0184 16        		.byte	0x16
 230 0185 0E        		.byte	0xe
 231 0186 AF00 0000 		.long	0xaf
 232 018a 10        		.uleb128 0x10
 233 018b 0000 0000 		.long	.LASF14
 234 018f 03        		.byte	0x3
 235 0190 17        		.byte	0x17
 236 0191 0E        		.byte	0xe
 237 0192 2400 0000 		.long	0x24
 238 0196 10        		.uleb128 0x10
 239 0197 0000 0000 		.long	.LASF15
 240 019b 03        		.byte	0x3
 241 019c 17        		.byte	0x17
 242 019d 16        		.byte	0x16
 243 019e 2400 0000 		.long	0x24
 244 01a2 0F        		.uleb128 0xf
 245 01a3 7000      		.string	"p"
 246 01a5 03        		.byte	0x3
 247 01a6 17        		.byte	0x17
 248 01a7 21        		.byte	0x21
 249 01a8 2400 0000 		.long	0x24
 250 01ac 0F        		.uleb128 0xf
 251 01ad 7100      		.string	"q"
 252 01af 03        		.byte	0x3
 253 01b0 17        		.byte	0x17
 254 01b1 24        		.byte	0x24
 255 01b2 2400 0000 		.long	0x24
 256 01b6 0F        		.uleb128 0xf
 257 01b7 7400      		.string	"t"
 258 01b9 03        		.byte	0x3
 259 01ba 17        		.byte	0x17
 260 01bb 27        		.byte	0x27
 261 01bc 2400 0000 		.long	0x24
 262 01c0 0F        		.uleb128 0xf
 263 01c1 6800      		.string	"h"
 264 01c3 03        		.byte	0x3
 265 01c4 18        		.byte	0x18
 266 01c5 0E        		.byte	0xe
 267 01c6 4300 0000 		.long	0x43
 268 01ca 0F        		.uleb128 0xf
 269 01cb 7300      		.string	"s"
 270 01cd 03        		.byte	0x3
 271 01ce 18        		.byte	0x18
 272 01cf 11        		.byte	0x11
 273 01d0 4300 0000 		.long	0x43
 274 01d4 0F        		.uleb128 0xf
 275 01d5 7600      		.string	"v"
 276 01d7 03        		.byte	0x3
 277 01d8 18        		.byte	0x18
 278 01d9 14        		.byte	0x14
 279 01da 4300 0000 		.long	0x43
 280 01de 11        		.uleb128 0x11
 281 01df FC01 0000 		.long	0x1fc
 282 01e3 10        		.uleb128 0x10
 283 01e4 0000 0000 		.long	.LASF16
 284 01e8 03        		.byte	0x3
 285 01e9 1D        		.byte	0x1d
 286 01ea 25        		.byte	0x25
 287 01eb 4300 0000 		.long	0x43
 288 01ef 10        		.uleb128 0x10
 289 01f0 0000 0000 		.long	.LASF17
 290 01f4 03        		.byte	0x3
 291 01f5 1D        		.byte	0x1d
 292 01f6 25        		.byte	0x25
 293 01f7 2400 0000 		.long	0x24
 294 01fb 00        		.byte	0
 295 01fc 12        		.uleb128 0x12
 296 01fd 10        		.uleb128 0x10
 297 01fe 0000 0000 		.long	.LASF16
 298 0202 03        		.byte	0x3
 299 0203 2F        		.byte	0x2f
 300 0204 0D        		.byte	0xd
 301 0205 4300 0000 		.long	0x43
 302 0209 10        		.uleb128 0x10
 303 020a 0000 0000 		.long	.LASF17
 304 020e 03        		.byte	0x3
 305 020f 2F        		.byte	0x2f
 306 0210 0D        		.byte	0xd
 307 0211 2400 0000 		.long	0x24
 308 0215 00        		.byte	0
 309 0216 00        		.byte	0
 310 0217 02        		.uleb128 0x2
 311 0218 01        		.byte	0x1
 312 0219 02        		.byte	0x2
 313 021a 0000 0000 		.long	.LASF18
 314 021e 00        		.byte	0
 315               		.section	.gnu.debuglto_.debug_abbrev,"",@progbits
 316               	.Ldebug_abbrev0:
 317 0000 01        		.uleb128 0x1
 318 0001 11        		.uleb128 0x11
 319 0002 01        		.byte	0x1
 320 0003 25        		.uleb128 0x25
 321 0004 0E        		.uleb128 0xe
 322 0005 13        		.uleb128 0x13
 323 0006 0B        		.uleb128 0xb
 324 0007 03        		.uleb128 0x3
 325 0008 0E        		.uleb128 0xe
 326 0009 1B        		.uleb128 0x1b
 327 000a 0E        		.uleb128 0xe
 328 000b 10        		.uleb128 0x10
 329 000c 06        		.uleb128 0x6
 330 000d 00        		.byte	0
 331 000e 00        		.byte	0
 332 000f 02        		.uleb128 0x2
 333 0010 24        		.uleb128 0x24
 334 0011 00        		.byte	0
 335 0012 0B        		.uleb128 0xb
 336 0013 0B        		.uleb128 0xb
 337 0014 3E        		.uleb128 0x3e
 338 0015 0B        		.uleb128 0xb
 339 0016 03        		.uleb128 0x3
 340 0017 0E        		.uleb128 0xe
 341 0018 00        		.byte	0
 342 0019 00        		.byte	0
 343 001a 03        		.uleb128 0x3
 344 001b 16        		.uleb128 0x16
 345 001c 00        		.byte	0
 346 001d 03        		.uleb128 0x3
 347 001e 0E        		.uleb128 0xe
 348 001f 3A        		.uleb128 0x3a
 349 0020 0B        		.uleb128 0xb
 350 0021 3B        		.uleb128 0x3b
 351 0022 0B        		.uleb128 0xb
 352 0023 39        		.uleb128 0x39
 353 0024 0B        		.uleb128 0xb
 354 0025 49        		.uleb128 0x49
 355 0026 13        		.uleb128 0x13
 356 0027 00        		.byte	0
 357 0028 00        		.byte	0
 358 0029 04        		.uleb128 0x4
 359 002a 26        		.uleb128 0x26
 360 002b 00        		.byte	0
 361 002c 49        		.uleb128 0x49
 362 002d 13        		.uleb128 0x13
 363 002e 00        		.byte	0
 364 002f 00        		.byte	0
 365 0030 05        		.uleb128 0x5
 366 0031 24        		.uleb128 0x24
 367 0032 00        		.byte	0
 368 0033 0B        		.uleb128 0xb
 369 0034 0B        		.uleb128 0xb
 370 0035 3E        		.uleb128 0x3e
 371 0036 0B        		.uleb128 0xb
 372 0037 03        		.uleb128 0x3
 373 0038 08        		.uleb128 0x8
 374 0039 00        		.byte	0
 375 003a 00        		.byte	0
 376 003b 06        		.uleb128 0x6
 377 003c 13        		.uleb128 0x13
 378 003d 01        		.byte	0x1
 379 003e 0B        		.uleb128 0xb
 380 003f 0B        		.uleb128 0xb
 381 0040 3A        		.uleb128 0x3a
 382 0041 0B        		.uleb128 0xb
 383 0042 3B        		.uleb128 0x3b
 384 0043 0B        		.uleb128 0xb
 385 0044 39        		.uleb128 0x39
 386 0045 0B        		.uleb128 0xb
 387 0046 01        		.uleb128 0x1
 388 0047 13        		.uleb128 0x13
 389 0048 00        		.byte	0
 390 0049 00        		.byte	0
 391 004a 07        		.uleb128 0x7
 392 004b 0D        		.uleb128 0xd
 393 004c 00        		.byte	0
 394 004d 03        		.uleb128 0x3
 395 004e 08        		.uleb128 0x8
 396 004f 3A        		.uleb128 0x3a
 397 0050 0B        		.uleb128 0xb
 398 0051 3B        		.uleb128 0x3b
 399 0052 0B        		.uleb128 0xb
 400 0053 39        		.uleb128 0x39
 401 0054 0B        		.uleb128 0xb
 402 0055 49        		.uleb128 0x49
 403 0056 13        		.uleb128 0x13
 404 0057 38        		.uleb128 0x38
 405 0058 0A        		.uleb128 0xa
 406 0059 00        		.byte	0
 407 005a 00        		.byte	0
 408 005b 08        		.uleb128 0x8
 409 005c 16        		.uleb128 0x16
 410 005d 00        		.byte	0
 411 005e 03        		.uleb128 0x3
 412 005f 08        		.uleb128 0x8
 413 0060 3A        		.uleb128 0x3a
 414 0061 0B        		.uleb128 0xb
 415 0062 3B        		.uleb128 0x3b
 416 0063 0B        		.uleb128 0xb
 417 0064 39        		.uleb128 0x39
 418 0065 0B        		.uleb128 0xb
 419 0066 49        		.uleb128 0x49
 420 0067 13        		.uleb128 0x13
 421 0068 00        		.byte	0
 422 0069 00        		.byte	0
 423 006a 09        		.uleb128 0x9
 424 006b 01        		.uleb128 0x1
 425 006c 01        		.byte	0x1
 426 006d 49        		.uleb128 0x49
 427 006e 13        		.uleb128 0x13
 428 006f 01        		.uleb128 0x1
 429 0070 13        		.uleb128 0x13
 430 0071 00        		.byte	0
 431 0072 00        		.byte	0
 432 0073 0A        		.uleb128 0xa
 433 0074 21        		.uleb128 0x21
 434 0075 00        		.byte	0
 435 0076 00        		.byte	0
 436 0077 00        		.byte	0
 437 0078 0B        		.uleb128 0xb
 438 0079 34        		.uleb128 0x34
 439 007a 00        		.byte	0
 440 007b 03        		.uleb128 0x3
 441 007c 0E        		.uleb128 0xe
 442 007d 3A        		.uleb128 0x3a
 443 007e 0B        		.uleb128 0xb
 444 007f 3B        		.uleb128 0x3b
 445 0080 0B        		.uleb128 0xb
 446 0081 39        		.uleb128 0x39
 447 0082 0B        		.uleb128 0xb
 448 0083 49        		.uleb128 0x49
 449 0084 13        		.uleb128 0x13
 450 0085 3F        		.uleb128 0x3f
 451 0086 0C        		.uleb128 0xc
 452 0087 3C        		.uleb128 0x3c
 453 0088 0C        		.uleb128 0xc
 454 0089 00        		.byte	0
 455 008a 00        		.byte	0
 456 008b 0C        		.uleb128 0xc
 457 008c 2E        		.uleb128 0x2e
 458 008d 01        		.byte	0x1
 459 008e 3F        		.uleb128 0x3f
 460 008f 0C        		.uleb128 0xc
 461 0090 03        		.uleb128 0x3
 462 0091 0E        		.uleb128 0xe
 463 0092 3A        		.uleb128 0x3a
 464 0093 0B        		.uleb128 0xb
 465 0094 3B        		.uleb128 0x3b
 466 0095 0B        		.uleb128 0xb
 467 0096 39        		.uleb128 0x39
 468 0097 0B        		.uleb128 0xb
 469 0098 27        		.uleb128 0x27
 470 0099 0C        		.uleb128 0xc
 471 009a 49        		.uleb128 0x49
 472 009b 13        		.uleb128 0x13
 473 009c 01        		.uleb128 0x1
 474 009d 13        		.uleb128 0x13
 475 009e 00        		.byte	0
 476 009f 00        		.byte	0
 477 00a0 0D        		.uleb128 0xd
 478 00a1 05        		.uleb128 0x5
 479 00a2 00        		.byte	0
 480 00a3 03        		.uleb128 0x3
 481 00a4 08        		.uleb128 0x8
 482 00a5 3A        		.uleb128 0x3a
 483 00a6 0B        		.uleb128 0xb
 484 00a7 3B        		.uleb128 0x3b
 485 00a8 0B        		.uleb128 0xb
 486 00a9 39        		.uleb128 0x39
 487 00aa 0B        		.uleb128 0xb
 488 00ab 49        		.uleb128 0x49
 489 00ac 13        		.uleb128 0x13
 490 00ad 00        		.byte	0
 491 00ae 00        		.byte	0
 492 00af 0E        		.uleb128 0xe
 493 00b0 05        		.uleb128 0x5
 494 00b1 00        		.byte	0
 495 00b2 03        		.uleb128 0x3
 496 00b3 0E        		.uleb128 0xe
 497 00b4 3A        		.uleb128 0x3a
 498 00b5 0B        		.uleb128 0xb
 499 00b6 3B        		.uleb128 0x3b
 500 00b7 0B        		.uleb128 0xb
 501 00b8 39        		.uleb128 0x39
 502 00b9 0B        		.uleb128 0xb
 503 00ba 49        		.uleb128 0x49
 504 00bb 13        		.uleb128 0x13
 505 00bc 00        		.byte	0
 506 00bd 00        		.byte	0
 507 00be 0F        		.uleb128 0xf
 508 00bf 34        		.uleb128 0x34
 509 00c0 00        		.byte	0
 510 00c1 03        		.uleb128 0x3
 511 00c2 08        		.uleb128 0x8
 512 00c3 3A        		.uleb128 0x3a
 513 00c4 0B        		.uleb128 0xb
 514 00c5 3B        		.uleb128 0x3b
 515 00c6 0B        		.uleb128 0xb
 516 00c7 39        		.uleb128 0x39
 517 00c8 0B        		.uleb128 0xb
 518 00c9 49        		.uleb128 0x49
 519 00ca 13        		.uleb128 0x13
 520 00cb 00        		.byte	0
 521 00cc 00        		.byte	0
 522 00cd 10        		.uleb128 0x10
 523 00ce 34        		.uleb128 0x34
 524 00cf 00        		.byte	0
 525 00d0 03        		.uleb128 0x3
 526 00d1 0E        		.uleb128 0xe
 527 00d2 3A        		.uleb128 0x3a
 528 00d3 0B        		.uleb128 0xb
 529 00d4 3B        		.uleb128 0x3b
 530 00d5 0B        		.uleb128 0xb
 531 00d6 39        		.uleb128 0x39
 532 00d7 0B        		.uleb128 0xb
 533 00d8 49        		.uleb128 0x49
 534 00d9 13        		.uleb128 0x13
 535 00da 00        		.byte	0
 536 00db 00        		.byte	0
 537 00dc 11        		.uleb128 0x11
 538 00dd 0B        		.uleb128 0xb
 539 00de 01        		.byte	0x1
 540 00df 01        		.uleb128 0x1
 541 00e0 13        		.uleb128 0x13
 542 00e1 00        		.byte	0
 543 00e2 00        		.byte	0
 544 00e3 12        		.uleb128 0x12
 545 00e4 0B        		.uleb128 0xb
 546 00e5 01        		.byte	0x1
 547 00e6 00        		.byte	0
 548 00e7 00        		.byte	0
 549 00e8 00        		.byte	0
 550               		.section	.gnu.debuglto_.debug_line,"",@progbits
 551               	.Ldebug_line0:
 552 0000 8100 0000 		.long	.LELT0-.LSLT0
 553               	.LSLT0:
 554 0004 0200      		.word	0x2
 555 0006 7B00 0000 		.long	.LELTP0-.LASLTP0
 556               	.LASLTP0:
 557 000a 01        		.byte	0x1
 558 000b 01        		.byte	0x1
 559 000c F6        		.byte	0xf6
 560 000d F2        		.byte	0xf2
 561 000e 0D        		.byte	0xd
 562 000f 00        		.byte	0
 563 0010 01        		.byte	0x1
 564 0011 01        		.byte	0x1
 565 0012 01        		.byte	0x1
 566 0013 01        		.byte	0x1
 567 0014 00        		.byte	0
 568 0015 00        		.byte	0
 569 0016 00        		.byte	0
 570 0017 01        		.byte	0x1
 571 0018 00        		.byte	0
 572 0019 00        		.byte	0
 573 001a 01        		.byte	0x1
 574 001b 633A 5C70 		.ascii	"c:\\program files\\qmk_msys\\mingw64\\avr\\include"
 574      726F 6772 
 574      616D 2066 
 574      696C 6573 
 574      5C71 6D6B 
 575 0048 00        		.byte	0
 576 0049 7175 616E 		.ascii	"quantum"
 576      7475 6D
 577 0050 00        		.byte	0
 578 0051 00        		.byte	0
 579 0052 7374 6469 		.string	"stdint.h"
 579      6E74 2E68 
 579      00
 580 005b 01        		.uleb128 0x1
 581 005c 00        		.uleb128 0
 582 005d 00        		.uleb128 0
 583 005e 636F 6C6F 		.string	"color.h"
 583      722E 6800 
 584 0066 02        		.uleb128 0x2
 585 0067 00        		.uleb128 0
 586 0068 00        		.uleb128 0
 587 0069 636F 6C6F 		.string	"color.c"
 587      722E 6300 
 588 0071 02        		.uleb128 0x2
 589 0072 00        		.uleb128 0
 590 0073 00        		.uleb128 0
 591 0074 6C65 645F 		.string	"led_tables.h"
 591      7461 626C 
 591      6573 2E68 
 591      00
 592 0081 02        		.uleb128 0x2
 593 0082 00        		.uleb128 0
 594 0083 00        		.uleb128 0
 595 0084 00        		.byte	0
 596               	.LELTP0:
 597               	.LELT0:
 598               		.section	.gnu.debuglto_.debug_str,"MS",@progbits,1
 599               	.LASF16:
 600 0000 5F5F 6164 		.string	"__addr16"
 600      6472 3136 
 600      00
 601               	.LASF18:
 602 0009 5F42 6F6F 		.string	"_Bool"
 602      6C00 
 603               	.LASF12:
 604 000f 6873 765F 		.string	"hsv_to_rgb_impl"
 604      746F 5F72 
 604      6762 5F69 
 604      6D70 6C00 
 605               	.LASF11:
 606 001f 6873 765F 		.string	"hsv_to_rgb"
 606      746F 5F72 
 606      6762 00
 607               	.LASF13:
 608 002a 7573 655F 		.string	"use_cie"
 608      6369 6500 
 609               	.LASF10:
 610 0032 6873 765F 		.string	"hsv_to_rgb_nocie"
 610      746F 5F72 
 610      6762 5F6E 
 610      6F63 6965 
 610      00
 611               	.LASF1:
 612 0043 756E 7369 		.string	"unsigned char"
 612      676E 6564 
 612      2063 6861 
 612      7200 
 613               	.LASF6:
 614 0051 6C6F 6E67 		.string	"long unsigned int"
 614      2075 6E73 
 614      6967 6E65 
 614      6420 696E 
 614      7400 
 615               	.LASF17:
 616 0063 5F5F 7265 		.string	"__result"
 616      7375 6C74 
 616      00
 617               	.LASF19:
 618 006c 474E 5520 		.string	"GNU C99 8.4.0 -mn-flash=1 -mno-skip-bug -mmcu=avr5 -gdwarf-2 -Os -std=gnu99 -funsigned-ch
 618      4339 3920 
 618      382E 342E 
 618      3020 2D6D 
 618      6E2D 666C 
 619               	.LASF14:
 620 0154 7265 6769 		.string	"region"
 620      6F6E 00
 621               	.LASF15:
 622 015b 7265 6D61 		.string	"remainder"
 622      696E 6465 
 622      7200 
 623               	.LASF21:
 624 0165 433A 5C55 		.string	"C:\\Users\\gazed\\qmk_firmware"
 624      7365 7273 
 624      5C67 617A 
 624      6564 5C71 
 624      6D6B 5F66 
 625               	.LASF4:
 626 0181 756E 7369 		.string	"unsigned int"
 626      676E 6564 
 626      2069 6E74 
 626      00
 627               	.LASF8:
 628 018e 6C6F 6E67 		.string	"long long unsigned int"
 628      206C 6F6E 
 628      6720 756E 
 628      7369 676E 
 628      6564 2069 
 629               	.LASF2:
 630 01a5 7569 6E74 		.string	"uint8_t"
 630      385F 7400 
 631               	.LASF7:
 632 01ad 6C6F 6E67 		.string	"long long int"
 632      206C 6F6E 
 632      6720 696E 
 632      7400 
 633               	.LASF20:
 634 01bb 7175 616E 		.string	"quantum/color.c"
 634      7475 6D2F 
 634      636F 6C6F 
 634      722E 6300 
 635               	.LASF22:
 636 01cb 4349 4531 		.string	"CIE1931_CURVE"
 636      3933 315F 
 636      4355 5256 
 636      4500 
 637               	.LASF3:
 638 01d9 7569 6E74 		.string	"uint16_t"
 638      3136 5F74 
 638      00
 639               	.LASF5:
 640 01e2 6C6F 6E67 		.string	"long int"
 640      2069 6E74 
 640      00
 641               	.LASF9:
 642 01eb 6352 4742 		.string	"cRGB"
 642      00
 643               	.LASF0:
 644 01f0 7369 676E 		.string	"signed char"
 644      6564 2063 
 644      6861 7200 
 645               		.text
 646               		.section	.gnu.lto_.profile.98c808c1,"",@progbits
 647 0000 789C 6367 		.string	"x\234cg`f`d"
 647      6066 6064 
 647      00
 648 0009 0200      		.string	"\002"
 649 000b 00        		.string	""
 650 000c 6200      		.string	"b"
 651 000e 0C        		.ascii	"\f"
 652               		.text
 653               		.section	.gnu.lto_.icf.98c808c1,"",@progbits
 654 0000 789C 6367 		.string	"x\234cg`f\020a@"
 654      6066 1061 
 654      4000 
 655 000a 6686 99AB 		.string	"f\206\231\253w\277\341d\372\323\333\327\315\315|dK\357)&\006"
 655      77BF E164 
 655      FAD3 DBD7 
 655      CDCD 7C64 
 655      4BEF 2926 
 656 0020 5DE8 0899 		.ascii	"]\350\b\231"
 657               		.text
 658               		.section	.gnu.lto_.jmpfuncs.98c808c1,"",@progbits
 659 0000 789C 6367 		.string	"x\234cg`f\310a@"
 659      6066 C861 
 659      4000 
 660 000a 6606 2626 		.string	"f\006&&F\346\372\231\314\f@\314\310\004\204 6\013S\035X\226q\"3\343\333c_\223:\230\201\22
 660      46E6 FA99 
 660      CC0C 40CC 
 660      C804 8420 
 660      360B 531D 
 661 0034 9001 C440 		.string	"\220\001\304@\275XT7\366OX\313\017Q\316\300\270\007\252\234\001\254\234\001"
 661      BD58 5437 
 661      F64F 58CB 
 661      0F51 CEC0 
 661      B807 AA9C 
 662 004d 5310 13A7 		.ascii	"S\020\023\247"
 663               		.text
 664               		.section	.gnu.lto_.inline.98c808c1,"",@progbits
 665 0000 789C 8D50 		.ascii	"x\234\215P\273\r\0021\f}N\314a$\244C\324L\300\004\2247\001C\360"
 665      BB0D 0231 
 665      0C7D 4ECC 
 665      6124 A443 
 665      D44C C004 
 666 0019 2DA1 A244 		.ascii	"-\241\242D\241\243\003J*&`\002(n\0046:^\202.\242\240 \261\234"
 666      A1A3 034A 
 666      2A26 6002 
 666      286E 0436 
 666      3A5E 822E 
 667 0032 E7E7 173B 		.ascii	"\347\347\027;q\027\036;A^\036\230\204\020^\235\265\030ls\361"
 667      7117 1E3B 
 667      415E 1E98 
 667      8410 5E9D 
 667      B518 6C73 
 668 0047 7238 9DEF 		.ascii	"r8\235\357\345\321_\275\023\310CF\221\337~\200\330\366[ \024"
 668      E5D1 5FBD 
 668      13C8 4346 
 668      91DF 7E80 
 668      D8F6 5B20 
 669 005c 3C65 04B1 		.ascii	"<e\004\261M:a$,\371A\362\214\330\252\004\016l\261\007\n\036A"
 669      4D3A 6124 
 669      2CF9 41F2 
 669      8CD8 AA04 
 669      0E6C B107 
 670 0073 E70E DC09 		.ascii	"\347\016\334\t\316\034\252/\034\304A?\032T-m\344\235\345\204"
 670      CE1C AA2F 
 670      1CC4 413F 
 670      1A54 2D6D 
 670      E49D E584 
 671 0087 21A8 B5C1 		.ascii	"!\250\265\301\300@\033\023\327\235\245E]\276\205\3120\214\te"
 671      C040 1B13 
 671      D79D A545 
 671      5DBE 85CA 
 671      308C 0965 
 672 009b C2D0 8F74 		.ascii	"\302\320\217t\2610\324.\337V\226\322\\JAK/,\230\3218\034\207"
 672      B130 D42E 
 672      DF56 96D2 
 672      5C4A 414B 
 672      2F2C 98D1 
 673 00b2 5ED3 3437 		.ascii	"^\32347]\t\341\217Op\025e\324\235\247\034\344\377Z\274\001\220"
 673      5D09 E18F 
 673      4F70 1565 
 673      D49D A71C 
 673      E4FF 5ABC 
 674 00c8 284F 4F   		.ascii	"(OO"
 675               		.text
 676               		.section	.gnu.lto_.pureconst.98c808c1,"",@progbits
 677 0000 789C 6367 		.string	"x\234cg`f\340b`"
 677      6066 E062 
 677      6000 
 678 000a 92BB 5899 		.string	"\222\273X\231f\2600\317`\001"
 678      66B0 30CF 
 678      6001 00
 679 0015 0BAE 0214 		.ascii	"\013\256\002\024"
 680               		.text
 681               		.section	.gnu.lto_hsv_to_rgb_impl.98c808c1,"",@progbits
 682 0000 789C 9558 		.ascii	"x\234\225XiPUG\026\276"
 682      6950 5547 
 682      16BE 
 683 000a E7F6 7D2B 		.string	"\347\366}+o\001\227\020\023\222\020\324\024\342\212\270[\251\312$\231\232\177S5\3719\363#
 683      6F01 9710 
 683      1392 10D4 
 683      14E2 8AB8 
 683      5BA9 CA24 
 684 010b 4FE3 6563 		.string	"O\343ecw]\212+j\007\322\250\025y\027\307$\357\250\200|&K\237\241\365\177 \f\016C\230D\177
 684      775D 8A2B 
 684      6A07 D2A8 
 684      1579 17C7 
 684      24EF A880 
 685 020b 87F6 B76C 		.string	"\207\366\267lJ\220\331|\016\335y\2751\307\243A[_\027\253Z\241n(p7\007\326U\244\2269\331B\
 685      4A90 D97C 
 685      0EDD 79BD 
 685      31C7 A341 
 685      5B5F 17AB 
 686 0237 4F0F 056E 		.string	"O\017\005n\343\300\352\256\301\f/{\231\003/\247\346~\245\003\373_\325\201g\206\002s9\260\
 686      E3C0 EAAE 
 686      C10C 2F7B 
 686      9903 2FA7 
 686      E67E A503 
 687 0280 CAF0 E390 		.ascii	"\312\360\343\220`C\350\240L\346W\312\007s\334V\005p18\207\277"
 687      6043 E8A0 
 687      4CE6 57CA 
 687      0773 DC56 
 687      0570 3138 
 688 0296 1FF0 578F 		.ascii	"\037\360W\217\277S\370\253\305_5\376\276\307_\025\274D\201N\341"
 688      BF53 F8AB 
 688      C55F 35FE 
 688      BEC7 5F15 
 688      BC44 814E 
 689 02ab 7D1E AC14 		.ascii	"}\036\254\024T\027\352N\227\273\330\033|\321\344\207\375}\026"
 689      5417 EA4E 
 689      97BB D81B 
 689      7CD1 E487 
 689      FD7D 16
 690 02be 4D6D CF39 		.ascii	"Mm\3179\237K.\f\325{\223\353\255\317:Q\352a\177\343\320\336\373"
 690      9F4B 2E0C 
 690      D57B 93EB 
 690      ADCF 3A51 
 690      EA61 7FE3 
 691 02d5 6777 EB31 		.ascii	"gw\3531\024\271AU(\f~\n"
 691      14B9 4155 
 691      280C 7E0A 
 692 02e1 0C83 ABCC 		.string	"\f\203\253\314\254\366\"*jDE\244E\nmF\333\237\301:D\307`\003\033YG\252\362\177\254\375\32
 692      ACF6 222A 
 692      6A44 45A4 
 692      450A 6D46 
 692      DB9F C13A 
 693 03e2 D61B FEAC 		.ascii	"\326\033\376\254\335\032k\017\274Tv\326R\241\016>Z\213\2368\016"
 693      DD1A 6B0F 
 693      BC54 76D6 
 693      52A1 0E3E 
 693      5A8B 9E38 
 694 03f7 4525 EBE0 		.ascii	"E%\353\340\217\200e\332.c\343`\330\330\024\272\264\320\245\025"
 694      8F80 65DA 
 694      2E63 E360 
 694      D8D8 14BA 
 694      B4D0 A515 
 695 040b 1BA7 8D1A 		.ascii	"\033\247\215\032;5\016\232pR\023D\227.j\334\204\360P\317KM05"
 695      3B35 0E9A 
 695      7052 1344 
 695      972E 6ADC 
 695      84F0 50CF 
 696 0423 21D4 8CA2 		.ascii	"!\324\214\242f45c\250\031K\315S\324\204\022\301\323\324\214\243"
 696      6634 3563 
 696      A819 4BCD 
 696      53D4 8412 
 696      C1D3 D48C 
 697 0438 CB67 A879 		.ascii	"\313g\250y\226\2320j\236\243\346yj^ \346pj^\244&\202\232\361"
 697      969A 306A 
 697      9EA3 E679 
 697      6A5E 20E6 
 697      706A 5EA4 
 698 0450 D44C A066 		.ascii	"\324L\240f\242D\321\030\ttg\231$QTFI\024\227\223%\212\326)\022"
 698      A244 D118 
 698      0974 6799 
 698      2451 5446 
 698      4914 9793 
 699 0469 C5EB 5489 		.ascii	"\305\353T\211\242t\232Dq:\235(gpP4ogJ\024\3461\022\005\372,\211"
 699      A274 9A44 
 699      713A 9D28 
 699      6770 5034 
 699      6F67 4A14 
 700 0484 427D B644 		.ascii	"B}\266D\301>\207;t.o\347q7\314\347\307\266\200\207\345B\036F"
 700      C13E 873B 
 700      742E 6FE7 
 700      7137 CCE7 
 700      C7B6 8087 
 701 049c AF02 CDBE 		.ascii	"\257\002\315\276\0064\373:\320\254$\255a\322\215\335w\0361P+"
 701      0634 FB3A 
 701      D0AC 24AD 
 701      61D2 8DDD 
 701      771E 3150 
 702 04b1 A464 2677 		.ascii	"\244d&w\363~b\205\324\016\t\271AR"
 702      F37E 6285 
 702      D40E 09B9 
 702      4152 
 703 04bf 1E5B 80AE 		.string	"\036[\200\256\272q\342\267\305t\267\013\002\300\2535\265\337\254gI\220\200\367j\027E\270\
 703      BA71 E2B7 
 703      C574 B70B 
 703      02C0 AB35 
 703      B5DF AC67 
 704 05c0 3178 B0F7 		.ascii	"1x\260\367\221\301O\331$\324\202\252\023\302\351\222\"\026\207"
 704      91C1 4FD9 
 704      24D4 82AA 
 704      13C2 E992 
 704      2216 87
 705 05d3 6817 117C 		.ascii	"h\027\021|\017F\247\003\022x\007\220?\201\342\344rU\3317\336"
 705      0F46 A703 
 705      1278 0790 
 705      3F81 E2E4 
 705      7255 D937 
 706 05e8 884F A140 		.ascii	"\210O\241@\335\200\364\301\264\344\326\312\366\016\267\202\245"
 706      DD80 F4C1 
 706      B4E4 D6CA 
 706      F60E B782 
 706      A5
 707 05f9 0B1E 4004 		.ascii	"\013\036@\004\027q\241\270\261K\301\021x\bJ\036\213\302\231A"
 707      1771 A1B8 
 707      B14B C111 
 707      7808 4A1E 
 707      8BC2 9941 
 708 060d 5070 3CE5 		.ascii	"Pp<\345\344\331:\026\361\231\006\016!\323\007\361_\235wr\360"
 708      E4D9 3A16 
 708      F199 060E 
 708      21D3 07F1 
 708      5F9D 7772 
 709 0622 230D 7C20 		.ascii	"#\r| \276W\005\002\253\262B\242$\210\227\025\237\324F\222\032"
 709      BE57 0502 
 709      ABB2 42A2 
 709      2488 9715 
 709      9FD4 4692 
 710 0637 6596 9A50 		.ascii	"e\226\232P\260W&'P\350\213\251\204\202\036\356\026J\f}d\257\030"
 710      B057 2627 
 710      50E8 8BA9 
 710      8482 1EEE 
 710      164A 0C7D 
 711 064e E912 23E4 		.ascii	"\351\022#\344I\213)\016dI\240\347\210~\227\251\337\256\367\325"
 711      498B 290E 
 711      6449 A0E7 
 711      887E 97A9 
 711      DFAE F7D5 
 712 0662 6D57 6B84 		.ascii	"mWk\204\267\361 7TGR\327\354\316Q\334\235=[6\334v\213x\037M\367"
 712      B7F1 2037 
 712      5447 52D7 
 712      ECCE 51DC 
 712      9D3D 5B36 
 713 067d 2FBE A7BE 		.ascii	"/\276\247\276\317;\272l\344N\225{\305\n\2112z4A\016\343t\220"
 713      CF3B BA6C 
 713      E44E 957B 
 713      C50A 8932 
 713      7A34 410E 
 714 0694 2493 0BE7 		.ascii	"$\223\013\347p^\207F\253\247\347(\236\236\303\262\246\037+\257"
 714      705E 8746 
 714      ABA7 E728 
 714      9E9E C3B2 
 714      A61F 2BAF 
 715 06a8 F69A 5993 		.ascii	"\366\232Y\223\211u\215\316\272v\030V#9G\361\344\034\226\366\314"
 715      8975 8DCE 
 715      BA76 1856 
 715      2339 47F1 
 715      E41C 96F6 
 716 06bd 999C 3CB7 		.ascii	"\231\234<\267\2316\225hSt\3324\215V\352\2079x\224\312\267\365"
 716      9936 9568 
 716      5374 DA34 
 716      8D56 EA87 
 716      3978 94CA 
 717 06d3 CF61 94B3 		.ascii	"\317a\224\263\215g\307\342\231ZO&\367\376 \353\331q3J?\256\243"
 717      8D67 C7E2 
 717      995A 4F26 
 717      F7FE 20EB 
 717      D971 334A 
 718 06ea D561 22B3 		.ascii	"\325a\"\263\230q/-Su~~C\265\320\035\341\0239ZD\351?\204\365d"
 718      9871 2F2D 
 718      5375 7E7E 
 718      43B5 D01D 
 718      E113 395A 
 719 0704 0408 D793 		.ascii	"\004\b\327\223\357\252\311\023\223E\326\032\314\206\355\024*"
 719      EFAA C913 
 719      9345 D61A 
 719      CC86 ED14 
 719      2A
 720 0715 4486 EDF7 		.ascii	"D\206\355\367d;\205\333\336\217\362%\270^\036\"M\031m\333\236"
 720      643B 85DB 
 720      DE8F F225 
 720      B85E 1E22 
 720      4D19 6DDB 
 721 072a 7877 8751 		.ascii	"xw\207Q\017\036\325\3702z5=\264\350i\323L8\305\224\320|\300\362"
 721      0F1E D5F8 
 721      327A 353D 
 721      B4E8 69D3 
 721      4C38 C594 
 722 0742 6419 9C2E 		.ascii	"d\031\234.?&\2033\370\211*#e\360:\2312\370S\331\227\301|\345"
 722      3F26 8333 
 722      F889 2A23 
 722      65F0 3A99 
 722      32F8 53D9 
 723 075a A9B8 B8D8 		.ascii	"\251\270\270\330/=Y5\321~\247\212\264h\3263\270Y\317\340\346"
 723      2F3D 5935 
 723      D17E A78A 
 723      B468 D633 
 723      B859 CFE0 
 724 076f 27CD E0F5 		.ascii	"'\315\340\365\362\220\f\316\244$\234\2063Y\362\357f\360g\362"
 724      F290 0CCE 
 724      A424 9C86 
 724      3359 F2EF 
 724      66F0 67F2 
 725 0783 900C CE26 		.ascii	"\220\f\316&\360T\234\311\3213\230\204\\\"\251\323|\n\371\246"
 725      F054 9CC9 
 725      D133 9884 
 725      5C22 A9D3 
 725      7C0A F9A6 
 726 0797 0E31 E198 		.ascii	"\0161\341\230\031bJ\363b\025\231\316\340^\262\373y\251\244\026"
 726      1962 4AF3 
 726      6215 99CE 
 726      E05E B2FB 
 726      79A9 A416 
 727 07ab 7C01 A063 		.ascii	"|\001\240c\243\305\035\303\214\215\346X\207)*eI\314L\344<\307"
 727      A3C5 1DC3 
 727      8C8D E658 
 727      8729 2A65 
 727      49CC 4CE4 
 728 07c1 266B 3489 		.ascii	"&k4\211_&\037\262\b\032\212;\272q\225"
 728      5F26 1FB2 
 728      081A 8A3B 
 728      BA71 95
 729 07d0 DCDA CB28 		.ascii	"\334\332\313(U,H\226+\207\221\321\267\311\3674#\033\332\241\321"
 729      552C 4896 
 729      2B87 91D1 
 729      B7C9 F734 
 729      231B DAA1 
 730 07e5 91B4 AA5E 		.ascii	"\221\264\252^\2330z\004\220\207VTk\376\315\005\234\343\017M\205"
 730      9B30 7A04 
 730      9087 5654 
 730      6BFE CD05 
 730      9CE3 0F4D 
 731 07fa D959 5D4E 		.ascii	"\331Y]N\025\006\365hG\250\310\243\r\262\n\242\252\2304Tk\364"
 731      1506 F568 
 731      47A8 C8A3 
 731      0DB2 0AA2 
 731      AA98 3454 
 732 0810 76A1 C148 		.ascii	"v\241\301HW\013\310\220\3175$4;\361F;\035i\304\346\363\035\002"
 732      570B C890 
 732      CF35 2434 
 732      3BF1 463B 
 732      1D69 C4E6 
 733 0827 E1C0 41C1 		.ascii	"\341\300A\301\241\205\270\023\307\220\342\304\361\346N\017Q\330"
 733      A185 B813 
 733      C790 E2C4 
 733      F1E6 4E0F 
 733      51D8 
 734 0839 A141 828D 		.ascii	"\241A\202\215\202\203\202\210\033\005\241\035\241\366%\247\332"
 734      8283 8288 
 734      1B05 A11D 
 734      A1F6 25A7 
 734      DA
 735 084a C488 8B2F 		.ascii	"\304\210\213/\036$\254\356i'\353\306q?\362\2318Fgt\353\247\022"
 735      1E24 ACEE 
 735      6927 EBC6 
 735      713F F299 
 735      3846 6774 
 736 0861 8FB8 C332 		.ascii	"\217\270\3032\330$v/N\377\007:\343\231|\177]\306\376\366\031"
 736      D824 762F 
 736      4EFF 073A 
 736      E399 7C7F 
 736      5DC6 FEF6 
 737 0876 67EC A1B3 		.ascii	"g\354\241\263\242\004\025\273\326\226\361\342\004y\006\007\037"
 737      A204 15BB 
 737      D696 F1E2 
 737      0479 0607 
 737      1F
 738 0887 24E7 6B82 		.ascii	"$\347k\202\202q\034\227*8\232\221\313\304>\354\360\271\276\r"
 738      8271 1C97 
 738      2A38 9A91 
 738      CBC4 3EEC 
 738      F0B9 BE0D 
 739 089b 2DF7 63D0 		.ascii	"-\367c\320\314\267v=\255\035#*\320d_\230\350\204!$\314\274\231"
 739      CCB7 763D 
 739      AD1D 232A 
 739      D064 5F98 
 739      E884 2124 
 740 08b2 517C 6C8A 		.ascii	"Q|l\212X\266C;\317\3218\256\255c\322=F\350\036\355\257{,N\030"
 740      58B6 433B 
 740      CFD1 38AE 
 740      AD63 D23D 
 740      46E8 1EED 
 741 08cb BA3B 82C4 		.ascii	"\272;\202\304\340S8\036 t\026\216\373\204\236\"\241\263DA3\t"
 741      E053 381E 
 741      2074 168E 
 741      FB84 9E22 
 741      A1B3 4441 
 742 08e1 4DD5 2484 		.ascii	"M\325$\204jB\367\351B\351\363J\362\341\255M\2128\007\214\270"
 742      6A42 F7E9 
 742      42E9 F34A 
 742      F2E1 AD4D 
 742      8A38 078C 
 743 08f6 CDA4 26D4 		.ascii	"\315\244&\324\317\245\343\320N\310\3237\374\f\037\234\342/\357"
 743      CFA5 E3D0 
 743      4EC8 D337 
 743      FC0C 1F9C 
 743      E22F EF
 744 0909 591C 0FDC 		.ascii	"Y\034\017\334_\230\330\337\263\376\373\303\002\037\346\333\237"
 744      5F98 D8DF 
 744      B3FE FBC3 
 744      021F E6DB 
 744      9F
 745 091a 5B0C 3E8F 		.ascii	"[\f>\217\343\001\373\233\215\343\276\375\325\322\376f\213\","
 745      E301 FB9B 
 745      8DE3 BEFD 
 745      D5D2 FE66 
 745      8B22 2C
 746 092d F6D7 06F8 		.ascii	"\366\327\006\370\002)L\247\343f\272\323\007*\034y\220\023\237"
 746      0229 4CA7 
 746      E366 BAD3 
 746      072A 1C79 
 746      9013 9F
 747 0940 A4AA 056D 		.ascii	"\244\252\005m\031\343\362\331\030I\312\346\0173\360\205\234G"
 747      19E3 F2D9 
 747      1849 CAE6 
 747      0F33 F085 
 747      9C47 
 748 0952 E56A 7D7C 		.ascii	"\345j}|\313U\236\002N~{\035\330\\\334j\327\021[]\b\200-\250!"
 748      CB55 9E02 
 748      4E7E 7B1D 
 748      D85C DC6A 
 748      D711 5B5D 
 749 096b 9BBF 3A41 		.ascii	"\233\277:A\201\300t\245\\\030P\004\206.on\311/q\351\230\2579"
 749      81C0 74A5 
 749      5C18 5004 
 749      862E 6F6E 
 749      C92F 71E9 
 750 0982 662B C750 		.ascii	"f+\307P\251\206m\002c|\fr\362;\343\251\003w\333-:\246\203c\n"
 750      A986 6D02 
 750      637C 0C72 
 750      F23B E3A9 
 750      0377 DB2D 
 751 099b 3986 CA34 		.ascii	"9\206\3124l\027\030\343C\230\223\177\b;\177\371\340v\257\216"
 751      6C17 18E3 
 751      4398 937F 
 751      083B 7FF9 
 751      E076 AF8E 
 752 09af 79C8 3145 		.ascii	"y\3101E\034\303\357m\305\002\363\353\2265\367\230\300PAU\017"
 752      1CC3 EF6D 
 752      C502 F3EB 
 752      9635 F798 
 752      C050 4155 
 753 09c4 94BD A543 		.ascii	"\224\275\245C\312\335\004)\341\020+Av\bHAj\353 \b\b\325\234s"
 753      CADD 0429 
 753      E110 2B41 
 753      7608 4841 
 753      6AEB 2008 
 754 09dc BB8E 561A 		.ascii	"\273\216V\032\207\366\220\021f\247\357\bJ\021C\367\346\211X8"
 754      87F6 9011 
 754      66A7 EF08 
 754      4A11 43F7 
 754      E689 5838 
 755 09f0 6D03 1730 		.ascii	"m\003\0270s\243\355\245\317`\021t\326\037\3329\217j\340u\210"
 755      73A3 EDA5 
 755      CF60 1174 
 755      D61F DA39 
 755      8F6A E075 
 756 0a05 2F78 24EA 		.ascii	"/x$\352g6\177\b\304r\232\376\234\251\234j\261\360\202(\222\232"
 756      6736 7F08 
 756      C472 9AFE 
 756      9CA9 9C6A 
 756      B1F0 8228 
 757 0a1b 2FF9 23D1 		.ascii	"/\371#\321\013\334z\227fmz\254j\367y\272,p\266\307\227\220\373"
 757      0BDC 7A97 
 757      666D 7AAC 
 757      6AF7 79BA 
 757      2C70 B6C7 
 758 0a32 B559 2ACB 		.ascii	"\265Y*\313AfE\007\323\307\tEL<\364\007\262t\371\262\345\330p"
 758      4166 4507 
 758      D3C7 0945 
 758      4C3C F407 
 758      B274 F9B2 
 759 0a49 7AC3 FDF4 		.ascii	"z\303\375\364rE\341\242\300>VQ\233I\221\313\254\250KW\244\210"
 759      7245 E1A2 
 759      C03E 5651 
 759      9B49 91CB 
 759      ACA8 4B57 
 760 0a5f 5232 8222 		.ascii	"R2\202\"\301\3227\234\242\027\003\025\275(^\033FP\244\345\212"
 760      C1D2 379C 
 760      A217 0315 
 760      BD28 5E1B 
 760      4650 A4E5 
 761 0a74 4991 DBCF 		.ascii	"I\221\333\317k\272\"\013\267+\314x\234\242\222\300\331v\337\t"
 761      6BBA 220B 
 761      B72B CC78 
 761      9CA2 92C0 
 761      D976 DF09 
 762 0a88 EECA 1846 		.ascii	"\356\312\030Fo\204\237^\256(B\3704\303\247\310cV\264?CS$\036"
 762      6F84 9F5E 
 762      AE28 42F8 
 762      34C3 A7C8 
 762      6356 B43F 
 763 0aa0 980E 8EA0 		.ascii	"\230\016\216\240H\354\353\360\b\212\204\336c\303)\032\037\250"
 763      48EC EBF0 
 763      088A 84DE 
 763      63C3 291A 
 763      1FA8 
 764 0ab2 68BC F0A9 		.ascii	"h\274\360\251I\221\327\254\250MW$n\256]\303\261N\b\214\354\t"
 764      4991 D7AC 
 764      A84D 5724 
 764      6EAE 5DC3 
 764      B14E 088C 
 765 0ac8 C2C7 8F55 		.ascii	"\302\307\217U\330\0278\333\343;\321;&E\301?\377t\327\364\300"
 765      D817 38DB 
 765      E33B D13B 
 765      2645 C13F 
 765      FF74 D7F4 
 766 0add C1AD E69B 		.ascii	"\301\255\346\233^-\346\231^-\346\n_\256\263\370^-\302\264\247"
 766      5E2D E699 
 766      5E2D E60A 
 766      5FAE B3F8 
 766      5E2D C2B4 
 767 0af2 F527 7B97 		.ascii	"\365'{\227\330\345\367.\261\233?L\316\365{\352\177\262\267\207"
 767      D8E5 F72E 
 767      B19B 3F4C 
 767      CEF5 7BEA 
 767      7FB2 B787 
 768 0b06 3D7E 6F0F 		.ascii	"=~o\017{9\317\274\337\347\tx](\363{]\330\307y\346SI\232\213\201"
 768      7B39 CFBC 
 768      DFE7 0978 
 768      5D28 F37B 
 768      5DD8 C779 
 769 0b20 E0BC 78A5 		.ascii	"\340\274x\245Q\306\304\f\352\\\202\311\340J[\206\307\347.}\027"
 769      51C6 C40C 
 769      EA5C 82C9 
 769      E04A 5B86 
 769      C7E7 2E7D 
 770 0b35 8FD8 53F3 		.ascii	"\217\330S\363wl\275\235\313\373a\036V\032g\351b\234\n\252A\263"
 770      776C BD9D 
 770      CBFB 611E 
 770      561A 67E9 
 770      629C 0AAA 
 771 0b4b 1857 E75B 		.ascii	"\030W\347[\330\272\323\320l\266\247\024\315&xk\320l>\016:;\321"
 771      D8BA D3D0 
 771      6CB6 A714 
 771      CD26 786B 
 771      D06C 3E0E 
 772 0b62 2C26 280D 		.ascii	",&(\r\rf\273J\221-\302]\203f\343=\235h6\313\233\266\002\275\021"
 772      0D66 BB4A 
 772      912D C25D 
 772      8366 E33D 
 772      9D68 36CB 
 773 0b7b 42D2 14CD 		.ascii	"B\322\024\315\033\332V\326\025m\354f\223w\362\017\300\315\233"
 773      1BDA 56D6 
 773      156D EC66 
 773      9377 F20F 
 773      C0CD 9B
 774 0b8e E5A4 023B 		.ascii	"\345\244\002;J\227>\307\247*\361\345\261\\\246\347\257O2\007"
 774      4A97 3EC7 
 774      A72A F1E5 
 774      B15C A6E7 
 774      AF4F 3207 
 775 0ba2 2F5A 167C 		.ascii	"/Z\026|\243\246\320\207\n\t\276\224\027\350\024\344;2\032\201"
 775      A3A6 D087 
 775      0A09 BE94 
 775      17E8 14E4 
 775      3B32 1A81 
 776 0bb6 B240 95C1 		.ascii	"\262@\225\301\237p\377p\204_\231\b10\310\350\211\t\277\036\216"
 776      9F70 FF70 
 776      845F 9908 
 776      3130 C8E8 
 776      8909 BF1E 
 777 0bcb F080 8910 		.ascii	"\360\200\211\020\243\216\214\244n\n5\356-\3720\004\3420\360^"
 777      A38E 8CA4 
 777      6E0A 35EE 
 777      2DFA 3004 
 777      E230 F05E 
 778 0bdf 11FC E1AA 		.ascii	"\021\374\341\252E\313?Z\365\376\364%+\336[\0217m\211\304\336"
 778      45CB 3F5A 
 778      F5FE F425 
 778      2BDE 5B11 
 778      376D 89C4 
 779 0bf4 5EB9 3A44 		.ascii	"^\271:D\273\230\026\023;+v\356\314E\263%\333\252\225\261o.y'"
 779      BB98 1613 
 779      3B2B 76EE 
 779      CC45 B325 
 779      DBAA 95B1 
 780 0c0c 1656 C34A 		.ascii	"\026V\303Jx\033>\202\017\341\003G\\\354\373\213\336Y\27646\316"
 780      781B 3E82 
 780      0FE1 0347 
 780      5CEC FB8B 
 780      DE59 BE34 
 781 0c22 1A17 BBEC 		.ascii	"\032\027\273\354\235\025\313Y\334\262\305\3667\337\214\213]\271"
 781      9D15 CB59 
 781      DCB2 C5F6 
 781      37DF 8C8B 
 781      5DB9 
 782 0c34 EABD 8FB0 		.ascii	"\352\275\217\260\263h\351\322\270\3509\026$\234\260\222\267\253"
 782      B368 E9D2 
 782      B8E8 3916 
 782      249C B092 
 782      B7AB 
 783 0c46 2D68 3161 		.ascii	"-h1a\031o\343x\273\330\365\336\007\357\207O\2341%\374\257N\207"
 783      196F E378 
 783      BBD8 F5DE 
 783      07EF 874F 
 783      9C31 25FC 
 784 0c5d C45E 8E93 		.ascii	"\304^\216\223\344\177J\377\003\f\32119"
 784      E47F 4AFF 
 784      030C D131 
 784      39
 785               		.text
 786               		.section	.gnu.lto_hsv_to_rgb.98c808c1,"",@progbits
 787 0000 789C 6D50 		.string	"x\234mP\273J\003Q\020\235\263\263\233D\210\240X\230\"\202\225\210\205\202\017l\375\225$\0
 787      BB4A 0351 
 787      109D B3B3 
 787      9B44 88A0 
 787      5898 2282 
 788 0062 8D4C 0980 		.ascii	"\215L\t\200\006\r\fb\214'\031\213\227\037#\345YvT\243\246\271"
 788      060D 0C62 
 788      8C27 198B 
 788      971F 23E5 
 788      5976 54A3 
 789 0078 9BF5 4F4B 		.ascii	"\233\365OKS \244h\276p\236\r6\344\224N\334\271Y\377\243\330!"
 789      5320 A468 
 789      BE70 9E0D 
 789      36E4 944E 
 789      DCB9 59FF 
 790 008f 870D 9A52 		.ascii	"\207\r\232R\335\273\bc\007a\322\007{hP\335K\367CW\340*\220\302"
 790      DDBB 0863 
 790      0761 D207 
 790      7B68 50DD 
 790      4BF7 4357 
 791 00a7 EF67 F9AC 		.ascii	"\357g\371\254\277~\315S>D%\3500c\037\374G\251\336\252O\r\302"
 791      BF7E CD53 
 791      3E44 25E8 
 791      3063 1FFC 
 791      47A9 DEAA 
 792 00be 0154 5EA5 		.ascii	"\001T^\245\271\333,\316\224\373Lm\257M]\370H\375\005\2522\223"
 792      B9DB 2CCE 
 792      94FB 4C6D 
 792      AF4D 5DF8 
 792      48FD 05AA 
 793 00d4 75C6 51B7 		.ascii	"u\306Q\267*2-\356\313B\350V\354y1\377KB8D\335\306\205\345J\261"
 793      2A32 2DEE 
 793      CB42 E856 
 793      EC79 31FF 
 793      4B42 3844 
 794 00ee 342A EE75 		.ascii	"4*\356ux\373\265P\251\354l\246\214\212bB\\\032a#\355\341!\227"
 794      78FB B550 
 794      A9EC 6CA6 
 794      8C8A 6242 
 794      5C1A 6123 
 795 0106 1E20 2B5B 		.ascii	"\036 +[\023\2267\353\t\366rJ#\355\241W\223;/\225\r#\223\0168"
 795      1396 37EB 
 795      09F6 724A 
 795      23ED A157 
 795      933B 2F95 
 796 011f 6C4E B18E 		.ascii	"lN\261\216r\204axyU\371\371\344-\2527e\0018F\330a\037\025\220"
 796      7284 6178 
 796      7955 F9F9 
 796      E42D AA37 
 796      6501 3846 
 797 0138 A9FD 35D0 		.ascii	"\251\3755\320al\306\367$\203\250\242\247?\322\335\327\237h\212"
 797      616C C6F7 
 797      2483 A8A2 
 797      A73F D2DD 
 797      D79F 688A 
 798 014c 25BB 92A9 		.ascii	"%\273\222\251\306\030qg\357@\345\017il\211\267\306\333\233#m"
 798      C618 7167 
 798      EF40 E50F 
 798      696C 89B7 
 798      C6DB 9B23 
 799 0161 F405 9C16 		.ascii	"\364\005\234\026\201F"
 799      8146 
 800               		.text
 801               		.section	.gnu.lto_hsv_to_rgb_nocie.98c808c1,"",@progbits
 802 0000 789C 6D50 		.ascii	"x\234mP\273J\003A\024\275g\356\346!(*\026\246\210 \bA,\024|`"
 802      BB4A 0341 
 802      14BD 67EE 
 802      E621 282A 
 802      16A6 8820 
 803 001a EBAF 8410 		.ascii	"\353\257\204\020\020Q\203\317\326\331\304\325\b\202J\f\262\205"
 803      1051 83CF 
 803      D6D9 C4D5 
 803      0882 4A0C 
 803      B285 
 804 002c 2822 619B 		.ascii	"(\"a\233 66\276\326G\247\225\210\244\021$j#\376\200\370\210w"
 804      2036 36BE 
 804      D647 A795 
 804      88A4 1124 
 804      6A23 FE80 
 805 0043 162D 0407 		.ascii	"\026-\004\007\006\316\271\367\236s\317L\204\230F@\324IDmr\301"
 805      06CE B9F7 
 805      9E73 CF4C 
 805      8498 4640 
 805      D449 446D 
 806 0059 04A5 B51E 		.ascii	"\004\245\265\036\212\330Q\005\030d\351(hNa\016K\274\306\330\274"
 806      8AD8 5105 
 806      1864 E928 
 806      684E 610E 
 806      4BBC C6D8 
 807 006e 7B5F 68C8 		.ascii	"{_h\310\263+\203\206z\017\345\317\220\241@Lh\345\365:_\337\345"
 807      B32B 8386 
 807      7A0F E5CF 
 807      90A1 404C 
 807      68E5 F53A 
 808 0085 894E FB1B 		.ascii	"\211N\373\033\007\221g\355\304\\VT\220\351#\304q\2108\231\203"
 808      0791 67ED 
 808      C45C 5654 
 808      90E9 23C4 
 808      7188 3899 
 809 009a 6374 C9F4 		.ascii	"ct\311\364\326c\356\036\334\002\022\374vU\311G:K\201\3626\245"
 809      D663 EE1E 
 809      DC02 12FC 
 809      7655 C947 
 809      3A4B 81F2 
 810 00b0 EB5D 669C 		.ascii	"\353]f\234\200\377(\245\326\352)\302)$\257h\252\373_\305\206"
 810      80FF 28A5 
 810      D6EA 29C2 
 810      2924 AF68 
 810      AAFB 5FC5 
 811 00c5 B065 EC8D 		.ascii	"\260e\354\215\251\2170\311[ \235b\336]FbW\353u\355_>kd\227\265"
 811      A98F 30C9 
 811      5B20 9D62 
 811      DE5D 4662 
 811      57EB 75ED 
 812 00df FA2F 08E1 		.ascii	"\372/\b\341\f\211\275\233\220\257\277j\213\332\377\350`\261r"
 812      0C89 BD9B 
 812      90AF BF6A 
 812      8BDA FFE8 
 812      60B1 72
 813 00f2 98B2 12C3 		.ascii	"\230\262\022\303\202\366i\201\225\035\340\234OO\320;%\025\254"
 813      82F6 6981 
 813      951D E09C 
 813      4F4F D03B 
 813      2515 AC
 814 0105 7981 B35D 		.ascii	"y\201\263]\r\24010\337\342]\327\352\346\221\265\243.[\00561\316"
 814      0DA0 3130 
 814      DFE2 5DD7 
 814      EAE6 91B5 
 814      A32E 5B05 
 815 011c 318F 20AB 		.ascii	"1\217 \253\264\355\225\325r\243\371\246\220\224.\020w9L\257\310"
 815      B4ED 95D5 
 815      72A3 F9A6 
 815      9094 2E10 
 815      7739 4CAF 
 816 0131 B6FF 3A98 		.ascii	"\266\377:\230(\216\214\005\253\024Q\323\304Lr|zf\254'\225\031"
 816      288E 8C05 
 816      AB14 51D3 
 816      C44C 727C 
 816      7A66 AC27 
 817 0147 CD4C 76A7 		.ascii	"\315Lv\247\210\207\247f\233\177Hw_\272?=\330\233\034\240o\377"
 817      8887 A766 
 817      9B7F 4877 
 817      5FBA 3F3D 
 817      D89B 1CA0 
 818 015d CB7C EA   		.ascii	"\313|\352"
 819               		.text
 820               		.section	.gnu.lto_.symbol_nodes.98c808c1,"",@progbits
 821 0000 789C 6367 		.string	"x\234cg`f\310`"
 821      6066 C860 
 821      00
 822 0009 0226 C67A 		.string	"\002&\306z\206\267k\276\377gf\234p\216\201\241\236\201aW\203#\003#P\202\225\205A\001$\317
 822      86B7 6BBE 
 822      FF67 669C 
 822      708E 81A1 
 822      9E81 6157 
 823 0045 00        		.string	""
 824 0046 622C 186F 		.ascii	"b,\030o"
 825               		.text
 826               		.section	.gnu.lto_.refs.98c808c1,"",@progbits
 827 0000 789C 6367 		.string	"x\234cg`f\340d```b`b\344gb\324c"
 827      6066 E064 
 827      6060 6062 
 827      6062 E467 
 827      62D4 6300 
 828 0014 00        		.string	""
 829 0015 0202 00   		.string	"\002\002"
 830 0018 59        		.ascii	"Y"
 831               		.text
 832               		.section	.gnu.lto_.decls.98c808c1,"",@progbits
 833 0000 789C 9556 		.ascii	"x\234\225VkLTG\024\276\347\316\302.\313\256P\324\206\222%\261"
 833      6B4C 5447 
 833      14BE E7CE 
 833      C22E CBAE 
 833      50D4 8692 
 834 0016 514C 4C8C 		.ascii	"QLL\214B\265>\3765\032k\373\247?4\332\330\244!\210DLA\024\320"
 834      42B5 3EFE 
 834      351A 6BFB 
 834      A73F 34DA 
 834      D8A4 2188 
 835 002f 98FE E9A0 		.ascii	"\230\376\351\240\260 >\200*\212\240\021\352\013\255Uk\252V\021"
 835      B020 3E80 
 835      2A8A A011 
 835      EA0B AD55 
 835      6BAA 5611 
 836 0043 4510 54E4 		.ascii	"E\020T\344%\310\303\307\n\242\356\002\212\322\252<D\331\236\231"
 836      25C8 C3C7 
 836      0AA2 EE02 
 836      8AD2 AA3C 
 836      44D9 9E99 
 837 0057 B997 BDAC 		.ascii	"\271\227\275\254\213mo\370\356\354\314\375\316w\316\231{\316"
 837      8B6D 6FF8 
 837      EEEC CCFD 
 837      CE77 CE99 
 837      7BCE 
 838 0069 1DF4 1291 		.ascii	"\035\364\022\221\216\372JR\273$I\033@\222\234x\351\360\367-\004"
 838      8EFA 4A52 
 838      BB24 491B 
 838      4092 9C78 
 838      E9F0 F72D 
 839 007e 41D4 221A 		.ascii	"A\324\"\032\020\245\222\270\330Z'\242\033\361\002\201&R\2574"
 839      10A5 92B8 
 839      D85A 27A2 
 839      1BF1 0281 
 839      2652 AF34 
 840 0092 F26A C0C5 		.ascii	"\362j\300\305\3618\006 \306!\354\032\235AE\313\202\370\016\361"
 840      F138 0620 
 840      C621 EC1A 
 840      9D41 45CB 
 840      82F8 0EF1 
 841 00a6 16B1 0CF1 		.ascii	"\026\261\f\361\0161\204p\"^#^!\274PG\2170 |\020\321\270\346\215"
 841      0E31 8470 
 841      225E 235E 
 841      21BC 5047 
 841      8F30 207C 
 842 00bf A846 5421 		.ascii	"\250FT!\036 \332\020\255\210J%\026\026\233A\211\311\210\013\276"
 842      1E20 DA10 
 842      AD88 4A25 
 842      1616 9B41 
 842      89C9 880B 
 843 00d4 0813 C28C 		.ascii	"\b\023\302\214\030\203\360C\224\270\305{\217\371\361\020\257"
 843      1883 F043 
 843      94B8 C57B 
 843      8FF9 F110 
 843      AF
 844 00e5 3F88 983B 		.ascii	"?\210\230;\024\236\254\344\335)\275\177\265\376\017\215\027\243"
 844      149E ACE4 
 844      DD29 BD7F 
 844      B5FE 0F8D 
 844      17A3 
 845 00f7 6864 11B8 		.ascii	"hd\021\270\321\222w\330/\215@\200\021d\234\226V\344\235\324\023"
 845      D192 77D8 
 845      2F8D 4080 
 845      1164 9C96 
 845      56E4 9DD4 
 846 010c 19D8 236B 		.ascii	"\031\330#kQ\201M\207\217,Fp\002\3163\223Z\037\231\304\234=\316"
 846      5181 4D87 
 846      8F2C 4670 
 846      02CE 3393 
 846      5A1F 99C4 
 847 0123 DE9B D125 		.ascii	"\336\233\321%\023\035\377\275\275\243\346>\t=A\305e\230*\301"
 847      131D FFBD 
 847      BDA3 E63E 
 847      093D 41C5 
 847      6598 2AC1 
 848 0137 6520 DC45 		.ascii	"e \334E\260/{~t\177\341U3\231\316\271w\034\0173\r\3064J7\322"
 848      B02F 7B7E 
 848      747F E155 
 848      3399 CEB9 
 848      771C 0F33 
 849 0151 927C EA1D 		.ascii	"\222|\352\035(\301\f\013\204Z$"
 849      28C1 0C0B 
 849      845A 24
 850 015c B802 5CBB 		.string	"\270\002\\\273\004B%\270\004\026(\006\013\343\327\274\334\234\355Kfs\333\323e}wMd.\377}jO
 850      0442 25B8 
 850      0416 2806 
 850      0BE3 D7BC 
 850      DC9C ED4B 
 851 025d 7C10 B914 		.ascii	"|\020\271\024_\272?4\200\217\224\312\323\240\371\023`\370\355"
 851      5FBA 3F34 
 851      808F 94CA 
 851      D3A0 F913 
 851      60F8 ED
 852 0270 DF42 3DF6 		.ascii	"\337B=\366H\202\333hP\217)\347\242'\266\302n\354}\037?\225\253"
 852      4882 DB68 
 852      508F 29E7 
 852      A227 B6C2 
 852      6EEC 7D1F 
 853 0287 6B05 1B60 		.ascii	"k\005\033`u\362\316c.A\031\200C\314\201Oq\224\305\240,\201B\223"
 853      75F2 CE63 
 853      2E41 1980 
 853      43CC 814F 
 853      7194 C5A0 
 854 029f D4DF 0A4B 		.ascii	"\324\337\nK\254\313.A\376\007\222\242\347T/\241\255P\\\202lM"
 854      ACCB 2E41 
 854      FE07 92A2 
 854      E754 2FA1 
 854      AD50 5C82 
 855 02b5 565F A6D0 		.ascii	"V_\246\320Whx\223A\371\302)\nBW\023\300\210\207\302\261\346\261"
 855      5768 7893 
 855      41F9 C229 
 855      0A42 5713 
 855      C088 87C2 
 856 02cc 364B 503B 		.ascii	"6KP;v\307\376\213\215~\344{\321\203g\232\036\373a\017\360=\202"
 856      76C7 FE8B 
 856      8D7E E47B 
 856      D183 679A 
 856      1EFB 610F 
 857 02e3 F53A B676 		.ascii	"\365:\266vv\337\353{2_c\257\251\031\370b\343\037\225\025@b\271"
 857      76DF EB7B 
 857      325F 63AF 
 857      A919 F862 
 857      E31F 9515 
 858 02fa 5159 E19D 		.ascii	"QY\341\235Fo\0227J\023\355\265\036{B\310Z\336&g\337\036\234\205"
 858      466F 1237 
 858      4A13 EDB5 
 858      1E7B 42C8 
 858      5ADE 2667 
 859 0312 5D12 12E2 		.ascii	"]\022\022\342\251h\356\261.\261)\025\363\020+\346\001VK\033\242"
 859      A968 EEB1 
 859      2EB1 2915 
 859      F310 2BE6 
 859      0156 4B1B 
 860 0327 55DB 2515 		.ascii	"U\333%\025M\304U\253w\361\035\333<\366\210 \327\177I\267\006"
 860      4DC4 55AB 
 860      77F1 1DDB 
 860      3CF6 8820 
 860      D77F 49B7 
 861 033c 72E6 7D37 		.ascii	"r\346}7\346{-P9L\275\343F\ruk\274\336l\302j\326\346\326w\230"
 861      E67B 2D50 
 861      394C BDE3 
 861      460D 756B 
 861      BCDE 6CC2 
 862 0356 EAAB ECEE 		.ascii	"\352\253\354\356\247z\222\300\273\343VQK\031\361\334\035\230"
 862      A77A 92C0 
 862      BBE3 5651 
 862      4B19 F1DC 
 862      1D98 
 863 0368 283C C6FC 		.ascii	"(<\306\374>\220\253\360d\237\315\034=BZ\273\2469l\2749\320\335"
 863      3E90 ABF0 
 863      649F CD1C 
 863      3D42 5ABB 
 863      A639 6CBC 
 864 037f E54B DD05 		.ascii	"\345K\335\005&\262\201\273\373\375\376\201l\363\350\356\034\377"
 864      26B2 81BB 
 864      FBFD FE81 
 864      6CF3 E8EE 
 864      1CFF 
 865 0391 C55D AF83 		.ascii	"\305]\257\203'fG\336\023\215\277G\252\277\374\226\235y>\201\273"
 865      2766 47DE 
 865      138D BF47 
 865      AABF FC96 
 865      9D79 3E81 
 866 03a6 3897 D209 		.ascii	"8\227\322\t\300\231\352.u\240K\tZ@'\270]\251Y\317\314\023\013"
 866      C099 EA2E 
 866      75A0 4B09 
 866      5A40 27B8 
 866      5DA9 59CF 
 867 03bd 685B 1B2D 		.ascii	"h[\033-q\354\237Y\237N\351&\264\3231\0364i\324\233x\235@#\206"
 867      71EC 9F59 
 867      9F4E E926 
 867      B4D3 311E 
 867      3469 D49B 
 868 03d6 127C 1BEB 		.ascii	"\022|\033\353\246\023&\242\371\335\346\272\002B\266\001\257\251"
 868      A613 26A2 
 868      F9DD E6BA 
 868      0242 B601 
 868      AFA9 
 869 03e8 130D C9CF 		.ascii	"\023\r\311\317\310p\001\212\242||q\357\301Qcy\306cy\252\306r"
 869      C870 018A 
 869      A27C 7C71 
 869      EFC1 5163 
 869      79C6 6379 
 870 03ff 2329 A361 		.ascii	"#)\243a\f\306\222\217\261\334\265\244`\365\240\225\314X\320\245"
 870      0CC6 928F 
 870      B1DC B5A4 
 870      60F5 A095 
 870      CC58 D0A5 
 871 0413 89A4 4B13 		.ascii	"\211\244K\023\311\031\214\244\233G\262\263\252i\300HrD$\315\347"
 871      C919 8CA4 
 871      9B47 B2B3 
 871      AA69 C048 
 871      7244 24CD 
 872 0428 776F 0255 		.ascii	"wo\002U)x\204\322s\215\322s\215\322"
 872      2978 84D2 
 872      738D D273 
 872      8DD2 
 873 0436 2E54 7AC1 		.string	".Tz\301\225\262{w\025\023rT(=\260\347\\3\221sb\262'+\210\265\314_j\3134\365l\251\320\007d
 873      95B2 7B77 
 873      1513 7254 
 873      283D B0E7 
 873      5C33 9173 
 874 0537 6DC4 5436 		.string	"m\304T6\362\217\030\237\262\217l\177\361\033\023y\300\267\214\\.\271\225b\006\243\205\037
 874      F28F 189F 
 874      B28F 6C7F 
 874      F11B 1379 
 874      C0B7 8C5C 
 875 0582 3516 3E61 		.ascii	"5\026>a\337\360J\332\r\243\206mU\303\016\345Q\027gT\2364\b\375"
 875      DFF0 4ADA 
 875      0DA3 866D 
 875      55C3 0EE5 
 875      5117 6754 
 876 059a 3A97 BE8B 		.ascii	":\227\276\213\236\312\365\255B?\225\353\323\301\353\016\235v"
 876      9ECA F5AD 
 876      423F 95EB 
 876      D3C1 EB0E 
 876      9D76 
 877 05ac 0F6D 2336 		.ascii	"\017m#6<M\026{\210#\222{\217\037\356\001-\331>\202\274Y!o\346"
 877      3C4D 167B 
 877      8823 927B 
 877      8F1F EE01 
 877      2DD9 3E82 
 878 05c5 E4E7 B543 		.ascii	"\344\347\265C;L\223~\341\337\t\307\376Iy\247i\376\247\020\375"
 878      3B4C 937E 
 878      E1DF 09C7 
 878      FE49 79A7 
 878      69FE A710 
 879 05da 31FF CEA8 		.ascii	"1\377\316\250gl\272<\t\231E\347[O\312\n\363M*\205y\356\264-\234"
 879      676C BA3C 
 879      0999 45E7 
 879      5B4F CA0A 
 879      F34D 2A85 
 880 05f3 66BF 79A2 		.ascii	"f\277y\242\337[\241u\005\322B\203;m+\247\365;\032\177\366Uh\365"
 880      DF5B A175 
 880      05D2 4283 
 880      3B6D 2BA7 
 880      F53B 1A7F 
 881 060b 9F78 A06D 		.ascii	"\237x\240m\343\264m\r\217\367\230U\247\236h\3339\355`\247\263"
 881      E3B4 6D0D 
 881      8FF7 9855 
 881      A79E 68DB 
 881      39ED 60A7 
 882 0620 45A5 B507 		.ascii	"E\245\265\007y\240epZ\325\351\303\245z\355\316\260\217\255kg"
 882      79A0 6570 
 882      5AD5 E9C3 
 882      A57A EDCE 
 882      B08F AD6B 
 883 0635 3295 9D61 		.ascii	"2\225\235a#$\370\255]\027\261:q]\354\364\310\270\230\270\370"
 883      2324 F8AD 
 883      5D17 B13A 
 883      715D ECF4 
 883      C8B8 98B8 
 884 064a 6991 8685 		.ascii	"i\221\206\205\337,\2310\177\356\\\351#ea\332\214\250\231Q\263"
 884      DF2C 9930 
 884      7FEE 5CE9 
 884      2365 61DA 
 884      8CA8 9951 
 885 065f 3F8B F85C 		.ascii	"?\213\370\\\322\257[\265:qNx\"D{\257\211\210\374!j\005\254\367"
 885      D2AF 5BB5 
 885      3A71 4E78 
 885      2244 7BAF 
 885      8988 FC21 
 886 0677 1F69 1D2D 		.ascii	"\037i\035-\221\257\026/\365\n\237\027\027\027\343\027\235\260"
 886      91AF 162F 
 886      F50A 9F17 
 886      1717 E317 
 886      9DB0 
 887 0689 3E3C 312E 		.ascii	"><1.<~\345\362\360U\261kb \036V\302r]\344\242\205\363\b\302\315"
 887      3C7E E5F2 
 887      F055 B16B 
 887      6220 1E56 
 887      C272 5DE4 
 888 06a3 3252 32BA 		.ascii	"2R2\272\370\376\032\323\325q\221\253\242\314\363\277^\0206wF"
 888      F8FE 1AD3 
 888      D571 91AB 
 888      A2CC F3BF 
 888      5E10 3677 
 889 06b8 58F8 FC25 		.ascii	"X\370\374%\213\226.\320\257\211\217[\031\033\025;^\225\210\211"
 889      8B96 2ED0 
 889      AF89 8F5B 
 889      191B 153B 
 889      5E95 8889 
 890 06cc 5A11 9E18 		.ascii	"Z\021\236\030\261<&*\001#0\260(\303f\205'\352\"\243#\342\377"
 890      B13C 262A 
 890      0123 30B0 
 890      28C3 6685 
 890      27EA 22A3 
 891 06e3 01A9 2D94 		.ascii	"\001\251-\224I"
 891      49
 892               		.text
 893               		.section	.gnu.lto_.symtab.98c808c1,"",@progbits
 894 0000 6873 765F 		.string	"hsv_to_rgb_impl"
 894      746F 5F72 
 894      6762 5F69 
 894      6D70 6C00 
 895 0010 00        		.string	""
 896 0011 00        		.string	""
 897 0012 00        		.string	""
 898 0013 00        		.string	""
 899 0014 00        		.string	""
 900 0015 00        		.string	""
 901 0016 00        		.string	""
 902 0017 00        		.string	""
 903 0018 00        		.string	""
 904 0019 00        		.string	""
 905 001a 00        		.string	""
 906 001b E900      		.string	"\351"
 907 001d 00        		.string	""
 908 001e 00        		.string	""
 909 001f 6873 765F 		.string	"hsv_to_rgb"
 909      746F 5F72 
 909      6762 00
 910 002a 00        		.string	""
 911 002b 00        		.string	""
 912 002c 00        		.string	""
 913 002d 00        		.string	""
 914 002e 00        		.string	""
 915 002f 00        		.string	""
 916 0030 00        		.string	""
 917 0031 00        		.string	""
 918 0032 00        		.string	""
 919 0033 00        		.string	""
 920 0034 00        		.string	""
 921 0035 ED00      		.string	"\355"
 922 0037 00        		.string	""
 923 0038 00        		.string	""
 924 0039 6873 765F 		.string	"hsv_to_rgb_nocie"
 924      746F 5F72 
 924      6762 5F6E 
 924      6F63 6965 
 924      00
 925 004a 00        		.string	""
 926 004b 00        		.string	""
 927 004c 00        		.string	""
 928 004d 00        		.string	""
 929 004e 00        		.string	""
 930 004f 00        		.string	""
 931 0050 00        		.string	""
 932 0051 00        		.string	""
 933 0052 00        		.string	""
 934 0053 00        		.string	""
 935 0054 00        		.string	""
 936 0055 EF00      		.string	"\357"
 937 0057 00        		.string	""
 938 0058 00        		.string	""
 939 0059 4349 4531 		.string	"CIE1931_CURVE"
 939      3933 315F 
 939      4355 5256 
 939      4500 
 940 0067 00        		.string	""
 941 0068 02        		.ascii	"\002"
 942 0069 00        		.string	""
 943 006a 00        		.string	""
 944 006b 00        		.string	""
 945 006c 00        		.string	""
 946 006d 00        		.string	""
 947 006e 00        		.string	""
 948 006f 00        		.string	""
 949 0070 00        		.string	""
 950 0071 00        		.string	""
 951 0072 F600      		.string	"\366"
 952 0074 00        		.string	""
 953 0075 00        		.string	""
 954               		.text
 955               		.section	.gnu.lto_.opts,"",@progbits
 956 0000 272D 666E 		.string	"'-fno-openmp' '-fno-openacc' '-fno-pie' '-mn-flash=1' '-mno-skip-bug' '-mmcu=avr5' '-Os' 
 956      6F2D 6F70 
 956      656E 6D70 
 956      2720 272D 
 956      666E 6F2D 
 957               		.text
 958               		.comm	__gnu_lto_v1,1,1
 959               		.comm	__gnu_lto_slim,1,1
 960               		.ident	"GCC: (GNU) 8.4.0"
DEFINED SYMBOLS
                            *ABS*:0000000000000000 color.c
C:\Users\gazed\AppData\Local\Temp\ccR4FEsa.s:2      *ABS*:000000000000003e __SP_H__
C:\Users\gazed\AppData\Local\Temp\ccR4FEsa.s:3      *ABS*:000000000000003d __SP_L__
C:\Users\gazed\AppData\Local\Temp\ccR4FEsa.s:4      *ABS*:000000000000003f __SREG__
C:\Users\gazed\AppData\Local\Temp\ccR4FEsa.s:5      *ABS*:0000000000000000 __tmp_reg__
C:\Users\gazed\AppData\Local\Temp\ccR4FEsa.s:6      *ABS*:0000000000000001 __zero_reg__
C:\Users\gazed\AppData\Local\Temp\ccR4FEsa.s:15     .gnu.debuglto_.debug_info:0000000000000000 color.c.3e4e72a5
                            *COM*:0000000000000001 __gnu_lto_v1
                            *COM*:0000000000000001 __gnu_lto_slim

NO UNDEFINED SYMBOLS
