   1               		.file	"util.c"
   2               	__SP_H__ = 0x3e
   3               	__SP_L__ = 0x3d
   4               	__SREG__ = 0x3f
   5               	__tmp_reg__ = 0
   6               	__zero_reg__ = 1
   7               		.file 1 "c:\\program files\\qmk_msys\\mingw64\\avr\\include\\stdint.h"
   8               		.file 2 "tmk_core/common/util.c"
   9               		.section	.gnu.debuglto_.debug_info,"",@progbits
  10               	.Ldebug_info0:
  11               		.hidden	util.c.cd644d3f
  12               		.weak	util.c.cd644d3f
  13               	util.c.cd644d3f:
  14 0000 C501 0000 		.long	0x1c5
  15 0004 0200      		.word	0x2
  16 0006 0000 0000 		.long	.Ldebug_abbrev0
  17 000a 04        		.byte	0x4
  18 000b 01        		.uleb128 0x1
  19 000c 0000 0000 		.long	.LASF19
  20 0010 0C        		.byte	0xc
  21 0011 0000 0000 		.long	.LASF20
  22 0015 0000 0000 		.long	.LASF21
  23 0019 0000 0000 		.long	.Ldebug_line0
  24 001d 02        		.uleb128 0x2
  25 001e 01        		.byte	0x1
  26 001f 06        		.byte	0x6
  27 0020 0000 0000 		.long	.LASF0
  28 0024 03        		.uleb128 0x3
  29 0025 0000 0000 		.long	.LASF2
  30 0029 01        		.byte	0x1
  31 002a 7E        		.byte	0x7e
  32 002b 16        		.byte	0x16
  33 002c 3000 0000 		.long	0x30
  34 0030 02        		.uleb128 0x2
  35 0031 01        		.byte	0x1
  36 0032 08        		.byte	0x8
  37 0033 0000 0000 		.long	.LASF1
  38 0037 04        		.uleb128 0x4
  39 0038 02        		.byte	0x2
  40 0039 05        		.byte	0x5
  41 003a 696E 7400 		.string	"int"
  42 003e 03        		.uleb128 0x3
  43 003f 0000 0000 		.long	.LASF3
  44 0043 01        		.byte	0x1
  45 0044 80        		.byte	0x80
  46 0045 16        		.byte	0x16
  47 0046 4A00 0000 		.long	0x4a
  48 004a 02        		.uleb128 0x2
  49 004b 02        		.byte	0x2
  50 004c 07        		.byte	0x7
  51 004d 0000 0000 		.long	.LASF4
  52 0051 02        		.uleb128 0x2
  53 0052 04        		.byte	0x4
  54 0053 05        		.byte	0x5
  55 0054 0000 0000 		.long	.LASF5
  56 0058 03        		.uleb128 0x3
  57 0059 0000 0000 		.long	.LASF6
  58 005d 01        		.byte	0x1
  59 005e 82        		.byte	0x82
  60 005f 16        		.byte	0x16
  61 0060 6400 0000 		.long	0x64
  62 0064 02        		.uleb128 0x2
  63 0065 04        		.byte	0x4
  64 0066 07        		.byte	0x7
  65 0067 0000 0000 		.long	.LASF7
  66 006b 02        		.uleb128 0x2
  67 006c 08        		.byte	0x8
  68 006d 05        		.byte	0x5
  69 006e 0000 0000 		.long	.LASF8
  70 0072 02        		.uleb128 0x2
  71 0073 08        		.byte	0x8
  72 0074 07        		.byte	0x7
  73 0075 0000 0000 		.long	.LASF9
  74 0079 05        		.uleb128 0x5
  75 007a 01        		.byte	0x1
  76 007b 0000 0000 		.long	.LASF10
  77 007f 02        		.byte	0x2
  78 0080 78        		.byte	0x78
  79 0081 0A        		.byte	0xa
  80 0082 01        		.byte	0x1
  81 0083 5800 0000 		.long	0x58
  82 0087 9800 0000 		.long	0x98
  83 008b 06        		.uleb128 0x6
  84 008c 0000 0000 		.long	.LASF12
  85 0090 02        		.byte	0x2
  86 0091 78        		.byte	0x78
  87 0092 1C        		.byte	0x1c
  88 0093 5800 0000 		.long	0x58
  89 0097 00        		.byte	0
  90 0098 05        		.uleb128 0x5
  91 0099 01        		.byte	0x1
  92 009a 0000 0000 		.long	.LASF11
  93 009e 02        		.byte	0x2
  94 009f 73        		.byte	0x73
  95 00a0 0A        		.byte	0xa
  96 00a1 01        		.byte	0x1
  97 00a2 3E00 0000 		.long	0x3e
  98 00a6 B700 0000 		.long	0xb7
  99 00aa 06        		.uleb128 0x6
 100 00ab 0000 0000 		.long	.LASF12
 101 00af 02        		.byte	0x2
 102 00b0 73        		.byte	0x73
 103 00b1 1C        		.byte	0x1c
 104 00b2 3E00 0000 		.long	0x3e
 105 00b6 00        		.byte	0
 106 00b7 05        		.uleb128 0x5
 107 00b8 01        		.byte	0x1
 108 00b9 0000 0000 		.long	.LASF13
 109 00bd 02        		.byte	0x2
 110 00be 6C        		.byte	0x6c
 111 00bf 23        		.byte	0x23
 112 00c0 01        		.byte	0x1
 113 00c1 2400 0000 		.long	0x24
 114 00c5 D600 0000 		.long	0xd6
 115 00c9 06        		.uleb128 0x6
 116 00ca 0000 0000 		.long	.LASF12
 117 00ce 02        		.byte	0x2
 118 00cf 6C        		.byte	0x6c
 119 00d0 32        		.byte	0x32
 120 00d1 2400 0000 		.long	0x24
 121 00d5 00        		.byte	0
 122 00d6 05        		.uleb128 0x5
 123 00d7 01        		.byte	0x1
 124 00d8 0000 0000 		.long	.LASF14
 125 00dc 02        		.byte	0x2
 126 00dd 53        		.byte	0x53
 127 00de 09        		.byte	0x9
 128 00df 01        		.byte	0x1
 129 00e0 2400 0000 		.long	0x24
 130 00e4 FF00 0000 		.long	0xff
 131 00e8 06        		.uleb128 0x6
 132 00e9 0000 0000 		.long	.LASF12
 133 00ed 02        		.byte	0x2
 134 00ee 53        		.byte	0x53
 135 00ef 1A        		.byte	0x1a
 136 00f0 5800 0000 		.long	0x58
 137 00f4 07        		.uleb128 0x7
 138 00f5 6E00      		.string	"n"
 139 00f7 02        		.byte	0x2
 140 00f8 54        		.byte	0x54
 141 00f9 0D        		.byte	0xd
 142 00fa 2400 0000 		.long	0x24
 143 00fe 00        		.byte	0
 144 00ff 05        		.uleb128 0x5
 145 0100 01        		.byte	0x1
 146 0101 0000 0000 		.long	.LASF15
 147 0105 02        		.byte	0x2
 148 0106 3E        		.byte	0x3e
 149 0107 09        		.byte	0x9
 150 0108 01        		.byte	0x1
 151 0109 2400 0000 		.long	0x24
 152 010d 2801 0000 		.long	0x128
 153 0111 06        		.uleb128 0x6
 154 0112 0000 0000 		.long	.LASF12
 155 0116 02        		.byte	0x2
 156 0117 3E        		.byte	0x3e
 157 0118 1A        		.byte	0x1a
 158 0119 3E00 0000 		.long	0x3e
 159 011d 07        		.uleb128 0x7
 160 011e 6E00      		.string	"n"
 161 0120 02        		.byte	0x2
 162 0121 3F        		.byte	0x3f
 163 0122 0D        		.byte	0xd
 164 0123 2400 0000 		.long	0x24
 165 0127 00        		.byte	0
 166 0128 05        		.uleb128 0x5
 167 0129 01        		.byte	0x1
 168 012a 0000 0000 		.long	.LASF16
 169 012e 02        		.byte	0x2
 170 012f 2D        		.byte	0x2d
 171 0130 23        		.byte	0x23
 172 0131 01        		.byte	0x1
 173 0132 2400 0000 		.long	0x24
 174 0136 5101 0000 		.long	0x151
 175 013a 06        		.uleb128 0x6
 176 013b 0000 0000 		.long	.LASF12
 177 013f 02        		.byte	0x2
 178 0140 2D        		.byte	0x2d
 179 0141 31        		.byte	0x31
 180 0142 2400 0000 		.long	0x24
 181 0146 07        		.uleb128 0x7
 182 0147 6E00      		.string	"n"
 183 0149 02        		.byte	0x2
 184 014a 2E        		.byte	0x2e
 185 014b 0D        		.byte	0xd
 186 014c 2400 0000 		.long	0x24
 187 0150 00        		.byte	0
 188 0151 05        		.uleb128 0x5
 189 0152 01        		.byte	0x1
 190 0153 0000 0000 		.long	.LASF17
 191 0157 02        		.byte	0x2
 192 0158 25        		.byte	0x25
 193 0159 09        		.byte	0x9
 194 015a 01        		.byte	0x1
 195 015b 2400 0000 		.long	0x24
 196 015f 7A01 0000 		.long	0x17a
 197 0163 06        		.uleb128 0x6
 198 0164 0000 0000 		.long	.LASF12
 199 0168 02        		.byte	0x2
 200 0169 25        		.byte	0x25
 201 016a 1B        		.byte	0x1b
 202 016b 5800 0000 		.long	0x58
 203 016f 07        		.uleb128 0x7
 204 0170 6300      		.string	"c"
 205 0172 02        		.byte	0x2
 206 0173 26        		.byte	0x26
 207 0174 0D        		.byte	0xd
 208 0175 2400 0000 		.long	0x24
 209 0179 00        		.byte	0
 210 017a 05        		.uleb128 0x5
 211 017b 01        		.byte	0x1
 212 017c 0000 0000 		.long	.LASF18
 213 0180 02        		.byte	0x2
 214 0181 1F        		.byte	0x1f
 215 0182 09        		.byte	0x9
 216 0183 01        		.byte	0x1
 217 0184 2400 0000 		.long	0x24
 218 0188 A301 0000 		.long	0x1a3
 219 018c 06        		.uleb128 0x6
 220 018d 0000 0000 		.long	.LASF12
 221 0191 02        		.byte	0x2
 222 0192 1F        		.byte	0x1f
 223 0193 1B        		.byte	0x1b
 224 0194 3E00 0000 		.long	0x3e
 225 0198 07        		.uleb128 0x7
 226 0199 6300      		.string	"c"
 227 019b 02        		.byte	0x2
 228 019c 20        		.byte	0x20
 229 019d 0D        		.byte	0xd
 230 019e 2400 0000 		.long	0x24
 231 01a2 00        		.byte	0
 232 01a3 08        		.uleb128 0x8
 233 01a4 01        		.byte	0x1
 234 01a5 0000 0000 		.long	.LASF22
 235 01a9 02        		.byte	0x2
 236 01aa 15        		.byte	0x15
 237 01ab 23        		.byte	0x23
 238 01ac 01        		.byte	0x1
 239 01ad 2400 0000 		.long	0x24
 240 01b1 06        		.uleb128 0x6
 241 01b2 0000 0000 		.long	.LASF12
 242 01b6 02        		.byte	0x2
 243 01b7 15        		.byte	0x15
 244 01b8 32        		.byte	0x32
 245 01b9 2400 0000 		.long	0x24
 246 01bd 07        		.uleb128 0x7
 247 01be 6300      		.string	"c"
 248 01c0 02        		.byte	0x2
 249 01c1 16        		.byte	0x16
 250 01c2 0D        		.byte	0xd
 251 01c3 2400 0000 		.long	0x24
 252 01c7 00        		.byte	0
 253 01c8 00        		.byte	0
 254               		.section	.gnu.debuglto_.debug_abbrev,"",@progbits
 255               	.Ldebug_abbrev0:
 256 0000 01        		.uleb128 0x1
 257 0001 11        		.uleb128 0x11
 258 0002 01        		.byte	0x1
 259 0003 25        		.uleb128 0x25
 260 0004 0E        		.uleb128 0xe
 261 0005 13        		.uleb128 0x13
 262 0006 0B        		.uleb128 0xb
 263 0007 03        		.uleb128 0x3
 264 0008 0E        		.uleb128 0xe
 265 0009 1B        		.uleb128 0x1b
 266 000a 0E        		.uleb128 0xe
 267 000b 10        		.uleb128 0x10
 268 000c 06        		.uleb128 0x6
 269 000d 00        		.byte	0
 270 000e 00        		.byte	0
 271 000f 02        		.uleb128 0x2
 272 0010 24        		.uleb128 0x24
 273 0011 00        		.byte	0
 274 0012 0B        		.uleb128 0xb
 275 0013 0B        		.uleb128 0xb
 276 0014 3E        		.uleb128 0x3e
 277 0015 0B        		.uleb128 0xb
 278 0016 03        		.uleb128 0x3
 279 0017 0E        		.uleb128 0xe
 280 0018 00        		.byte	0
 281 0019 00        		.byte	0
 282 001a 03        		.uleb128 0x3
 283 001b 16        		.uleb128 0x16
 284 001c 00        		.byte	0
 285 001d 03        		.uleb128 0x3
 286 001e 0E        		.uleb128 0xe
 287 001f 3A        		.uleb128 0x3a
 288 0020 0B        		.uleb128 0xb
 289 0021 3B        		.uleb128 0x3b
 290 0022 0B        		.uleb128 0xb
 291 0023 39        		.uleb128 0x39
 292 0024 0B        		.uleb128 0xb
 293 0025 49        		.uleb128 0x49
 294 0026 13        		.uleb128 0x13
 295 0027 00        		.byte	0
 296 0028 00        		.byte	0
 297 0029 04        		.uleb128 0x4
 298 002a 24        		.uleb128 0x24
 299 002b 00        		.byte	0
 300 002c 0B        		.uleb128 0xb
 301 002d 0B        		.uleb128 0xb
 302 002e 3E        		.uleb128 0x3e
 303 002f 0B        		.uleb128 0xb
 304 0030 03        		.uleb128 0x3
 305 0031 08        		.uleb128 0x8
 306 0032 00        		.byte	0
 307 0033 00        		.byte	0
 308 0034 05        		.uleb128 0x5
 309 0035 2E        		.uleb128 0x2e
 310 0036 01        		.byte	0x1
 311 0037 3F        		.uleb128 0x3f
 312 0038 0C        		.uleb128 0xc
 313 0039 03        		.uleb128 0x3
 314 003a 0E        		.uleb128 0xe
 315 003b 3A        		.uleb128 0x3a
 316 003c 0B        		.uleb128 0xb
 317 003d 3B        		.uleb128 0x3b
 318 003e 0B        		.uleb128 0xb
 319 003f 39        		.uleb128 0x39
 320 0040 0B        		.uleb128 0xb
 321 0041 27        		.uleb128 0x27
 322 0042 0C        		.uleb128 0xc
 323 0043 49        		.uleb128 0x49
 324 0044 13        		.uleb128 0x13
 325 0045 01        		.uleb128 0x1
 326 0046 13        		.uleb128 0x13
 327 0047 00        		.byte	0
 328 0048 00        		.byte	0
 329 0049 06        		.uleb128 0x6
 330 004a 05        		.uleb128 0x5
 331 004b 00        		.byte	0
 332 004c 03        		.uleb128 0x3
 333 004d 0E        		.uleb128 0xe
 334 004e 3A        		.uleb128 0x3a
 335 004f 0B        		.uleb128 0xb
 336 0050 3B        		.uleb128 0x3b
 337 0051 0B        		.uleb128 0xb
 338 0052 39        		.uleb128 0x39
 339 0053 0B        		.uleb128 0xb
 340 0054 49        		.uleb128 0x49
 341 0055 13        		.uleb128 0x13
 342 0056 00        		.byte	0
 343 0057 00        		.byte	0
 344 0058 07        		.uleb128 0x7
 345 0059 34        		.uleb128 0x34
 346 005a 00        		.byte	0
 347 005b 03        		.uleb128 0x3
 348 005c 08        		.uleb128 0x8
 349 005d 3A        		.uleb128 0x3a
 350 005e 0B        		.uleb128 0xb
 351 005f 3B        		.uleb128 0x3b
 352 0060 0B        		.uleb128 0xb
 353 0061 39        		.uleb128 0x39
 354 0062 0B        		.uleb128 0xb
 355 0063 49        		.uleb128 0x49
 356 0064 13        		.uleb128 0x13
 357 0065 00        		.byte	0
 358 0066 00        		.byte	0
 359 0067 08        		.uleb128 0x8
 360 0068 2E        		.uleb128 0x2e
 361 0069 01        		.byte	0x1
 362 006a 3F        		.uleb128 0x3f
 363 006b 0C        		.uleb128 0xc
 364 006c 03        		.uleb128 0x3
 365 006d 0E        		.uleb128 0xe
 366 006e 3A        		.uleb128 0x3a
 367 006f 0B        		.uleb128 0xb
 368 0070 3B        		.uleb128 0x3b
 369 0071 0B        		.uleb128 0xb
 370 0072 39        		.uleb128 0x39
 371 0073 0B        		.uleb128 0xb
 372 0074 27        		.uleb128 0x27
 373 0075 0C        		.uleb128 0xc
 374 0076 49        		.uleb128 0x49
 375 0077 13        		.uleb128 0x13
 376 0078 00        		.byte	0
 377 0079 00        		.byte	0
 378 007a 00        		.byte	0
 379               		.section	.gnu.debuglto_.debug_line,"",@progbits
 380               	.Ldebug_line0:
 381 0000 6D00 0000 		.long	.LELT0-.LSLT0
 382               	.LSLT0:
 383 0004 0200      		.word	0x2
 384 0006 6700 0000 		.long	.LELTP0-.LASLTP0
 385               	.LASLTP0:
 386 000a 01        		.byte	0x1
 387 000b 01        		.byte	0x1
 388 000c F6        		.byte	0xf6
 389 000d F2        		.byte	0xf2
 390 000e 0D        		.byte	0xd
 391 000f 00        		.byte	0
 392 0010 01        		.byte	0x1
 393 0011 01        		.byte	0x1
 394 0012 01        		.byte	0x1
 395 0013 01        		.byte	0x1
 396 0014 00        		.byte	0
 397 0015 00        		.byte	0
 398 0016 00        		.byte	0
 399 0017 01        		.byte	0x1
 400 0018 00        		.byte	0
 401 0019 00        		.byte	0
 402 001a 01        		.byte	0x1
 403 001b 633A 5C70 		.ascii	"c:\\program files\\qmk_msys\\mingw64\\avr\\include"
 403      726F 6772 
 403      616D 2066 
 403      696C 6573 
 403      5C71 6D6B 
 404 0048 00        		.byte	0
 405 0049 746D 6B5F 		.ascii	"tmk_core/common"
 405      636F 7265 
 405      2F63 6F6D 
 405      6D6F 6E
 406 0058 00        		.byte	0
 407 0059 00        		.byte	0
 408 005a 7374 6469 		.string	"stdint.h"
 408      6E74 2E68 
 408      00
 409 0063 01        		.uleb128 0x1
 410 0064 00        		.uleb128 0
 411 0065 00        		.uleb128 0
 412 0066 7574 696C 		.string	"util.c"
 412      2E63 00
 413 006d 02        		.uleb128 0x2
 414 006e 00        		.uleb128 0
 415 006f 00        		.uleb128 0
 416 0070 00        		.byte	0
 417               	.LELTP0:
 418               	.LELT0:
 419               		.section	.gnu.debuglto_.debug_str,"MS",@progbits,1
 420               	.LASF13:
 421 0000 6269 7472 		.string	"bitrev"
 421      6576 00
 422               	.LASF11:
 423 0007 6269 7472 		.string	"bitrev16"
 423      6576 3136 
 423      00
 424               	.LASF15:
 425 0010 6269 746F 		.string	"biton16"
 425      6E31 3600 
 426               	.LASF1:
 427 0018 756E 7369 		.string	"unsigned char"
 427      676E 6564 
 427      2063 6861 
 427      7200 
 428               	.LASF14:
 429 0026 6269 746F 		.string	"biton32"
 429      6E33 3200 
 430               	.LASF18:
 431 002e 6269 7470 		.string	"bitpop16"
 431      6F70 3136 
 431      00
 432               	.LASF7:
 433 0037 6C6F 6E67 		.string	"long unsigned int"
 433      2075 6E73 
 433      6967 6E65 
 433      6420 696E 
 433      7400 
 434               	.LASF10:
 435 0049 6269 7472 		.string	"bitrev32"
 435      6576 3332 
 435      00
 436               	.LASF19:
 437 0052 474E 5520 		.string	"GNU C99 8.4.0 -mn-flash=1 -mno-skip-bug -mmcu=avr5 -gdwarf-2 -Os -std=gnu99 -funsigned-ch
 437      4339 3920 
 437      382E 342E 
 437      3020 2D6D 
 437      6E2D 666C 
 438               	.LASF21:
 439 013a 433A 5C55 		.string	"C:\\Users\\gazed\\qmk_firmware"
 439      7365 7273 
 439      5C67 617A 
 439      6564 5C71 
 439      6D6B 5F66 
 440               	.LASF4:
 441 0156 756E 7369 		.string	"unsigned int"
 441      676E 6564 
 441      2069 6E74 
 441      00
 442               	.LASF22:
 443 0163 6269 7470 		.string	"bitpop"
 443      6F70 00
 444               	.LASF9:
 445 016a 6C6F 6E67 		.string	"long long unsigned int"
 445      206C 6F6E 
 445      6720 756E 
 445      7369 676E 
 445      6564 2069 
 446               	.LASF2:
 447 0181 7569 6E74 		.string	"uint8_t"
 447      385F 7400 
 448               	.LASF8:
 449 0189 6C6F 6E67 		.string	"long long int"
 449      206C 6F6E 
 449      6720 696E 
 449      7400 
 450               	.LASF16:
 451 0197 6269 746F 		.string	"biton"
 451      6E00 
 452               	.LASF12:
 453 019d 6269 7473 		.string	"bits"
 453      00
 454               	.LASF3:
 455 01a2 7569 6E74 		.string	"uint16_t"
 455      3136 5F74 
 455      00
 456               	.LASF20:
 457 01ab 746D 6B5F 		.string	"tmk_core/common/util.c"
 457      636F 7265 
 457      2F63 6F6D 
 457      6D6F 6E2F 
 457      7574 696C 
 458               	.LASF6:
 459 01c2 7569 6E74 		.string	"uint32_t"
 459      3332 5F74 
 459      00
 460               	.LASF5:
 461 01cb 6C6F 6E67 		.string	"long int"
 461      2069 6E74 
 461      00
 462               	.LASF0:
 463 01d4 7369 676E 		.string	"signed char"
 463      6564 2063 
 463      6861 7200 
 464               	.LASF17:
 465 01e0 6269 7470 		.string	"bitpop32"
 465      6F70 3332 
 465      00
 466               		.text
 467               		.section	.gnu.lto_.profile.5a6d6d66,"",@progbits
 468 0000 789C 6367 		.string	"x\234cg`f`d"
 468      6066 6064 
 468      00
 469 0009 0200      		.string	"\002"
 470 000b 00        		.string	""
 471 000c 6200      		.string	"b"
 472 000e 0C        		.ascii	"\f"
 473               		.text
 474               		.section	.gnu.lto_.icf.5a6d6d66,"",@progbits
 475 0000 789C 6367 		.string	"x\234cg`f\260`@"
 475      6066 B060 
 475      4000 
 476 000a 4E86 2B33 		.string	"N\206+37\237ga|\177|\327N6\246\227\313\336\034\342c\376:\375\375\026.\226K\177\357\336\34
 476      379F 6761 
 476      7C7F 7CD7 
 476      4E36 A697 
 476      CBDE 1CE2 
 477 0047 370F 1BE8 		.ascii	"7\017\033\350"
 478               		.text
 479               		.section	.gnu.lto_.jmpfuncs.5a6d6d66,"",@progbits
 480 0000 789C 5D8B 		.ascii	"x\234]\213\333\r\2000\f\003\317\rP\230\232\037\226`\0336kS\311"
 480      DB0D 8030 
 480      0C03 CF0D 
 480      5098 9A1F 
 480      9660 1B36 
 481 0017 8847 A2E8 		.ascii	"\210G\242\350\344S\\\t\016\236\331\220\264\23710\250\222\233"
 481      E453 5C09 
 481      0E9E D990 
 481      B49F 3130 
 481      A892 9B
 482 002a 2C61 3FD9 		.ascii	",a?\331\317\366\213}\275\377A\227D^\023\337\264\272\363\266-"
 482      CFF6 8B7D 
 482      BDFF 4197 
 482      445E 13DF 
 482      B4BA F3B6 
 483 003f F845 3A67 		.ascii	"\370E:g\227\026\364"
 483      9716 F4
 484               		.text
 485               		.section	.gnu.lto_.inline.5a6d6d66,"",@progbits
 486 0000 789C 9D90 		.ascii	"x\234\235\220]\n\3020\020\204g\363[\245H\361A\304\247\234\310"
 486      5D0A C230 
 486      1084 67F3 
 486      5BA5 48F1 
 486      41C4 A79C 
 487 0015 4BD4 F618 		.ascii	"K\324\366\030\2427\360\b\336\302\327\036\315\235`\203\001\253"
 487      A237 F008 
 487      DEC2 D71E 
 487      CD9D 6083 
 487      01AB 
 488 0027 605E 329B 		.ascii	"`^2\233\235owH\204\305CP\316\nh.z\342\t0k*\257*P\270\336\300"
 488      9D6F 7748 
 488      84C5 4350 
 488      CE0A 682E 
 488      7AE2 0930 
 489 0043 D023 B345 		.ascii	"\320#\263E\026-\346\267\305b\243\345\024\006\316\323\004\266"
 489      162D E6B7 
 489      C562 A3E5 
 489      1406 CED3 
 489      04B6 
 490 0055 CBED A1F2 		.ascii	"\313\355\241\362e\031z8\022\016[\255\356n\024AGb\237\273_\b\217"
 490      6519 7A38 
 490      120E 5BAD 
 490      EE6E 1441 
 490      4762 9FBB 
 491 006c 1D09 4F22 		.ascii	"\035\tO\"\221H\3318.\023\001\2141\305\222\n\270\352\303\271\""
 491      9148 D938 
 491      2E13 018C 
 491      31C5 920A 
 491      B8EA C3B9 
 492 0081 0EAF E099 		.ascii	"\016\257\340\231\210h\271#\226T\237\210j\207m\371\211\267\343"
 492      8868 B923 
 492      9654 9F88 
 492      6A87 6DF9 
 492      89B7 E3
 493 0094 7C37 6F13 		.ascii	"|7o\023\322_\023\360\004\006\207W\334"
 493      D25F 13F0 
 493      0406 8757 
 493      DC
 494               		.text
 495               		.section	.gnu.lto_.pureconst.5a6d6d66,"",@progbits
 496 0000 789C 05C1 		.string	"x\234\005\301\201\001"
 496      8101 00
 497 0007 100C 03C1 		.ascii	"\020\f\003\301\320\247\354`\330\214\224\021\335\265JO\322U\030"
 497      D0A7 EC60 
 497      D88C 9411 
 497      DDB5 4A4F 
 497      D255 18
 498 001a 6186 3298 		.ascii	"a\2062\230e\266is\314\007U.\005\210"
 498      65B6 6973 
 498      CC07 552E 
 498      0588 
 499               		.text
 500               		.section	.gnu.lto_bitpop.5a6d6d66,"",@progbits
 501 0000 789C 5553 		.string	"x\234USMOSA\024\275w\356\274\276\327\017?\342FcH`E\220\020\300@\fKW\356\375\005&\024M\210
 501      4D4F 5341 
 501      14BD 77EE 
 501      BCBE D70F 
 501      3FE2 4663 
 502 005f 380F 00   		.string	"8\017"
 503 0062 97F9 8D21 		.string	"\227\371\215!@\241\224\272\350\246=\201R#\231\366\250\211V=)\250Z\337\037\221*\342\274*\3
 503      40A1 94BA 
 503      E8A6 3D81 
 503      5223 99F6 
 503      A889 563D 
 504 00a9 0F08 70A8 		.string	"\017\bp\250\003\007;\f\023\227\261\227\271O\032s\225(\235E`\\\374\234\375\025\356\2317\27
 504      0307 3B0C 
 504      1397 B197 
 504      B94F 1A73 
 504      9528 9D45 
 505 00f7 9D65 D2F4 		.ascii	"\235e\322\364oK\215G\307B\022\337a\267N\246\023\005z\035\374"
 505      6F4B 8D47 
 505      C742 12DF 
 505      61B7 4EA6 
 505      1305 7A1D 
 506 010c A96B AFAB 		.ascii	"\251k\257\253N\240\032\007\323*\370\231\301\205\275p\f\331\034"
 506      4EA0 1A07 
 506      D32A F899 
 506      C185 BD70 
 506      0CD9 1C
 507 011f 051F 82F4 		.ascii	"\005\037\202\364!\365\341\230$,b\201\213\032{\246\0226\225\210"
 507      21F5 E198 
 507      242C 6281 
 507      8B1A 7BA6 
 507      1236 9588 
 508 0133 3901 7204 		.ascii	"9\001r\004\277\367\027GP\005\220'a`6\200\357\250\346\226\317"
 508      BFF7 1747 
 508      5005 9027 
 508      6160 3680 
 508      EFA8 E696 
 509 0148 194F 0DCB 		.ascii	"\031O\r\313\330\204\231\247\023\032i)\247L\027\356\275<q\207"
 509      D884 99A7 
 509      131A 6929 
 509      A74C 17EE 
 509      BD3C 7187 
 510 015c F41C 80AB 		.ascii	"\364\034\200\253\250\007\310\023\025r_*\324j\262c\2255\314\316"
 510      A807 C813 
 510      1572 5F2A 
 510      D46A B263 
 510      9535 CCCE 
 511 0170 E64B 518D 		.ascii	"\346KQ\215}B\237\034V\227\357~\250\273Z\215x\200\370\236\345"
 511      7D42 9F1C 
 511      5697 EF7E 
 511      A8BB 5A8D 
 511      7880 F89E 
 512 0185 35CC FC9B 		.ascii	"5\314\374\233FK\022\314\263\205R\330V\210e\272\321\343\026E\032"
 512      464B 12CC 
 512      B385 52D8 
 512      5688 65BA 
 512      D1E3 1645 
 513 019a 161D 9179 		.ascii	"\026\035\221y\\\3269\273LL\236\226K&\310J[\220\031\327\222\303"
 513      5CD6 39BB 
 513      4C4C 9E96 
 513      4B26 C84A 
 513      5B90 19D7 
 514 01b0 3E85 38C8 		.ascii	">\2058\310\217\217\177F\355\024\210k\034\343P\316S2\311L%\323"
 514      8F8F 7F46 
 514      ED14 886B 
 514      1CE3 50CE 
 514      5332 C94C 
 515 01c6 FCC3 9276 		.ascii	"\374\303\222v*\001\366&d\2611q\214\311\2745\331\304\251\332Z"
 515      2A01 F626 
 515      64B1 3171 
 515      8CC9 BC35 
 515      D9C4 A9DA 
 516 01db 9FF5 709A 		.ascii	"\237\365p\232\213\201]t|r\005p zsj\227\333\363\205(\272\354@"
 516      8B81 5D74 
 516      7C72 0570 
 516      207A 736A 
 516      97DB F385 
 517 01f3 C5E3 6CE1 		.ascii	"\305\343l\341\264/\177\323.\177\273\265q\237\"\246G\204m\245"
 517      B42F 7FD3 
 517      2E7F BBB5 
 517      719F 22A6 
 517      4784 6DA5 
 518 0207 FED6 D0B0 		.ascii	"\376\326\320\260\371\337r:\225\270~%\236\234\270:\020O&\022\311"
 518      F9DF 723A 
 518      95B8 7E25 
 518      9E9C B83A 
 518      104F 2612 
 519 021c 9B03 B753 		.ascii	"\233\003\267S\3437\372\343 G\307S\267N\332\207\376\370\330\205"
 519      E337 FAE3 
 519      2047 C753 
 519      B74E DA87 
 519      FEF8 D885 
 520 0230 E1E1 B1A1 		.ascii	"\341\341\261\241k\200\361\377\013_\356\232"
 520      6B80 F1FF 
 520      0B5F EE9A 
 521               		.text
 522               		.section	.gnu.lto_bitpop16.5a6d6d66,"",@progbits
 523 0000 789C 4D53 		.string	"x\234MS\337KSQ\034\377~\317\367\334\335\271YI/E\f\364!DF\250\241\204\217\375\013\321\037\
 523      DF4B 5351 
 523      1CFF 7ECF 
 523      F7DC DDB9 
 523      5949 2F45 
 524 0063 A701 E01C 		.string	"\247\001\340\034\337\030\002\024J\251\263\256\027\026(u%\2750\355W\305\260\024T\331\332\3
 524      DF18 0214 
 524      4AA9 B3AE 
 524      1716 2875 
 524      25BD 30ED 
 525 00ad D304 D813 		.ascii	"\323\004\330\023\303\356\230A\342K\2143\366\375\306l\341\310"
 525      C3EE 9841 
 525      E24B 8C33 
 525      F6FD C66C 
 525      E1C8 
 526 00bf 0DCA 13A2 		.ascii	"\r\312\023\242\340ee\343\347nX/\005\266\360\362~\260P\216\322"
 526      E065 65E3 
 526      E76E 582F 
 526      05B6 F0F2 
 526      7EB0 508E 
 527 00d4 0904 AE67 		.ascii	"\t\004\256g?\314\277\220\035\005\303\372\345\274j\316\023\341"
 527      3FCC BF90 
 527      1D05 C3FA 
 527      E5BC 6ACE 
 527      13E1 
 528 00e6 2A92 667D 		.ascii	"*\222f}\2151|\205\314\313\275\326\233\334x\203\035\240g>>Z\272"
 528      8D31 7C85 
 528      CCCB BDD6 
 528      9BDC 7883 
 528      1DA0 673E 
 529 00fd 13A1 6E33 		.ascii	"\023\241n3\377vkn\336i_4\363\245O4\246|\257\215m\241o9\352\316"
 529      FF76 6B6E 
 529      DE69 5F34 
 529      F3A5 4F34 
 529      A67C AF8D 
 530 0117 5AEF 9186 		.ascii	"Z\357\221\206\177}\026\314\034\nI,b\273v\256\035\257\351\270"
 530      7F7D 16CC 
 530      1C0A 492C 
 530      62BB 76AE 
 530      1DAF E9B8 
 531 012b F857 F756 		.ascii	"\370W\367V*\216\257\202\332\204\362\203i\\\\\2114!\213Ka\244"
 531      2A8E AF82 
 531      DA84 F283 
 531      695C 5C89 
 531      3421 8B4B 
 532 0141 998D 1112 		.ascii	"\231\215\021\022u\355\230N\310t\\\363\r\220!\370\263\267\334"
 532      75ED 984E 
 532      C874 5CF3 
 532      0D90 21F8 
 532      B3B7 DC
 533 0154 87CA 8771 		.ascii	"\207\312\207q\022\246\034\365\341;\252\205\207q#\242\313%\261"
 533      12A6 1CF5 
 533      E13B AA85 
 533      8771 23A2 
 533      CB25 B1
 534 0167 5F8E 3C18 		.ascii	"_\216<\030\322\225\036e[^\366\326\023\223\027;\301u\275g\346"
 534      D295 1E65 
 534      5B5E F6D6 
 534      1393 173B 
 534      C175 BD67 
 535 017c A06C E673 		.ascii	"\240l\346s\231\016H\266\321LVqtn<\037\325u\2160G:\336\335_\377"
 535      990E 48B6 
 535      D14C 5671 
 535      746E 3C1F 
 535      D575 8E30 
 536 0196 664C BC84 		.ascii	"fL\274\204\265\032G\302\363\f\273;\221o\2620\307\"\265j\233\021"
 536      B51A 47C2 
 536      F30C BB3B 
 536      916F B230 
 536      C722 B56A 
 537 01ac 65EF DC35 		.ascii	"e\357\3345\264\253\r\264\223\256\305\363G\037\370f\351o\277\365"
 537      B4AB 0DB4 
 537      93AE C5F3 
 537      471F F866 
 537      E96F BFF5 
 538 01c0 84F8 8E39 		.ascii	"\204\370\2169\353\343\354\231A\306\243\364\370\177#\255G\001"
 538      EBE3 EC99 
 538      41C6 A3F4 
 538      F87F 23AD 
 538      4701 
 539 01d2 F609 D9DA 		.ascii	"\366\t\331\332\210\b#R\260\"\337p\254\272~\312j\210\306]\023"
 539      8808 2352 
 539      B022 DF70 
 539      ACBA 7ECA 
 539      6A88 C65D 
 540 01e7 EFBA 6476 		.ascii	"\357\272dv\r;(r:q\366G\317\217\356 \3518\304\224\313\2024u\230"
 540      0D3B 2872 
 540      3A71 F647 
 540      CF8F EE20 
 540      E938 C494 
 541 0200 159D C664 		.ascii	"\025\235\306d\037\333d\177\037\304\231#\327p0\234\244>\0224h"
 541      1FDB 647F 
 541      1FC4 9923 
 541      D770 309C 
 541      A43E 1234 
 542 0215 7E37 8EA5 		.ascii	"~7\216\245\223\227/$RC\027\273\022\251d2u\265\353zz\360Jg\002"
 542      9397 2F24 
 542      5243 17BB 
 542      12A9 6432 
 542      75B5 EB7A 
 543 022e 64FF 60FA 		.ascii	"d\377`\372Z\213]t&\006\316\364\366\016\364\\\002L\374\007\207"
 543      5A8B 5D74 
 543      2606 CEF4 
 543      F60E F45C 
 543      024C FC07 
 544 0243 E5ED 9C   		.ascii	"\345\355\234"
 545               		.text
 546               		.section	.gnu.lto_bitpop32.5a6d6d66,"",@progbits
 547 0000 789C 4D53 		.string	"x\234MSMOSA\024\275w\356\274\276\322\2025n4\246\t\335HHc\370\b\304\260\364/\370\013L(\232
 547      4D4F 5341 
 547      14BD 77EE 
 547      BCBE D282 
 547      356E 34A6 
 548 0061 F403 C039 		.string	"\364\003\3009\376\242\017P(\245\316\272)\277@\251\221L\371\351"
 548      FEA2 0F50 
 548      28A5 CEBA 
 548      29BF 40A9 
 548      914C F9E9 
 549 0076 95FC 52D0 		.string	"\225\374R\320\326\366\376\220T\001\347i.\353J\325\356 \232{\312\2170!H:8!$4\257\031\272IX
 549      D6F6 FE90 
 549      5401 E769 
 549      2EEB 4AD5 
 549      EE20 9A7B 
 550 014d 5982 9DFD 		.string	"Y\202\235\375\345!T\036L\2210p\322\203\257\250\026V\242\306D\303Uq"
 550      E521 541E 
 550      4C91 3070 
 550      D283 AFA8 
 550      1656 A2C6 
 551 0166 D30F C634 		.ascii	"\323\017\3064\322\255\034+\225\273\361$\244\007\304Ip]\357\231"
 551      D2AD 1C2B 
 551      95BB F124 
 551      A407 C449 
 551      705D EF99 
 552 017a 3528 97FD 		.ascii	"5(\227\375X\241C\221]4\2355\234,N\025\202\032\347\t\363$\364"
 552      58A1 4391 
 552      5D34 9D35 
 552      9C2C 4E15 
 552      821A E709 
 553 0191 7837 D32F 		.ascii	"x7\323/M7a\203\257\020\226Y\201\211w\246\013m\226\350X\256\366"
 553      4D37 6183 
 553      AF10 9659 
 553      8189 77A6 
 553      0B6D 96E8 
 554 01a8 8D18 5B4E 		.ascii	"\215\030[N\317U#\274\326\"<\343Z>\177\364\221\377\334\3703lS"
 554      CF55 23BC 
 554      D622 3CE3 
 554      5A3E 7FF4 
 554      91FF DCF8 
 555 01bf 21BE 63CD 		.ascii	"!\276c\315f;\247f\222I)S\374\344H\233R\200\275C\026\033\023a"
 555      663B A766 
 555      9249 2953 
 555      FCE4 489B 
 555      5280 BD43 
 556 01d7 4C96 AC49 		.ascii	"L\226\254I\0253\265\365\323\326C\264\356\233x\337\033f\337\260"
 556      1533 B5F5 
 556      D3D6 43B4 
 556      EE9B 78DF 
 556      1B66 DFB0 
 557 01eb 8722 AF67 		.ascii	"\207\"\257g\316\371\350\305\261=$=\0201\347\262!\315\035aG\247"
 557      CEF9 E8C5 
 557      B13D 243D 
 557      1031 E7B2 
 557      21CD 1D61 
 558 0201 75B6 553B 		.ascii	"u\266U;\333\037\207\003\315\223k4\230NR\037\n\0326\277\035\307"
 558      DB1F 8703 
 558      CD93 6B34 
 558      984E 521F 
 558      0A1A 36BF 
 559 0217 93F1 4BE7 		.ascii	"\223\361K\347c\211\261\013\275\261D<\236\270\322{59z\271'\006"
 559      6389 B10B 
 559      BDB1 443C 
 559      9EB8 D27B 
 559      3539 7AB9 
 560 022d 7278 3439 		.ascii	"rx49~\324.zb#g\006\007G\006.\002\306\376\003\212}\357\353"
 560      7ED4 2E7A 
 560      6223 6706 
 560      0747 062E 
 560      02C6 FE03 
 561               		.text
 562               		.section	.gnu.lto_biton.5a6d6d66,"",@progbits
 563 0000 789C 6D93 		.string	"x\234m\223\337KTQ\020\307g\3169\367\307\356\335\325\336\212\020\364IDI\r\245^}\352\337\b\
 563      DF4B 5451 
 563      10C7 67CE 
 563      39F7 C7EE 
 563      DDD5 DE8A 
 564 0061 7603 C071 		.string	"v\003\300q\372b\004Ph\255\033\234\244+\204\244\254L\351\250\n\2561\211&kPIW\t+\324\354P\2
 564      FA62 0450 
 564      68AD 1B9C 
 564      A42B 84A4 
 564      AC4C E9A8 
 565 00e7 D3F1 479F 		.string	"\323\361G\237\357+\222\265\334=\263x\355N\274\374\006w\377\230\226\335\332O\226\231\t\217
 565      EF2B 92B5 
 565      DC3D B378 
 565      ED4E BCFC 
 565      0677 FF98 
 566 0106 289D 14A6 		.string	"(\235\024\246\374\375\335\325\013q[\341(\226\033g\306\221\2176 ]\315\263\341W\226\257W\32
 566      FCFD DDD5 
 566      0B71 5BE1 
 566      2896 1B67 
 566      C691 8F36 
 567 016e 7C82 255C 		.string	"|\202%\\\273\026\324.`\327\357\f\031\241<+1+#T\377\365J\372\2474\365\002\025>\245\3729\35
 567      BB16 D42E 
 567      60D7 EF0C 
 567      19A1 3C2B 
 567      312B 2354 
 568 021f 1538 C92F 		.string	"\0258\311/%U\266\276\b\252bp\273"
 568      2555 B6BE 
 568      08AA 6270 
 568      BB00 
 569 022d B893 076E 		.string	"\270\223\007n\3611\243\005\300%\211X\265\tT\376\007\265h1\212@\205\325?@\240\016\2312\267
 569      F131 A305 
 569      C025 8958 
 569      B509 54FE 
 569      07B5 6831 
 570 028c DB3B 5A0E 		.string	"\333;Z\016\355O\264\265\037\250I\264\265\264\264\265\326\034\355h>\\\235"
 570      ED4F B4B5 
 570      1FA8 49B4 
 570      B5B4 B4B5 
 570      D61C ED68 
 571 02a4 D5D8 DC71 		.ascii	"\325\330\334qd[pS\235h\332S_\337Tw\020\260\365/{\204]$"
 571      645B 7053 
 571      9D68 DA53 
 571      5FDF 5477 
 571      10B0 F52F 
 572               		.text
 573               		.section	.gnu.lto_biton16.5a6d6d66,"",@progbits
 574 0000 789C 6D93 		.string	"x\234m\223[KTQ\024\307\367\332k\237\313\234\271\331S\027\204|)\302 \013\243\347\276C\037 
 574      5B4B 5451 
 574      14C7 F7DA 
 574      6B9F CB9C 
 574      B9D9 5317 
 575 00d9 49CB E785 		.ascii	"I\313\347\205\211o\256YJ\250\240e\357\354\300H\024W\200\240\374"
 575      896F AE59 
 575      4AA8 A065 
 575      EFEC C048 
 575      1457 80A0 
 576 00ee E4B3 FEAB 		.ascii	"\344\263\376\253j\315\020w}\261E\307z\020\3416\240\351z\013*"
 576      6ACD 1077 
 576      7DB1 45C7 
 576      7A10 E136 
 576      A0E9 7A0B 
 577 0103 E126 505F 		.ascii	"\341&P_\272\267\362\230\024p\007\326\bS\363[\237\350J\340z\256"
 577      BAB7 F298 
 577      1470 07D6 
 577      0853 F35B 
 577      9FE8 4AE0 
 578 0119 2F4C F55F 		.ascii	"/L\365_\212\257\036\344\372\331W\330\252\363\351*\262\005y\277"
 578      8AAF 1EE4 
 578      FAD9 57D8 
 578      AAF3 E92A 
 578      B205 79BF 
 579 012d C73F 672B 		.ascii	"\307?g+{"
 579      7B
 580 0132 A5D9 3E76 		.string	"\245\331>vy\2663n+\270\013\253\215s\343\370\036\330\002\350j\356]|n\345\365\354\2376\235\
 580      79B6 336E 
 580      2BB8 0BAB 
 580      8D73 E3F8 
 580      1ED8 02E8 
 581 0233 E4C7 9AC7 		.ascii	"\344\307\232\307y-\234S\262x#\020\311\324\251\334\365\300T\234"
 581      792D 9C53 
 581      B278 2310 
 581      C9D4 A9DC 
 581      F5C0 549C 
 582 0247 EC93 A9F1 		.ascii	"\354\223\251\361.}+x0\n\036\363\203\311T\315\315\202v1\273\035"
 582      2E7D 2B78 
 582      300A 1EF3 
 582      83C9 54CD 
 582      CD82 7631 
 583 025d C21E 2963 		.ascii	"\302\036)c\267\371\230R\030;\222Z\376QY at!;\376g\247\225\245"
 583      B7F9 9852 
 583      183B 925A 
 583      FE51 5920 
 583      6174 213B 
 584 0276 885D 5AC3 		.ascii	"\210]Z\303%\303\036!\233f\035\267\212%\346v\346qO\204s#\213\357"
 584      25C3 1E21 
 584      9B66 1DB7 
 584      8A25 E676 
 584      E671 4F84 
 585 028e C3B8 1364 		.ascii	"\303\270\023d\235\f\275\234~\330\026\363\271%<Y\304\235`n7\204"
 585      9D0C BD9C 
 585      7ED8 16F3 
 585      B925 3C59 
 585      C49D 606E 
 586 02a4 DB2B E376 		.ascii	"\333+\343v\370\230\317a\334\212TX\273\200S\375\347th.6q\2413"
 586      F898 CF61 
 586      DC8A 5458 
 586      BB80 53FD 
 586      E774 682E 
 587 02bc FCD6 707A 		.ascii	"\374\326pzd\313\254\023N\361-sF\346q~\017\347T,\376\n\343L\222"
 587      64CB AC13 
 587      4EF1 2D73 
 587      46E6 717E 
 587      0FE7 542C 
 588 02d5 55E2 FCF0 		.ascii	"U\342\374\360\350k\235\217\t\360t\021f\2221\275\020\314\250\377"
 588      E86B 9D8F 
 588      09F0 7411 
 588      6692 31BD 
 588      10CC A8FF 
 589 02e9 8576 F868 		.ascii	"\205v\370hSt\354\036\277o\224\355G\251\273Kv\223\221\342\004"
 589      5374 EC1E 
 589      BF6F 94ED 
 589      47A9 BB4B 
 589      7693 91E2 
 590 02fe D9CD D2E7 		.ascii	"\331\315\322\347\310=\244\020K\233\033vnM5\355\331V\223jjhhj"
 590      C83D A410 
 590      4B9B 1B76 
 590      6E4D 35ED 
 590      D956 936A 
 591 0316 ACD9 D7BC 		.ascii	"\254\331\327\274c\327\272\224Pu;\232\367V\370\213u\251\372M\033"
 591      63D7 BA94 
 591      5075 3B9A 
 591      F756 F88B 
 591      75A9 FA4D 
 592 032b 37D6 D76E 		.ascii	"7\326\327n\027\320\370\027\255B\302z"
 592      17D0 F817 
 592      AD42 C27A 
 593               		.text
 594               		.section	.gnu.lto_biton32.5a6d6d66,"",@progbits
 595 0000 789C 6D94 		.string	"x\234m\224\333o\314A\024\307\347\314\314\357\376\333[\033\021M\023}\022!)B<\373O$\212Dh\2
 595      DB6F CC41 
 595      14C7 E7CC 
 595      CCEF FEDB 
 595      5B1B 114D 
 596 00af 5BC5 2E01 		.string	"[\305.\001\305\356\267\203\301\254\223JeU\276\343\245\335\271\345\211\022\235\202\261\335
 596      C5EE B783 
 596      C1AC 934A 
 596      6555 BEE3 
 596      A5DD B9E5 
 597 00df 12CB 42D7 		.string	"\022\313B\327\310\263\204.9\324`yp\370hw \252\200a\276m\373\246\313\251\231\307i\354\3635
 597      C8B3 842E 
 597      39D4 6079 
 597      70F8 6877 
 597      20AA 8061 
 598 014d 3FF5 7767 		.ascii	"?\365wg\236Zy5<\262Y\345_U\365\\\370\224\231\002\270\273\344"
 598      9E5A 7935 
 598      3CB2 59E5 
 598      5F55 F55C 
 598      F894 9902 
 599 0164 3A08 1DA4 		.ascii	":\b\035\244\016\226\0166\371q(\272\024=\212>\323s\002\212!\305"
 599      0E96 0E36 
 599      F971 28BA 
 599      143D 8A3E 
 599      D373 028A 
 600 017a 04C5 24C5 		.ascii	"\004\305$\305\024\3505i\3123\024+(VRd\254\005_\026|\f\022T\236"
 600      14E8 3569 
 600      CA33 142B 
 600      2856 5264 
 600      AC05 5F16 
 601 0193 E504 6FA6 		.ascii	"\345\004o\246|c\236\365\201:z\276\325\"\257}\220=\274Ng\272\005"
 601      7C63 9EF5 
 601      813A 7ABE 
 601      D522 AF7D 
 601      903D BC4E 
 602 01aa 919A 77EC 		.ascii	"\221\232w\354<\235\322\247\213\024p\033\017L/\276h\026\027a\343"
 602      3C9D D2A7 
 602      8B14 701B 
 602      0F4C 2FBE 
 602      6816 1761 
 603 01bf 9FDC 07A1 		.ascii	"\237\334\007\241\363\016\001\035\"\205\rO{\337\377pu\203\005"
 603      F30E 011D 
 603      2285 0D4F 
 603      7BDF FF70 
 603      7583 05
 604 01d2 69B8 830D 		.ascii	"i\270\203\ro`S\361\366\0350\213\312G\n\034y\027\242g\233\023"
 604      6F60 53F1 
 604      F61D 308B 
 604      CA47 0A1C 
 604      7917 A267 
 605 01e8 FA6D 557C 		.ascii	"\372mU|\324\317\225\326i\377\375\254'?\210\206\375$\336(\023"
 605      D4CF 95D6 
 605      69FF FDAC 
 605      273F 8886 
 605      FD24 DE28 
 606 01fd 1BCA CC5E 		.ascii	"\033\312\314^\354:\231\265#\263i\270G\223sB\226qr:\211\016\341"
 606      EC3A 99B5 
 606      23B3 69B8 
 606      4793 7342 
 606      9671 723A 
 607 0214 4739 8DB4 		.ascii	"G9\215\264i\344\3738$\216*\216=|\275\265]DH.tOD\342\243\fC\272"
 607      69E4 FB38 
 607      248E 2A8E 
 607      3D7C BDB5 
 607      5D44 482E 
 608 0230 4A71 862E 		.ascii	"Jq\206.E\241\377\013\f\201\257O\214\357\357/\202v#J\375\275\200"
 608      45A1 FF0B 
 608      0C81 AF4F 
 608      8CEF EF2F 
 608      8276 234A 
 609 0247 86AC 71A0 		.ascii	"\206\254q\240\375\361\240\234\304\001#\242\253\256\334%\343*"
 609      FDF1 A09C 
 609      C401 23A2 
 609      ABAE DC25 
 609      E32A 
 610 0259 8DFE D155 		.ascii	"\215\376\321U\317\267\334\316 \202u\241\207\236L\266f\3640p\025"
 610      CFB7 DCCE 
 610      2082 75A1 
 610      879E 4CB6 
 610      66F4 3070 
 611 026e C1DB 31F0 		.ascii	"\301\3331\360A\031\274C\333\374\214\203\027\250\226\3376\013"
 611      4119 BC43 
 611      DBFC 8C83 
 611      17A8 96DF 
 611      360B 
 612 0280 24DC 9F08 		.ascii	"$\334\237\b/\306\340\035<,\211\360\334*|\326\360\001\332\324"
 612      2FC6 E01D 
 612      3C2C 89F0 
 612      DC2A 7CD6 
 612      F001 DAD4 
 613 0294 75DA 2A7D 		.ascii	"u\332*}&ng\034\367\357xnA\342H\034w\006\255\243\241\276vu\315"
 613      266E 671C 
 613      F7EF 786E 
 613      41E2 481C 
 613      7706 ADA3 
 614 02ad BC91 121E 		.ascii	"\274\221\022\036L\342\316\020\267\033\303\035\226q\273\264\315"
 614      4CE2 CE10 
 614      B71B C31D 
 614      9671 BBB4 
 614      CD
 615 02be 89B6 186E 		.ascii	"\211\266\030n\211*ns\277\367\300\361T\304\315\341\341Dn9\306"
 615      892A 6E73 
 615      BFF7 C0F1 
 615      54C4 CDE1 
 615      E144 6E39 
 616 02d3 EDE2 39D9 		.ascii	"\355\3429\331\310)\234\302\200\346\016\321\246\2563Ni\200\270"
 616      C829 9CC2 
 616      80E6 0ED1 
 616      A6AE 334E 
 616      6980 B8
 617 02e6 BD71 DCA7 		.ascii	"\275q\334\247\332b\271%\211g\332b\270+\320:\032z\361\345\356"
 617      DA62 B925 
 617      8967 DA62 
 617      B82B D03A 
 617      1A7A F1E5 
 618 02fb E630 E2E6 		.ascii	"\3460\342\346\360h\022w\005q\3731\334\2112n/\272\277q\334\026"
 618      F068 1277 
 618      0571 FB31 
 618      DC89 326E 
 618      2FBA BF71 
 619 0311 AA30 7B02 		.ascii	"\2520{\002\2475\306\351\341\271\270\310%\275\302\240\346L\240"
 619      A735 C6E9 
 619      E1B9 B8C8 
 619      25BD C2A0 
 619      E64C A0
 620 0324 2D5D 5778 		.ascii	"-]Wx\245A\342\f\306_\340xN+\272\300q\234\225h\0259?\335\373\276"
 620      A541 E20C 
 620      C65F E078 
 620      4E2B BAC0 
 620      719C 9568 
 621 033e 24C2 0478 		.ascii	"$\302\004x<\t\263\2220\303\030\314dt\217\r\332G\334vu47I\366"
 621      3C09 B392 
 621      30C3 18CC 
 621      6474 8F0D 
 621      DA47 DC76 
 622 0357 9338 DD47 		.ascii	"\2238\335G\273\225A\351\033\332m\301\337!\232\301\031\233\332"
 622      BB95 41E9 
 622      1BDA 6DC1 
 622      DF21 9AC1 
 622      199B DA
 623 036a 54BF 7271 		.ascii	"T\277rq]\343\352es\352\032\353\353\033\033\346\254mZ\261\252"
 623      5DE3 EA65 
 623      73EA 1AEB 
 623      EB1B 1BE6 
 623      AC6D 5AB1 
 624 037f B68E C925 		.ascii	"\266\216\311%+\232\326\244\243\242\266n\351\302\005\013\226\316"
 624      2B9A D6A4 
 624      A3A2 B66E 
 624      E9C2 050B 
 624      96CE 
 625 0391 5FCE A0E1 		.ascii	"_\316\240\341\037\325\004\032!"
 625      1FD5 041A 
 625      21
 626               		.text
 627               		.section	.gnu.lto_bitrev.5a6d6d66,"",@progbits
 628 0000 789C 6D53 		.string	"x\234mSMk\023Q\024\275w\336$\2234\237\375H\323\204\210.K\013\215\220\342\332\225n\374\017
 628      4D6B 1351 
 628      14BD 77DE 
 628      2493 349F 
 628      FD48 D384 
 629 005f 4803 C02E 		.string	"H\003\300.\372\242"
 629      FAA2 00
 630 0066 34A4 94FB 		.ascii	"4\244\224\373\255i\237\201\310\223)}\bE\003\2138+\316\n\334X"
 630      AD69 9F81 
 630      C893 297D 
 630      0845 038B 
 630      382B CE0A 
 631 007c F9B8 1918 		.ascii	"\371\270\031\030\271!eI\332\215\373\326\313\231WR,\220\3039R"
 631      B921 6549 
 631      DA8D FBD6 
 631      CB99 5752 
 631      2C90 C339 
 632 0091 6652 B837 		.ascii	"fR\2707\005\374\301\2078B\313\227\332\213+\001\221D\240\271\376"
 632      05FC C187 
 632      3842 CB97 
 632      DA8B 2B01 
 632      9144 A0B9 
 633 00a6 BAFC D53F 		.ascii	"\272\374\325?\274\244\204o\016\310 \211\360\021\212\016\0351"
 633      BCA4 846F 
 633      0EC8 2089 
 633      F011 8A0E 
 633      1D31 
 634 00b8 BB57 11F0 		.ascii	"\273W\021\3601\016\003+\336\337i\237\017yM\266f\313'\350\005"
 634      310E 032B 
 634      DEDF 699F 
 634      0F79 4DB6 
 634      66CB 27E8 
 635 00cd A4E1 F69A 		.ascii	"\244\341\366\232\307\226\355\355\232\264\227\257\343\372\301"
 635      C796 EDED 
 635      9AB4 97AF 
 635      E3FA C1
 636 00dc 1492 100D 		.ascii	"\024\222\020\r\006A`\230\004\302\303\223\227\301\342\013\037"
 636      0641 6098 
 636      04C2 C393 
 636      97C1 E20B 
 636      1F
 637 00ed 839F 8F3D 		.ascii	"\203\237\217=\f\001>\006y\n1\204\031\"\314E\031z\371\330\307"
 637      0C01 3E06 
 637      790A 3184 
 637      1922 CC45 
 637      197A F9D8 
 638 0102 D0CF C701 		.ascii	"\320\317\307\001\236b\f\203\fq\344|C*eBa\322I\\\021P\242\027"
 638      9E62 0C83 
 638      0C71 E47C 
 638      432A 6542 
 638      61D2 495C 
 639 011a 66A2 B4A1 		.ascii	"f\242\264\241*\214i5\227m\370\200r\361\307\234G\345\337\300\322"
 639      2A8C 6935 
 639      976D F880 
 639      72F1 C79C 
 639      47E5 DFC0 
 640 012f 56ED A6C5 		.ascii	"V\355\246\305sC`C\304\211)\377\254\242&\f\342\250\367\267\313"
 640      7343 6043 
 640      C489 29FF 
 640      ACA2 260C 
 640      E2A8 F7B7 
 641 0144 9596 98A1 		.ascii	"\225\226\230\241\267\212h\342SLiU\313Q\t\332c\325V\265\025\320"
 641      B78A 68E2 
 641      534C 6955 
 641      CB51 09DA 
 641      63D5 56B5 
 642 015a 8C49 3EFF 		.ascii	"\214I>\377\366\034/\017\361\274V\377+\324Z\217\223Ahr\210xJX"
 642      F61C 2F0F 
 642      F1BC 56FF 
 642      2BD4 5A8F 
 642      9341 6872 
 643 0172 DAC3 47EE 		.ascii	"\332\303G\356A\224J\374\2533\361\254_o[|\333\231\330G\034%^}"
 643      4194 4AFC 
 643      AB33 F1AC 
 643      5F6F 5B7C 
 643      DB99 D847 
 644 018a 7B61 29A2 		.ascii	"{a)\242\023\033hw%\361\323\032\213\346\377\020=\304\261\250\331"
 644      131B 6877 
 644      25F1 D31A 
 644      8BE6 FF10 
 644      3DC4 B1A8 
 645 019f FE12 6691 		.ascii	"\376\022f\221\201\207\360\231\022Q\251\007\021\275\024 \347\377"
 645      8187 F099 
 645      1251 A907 
 645      11BD 1420 
 645      E7FF 
 646 01b1 AC82 C4BB 		.ascii	"\254\202\304\273\254B\304\221\325\372\275\205\253!m\225\301\347"
 646      AC42 C491 
 646      D5FA BD85 
 646      AB21 6D95 
 646      C1E7 
 647 01c3 DAAA 5E7B 		.ascii	"\332\252^{\347\244\016\253G\206\334\305\023\304w\025O\250\342"
 647      E7A4 0EAB 
 647      4786 DCC5 
 647      13C4 7715 
 647      4FA8 E2
 648 01d6 DB3B 158F 		.ascii	"\333;\025\217\360mg\361(q8\352N\327K\264+]\037q\224n\255\371"
 648      F06D 67F1 
 648      2871 38EA 
 648      4ED7 4BB4 
 648      2B5D 1F71 
 649 01ee E9AE 57A7 		.ascii	"\351\256W\247\273U\304\027\335M\373w\260\032 \332e\025#\216\254"
 649      BB55 C417 
 649      DD4D FB77 
 649      B01A 20DA 
 649      6515 238E 
 650 0203 2ECE 7F2F 		.ascii	".\316\177/h\247&\340rw\321A\365\310\230\273h\222\370\256\242"
 650      68A7 26E0 
 650      7277 D141 
 650      F5C8 98BB 
 650      6892 F8AE 
 651 0218 4955 F4DA 		.ascii	"IU\364\332\031]\3643\226\256L9\273\374G\253\b\324\277]\003 ^"
 651      195D F433 
 651      96AE 4C39 
 651      BBFC 47AB 
 651      08D4 BF5D 
 652 022f C81D 3F9C 		.ascii	"\310\035?\234\315O\035Mg\363\271\\\376d\372ta\362\304X\026\314"
 652      CD4F 1D4D 
 652      67F3 B95C 
 652      FE64 FA74 
 652      61F2 C458 
 653 0245 2393 8553 		.ascii	"#\223\205SQ}\030\313N\354\033\037\237\310\034\203\337\251)/\362"
 653      517D 18CB 
 653      4EEC 1B1F 
 653      9FC8 1C83 
 653      DFA9 292F 
 654               		.text
 655               		.section	.gnu.lto_bitrev16.5a6d6d66,"",@progbits
 656 0000 789C 6D52 		.ascii	"x\234mR\317KTQ\024>\337;\367\375\230q$wA\030\271\024\027\016"
 656      CF4B 5451 
 656      143E DF3B 
 656      F7FD 9871 
 656      2477 4118 
 657 0018 91B4 6ED7 		.ascii	"\221\264n\327:\372\003\202\306\002\251q\300\246\265w\336\214"
 657      3AFA 0382 
 657      C602 A971 
 657      C0A6 B577 
 657      DE8C 
 658 002a 331A 4494 		.ascii	"3\032D\224\3240\211a\022\242\265\210(hQ\331\323\020\021\nB\""
 658      D430 8961 
 658      12A2 B588 
 658      2868 51D9 
 658      D310 110A 
 659 0040 DCB4 09A9 		.ascii	"\334\264\t\251\210\326A!\243\347\274\373\026\025=x\207s\276\373"
 659      88D6 4121 
 659      A3E7 BCFB 
 659      1615 3D78 
 659      8773 BEFB 
 660 0054 9D73 BEF7 		.ascii	"\235s\276\367\275\033\022\323\031\217\250HDG\345\005\023<k\355"
 660      BD1B 12D3 
 660      198F A848 
 660      4447 E505 
 660      133C 6BED 
 661 0068 A9B0 1679 		.ascii	"\251\260\026y\200f\306F\240I\017\223\230\341\233\214\255\235"
 661      8066 C646 
 661      A049 0F93 
 661      98E1 9B8C 
 661      AD9D 
 662 007a B9A5 43D3 		.ascii	"\271\245C\323\334Q\242\224\333;_\177FZ\002}Rn<\372r/?\264lml"
 662      DC51 A294 
 662      DB3B 5F7F 
 662      465A 027D 
 662      526E 3CFA 
 663 0095 93F6 C7F0 		.ascii	"\223\366\307\360\356\265\367V\316<\232\025\372K\364\343\005\372"
 663      EEB5 F756 
 663      CE3C 9A15 
 663      FA4B F4E3 
 663      05FA 
 664 00a7 491F BCC2 		.ascii	"I\037\274\302\220\320\347\273\213\233=|\004$\371\334\273\373"
 664      90D0 E7BB 
 664      8B9B 3D7C 
 664      0424 F9DC 
 664      BBFB 
 665 00b9 CFCC E052 		.ascii	"\317\314\340R\332\272{\326\026\244\r\253\340\277:\005;\366\020"
 665      DABA 7BD6 
 665      16A4 0DAB 
 665      E0BF 3A05 
 665      3BF6 10
 666 00cc 84D7 1824 		.ascii	"\204\327\030$\355\371"
 666      EDF9 
 667 00d2 FCA4 7BBB 		.string	"\374\244{\27370:^\207&\b\b\222<\336\366\023\333\335o\331\344\303\003|:\335\013i\024\021\0
 667      3730 3A5E 
 667      8726 0808 
 667      923C DEF6 
 667      13DB DD6F 
 668 01d3 BB44 BC32 		.ascii	"\273D\2742"
 669               		.text
 670               		.section	.gnu.lto_bitrev32.5a6d6d66,"",@progbits
 671 0000 789C 6D52 		.string	"x\234mR\317k\023a\020\235\267\263\233\335\220\206\366&H\305\036K\017\315\301\332\213\027o
 671      CF6B 1361 
 671      109D B7B3 
 671      9BDD 9086 
 671      F626 48C5 
 672 00cc C26B 0C93 		.ascii	"\302k\f\223j\276lt\037\3463\256\266\327\24612\004I\326w\274\330"
 672      6ABE 6C74 
 672      1FE6 33AE 
 672      B6D7 A631 
 672      3204 49D6 
 673 00e3 747B 0D13 		.ascii	"t{\r\023\177Z\301\257+}\020\241\230\220\300\022\\W\203\247!\243"
 673      7F5A C1AF 
 673      2B7D 10A1 
 673      9890 C012 
 673      5C57 83A7 
 674 00f9 98AF 21D0 		.ascii	"\230\257!\3202\013\355\234K\373\327\230BY\200\013\023S\235\235"
 674      320B ED9C 
 674      4BFB D798 
 674      4259 800B 
 674      1353 9D9D 
 675 010d 6A92 CFC5 		.ascii	"j\222\317\305\264\007\263\274\177\317K\246}Ex\322\370\226\344"
 675      B407 B3BC 
 675      7FCF 4BA6 
 675      7D45 78D2 
 675      F896 E4
 676 0120 4D46 93B3 		.ascii	"MF\223\263\364\035\321\220-\035\275\340\332\373^6BX\rZ\354-\261"
 676      F41D D190 
 676      2D1D BDE0 
 676      DAFB 5E36 
 676      4258 0D5A 
 677 0137 98C3 1622 		.ascii	"\230\303\026\"\220\220[\234\312\337\261\345\263H\004\231\373"
 677      9090 5B9C 
 677      CADF B1E5 
 677      B348 0499 
 677      FB
 678 0148 5D6F E72D 		.ascii	"]o\347-\342\n(Mvv\367\217\003\335\261\217\001l\313\036\204tR"
 678      E20A 284D 
 678      7676 F78F 
 678      03DD B18F 
 678      016C CB1E 
 679 015f EF5C B424 		.ascii	"\357\\\264$O\246\246\2504k\367[T\017\376\362\342\377\337\313"
 679      4FA6 A6A8 
 679      346B F75B 
 679      540F FEF2 
 679      E2FF DFCB 
 680 0173 1BEB 25F3 		.ascii	"\033\353%\363\307\013,=\020\205Ny\320h\247\346r\211\233@.\037"
 680      C70B 2C3D 
 680      1085 4E79 
 680      D068 A7E6 
 680      7289 9B40 
 681 0189 262D 7545 		.ascii	"&-uE\202&\313\370\221.\343'\302g\323)]\277G\215a\227&?\330\231"
 681      8226 CBF8 
 681      912E E327 
 681      C267 D329 
 681      5DBF 478D 
 682 01a3 4AE9 E6D5 		.ascii	"J\351\346\325by\372z\241X.\225\312\267\n\267+\223S\243Er\257"
 682      6279 FA7A 
 682      A158 2E95 
 682      CAB7 0AB7 
 682      2B93 53A3 
 683 01ba 4D56 6606 		.ascii	"MVf\006l1Z\234\030\037\033\233\270p\203N\001Q\364\270\211"
 683      6C31 5A9C 
 683      181F 1B9B 
 683      B870 834E 
 683      0151 F4B8 
 684               		.text
 685               		.section	.gnu.lto_.symbol_nodes.5a6d6d66,"",@progbits
 686 0000 789C 6DC9 		.string	"x\234m\311\261\r\2000\fD\321K\034\354\210\211hY\205E.d\002\306`\006\206`\027Z*P\244\320\3
 686      B10D 8030 
 686      0C44 D14B 
 686      1CEC 8889 
 686      6859 8545 
 687 002a 2288 EBDE 		.ascii	"\"\210\353\336\247\260\235x\023G\231\321~`p\177dt\277Pj)%\375"
 687      A7B0 9D78 
 687      1347 99D1 
 687      7E60 707F 
 687      6474 BF50 
 688 0042 2031 F930 		.ascii	" 1\3710p\360A\251>\030\315\207\314\354\202\230\256\355/_U\225"
 688      70F0 41A9 
 688      3E18 CD87 
 688      CCEC 8298 
 688      AEED 2F5F 
 689 0058 6C7D F6AA 		.ascii	"l}\366\252\212\007\305\322A\306"
 689      8A07 C5D2 
 689      41C6 
 690               		.text
 691               		.section	.gnu.lto_.refs.5a6d6d66,"",@progbits
 692 0000 789C 6367 		.string	"x\234cg`f`d"
 692      6066 6064 
 692      00
 693 0009 0200      		.string	"\002"
 694 000b 00        		.string	""
 695 000c 6200      		.string	"b"
 696 000e 0C        		.ascii	"\f"
 697               		.text
 698               		.section	.gnu.lto_.decls.5a6d6d66,"",@progbits
 699 0000 789C 7595 		.ascii	"x\234u\225]LTG\024\307\347\334Y\330ee\213!\306\222\206\244\004"
 699      5D4C 5447 
 699      14C7 E7DC 
 699      59D8 6565 
 699      8B21 C692 
 700 0017 1F7C 5360 		.ascii	"\037|S`\t)\351C\233\264I\237\332"
 700      0929 E943 
 700      9BB4 499F 
 700      DA
 701 0024 279B C6BE 		.string	"'\233\306\276\330\024iB\252`\f\230\364\245\035h\240\364\223%\264h\224\017m\255\212\251J\3
 701      D814 6942 
 701      AA60 0C98 
 701      F4A5 1D68 
 701      A0F4 9325 
 702 0125 FB9E EAE0 		.ascii	"\373\236\352\340L\272\352\313\351\376\200\210\330\271A\355a\177"
 702      4CBA EACB 
 702      E9FE 8088 
 702      D8B9 41ED 
 702      617F 
 703 0137 5B28 3DEF 		.ascii	"[(=\357\254P\305Q\314\3402p\322\311\335 \347;\332O]uq7\371\216"
 703      AC50 C551 
 703      CCE0 3270 
 703      D2C9 DD20 
 703      E73B DA4F 
 704 0151 CD85 3C0E 		.ascii	"\315\205<\016g\275\0205\302{T\244f1pgC^6\203n \355.\310c\360"
 704      67BD 1035 
 704      C27B 54A4 
 704      6631 7067 
 704      435E 3683 
 705 016c 1B64 C325 		.ascii	"\033d\303%\300A/81f\350\310\351U\211\262\023Qb\\c\331\251X\272"
 705      C041 2F38 
 705      3166 E8C8 
 705      E955 89B2 
 705      1351 625C 
 706 0185 1A03 6127 		.ascii	"\032\003a'\177\231\3327F\217\234\310\300\251L'\0302tt\356\221"
 706      7F99 DA37 
 706      468F 9CC8 
 706      C0A9 4C27 
 706      1832 7474 
 707 019b 03BB 9B9C 		.ascii	"\003\273\233\234\260\021\273su\265S)j\365A!\234\270z/.uU.\365"
 707      B011 BB73 
 707      75B5 5329 
 707      6AF5 4121 
 707      9CB8 7A2F 
 708 01b4 3B90 1EAD 		.ascii	";\220\036\255\177\005\007{\344`\037\255\037\351]\372\305\216"
 708      7F05 077B 
 708      E460 1FAD 
 708      1FE9 5DFA 
 708      C58E 
 709 01c6 225B E5FA 		.ascii	"\"[\345\372\261X\206F\260U\021t\034o\374>\225\277N\355\007\355"
 709      B158 8646 
 709      B055 1174 
 709      1C6F FC3E 
 709      95BF 4EED 
 710 01dc B5AB 5C11 		.ascii	"\265\253\\\021\330\260{\267-6\354R\0049R\353\314\255\232TE\020"
 710      D8B0 7BB7 
 710      2D36 EC52 
 710      0439 52EB 
 710      CCAD 9A54 
 711 01f2 1522 1309 		.ascii	"\025\"\023\t\372q\261?\344b7\200\364\210\340:\016^\223\203>\""
 711      FA71 B13F 
 711      E462 3780 
 711      F488 E03A 
 711      0E5E 9383 
 712 0208 E8FC A9F3 		.ascii	"\350\374\251\363\260-\b\023\200\007NI$s\t\314\n\310T\037\250"
 712      B02D 0813 
 712      8007 4E49 
 712      2473 09CC 
 712      0AC8 541F 
 713 021d 8BB5 A12A 		.ascii	"\213\265\241*s\bL7f\265M/5n\254\t\322\003\314\324\213YEi\233"
 713      7308 4C37 
 713      66B5 4D2F 
 713      356E AC09 
 713      D203 CCD4 
 714 0236 2E6B 8272 		.ascii	".k\202r\314\260rF\351\233n\3702\344KSP\272\032\3003\223jamZ\337"
 714      CCB0 7246 
 714      E99B 6EF8 
 714      32E4 4B53 
 714      50BA 1AC0 
 715 0251 2558 49D9 		.ascii	"%XI\3314\3263n\3607\351\234?=15\230\302wP\273\271\333\333\222"
 715      34D6 336E 
 715      F037 E99C 
 715      3F3D 3135 
 715      98C2 7750 
 716 026a 6133 18DC 		.ascii	"a3\030\334\242\304\223\347\034~|=\rG(\207\340\200M\216\325\017"
 716      A2C4 93E7 
 716      1C7E 7C3D 
 716      0D47 2887 
 716      E080 4D8E 
 717 0280 F4B5 BAB2 		.ascii	"\364\265\272\262\232e\222z\205\310\001\232R\351\307`\b\262\360"
 717      9A65 927A 
 717      85C8 019A 
 717      52E9 C760 
 717      08B2 F0
 718 0293 ED07 9B8A 		.ascii	"\355\007\233\212_\t\315\034um9&:\247\2047r\244\360\347\216j\321"
 718      5F09 CD1C 
 718      756D 3926 
 718      3AA7 8437 
 718      72A4 F0E7 
 719 02aa 2984 E755 		.ascii	")\204\347U\233t\204\233xU\362\236\030\fb\200\354J\312\001\bB"
 719      9B74 849B 
 719      7855 F29E 
 719      180C 6280 
 719      EC4A CA01 
 720 02c0 EE0F 9CC1 		.ascii	"\356\017\234\3010lA\tqa>l\343U\0048\360\357\303\373\006\341\364"
 720      306C 4109 
 720      7161 3E6C 
 720      E355 0438 
 720      F0EF C3FB 
 721 02d7 C571 4E77 		.ascii	"\305qNw\177\036\335\220\f\3476\341\374i\341\204/\376\350w\232"
 721      7F1E DD90 
 721      0CE7 36E1 
 721      FC69 E184 
 721      2FFE E877 
 722 02ec 384F 9B78 		.ascii	"8O\233x\255\360VcX\256t\203\021\013\006\003F4\222\307x\036w\210"
 722      ADF0 5663 
 722      58AE 7483 
 722      110B 0603 
 722      4634 92C7 
 723 0304 A4E5 CB60 		.ascii	"\244\345\313`\324\340\037\023\311\350\345\331\023\212\304\027"
 723      D4E0 1F13 
 723      C9E8 E5D9 
 723      138A C417 
 724 0314 27B9 3D10 		.ascii	"'\271=\020[u&#\271K$c\026I\363\275\373\301t\223da\207\370\nc"
 724      5B75 2623 
 724      B94B 2463 
 724      1649 F3BD 
 724      FBC1 7493 
 725 032e 3C86 7482 		.ascii	"<\206t\202Q\215cT\343\360#G\2008\372[\016\371\\\3743Hrg\213-"
 725      518D 6354 
 725      E3F0 2347 
 725      8038 FA5B 
 725      0EF9 5CFC 
 726 0348 DEA7 7653 		.ascii	"\336\247vSz\351|\032m\322+\f:\361\361\370\211O\310\023\037\327"
 726      7AE9 7C1A 
 726      6DD2 2B0C 
 726      3AF1 F1F8 
 726      894F C813 
 727 035e F44F A1C6 		.ascii	"\364O\241\306$\351{<KO\034\374k\245\337\337\360\244\316\272\301"
 727      24E9 7B3C 
 727      4B4F 1CFC 
 727      6BA5 DFDF 
 727      F0A4 CEBA 
 728 0373 4707 AD23 		.ascii	"G\007\255#3\350\310\202\032jP\223\212a\362M\221TW\244w\3429\376"
 728      33E8 C882 
 728      1A6A 5093 
 728      8A61 F24D 
 728      9154 57A4 
 729 038b 9D92 AAAD 		.ascii	"\235\222\252\255\255\251\336`J\335}!\256$7\035\322\224B\232\322"
 729      ADA9 DE60 
 729      4ADD 7D21 
 729      AE24 371D 
 729      D294 429A 
 730 03a0 6D54 9A26 		.ascii	"mT\232&\245[\355m7]\2745\331\246\333c\301\016\251\035E\355p\353"
 730      A55B ED6D 
 730      375D BC35 
 730      D9A6 DB63 
 730      C10E A91D 
 731 03b8 E611 210E 		.ascii	"\346\021!\016\tQ\237C\233\236\211o\372/\271\351\031M\037\377"
 731      0951 9F43 
 731      9B9E 896F 
 731      FA2F B9E9 
 731      194D 1FFF 
 732 03cc A230 4BFA 		.ascii	"\2420K\372\221\201\320I\007?\016I\363\354\350\305\366\361T\375"
 732      9181 D049 
 732      073F 0E49 
 732      F3EC E8C5 
 732      F6F1 54FD 
 733 03e0 76FB B4DB 		.ascii	"v\373\264\333\235\247\333\235\263n\267\341b\303;&\314d\333&?"
 733      9DA7 DB9D 
 733      B36E B7E1 
 733      62C3 3B26 
 733      CC64 DB26 
 734 03f5 C160 087A 		.ascii	"\301`\bzAX\333iX#9\204$\367\210\344X\323\267\323i\374\f$\315"
 734      4158 DB69 
 734      5823 3984 
 734      24F7 88E4 
 734      58D3 B7D3 
 735 040e B35F 975B 		.ascii	"\263_\227[\277y&\343}\032\311}\""
 735      BF79 26E3 
 735      7D1A C97D 
 735      22
 736 041b F9DB 2239 		.string	"\371\333\"9\033\211\fZyv\345\305\370\231\243\027,h$\013\032\311G\f\026%\b\277\020\013\371
 736      1B89 0C5A 
 736      7976 E5C5 
 736      F899 A317 
 736      2C68 240B 
 737 051c 0851 912A 		.ascii	"\bQ\221*"
 738               		.text
 739               		.section	.gnu.lto_.symtab.5a6d6d66,"",@progbits
 740 0000 6269 7470 		.string	"bitpop"
 740      6F70 00
 741 0007 00        		.string	""
 742 0008 00        		.string	""
 743 0009 00        		.string	""
 744 000a 00        		.string	""
 745 000b 00        		.string	""
 746 000c 00        		.string	""
 747 000d 00        		.string	""
 748 000e 00        		.string	""
 749 000f 00        		.string	""
 750 0010 00        		.string	""
 751 0011 00        		.string	""
 752 0012 D300      		.string	"\323"
 753 0014 00        		.string	""
 754 0015 00        		.string	""
 755 0016 6269 7470 		.string	"bitpop16"
 755      6F70 3136 
 755      00
 756 001f 00        		.string	""
 757 0020 00        		.string	""
 758 0021 00        		.string	""
 759 0022 00        		.string	""
 760 0023 00        		.string	""
 761 0024 00        		.string	""
 762 0025 00        		.string	""
 763 0026 00        		.string	""
 764 0027 00        		.string	""
 765 0028 00        		.string	""
 766 0029 00        		.string	""
 767 002a D700      		.string	"\327"
 768 002c 00        		.string	""
 769 002d 00        		.string	""
 770 002e 6269 7470 		.string	"bitpop32"
 770      6F70 3332 
 770      00
 771 0037 00        		.string	""
 772 0038 00        		.string	""
 773 0039 00        		.string	""
 774 003a 00        		.string	""
 775 003b 00        		.string	""
 776 003c 00        		.string	""
 777 003d 00        		.string	""
 778 003e 00        		.string	""
 779 003f 00        		.string	""
 780 0040 00        		.string	""
 781 0041 00        		.string	""
 782 0042 DB00      		.string	"\333"
 783 0044 00        		.string	""
 784 0045 00        		.string	""
 785 0046 6269 746F 		.string	"biton"
 785      6E00 
 786 004c 00        		.string	""
 787 004d 00        		.string	""
 788 004e 00        		.string	""
 789 004f 00        		.string	""
 790 0050 00        		.string	""
 791 0051 00        		.string	""
 792 0052 00        		.string	""
 793 0053 00        		.string	""
 794 0054 00        		.string	""
 795 0055 00        		.string	""
 796 0056 00        		.string	""
 797 0057 DE00      		.string	"\336"
 798 0059 00        		.string	""
 799 005a 00        		.string	""
 800 005b 6269 746F 		.string	"biton16"
 800      6E31 3600 
 801 0063 00        		.string	""
 802 0064 00        		.string	""
 803 0065 00        		.string	""
 804 0066 00        		.string	""
 805 0067 00        		.string	""
 806 0068 00        		.string	""
 807 0069 00        		.string	""
 808 006a 00        		.string	""
 809 006b 00        		.string	""
 810 006c 00        		.string	""
 811 006d 00        		.string	""
 812 006e E000      		.string	"\340"
 813 0070 00        		.string	""
 814 0071 00        		.string	""
 815 0072 6269 746F 		.string	"biton32"
 815      6E33 3200 
 816 007a 00        		.string	""
 817 007b 00        		.string	""
 818 007c 00        		.string	""
 819 007d 00        		.string	""
 820 007e 00        		.string	""
 821 007f 00        		.string	""
 822 0080 00        		.string	""
 823 0081 00        		.string	""
 824 0082 00        		.string	""
 825 0083 00        		.string	""
 826 0084 00        		.string	""
 827 0085 E200      		.string	"\342"
 828 0087 00        		.string	""
 829 0088 00        		.string	""
 830 0089 6269 7472 		.string	"bitrev"
 830      6576 00
 831 0090 00        		.string	""
 832 0091 00        		.string	""
 833 0092 00        		.string	""
 834 0093 00        		.string	""
 835 0094 00        		.string	""
 836 0095 00        		.string	""
 837 0096 00        		.string	""
 838 0097 00        		.string	""
 839 0098 00        		.string	""
 840 0099 00        		.string	""
 841 009a 00        		.string	""
 842 009b E500      		.string	"\345"
 843 009d 00        		.string	""
 844 009e 00        		.string	""
 845 009f 6269 7472 		.string	"bitrev16"
 845      6576 3136 
 845      00
 846 00a8 00        		.string	""
 847 00a9 00        		.string	""
 848 00aa 00        		.string	""
 849 00ab 00        		.string	""
 850 00ac 00        		.string	""
 851 00ad 00        		.string	""
 852 00ae 00        		.string	""
 853 00af 00        		.string	""
 854 00b0 00        		.string	""
 855 00b1 00        		.string	""
 856 00b2 00        		.string	""
 857 00b3 E900      		.string	"\351"
 858 00b5 00        		.string	""
 859 00b6 00        		.string	""
 860 00b7 6269 7472 		.string	"bitrev32"
 860      6576 3332 
 860      00
 861 00c0 00        		.string	""
 862 00c1 00        		.string	""
 863 00c2 00        		.string	""
 864 00c3 00        		.string	""
 865 00c4 00        		.string	""
 866 00c5 00        		.string	""
 867 00c6 00        		.string	""
 868 00c7 00        		.string	""
 869 00c8 00        		.string	""
 870 00c9 00        		.string	""
 871 00ca 00        		.string	""
 872 00cb ED00      		.string	"\355"
 873 00cd 00        		.string	""
 874 00ce 00        		.string	""
 875               		.text
 876               		.section	.gnu.lto_.opts,"",@progbits
 877 0000 272D 666E 		.string	"'-fno-openmp' '-fno-openacc' '-fno-pie' '-mn-flash=1' '-mno-skip-bug' '-mmcu=avr5' '-Os' 
 877      6F2D 6F70 
 877      656E 6D70 
 877      2720 272D 
 877      666E 6F2D 
 878               		.text
 879               		.comm	__gnu_lto_v1,1,1
 880               		.comm	__gnu_lto_slim,1,1
 881               		.ident	"GCC: (GNU) 8.4.0"
DEFINED SYMBOLS
                            *ABS*:0000000000000000 util.c
C:\Users\gazed\AppData\Local\Temp\ccdbqEqv.s:2      *ABS*:000000000000003e __SP_H__
C:\Users\gazed\AppData\Local\Temp\ccdbqEqv.s:3      *ABS*:000000000000003d __SP_L__
C:\Users\gazed\AppData\Local\Temp\ccdbqEqv.s:4      *ABS*:000000000000003f __SREG__
C:\Users\gazed\AppData\Local\Temp\ccdbqEqv.s:5      *ABS*:0000000000000000 __tmp_reg__
C:\Users\gazed\AppData\Local\Temp\ccdbqEqv.s:6      *ABS*:0000000000000001 __zero_reg__
C:\Users\gazed\AppData\Local\Temp\ccdbqEqv.s:13     .gnu.debuglto_.debug_info:0000000000000000 util.c.cd644d3f
                            *COM*:0000000000000001 __gnu_lto_v1
                            *COM*:0000000000000001 __gnu_lto_slim

NO UNDEFINED SYMBOLS
